MACHINE 1   -  State Listing                                                    

                                                                    
Label    > SERIAL   Time    A    D  WE OE DETECT UNK1 UNK2 
Base     > Binary Relative  Hex  He Bi Bi Binary Bina Bina 
__________ ______ _________ ____ __ __ __ ______ ____ ____ 

      0         0    504 ns 0001 FE  0  1      1    1    1
      1         0    504 ns 0001 FE  0  1      1    1    1
      2         1    504 ns 0001 FE  1  1      1    1    1
      3         1    504 ns 0001 FE  1  1      1    1    1
      4         1    504 ns 0001 FE  1  1      1    0    1
      5         1    504 ns 0001 C6  1  1      1    0    1
      6         1    504 ns 0001 00  1  1      1    0    1
      7         1    504 ns 4001 00  1  1      1    0    1
      8         0    504 ns 4001 00  1  1      1    0    1
      9         0    504 ns 4001 00  1  1      1    0    1
     10         0    504 ns 4000 00  1  1      1    0    1
     11         1    504 ns 4000 00  1  1      1    0    1
     12         0  3.024 us 4000 00  1  1      1    0    1
     13         0    504 ns 4000 00  1  1      1    0    1
     14         1    504 ns 4000 00  1  1      1    0    1
     15         0  3.024 us 4000 00  1  1      1    0    0
     16         0    504 ns 4000 00  1  1      1    0    0
     17         1    504 ns 4000 00  1  1      1    0    0
     18         0  3.024 us 4000 00  1  1      1    0    0
     19         0    504 ns 4000 00  1  1      1    0    0
     20         1    504 ns 4000 00  1  1      1    0    0
     21         0  3.024 us 4000 00  1  1      1    0    0
     22         0    504 ns 4000 00  1  1      1    0    0
     23         1    504 ns 4000 00  1  1      1    0    0
     24         0  3.024 us 4000 00  1  1      1    0    0
     25         1  3.024 us 4000 00  1  1      1    0    0
     26         1    504 ns 4000 00  1  1      1    0    0
     27         0    504 ns 4000 00  1  1      1    0    0
     28         0    504 ns 4000 00  1  1      1    0    0
     29         1    504 ns 4000 00  1  1      1    0    0
     30         1  1.512 us 0002 00  1  1      1    0    1
     31         1    504 ns 0002 00  1  1      1    0    1
     32         1    504 ns 0002 FE  1  1      1    1    1
     33         0    504 ns 0002 FE  1  1      1    1    1
     34         0    504 ns 0002 FE  0  1      1    1    1
     35         1    504 ns 0002 FE  0  1      1    1    1
     36         1    504 ns 0002 FE  1  1      1    1    1
     37         1    504 ns 0002 FE  1  1      1    1    1
     38         1    504 ns 0002 FE  1  1      1    0    1
     39         1    504 ns 0002 80  1  1      1    0    1
     40         1    504 ns 4002 00  1  1      1    0    1
     41         0    504 ns 4002 00  1  1      1    0    1
     42         1  1.512 us 4000 00  1  1      1    0    1
     43         0  3.024 us 4000 00  1  1      1    0    1
     44         0    504 ns 4000 00  1  1      1    0    1
     45         1    504 ns 4000 00  1  1      1    0    1
     46         0  3.024 us 4000 00  1  1      1    0    0
     47         0    504 ns 4000 00  1  1      1    0    0
     48         1    504 ns 4000 00  1  1      1    0    0
     49         0  3.024 us 4000 00  1  1      1    0    0
     50         0    504 ns 4000 00  1  1      1    0    0
     51         1    504 ns 4000 00  1  1      1    0    0
     52         0  3.024 us 4000 00  1  1      1    0    0
     53         0    504 ns 4000 00  1  1      1    0    0
     54         1    504 ns 4000 00  1  1      1    0    0
     55         0  3.024 us 4000 00  1  1      1    0    0
     56         1  3.024 us 4000 00  1  1      1    0    0
     57         1    504 ns 4000 00  1  1      1    0    0
     58         0    504 ns 4000 00  1  1      1    0    0
     59         0    504 ns 4000 00  1  1      1    0    0
     60         1    504 ns 4000 00  1  1      1    0    0
     61         1  1.512 us 0003 00  1  1      1    0    1
     62         1    504 ns 0003 00  1  1      1    0    1
     63         1    504 ns 0003 FE  1  1      1    1    1
     64         0    504 ns 0003 FE  1  1      1    1    1
     65         0    504 ns 0003 FE  0  1      1    1    1
     66         1    504 ns 0003 FE  0  1      1    1    1
     67         1    504 ns 0003 FE  1  1      1    1    1
     68         1    504 ns 0003 FE  1  1      1    0    1
     69         1    504 ns 0003 FE  1  1      1    0    1
     70         1    504 ns 0003 00  1  1      1    0    1
     71         1    504 ns 4003 00  1  1      1    0    1
     72         1    504 ns 4003 00  1  1      1    0    1
     73         0    504 ns 4003 00  1  1      1    0    1
     74         0    504 ns 4000 00  1  1      1    0    1
     75         1    504 ns 4000 00  1  1      1    0    1
     76         0  3.024 us 4000 00  1  1      1    0    1
     77         0    504 ns 4000 00  1  1      1    0    1
     78         1    504 ns 4000 00  1  1      1    0    1
     79         0  3.024 us 4000 00  1  1      1    0    0
     80         0    504 ns 4000 00  1  1      1    0    0
     81         1    504 ns 4000 00  1  1      1    0    0
     82         0  3.024 us 4000 00  1  1      1    0    0
     83         0    504 ns 4000 00  1  1      1    0    0
     84         1    504 ns 4000 00  1  1      1    0    0
     85         0  3.024 us 4000 00  1  1      1    0    0
     86         0    504 ns 4000 00  1  1      1    0    0
     87         1    504 ns 4000 00  1  1      1    0    0
     88         0  3.024 us 4000 00  1  1      1    0    0
     89         1  3.024 us 4000 00  1  1      1    0    0
     90         1    504 ns 4000 00  1  1      1    0    0
     91         0    504 ns 4000 00  1  1      1    0    0
     92         0    504 ns 4000 00  1  1      1    0    0
     93         1    504 ns 4000 00  1  1      1    0    0
     94         1    504 ns 4000 00  1  1      1    0    0
     95         1    504 ns 0004 00  1  1      1    0    1
     96         1    504 ns 0004 00  1  1      1    0    1
     97         1    504 ns 0004 FE  1  1      1    1    1
     98         1    504 ns 0004 FE  1  1      1    1    1
     99         0    504 ns 0004 FE  0  1      1    1    1
    100         0    504 ns 0004 FE  0  1      1    1    1
    101         1    504 ns 0004 FE  1  1      1    1    1
    102         1    504 ns 0004 FE  1  1      1    1    1
    103         1    504 ns 0004 FE  1  1      1    0    1
    104         1    504 ns 0004 82  1  1      1    0    1
    105         1    504 ns 4004 00  1  1      1    0    1
    106         0  1.512 us 4004 00  1  1      1    0    1
    107         0    504 ns 4000 00  1  1      1    0    1
    108         1    504 ns 4000 00  1  1      1    0    1
    109         0  3.024 us 4000 00  1  1      1    0    1
    110         0    504 ns 4000 00  1  1      1    0    1
    111         1    504 ns 4000 00  1  1      1    0    1
    112         0  3.024 us 4000 00  1  1      1    0    0
    113         0    504 ns 4000 00  1  1      1    0    0
    114         1    504 ns 4000 00  1  1      1    0    0
    115         0  3.024 us 4000 00  1  1      1    0    0
    116         0    504 ns 4000 00  1  1      1    0    0
    117         1    504 ns 4000 00  1  1      1    0    0
    118         0  3.024 us 4000 00  1  1      1    0    0
    119         0    504 ns 4000 00  1  1      1    0    0
    120         1    504 ns 4000 00  1  1      1    0    0
    121         0  3.024 us 4000 00  1  1      1    0    0
    122         1  3.024 us 4000 00  1  1      1    0    0
    123         1    504 ns 4000 00  1  1      1    0    0
    124         0    504 ns 4000 00  1  1      1    0    0
    125         0    504 ns 4000 00  1  1      1    0    0
    126         1    504 ns 4000 00  1  1      1    0    0
    127         1  1.512 us 0005 00  1  1      1    0    1
    128         1    504 ns 0005 00  1  1      1    0    1
    129         1    504 ns 0005 FE  1  1      1    1    1
    130         0    504 ns 0005 FE  1  1      1    1    1
    131         0    504 ns 0005 FE  0  1      1    1    1
    132         1    504 ns 0005 FE  0  1      1    1    1
    133         1    504 ns 0005 FE  1  1      1    1    1
    134         1    504 ns 0005 FE  1  1      1    1    1
    135         1    504 ns 0005 FE  1  1      1    0    1
    136         1    504 ns 0005 00  1  1      1    0    1
    137         1    504 ns 4005 00  1  1      1    0    1
    138         1    504 ns 4005 00  1  1      1    0    1
    139         0    504 ns 4005 00  1  1      1    0    1
    140         0    504 ns 4005 00  1  1      1    0    1
    141         1    504 ns 4000 00  1  1      1    0    1
    142         0  3.024 us 4000 00  1  1      1    0    1
    143         0    504 ns 4000 00  1  1      1    0    1
    144         1    504 ns 4000 00  1  1      1    0    1
    145         0  3.024 us 4000 00  1  1      1    0    0
    146         0    504 ns 4000 00  1  1      1    0    0
    147         1    504 ns 4000 00  1  1      1    0    0
    148         0  3.024 us 4000 00  1  1      1    0    0
    149         0    504 ns 4000 00  1  1      1    0    0
    150         1    504 ns 4000 00  1  1      1    0    0
    151         0  3.024 us 4000 00  1  1      1    0    0
    152         0    504 ns 4000 00  1  1      1    0    0
    153         1    504 ns 4000 00  1  1      1    0    0
    154         0  3.024 us 4000 00  1  1      1    0    0
    155         1  3.024 us 4000 00  1  1      1    0    0
    156         1    504 ns 4000 00  1  1      1    0    0
    157         0    504 ns 4000 00  1  1      1    0    0
    158         0    504 ns 4000 00  1  1      1    0    0
    159         1    504 ns 4000 00  1  1      1    0    0
    160         1    504 ns 4000 00  1  1      1    0    0
    161         1    504 ns 0006 00  1  1      1    0    1
    162         1    504 ns 0006 00  1  1      1    0    1
    163         1    504 ns 0006 FE  1  1      1    1    1
    164         1    504 ns 0006 FE  1  1      1    1    1
    165         0    504 ns 0006 FE  0  1      1    1    1
    166         0    504 ns 0006 FE  0  1      1    1    1
    167         0    504 ns 0006 FE  1  1      1    1    1
    168         1    504 ns 0006 FE  1  1      1    1    1
    169         1    504 ns 0006 FE  1  1      1    0    1
    170         1    504 ns 0006 82  1  1      1    0    1
    171         1    504 ns 0006 00  1  1      1    0    1
    172         1    504 ns 4006 00  1  1      1    0    1
    173         1    504 ns 4006 00  1  1      1    0    1
    174         0    504 ns 4006 00  1  1      1    0    1
    175         0    504 ns 4000 00  1  1      1    0    1
    176         1    504 ns 4000 00  1  1      1    0    1
    177         0  3.024 us 4000 00  1  1      1    0    1
    178         0    504 ns 4000 00  1  1      1    0    1
    179         1    504 ns 4000 00  1  1      1    0    1
    180         0  3.024 us 4000 00  1  1      1    0    0
    181         0    504 ns 4000 00  1  1      1    0    0
    182         1    504 ns 4000 00  1  1      1    0    0
    183         0  3.024 us 4000 00  1  1      1    0    0
    184         0    504 ns 4000 00  1  1      1    0    0
    185         1    504 ns 4000 00  1  1      1    0    0
    186         0  3.024 us 4000 00  1  1      1    0    0
    187         0    504 ns 4000 00  1  1      1    0    0
    188         1    504 ns 4000 00  1  1      1    0    0
    189         0  3.024 us 4000 00  1  1      1    0    0
    190         1  3.024 us 4000 00  1  1      1    0    0
    191         1    504 ns 4000 00  1  1      1    0    0
    192         0    504 ns 4000 00  1  1      1    0    0
    193         0    504 ns 4000 00  1  1      1    0    0
    194         1    504 ns 4000 00  1  1      1    0    0
    195         1  1.512 us 0007 00  1  1      1    0    1
    196         1    504 ns 0007 00  1  1      1    0    1
    197         1    504 ns 0007 FE  1  1      1    1    1
    198         0    504 ns 0007 FE  1  1      1    1    1
    199         0    504 ns 0007 FE  0  1      1    1    1
    200         0    504 ns 0007 FE  0  1      1    1    1
    201         1    504 ns 0007 FE  1  1      1    1    1
    202         1    504 ns 0007 FE  1  1      1    1    1
    203         1    504 ns 0007 FE  1  1      1    0    1
    204         1    504 ns 0007 00  1  1      1    0    1
    205         1    504 ns 4007 00  1  1      1    0    1
    206         1    504 ns 4007 00  1  1      1    0    1
    207         0    504 ns 4007 00  1  1      1    0    1
    208         0    504 ns 4000 00  1  1      1    0    1
    209         1    504 ns 4000 00  1  1      1    0    1
    210         0  3.024 us 4000 00  1  1      1    0    1
    211         0    504 ns 4000 00  1  1      1    0    1
    212         1    504 ns 4000 00  1  1      1    0    1
    213         0  3.024 us 4000 00  1  1      1    0    0
    214         0    504 ns 4000 00  1  1      1    0    0
    215         1    504 ns 4000 00  1  1      1    0    0
    216         0  3.024 us 4000 00  1  1      1    0    0
    217         0    504 ns 4000 00  1  1      1    0    0
    218         1    504 ns 4000 00  1  1      1    0    0
    219         0  3.024 us 4000 00  1  1      1    0    0
    220         0    504 ns 4000 00  1  1      1    0    0
    221         1    504 ns 4000 00  1  1      1    0    0
    222         0  3.024 us 4000 00  1  1      1    0    0
    223         1  3.024 us 4000 00  1  1      1    0    0
    224         1    504 ns 4000 00  1  1      1    0    0
    225         0    504 ns 4000 00  1  1      1    0    0
    226         0    504 ns 4000 00  1  1      1    0    0
    227         1    504 ns 4000 00  1  1      1    0    0
    228         1  1.512 us 0008 00  1  1      1    0    1
    229         1    504 ns 0008 00  1  1      1    0    1
    230         1    504 ns 0008 FE  1  1      1    1    1
    231         0    504 ns 0008 FE  0  1      1    1    1
    232         0    504 ns 0008 FE  0  1      1    1    1
    233         0    504 ns 0008 FE  1  1      1    1    1
    234         1    504 ns 0008 FE  1  1      1    1    1
    235         1    504 ns 0008 FE  1  1      1    0    1
    236         1    504 ns 0008 FE  1  1      1    0    1
    237         1    504 ns 0008 00  1  1      1    0    1
    238         1    504 ns 4008 00  1  1      1    0    1
    239         1    504 ns 4008 00  1  1      1    0    1
    240         0    504 ns 4008 00  1  1      1    0    1
    241         0    504 ns 4008 00  1  1      1    0    1
    242         1    504 ns 4000 00  1  1      1    0    1
    243         0  3.024 us 4000 00  1  1      1    0    1
    244         0    504 ns 4000 00  1  1      1    0    1
    245         1    504 ns 4000 00  1  1      1    0    1
    246         0  3.024 us 4000 00  1  1      1    0    0
    247         0    504 ns 4000 00  1  1      1    0    0
    248         1    504 ns 4000 00  1  1      1    0    0
    249         0  3.024 us 4000 00  1  1      1    0    0
    250         0    504 ns 4000 00  1  1      1    0    0
    251         1    504 ns 4000 00  1  1      1    0    0
    252         0  3.024 us 4000 00  1  1      1    0    0
    253         0    504 ns 4000 00  1  1      1    0    0
    254         1    504 ns 4000 00  1  1      1    0    0
    255         0  3.024 us 4000 00  1  1      1    0    0
    256         1  3.024 us 4000 00  1  1      1    0    0
    257         1    504 ns 4000 00  1  1      1    0    0
    258         0    504 ns 4000 00  1  1      1    0    0
    259         0    504 ns 4000 00  1  1      1    0    0
    260         1    504 ns 4000 00  1  1      1    0    0
    261         1  1.512 us 0009 00  1  1      1    0    1
    262         1    504 ns 0009 00  1  1      1    0    1
    263         1    504 ns 0009 FE  1  1      1    1    1
    264         0    504 ns 0009 FE  1  1      1    1    1
    265         0    504 ns 0009 FE  0  1      1    1    1
    266         0    504 ns 0009 FE  0  1      1    1    1
    267         1    504 ns 0009 FE  1  1      1    1    1
    268         1    504 ns 0009 FE  1  1      1    1    1
    269         1    504 ns 0009 FE  1  1      1    0    1
    270         1    504 ns 0009 82  1  1      1    0    1
    271         1    504 ns 4009 00  1  1      1    0    1
    272         1    504 ns 4009 00  1  1      1    0    1
    273         0    504 ns 4009 00  1  1      1    0    1
    274         0    504 ns 4009 00  1  1      1    0    1
    275         1    504 ns 4000 00  1  1      1    0    1
    276         0  3.024 us 4000 00  1  1      1    0    1
    277         0    504 ns 4000 00  1  1      1    0    1
    278         1    504 ns 4000 00  1  1      1    0    1
    279         0  3.024 us 4000 00  1  1      1    0    0
    280         0    504 ns 4000 00  1  1      1    0    0
    281         1    504 ns 4000 00  1  1      1    0    0
    282         0  3.024 us 4000 00  1  1      1    0    0
    283         0    504 ns 4000 00  1  1      1    0    0
    284         1    504 ns 4000 00  1  1      1    0    0
    285         0  3.024 us 4000 00  1  1      1    0    0
    286         0    504 ns 4000 00  1  1      1    0    0
    287         1    504 ns 4000 00  1  1      1    0    0
    288         0  3.024 us 4000 00  1  1      1    0    0
    289         1  3.024 us 4000 00  1  1      1    0    0
    290         1    504 ns 4000 00  1  1      1    0    0
    291         0    504 ns 4000 00  1  1      1    0    0
    292         0    504 ns 4000 00  1  1      1    0    0
    293         1    504 ns 4000 00  1  1      1    0    0
    294         1  1.512 us 000A 00  1  1      1    0    1
    295         1    504 ns 000A 00  1  1      1    0    1
    296         1    504 ns 000A FE  1  1      1    1    1
    297         0    504 ns 000A FE  1  1      1    1    1
    298         0    504 ns 000A FE  0  1      1    1    1
    299         0    504 ns 000A FE  0  1      1    1    1
    300         1    504 ns 000A FE  1  1      1    1    1
    301         1    504 ns 000A FE  1  1      1    1    1
    302         1    504 ns 000A FE  1  1      1    0    1
    303         1    504 ns 000A 00  1  1      1    0    1
    304         1    504 ns 400A 00  1  1      1    0    1
    305         1    504 ns 400A 00  1  1      1    0    1
    306         0    504 ns 400A 00  1  1      1    0    1
    307         0    504 ns 400A 00  1  1      1    0    1
    308         1    504 ns 4000 00  1  1      1    0    1
    309         0  3.024 us 4000 00  1  1      1    0    1
    310         0    504 ns 4000 00  1  1      1    0    1
    311         1    504 ns 4000 00  1  1      1    0    1
    312         0  3.024 us 4000 00  1  1      1    0    0
    313         0    504 ns 4000 00  1  1      1    0    0
    314         1    504 ns 4000 00  1  1      1    0    0
    315         0  3.024 us 4000 00  1  1      1    0    0
    316         0    504 ns 4000 00  1  1      1    0    0
    317         1    504 ns 4000 00  1  1      1    0    0
    318         0  3.024 us 4000 00  1  1      1    0    0
    319         0    504 ns 4000 00  1  1      1    0    0
    320         1    504 ns 4000 00  1  1      1    0    0
    321         0  3.024 us 4000 00  1  1      1    0    0
    322         1  3.024 us 4000 00  1  1      1    0    0
    323         1    504 ns 4000 00  1  1      1    0    0
    324         0    504 ns 4000 00  1  1      1    0    0
    325         0    504 ns 4000 00  1  1      1    0    0
    326         1    504 ns 4000 00  1  1      1    0    0
    327         1    504 ns 4000 00  1  1      1    0    0
    328         1    504 ns 000B 00  1  1      1    0    1
    329         1    504 ns 000B 00  1  1      1    0    1
    330         1    504 ns 000B FE  1  1      1    1    1
    331         1    504 ns 000B FE  1  1      1    1    1
    332         1    504 ns 000B FE  0  1      1    1    1
    333         0    504 ns 000B FE  0  1      1    1    1
    334         0    504 ns 000B FE  1  1      1    1    1
    335         1    504 ns 000B FE  1  1      1    1    1
    336         1    504 ns 000B FE  1  1      1    0    1
    337         1    504 ns 000B 82  1  1      1    0    1
    338         1    504 ns 400B 00  1  1      1    0    1
    339         0  1.512 us 400B 00  1  1      1    0    1
    340         0    504 ns 4000 00  1  1      1    0    1
    341         1    504 ns 4000 00  1  1      1    0    1
    342         0  3.024 us 4000 00  1  1      1    0    1
    343         0    504 ns 4000 00  1  1      1    0    1
    344         1    504 ns 4000 00  1  1      1    0    1
    345         0  3.024 us 4000 00  1  1      1    0    0
    346         0    504 ns 4000 00  1  1      1    0    0
    347         1    504 ns 4000 00  1  1      1    0    0
    348         0  3.024 us 4000 00  1  1      1    0    0
    349         0    504 ns 4000 00  1  1      1    0    0
    350         1    504 ns 4000 00  1  1      1    0    0
    351         0  3.024 us 4000 00  1  1      1    0    0
    352         0    504 ns 4000 00  1  1      1    0    0
    353         1    504 ns 4000 00  1  1      1    0    0
    354         0  3.024 us 4000 00  1  1      1    0    0
    355         1  3.024 us 4000 00  1  1      1    0    0
    356         1    504 ns 4000 00  1  1      1    0    0
    357         0    504 ns 4000 00  1  1      1    0    0
    358         0    504 ns 4000 00  1  1      1    0    0
    359         1    504 ns 4000 00  1  1      1    0    0
    360         1  1.512 us 000C 00  1  1      1    0    1
    361         1    504 ns 000C 00  1  1      1    0    1
    362         1    504 ns 000C FE  1  1      1    1    1
    363         1    504 ns 000C FE  1  1      1    1    1
    364         0    504 ns 000C FE  0  1      1    1    1
    365         0    504 ns 000C FE  0  1      1    1    1
    366         1    504 ns 000C FE  1  1      1    1    1
    367         1    504 ns 000C FE  1  1      1    1    1
    368         1    504 ns 000C FE  1  1      1    0    1
    369         1    504 ns 000C 00  1  1      1    0    1
    370         1    504 ns 400C 00  1  1      1    0    1
    371         1    504 ns 400C 00  1  1      1    0    1
    372         0    504 ns 400C 00  1  1      1    0    1
    373         0    504 ns 400C 00  1  1      1    0    1
    374         1    504 ns 4000 00  1  1      1    0    1
    375         0  3.024 us 4000 00  1  1      1    0    1
    376         0    504 ns 4000 00  1  1      1    0    1
    377         1    504 ns 4000 00  1  1      1    0    1
    378         0  3.024 us 4000 00  1  1      1    0    0
    379         0    504 ns 4000 00  1  1      1    0    0
    380         1    504 ns 4000 00  1  1      1    0    0
    381         0  3.024 us 4000 00  1  1      1    0    0
    382         0    504 ns 4000 00  1  1      1    0    0
    383         1    504 ns 4000 00  1  1      1    0    0
    384         0  3.024 us 4000 00  1  1      1    0    0
    385         0    504 ns 4000 00  1  1      1    0    0
    386         1    504 ns 4000 00  1  1      1    0    0
    387         0  3.024 us 4000 00  1  1      1    0    0
    388         1  3.024 us 4000 00  1  1      1    0    0
    389         1    504 ns 4000 00  1  1      1    0    0
    390         0    504 ns 4000 00  1  1      1    0    0
    391         1  1.512 us 4000 00  1  1      1    0    0
    392         1    504 ns 4000 00  1  1      1    0    1
    393         1    504 ns 000D 00  1  1      1    0    1
    394         1    504 ns 000D FE  1  1      1    1    1
    395         1    504 ns 000D FE  1  1      1    1    1
    396         1    504 ns 000D FE  0  1      1    1    1
    397         0    504 ns 000D FE  0  1      1    1    1
    398         0    504 ns 000D FE  1  1      1    1    1
    399         1    504 ns 000D FE  1  1      1    1    1
    400         1    504 ns 000D FE  1  1      1    0    1
    401         1    504 ns 000D C6  1  1      1    0    1
    402         1    504 ns 000D 00  1  1      1    0    1
    403         1    504 ns 400D 00  1  1      1    0    1
    404         1    504 ns 400D 00  1  1      1    0    1
    405         0    504 ns 400D 00  1  1      1    0    1
    406         0    504 ns 4000 00  1  1      1    0    1
    407         1    504 ns 4000 00  1  1      1    0    1
    408         0  3.024 us 4000 00  1  1      1    0    1
    409         0    504 ns 4000 00  1  1      1    0    1
    410         1    504 ns 4000 00  1  1      1    0    1
    411         0  3.024 us 4000 00  1  1      1    0    0
    412         0    504 ns 4000 00  1  1      1    0    0
    413         1    504 ns 4000 00  1  1      1    0    0
    414         0  3.024 us 4000 00  1  1      1    0    0
    415         0    504 ns 4000 00  1  1      1    0    0
    416         1    504 ns 4000 00  1  1      1    0    0
    417         0  3.024 us 4000 00  1  1      1    0    0
    418         0    504 ns 4000 00  1  1      1    0    0
    419         1    504 ns 4000 00  1  1      1    0    0
    420         0  3.024 us 4000 00  1  1      1    0    0
    421         1  3.024 us 4000 00  1  1      1    0    0
    422         1    504 ns 4000 00  1  1      1    0    0
    423         0    504 ns 4000 00  1  1      1    0    0
    424         1  1.512 us 4000 00  1  1      1    0    0
    425         1    504 ns 4000 00  1  1      1    0    0
    426         1    504 ns 000E 00  1  1      1    0    1
    427         1    504 ns 000E 00  1  1      1    0    1
    428         1    504 ns 000E FE  1  1      1    1    1
    429         1    504 ns 000E FE  1  1      1    1    1
    430         0    504 ns 000E FE  0  1      1    1    1
    431         0    504 ns 000E FE  0  1      1    1    1
    432         1    504 ns 000E FE  1  1      1    1    1
    433         1    504 ns 000E FE  1  1      1    1    1
    434         1    504 ns 000E FE  1  1      1    0    1
    435         1    504 ns 000E 80  1  1      1    0    1
    436         1    504 ns 400E 00  1  1      1    0    1
    437         1    504 ns 400E 00  1  1      1    0    1
    438         0    504 ns 400E 00  1  1      1    0    1
    439         0    504 ns 4008 00  1  1      1    0    1
    440         1    504 ns 4000 00  1  1      1    0    1
    441         0  3.024 us 4000 00  1  1      1    0    1
    442         0    504 ns 4000 00  1  1      1    0    1
    443         1    504 ns 4000 00  1  1      1    0    1
    444         0  3.024 us 4000 00  1  1      1    0    0
    445         0    504 ns 4000 00  1  1      1    0    0
    446         1    504 ns 4000 00  1  1      1    0    0
    447         0  3.024 us 4000 00  1  1      1    0    0
    448         0    504 ns 4000 00  1  1      1    0    0
    449         1    504 ns 4000 00  1  1      1    0    0
    450         0  3.024 us 4000 00  1  1      1    0    0
    451         0    504 ns 4000 00  1  1      1    0    0
    452         1    504 ns 4000 00  1  1      1    0    0
    453         0  3.024 us 4000 00  1  1      1    0    0
    454         1  3.024 us 4000 00  1  1      1    0    0
    455         1    504 ns 4000 00  1  1      1    0    0
    456         0    504 ns 4000 00  1  1      1    0    0
    457         1  1.512 us 4000 00  1  1      1    0    0
    458         1    504 ns 4000 00  1  1      1    0    0
    459         1    504 ns 000F 00  1  1      1    0    1
    460         1    504 ns 000F 00  1  1      1    0    1
    461         1    504 ns 000F FE  1  1      1    1    1
    462         1    504 ns 000F FE  1  1      1    1    1
    463         0    504 ns 000F FE  0  1      1    1    1
    464         0    504 ns 000F FE  0  1      1    1    1
    465         1    504 ns 000F FE  1  1      1    1    1
    466         1    504 ns 000F FE  1  1      1    0    1
    467         1    504 ns 000F FE  1  1      1    0    1
    468         1    504 ns 000F 00  1  1      1    0    1
    469         1    504 ns 400F 00  1  1      1    0    1
    470         1    504 ns 400F 00  1  1      1    0    1
    471         0    504 ns 400F 00  1  1      1    0    1
    472         0    504 ns 4000 00  1  1      1    0    1
    473         1    504 ns 4000 00  1  1      1    0    1
    474         0  3.024 us 4000 00  1  1      1    0    1
    475         0    504 ns 4000 00  1  1      1    0    1
    476         1    504 ns 4000 00  1  1      1    0    1
    477         0  3.024 us 4000 00  1  1      1    0    0
    478         0    504 ns 4000 00  1  1      1    0    0
    479         1    504 ns 4000 00  1  1      1    0    0
    480         0  3.024 us 4000 00  1  1      1    0    0
    481         0    504 ns 4000 00  1  1      1    0    0
    482         1    504 ns 4000 00  1  1      1    0    0
    483         0  3.024 us 4000 00  1  1      1    0    0
    484         0    504 ns 4000 00  1  1      1    0    0
    485         1    504 ns 4000 00  1  1      1    0    0
    486         0  3.024 us 4000 00  1  1      1    0    0
    487         1  3.024 us 4000 00  1  1      1    0    0
    488         1    504 ns 4000 00  1  1      1    0    0
    489         0    504 ns 4000 00  1  1      1    0    0
    490         1  1.512 us 4000 00  1  1      1    0    0
    491         1    504 ns 4000 00  1  1      1    0    0
    492         1    504 ns 0010 00  1  1      1    0    1
    493         1    504 ns 0010 00  1  1      1    0    1
    494         1    504 ns 0010 FE  1  1      1    1    1
    495         1    504 ns 0010 FE  1  1      1    1    1
    496         0    504 ns 0010 FE  0  1      1    1    1
    497         0    504 ns 0010 FE  0  1      1    1    1
    498         1    504 ns 0010 FE  1  1      1    1    1
    499         1    504 ns 0010 FE  1  1      1    1    1
    500         1    504 ns 0010 FE  1  1      1    0    1
    501         1    504 ns 0010 82  1  1      1    0    1
    502         1    504 ns 4010 00  1  1      1    0    1
    503         1    504 ns 4010 00  1  1      1    0    1
    504         0    504 ns 4010 00  1  1      1    0    1
    505         0    504 ns 4010 00  1  1      1    0    1
    506         1    504 ns 4000 00  1  1      1    0    1
    507         0  3.024 us 4000 00  1  1      1    0    1
    508         0    504 ns 4000 00  1  1      1    0    1
    509         1    504 ns 4000 00  1  1      1    0    1
    510         0  3.024 us 4000 00  1  1      1    0    0
    511         0    504 ns 4000 00  1  1      1    0    0
    512         1    504 ns 4000 00  1  1      1    0    0
    513         0  3.024 us 4000 00  1  1      1    0    0
    514         0    504 ns 4000 00  1  1      1    0    0
    515         1    504 ns 4000 00  1  1      1    0    0
    516         0  3.024 us 4000 00  1  1      1    0    0
    517         0    504 ns 4000 00  1  1      1    0    0
    518         1    504 ns 4000 00  1  1      1    0    0
    519         0  3.024 us 4000 00  1  1      1    0    0
    520         1  3.528 us 4000 00  1  1      1    0    0
    521         0    504 ns 4000 00  1  1      1    0    0
    522         1  1.512 us 4000 00  1  1      1    0    0
    523         1    504 ns 4000 00  1  1      1    0    0
    524         1    504 ns 0011 00  1  1      1    0    1
    525         1    504 ns 0011 00  1  1      1    0    1
    526         1    504 ns 0011 FE  1  1      1    1    1
    527         1    504 ns 0011 FE  1  1      1    1    1
    528         0    504 ns 0011 FE  0  1      1    1    1
    529         0    504 ns 0011 FE  0  1      1    1    1
    530         1    504 ns 0011 FE  1  1      1    1    1
    531         1    504 ns 0011 FE  1  1      1    1    1
    532         1    504 ns 0011 FE  1  1      1    0    1
    533         1    504 ns 0011 00  1  1      1    0    1
    534         1    504 ns 4011 00  1  1      1    0    1
    535         1    504 ns 4011 00  1  1      1    0    1
    536         0    504 ns 4011 00  1  1      1    0    1
    537         0    504 ns 4011 00  1  1      1    0    1
    538         1    504 ns 4000 00  1  1      1    0    1
    539         0  3.024 us 4000 00  1  1      1    0    1
    540         0    504 ns 4000 00  1  1      1    0    1
    541         1    504 ns 4000 00  1  1      1    0    1
    542         0  3.024 us 4000 00  1  1      1    0    0
    543         0    504 ns 4000 00  1  1      1    0    0
    544         1    504 ns 4000 00  1  1      1    0    0
    545         0  3.024 us 4000 00  1  1      1    0    0
    546         0    504 ns 4000 00  1  1      1    0    0
    547         1    504 ns 4000 00  1  1      1    0    0
    548         0  3.024 us 4000 00  1  1      1    0    0
    549         0    504 ns 4000 00  1  1      1    0    0
    550         1    504 ns 4000 00  1  1      1    0    0
    551         0  3.024 us 4000 00  1  1      1    0    0
    552         1  3.528 us 4000 00  1  1      1    0    0
    553         1    504 ns 4000 00  1  1      1    0    0
    554         0    504 ns 4000 00  1  1      1    0    0
    555         0    504 ns 4000 00  1  1      1    0    0
    556         1    504 ns 4000 00  1  1      1    0    0
    557         1    504 ns 4000 00  1  1      1    0    0
    558         1    504 ns 0012 00  1  1      1    0    1
    559         1    504 ns 0012 00  1  1      1    0    1
    560         1    504 ns 0012 FE  1  1      1    1    1
    561         1    504 ns 0012 FE  1  1      1    1    1
    562         0    504 ns 0012 FE  0  1      1    1    1
    563         0    504 ns 0012 FE  0  1      1    1    1
    564         1    504 ns 0012 FE  1  1      1    1    1
    565         1    504 ns 0012 FE  1  1      1    1    1
    566         1    504 ns 0012 FE  1  1      1    0    1
    567         1    504 ns 0012 82  1  1      1    0    1
    568         1    504 ns 0012 00  1  1      1    0    1
    569         1    504 ns 4012 00  1  1      1    0    1
    570         0    504 ns 4012 00  1  1      1    0    1
    571         0    504 ns 4012 00  1  1      1    0    1
    572         1    504 ns 4000 00  1  1      1    0    1
    573         0  3.024 us 4000 00  1  1      1    0    1
    574         0    504 ns 4000 00  1  1      1    0    1
    575         1    504 ns 4000 00  1  1      1    0    1
    576         0  3.024 us 4000 00  1  1      1    0    0
    577         0    504 ns 4000 00  1  1      1    0    0
    578         1    504 ns 4000 00  1  1      1    0    0
    579         0  3.024 us 4000 00  1  1      1    0    0
    580         0    504 ns 4000 00  1  1      1    0    0
    581         1    504 ns 4000 00  1  1      1    0    0
    582         0  3.024 us 4000 00  1  1      1    0    0
    583         0    504 ns 4000 00  1  1      1    0    0
    584         1    504 ns 4000 00  1  1      1    0    0
    585         0  3.024 us 4000 00  1  1      1    0    0
    586         1  3.528 us 4000 00  1  1      1    0    0
    587         1    504 ns 4000 00  1  1      1    0    0
    588         0    504 ns 4000 00  1  1      1    0    0
    589         0    504 ns 4000 00  1  1      1    0    0
    590         1    504 ns 4000 00  1  1      1    0    0
    591         1    504 ns 4000 00  1  1      1    0    0
    592         1    504 ns 0013 00  1  1      1    0    1
    593         1    504 ns 0013 00  1  1      1    0    1
    594         1    504 ns 0013 FE  1  1      1    1    1
    595         1    504 ns 0013 FE  1  1      1    1    1
    596         0    504 ns 0013 FE  0  1      1    1    1
    597         0    504 ns 0013 FE  0  1      1    1    1
    598         1    504 ns 0013 FE  1  1      1    1    1
    599         1    504 ns 0013 FE  1  1      1    1    1
    600         1    504 ns 0013 FE  1  1      1    0    1
    601         1    504 ns 0013 00  1  1      1    0    1
    602         1    504 ns 4013 00  1  1      1    0    1
    603         1    504 ns 4013 00  1  1      1    0    1
    604         0    504 ns 4013 00  1  1      1    0    1
    605         0    504 ns 4010 00  1  1      1    0    1
    606         1    504 ns 4000 00  1  1      1    0    1
    607         0  3.024 us 4000 00  1  1      1    0    1
    608         0    504 ns 4000 00  1  1      1    0    1
    609         1    504 ns 4000 00  1  1      1    0    1
    610         0  3.024 us 4000 00  1  1      1    0    0
    611         0    504 ns 4000 00  1  1      1    0    0
    612         1    504 ns 4000 00  1  1      1    0    0
    613         0  3.024 us 4000 00  1  1      1    0    0
    614         0    504 ns 4000 00  1  1      1    0    0
    615         1    504 ns 4000 00  1  1      1    0    0
    616         0  3.024 us 4000 00  1  1      1    0    0
    617         0    504 ns 4000 00  1  1      1    0    0
    618         1    504 ns 4000 00  1  1      1    0    0
    619         0  3.024 us 4000 00  1  1      1    0    0
    620         1  3.528 us 4000 00  1  1      1    0    0
    621         1    504 ns 4000 00  1  1      1    0    0
    622         0    504 ns 4000 00  1  1      1    0    0
    623         0    504 ns 4000 00  1  1      1    0    0
    624         1    504 ns 4000 00  1  1      1    0    0
    625         1    504 ns 4000 00  1  1      1    0    0
    626         1    504 ns 0014 00  1  1      1    0    1
    627         1    504 ns 0014 00  1  1      1    0    1
    628         1    504 ns 0014 FE  1  1      1    1    1
    629         1    504 ns 0014 FE  0  1      1    1    1
    630         0    504 ns 0014 FE  0  1      1    1    1
    631         0    504 ns 0014 FE  1  1      1    1    1
    632         1    504 ns 0014 FE  1  1      1    1    1
    633         1    504 ns 0014 FE  1  1      1    0    1
    634         1    504 ns 0014 FE  1  1      1    0    1
    635         1    504 ns 0014 00  1  1      1    0    1
    636         1    504 ns 4014 00  1  1      1    0    1
    637         1    504 ns 4014 00  1  1      1    0    1
    638         0    504 ns 4014 00  1  1      1    0    1
    639         0    504 ns 4000 00  1  1      1    0    1
    640         1    504 ns 4000 00  1  1      1    0    1
    641         0  3.024 us 4000 00  1  1      1    0    1
    642         0    504 ns 4000 00  1  1      1    0    1
    643         1    504 ns 4000 00  1  1      1    0    1
    644         0  3.024 us 4000 00  1  1      1    0    0
    645         0    504 ns 4000 00  1  1      1    0    0
    646         1    504 ns 4000 00  1  1      1    0    0
    647         0  3.024 us 4000 00  1  1      1    0    0
    648         0    504 ns 4000 00  1  1      1    0    0
    649         1    504 ns 4000 00  1  1      1    0    0
    650         0  3.024 us 4000 00  1  1      1    0    0
    651         0    504 ns 4000 00  1  1      1    0    0
    652         1    504 ns 4000 00  1  1      1    0    0
    653         0  3.024 us 4000 00  1  1      1    0    0
    654         1  3.528 us 4000 00  1  1      1    0    0
    655         1    504 ns 4000 00  1  1      1    0    0
    656         0    504 ns 4000 00  1  1      1    0    0
    657         0    504 ns 4000 00  1  1      1    0    0
    658         1    504 ns 4000 00  1  1      1    0    0
    659         1    504 ns 4000 00  1  1      1    0    0
    660         1    504 ns 0015 00  1  1      1    0    1
    661         1    504 ns 0015 00  1  1      1    0    1
    662         1    504 ns 0015 FE  1  1      1    1    1
    663         1    504 ns 0015 FE  1  1      1    1    1
    664         0    504 ns 0015 FE  0  1      1    1    1
    665         0    504 ns 0015 FE  0  1      1    1    1
    666         1    504 ns 0015 FE  1  1      1    1    1
    667         1    504 ns 0015 FE  1  1      1    1    1
    668         1    504 ns 0015 FE  1  1      1    0    1
    669         1    504 ns 0015 82  1  1      1    0    1
    670         1    504 ns 4015 00  1  1      1    0    1
    671         1    504 ns 4015 00  1  1      1    0    1
    672         0    504 ns 4015 00  1  1      1    0    1
    673         0    504 ns 4015 00  1  1      1    0    1
    674         1    504 ns 4000 00  1  1      1    0    1
    675         0  3.024 us 4000 00  1  1      1    0    1
    676         0    504 ns 4000 00  1  1      1    0    1
    677         1    504 ns 4000 00  1  1      1    0    1
    678         0  3.024 us 4000 00  1  1      1    0    0
    679         0    504 ns 4000 00  1  1      1    0    0
    680         1    504 ns 4000 00  1  1      1    0    0
    681         0  3.024 us 4000 00  1  1      1    0    0
    682         0    504 ns 4000 00  1  1      1    0    0
    683         1    504 ns 4000 00  1  1      1    0    0
    684         0  3.024 us 4000 00  1  1      1    0    0
    685         0    504 ns 4000 00  1  1      1    0    0
    686         1    504 ns 4000 00  1  1      1    0    0
    687         0  3.024 us 4000 00  1  1      1    0    0
    688         1  3.528 us 4000 00  1  1      1    0    0
    689         1    504 ns 4000 00  1  1      1    0    0
    690         0    504 ns 4000 00  1  1      1    0    0
    691         0    504 ns 4000 00  1  1      1    0    0
    692         1    504 ns 4000 00  1  1      1    0    0
    693         1    504 ns 4000 00  1  1      1    0    0
    694         1    504 ns 0016 00  1  1      1    0    1
    695         1    504 ns 0016 00  1  1      1    0    1
    696         1    504 ns 0016 FE  1  1      1    1    1
    697         1    504 ns 0016 FE  1  1      1    1    1
    698         0    504 ns 0016 FE  0  1      1    1    1
    699         0    504 ns 0016 FE  0  1      1    1    1
    700         1    504 ns 0016 FE  1  1      1    1    1
    701         1    504 ns 0016 FE  1  1      1    1    1
    702         1    504 ns 0016 FE  1  1      1    0    1
    703         1    504 ns 0016 00  1  1      1    0    1
    704         1    504 ns 4016 00  1  1      1    0    1
    705         1    504 ns 4016 00  1  1      1    0    1
    706         0    504 ns 4016 00  1  1      1    0    1
    707         0    504 ns 4000 00  1  1      1    0    1
    708         1    504 ns 4000 00  1  1      1    0    1
    709         0  3.024 us 4000 00  1  1      1    0    1
    710         0    504 ns 4000 00  1  1      1    0    1
    711         1    504 ns 4000 00  1  1      1    0    1
    712         0  3.024 us 4000 00  1  1      1    0    0
    713         0    504 ns 4000 00  1  1      1    0    0
    714         1    504 ns 4000 00  1  1      1    0    0
    715         0  3.024 us 4000 00  1  1      1    0    0
    716         0    504 ns 4000 00  1  1      1    0    0
    717         1    504 ns 4000 00  1  1      1    0    0
    718         0  3.024 us 4000 00  1  1      1    0    0
    719         0    504 ns 4000 00  1  1      1    0    0
    720         1    504 ns 4000 00  1  1      1    0    0
    721         0  3.024 us 4000 00  1  1      1    0    0
    722         1  3.528 us 4000 00  1  1      1    0    0
    723         1    504 ns 4000 00  1  1      1    0    0
    724         0    504 ns 4000 00  1  1      1    0    0
    725         0    504 ns 4000 00  1  1      1    0    0
    726         1    504 ns 4000 00  1  1      1    0    0
    727         1    504 ns 4000 00  1  1      1    0    0
    728         1    504 ns 0017 00  1  1      1    0    1
    729         1    504 ns 0017 00  1  1      1    0    1
    730         1    504 ns 0017 FE  1  1      1    1    1
    731         1    504 ns 0017 FE  1  1      1    1    1
    732         0    504 ns 0017 FE  0  1      1    1    1
    733         0    504 ns 0017 FE  0  1      1    1    1
    734         1    504 ns 0017 FE  1  1      1    1    1
    735         1    504 ns 0017 FE  1  1      1    1    1
    736         1    504 ns 0017 FE  1  1      1    0    1
    737         1    504 ns 0017 82  1  1      1    0    1
    738         1    504 ns 4017 00  1  1      1    0    1
    739         1    504 ns 4017 00  1  1      1    0    1
    740         0    504 ns 4017 00  1  1      1    0    1
    741         0    504 ns 4015 00  1  1      1    0    1
    742         1    504 ns 4000 00  1  1      1    0    1
    743         0  3.024 us 4000 00  1  1      1    0    1
    744         0    504 ns 4000 00  1  1      1    0    1
    745         1    504 ns 4000 00  1  1      1    0    1
    746         0  3.024 us 4000 00  1  1      1    0    0
    747         0    504 ns 4000 00  1  1      1    0    0
    748         1    504 ns 4000 00  1  1      1    0    0
    749         0  3.024 us 4000 00  1  1      1    0    0
    750         0    504 ns 4000 00  1  1      1    0    0
    751         1    504 ns 4000 00  1  1      1    0    0
    752         0  3.024 us 4000 00  1  1      1    0    0
    753         0    504 ns 4000 00  1  1      1    0    0
    754         1    504 ns 4000 00  1  1      1    0    0
    755         0  3.024 us 4000 00  1  1      1    0    0
    756         1  3.528 us 4000 00  1  1      1    0    0
    757         1    504 ns 4000 00  1  1      1    0    0
    758         0    504 ns 4000 00  1  1      1    0    0
    759         0    504 ns 4000 00  1  1      1    0    0
    760         1    504 ns 4000 00  1  1      1    0    0
    761         1    504 ns 4000 00  1  1      1    0    0
    762         1    504 ns 0018 00  1  1      1    0    1
    763         1    504 ns 0018 00  1  1      1    0    1
    764         1    504 ns 0018 FE  1  1      1    1    1
    765         1    504 ns 0018 FE  1  1      1    1    1
    766         0    504 ns 0018 FE  0  1      1    1    1
    767         0    504 ns 0018 FE  0  1      1    1    1
    768         1    504 ns 0018 FE  1  1      1    1    1
    769         1    504 ns 0018 FE  1  1      1    1    1
    770         1    504 ns 0018 FE  1  1      1    0    1
    771         1    504 ns 0018 00  1  1      1    0    1
    772         1    504 ns 4018 00  1  1      1    0    1
    773         1    504 ns 4018 00  1  1      1    0    1
    774         0    504 ns 4018 00  1  1      1    0    1
    775         0    504 ns 4008 00  1  1      1    0    1
    776         1    504 ns 4000 00  1  1      1    0    1
    777         0  3.024 us 4000 00  1  1      1    0    1
    778         0    504 ns 4000 00  1  1      1    0    1
    779         1    504 ns 4000 00  1  1      1    0    1
    780         0  3.024 us 4000 00  1  1      1    0    0
    781         0    504 ns 4000 00  1  1      1    0    0
    782         1    504 ns 4000 00  1  1      1    0    0
    783         0  3.024 us 4000 00  1  1      1    0    0
    784         0    504 ns 4000 00  1  1      1    0    0
    785         1    504 ns 4000 00  1  1      1    0    0
    786         0  3.024 us 4000 00  1  1      1    0    0
    787         0    504 ns 4000 00  1  1      1    0    0
    788         1    504 ns 4000 00  1  1      1    0    0
    789         0  3.528 us 4000 00  1  1      1    0    0
    790         1  3.024 us 4000 00  1  1      1    0    0
    791         1    504 ns 4000 00  1  1      1    0    0
    792         0    504 ns 4000 00  1  1      1    0    0
    793         0    504 ns 4000 00  1  1      1    0    0
    794         1    504 ns 4000 00  1  1      1    0    0
    795         1    504 ns 4000 00  1  1      1    0    0
    796         1    504 ns 0019 00  1  1      1    0    1
    797         1    504 ns 0019 00  1  1      1    0    1
    798         1    504 ns 0019 FE  1  1      1    1    1
    799         1    504 ns 0019 FE  1  1      1    1    1
    800         0    504 ns 0019 FE  0  1      1    1    1
    801         0    504 ns 0019 FE  0  1      1    1    1
    802         1    504 ns 0019 FE  1  1      1    1    1
    803         1    504 ns 0019 FE  1  1      1    1    1
    804         1    504 ns 0019 FE  1  1      1    0    1
    805         1    504 ns 0019 86  1  1      1    0    1
    806         1    504 ns 0019 00  1  1      1    0    1
    807         1    504 ns 4019 00  1  1      1    0    1
    808         0    504 ns 4019 00  1  1      1    0    1
    809         0    504 ns 4019 00  1  1      1    0    1
    810         1    504 ns 4001 00  1  1      1    0    1
    811         1    504 ns 4000 00  1  1      1    0    1
    812         0  2.520 us 4000 00  1  1      1    0    1
    813         0    504 ns 4000 00  1  1      1    0    1
    814         1    504 ns 4000 00  1  1      1    0    1
    815         0  3.024 us 4000 00  1  1      1    0    0
    816         0    504 ns 4000 00  1  1      1    0    0
    817         1    504 ns 4000 00  1  1      1    0    0
    818         0  3.024 us 4000 00  1  1      1    0    0
    819         0    504 ns 4000 00  1  1      1    0    0
    820         1    504 ns 4000 00  1  1      1    0    0
    821         0  3.024 us 4000 00  1  1      1    0    0
    822         0    504 ns 4000 00  1  1      1    0    0
    823         1    504 ns 4000 00  1  1      1    0    0
    824         0  3.528 us 4000 00  1  1      1    0    0
    825         1  3.024 us 4000 00  1  1      1    0    0
    826         1    504 ns 4000 00  1  1      1    0    0
    827         0    504 ns 4000 00  1  1      1    0    0
    828         0    504 ns 4000 00  1  1      1    0    0
    829         1    504 ns 4000 00  1  1      1    0    0
    830         1    504 ns 4000 00  1  1      1    0    0
    831         1    504 ns 001A 00  1  1      1    0    1
    832         1    504 ns 001A 00  1  1      1    0    1
    833         1    504 ns 001A FE  1  1      1    1    1
    834         1    504 ns 001A FE  1  1      1    1    1
    835         0    504 ns 001A FE  0  1      1    1    1
    836         0    504 ns 001A FE  0  1      1    1    1
    837         1    504 ns 001A FE  1  1      1    1    1
    838         1    504 ns 001A FE  1  1      1    1    1
    839         1    504 ns 001A FE  1  1      1    0    1
    840         1    504 ns 001A 80  1  1      1    0    1
    841         1    504 ns 401A 00  1  1      1    0    1
    842         1    504 ns 401A 00  1  1      1    0    1
    843         0    504 ns 401A 00  1  1      1    0    1
    844         0    504 ns 401A 00  1  1      1    0    1
    845         1    504 ns 4000 00  1  1      1    0    1
    846         0  3.024 us 4000 00  1  1      1    0    1
    847         0    504 ns 4000 00  1  1      1    0    1
    848         1    504 ns 4000 00  1  1      1    0    1
    849         0  3.024 us 4000 00  1  1      1    0    0
    850         0    504 ns 4000 00  1  1      1    0    0
    851         1    504 ns 4000 00  1  1      1    0    0
    852         0  3.024 us 4000 00  1  1      1    0    0
    853         0    504 ns 4000 00  1  1      1    0    0
    854         1    504 ns 4000 00  1  1      1    0    0
    855         0  3.024 us 4000 00  1  1      1    0    0
    856         0    504 ns 4000 00  1  1      1    0    0
    857         1    504 ns 4000 00  1  1      1    0    0
    858         0  3.528 us 4000 00  1  1      1    0    0
    859         1  3.024 us 4000 00  1  1      1    0    0
    860         1    504 ns 4000 00  1  1      1    0    0
    861         0    504 ns 4000 00  1  1      1    0    0
    862         0    504 ns 4000 00  1  1      1    0    0
    863         1    504 ns 4000 00  1  1      1    0    0
    864         1    504 ns 4000 00  1  1      1    0    0
    865         1    504 ns 001B 00  1  1      1    0    1
    866         1    504 ns 001B 00  1  1      1    0    1
    867         1    504 ns 001B FE  1  1      1    1    1
    868         1    504 ns 001B FE  1  1      1    1    1
    869         0    504 ns 001B FE  0  1      1    1    1
    870         0    504 ns 001B FE  0  1      1    1    1
    871         1    504 ns 001B FE  1  1      1    1    1
    872         1    504 ns 001B FE  1  1      1    0    1
    873         1    504 ns 001B FE  1  1      1    0    1
    874         1    504 ns 001B 00  1  1      1    0    1
    875         1    504 ns 401B 00  1  1      1    0    1
    876         1    504 ns 401B 00  1  1      1    0    1
    877         0    504 ns 401B 00  1  1      1    0    1
    878         0    504 ns 4000 00  1  1      1    0    1
    879         1    504 ns 4000 00  1  1      1    0    1
    880         0  3.024 us 4000 00  1  1      1    0    1
    881         0    504 ns 4000 00  1  1      1    0    1
    882         1    504 ns 4000 00  1  1      1    0    1
    883         0  3.024 us 4000 00  1  1      1    0    0
    884         0    504 ns 4000 00  1  1      1    0    0
    885         1    504 ns 4000 00  1  1      1    0    0
    886         0  3.024 us 4000 00  1  1      1    0    0
    887         0    504 ns 4000 00  1  1      1    0    0
    888         1    504 ns 4000 00  1  1      1    0    0
    889         0  3.024 us 4000 00  1  1      1    0    0
    890         1  1.512 us 4000 00  1  1      1    0    0
    891         0  3.024 us 4000 00  1  1      1    0    0
    892         1  3.024 us 4000 00  1  1      1    0    0
    893         1    504 ns 4000 00  1  1      1    0    0
    894         0    504 ns 4000 00  1  1      1    0    0
    895         0    504 ns 4000 00  1  1      1    0    0
    896         1    504 ns 4000 00  1  1      1    0    0
    897         1    504 ns 4000 00  1  1      1    0    0
    898         1    504 ns 001C 00  1  1      1    0    1
    899         1    504 ns 001C 00  1  1      1    0    1
    900         1    504 ns 001C FE  1  1      1    1    1
    901         1    504 ns 001C FE  1  1      1    1    1
    902         0    504 ns 001C FE  0  1      1    1    1
    903         0    504 ns 001C FE  0  1      1    1    1
    904         1    504 ns 001C FE  1  1      1    1    1
    905         1    504 ns 001C FE  1  1      1    1    1
    906         1    504 ns 001C FE  1  1      1    0    1
    907         1    504 ns 001C 82  1  1      1    0    1
    908         1    504 ns 401C 00  1  1      1    0    1
    909         1    504 ns 401C 00  1  1      1    0    1
    910         0    504 ns 401C 00  1  1      1    0    1
    911         0    504 ns 401C 00  1  1      1    0    1
    912         1    504 ns 4000 00  1  1      1    0    1
    913         0  3.024 us 4000 00  1  1      1    0    1
    914         0    504 ns 4000 00  1  1      1    0    1
    915         1    504 ns 4000 00  1  1      1    0    1
    916         0  3.024 us 4000 00  1  1      1    0    0
    917         0    504 ns 4000 00  1  1      1    0    0
    918         1    504 ns 4000 00  1  1      1    0    0
    919         0  3.024 us 4000 00  1  1      1    0    0
    920         0    504 ns 4000 00  1  1      1    0    0
    921         1    504 ns 4000 00  1  1      1    0    0
    922         0  3.024 us 4000 00  1  1      1    0    0
    923         1  1.512 us 4000 00  1  1      1    0    0
    924         0  3.024 us 4000 00  1  1      1    0    0
    925         1  3.024 us 4000 00  1  1      1    0    0
    926         1    504 ns 4000 00  1  1      1    0    0
    927         0    504 ns 4000 00  1  1      1    0    0
    928         0    504 ns 4000 00  1  1      1    0    0
    929         1    504 ns 4000 00  1  1      1    0    0
    930         1    504 ns 4000 00  1  1      1    0    0
    931         1    504 ns 001D 00  1  1      1    0    1
    932         1    504 ns 001D 00  1  1      1    0    1
    933         1    504 ns 001D FE  1  1      1    1    1
    934         1    504 ns 001D FE  1  1      1    1    1
    935         0    504 ns 001D FE  0  1      1    1    1
    936         0    504 ns 001D FE  0  1      1    1    1
    937         1    504 ns 001D FE  1  1      1    1    1
    938         1    504 ns 001D FE  1  1      1    1    1
    939         1    504 ns 001D FE  1  1      1    0    1
    940         1    504 ns 001D 00  1  1      1    0    1
    941         1    504 ns 401D 00  1  1      1    0    1
    942         1    504 ns 401D 00  1  1      1    0    1
    943         0    504 ns 401D 00  1  1      1    0    1
    944         0    504 ns 4000 00  1  1      1    0    1
    945         1    504 ns 4000 00  1  1      1    0    1
    946         0  3.024 us 4000 00  1  1      1    0    1
    947         0    504 ns 4000 00  1  1      1    0    1
    948         1    504 ns 4000 00  1  1      1    0    1
    949         0  3.024 us 4000 00  1  1      1    0    0
    950         0    504 ns 4000 00  1  1      1    0    0
    951         1    504 ns 4000 00  1  1      1    0    0
    952         0  3.024 us 4000 00  1  1      1    0    0
    953         0    504 ns 4000 00  1  1      1    0    0
    954         1    504 ns 4000 00  1  1      1    0    0
    955         0  3.024 us 4000 00  1  1      1    0    0
    956         1  1.512 us 4000 00  1  1      1    0    0
    957         0  3.024 us 4000 00  1  1      1    0    0
    958         1  3.024 us 4000 00  1  1      1    0    0
    959         1    504 ns 4000 00  1  1      1    0    0
    960         0    504 ns 4000 00  1  1      1    0    0
    961         0    504 ns 4000 00  1  1      1    0    0
    962         1    504 ns 4000 00  1  1      1    0    0
    963         1    504 ns 4000 00  1  1      1    0    0
    964         1    504 ns 001E 00  1  1      1    0    1
    965         1    504 ns 001E 00  1  1      1    0    1
    966         1    504 ns 001E FE  1  1      1    1    1
    967         1    504 ns 001E FE  1  1      1    1    1
    968         0    504 ns 001E FE  0  1      1    1    1
    969         0    504 ns 001E FE  0  1      1    1    1
    970         1    504 ns 001E FE  1  1      1    1    1
    971         1    504 ns 001E FE  1  1      1    1    1
    972         1    504 ns 001E FE  1  1      1    0    1
    973         1    504 ns 001E 82  1  1      1    0    1
    974         1    504 ns 001E 00  1  1      1    0    1
    975         1    504 ns 401E 00  1  1      1    0    1
    976         0    504 ns 401E 00  1  1      1    0    1
    977         0    504 ns 401A 00  1  1      1    0    1
    978         1    504 ns 4000 00  1  1      1    0    1
    979         0  3.024 us 4000 00  1  1      1    0    1
    980         0    504 ns 4000 00  1  1      1    0    1
    981         1    504 ns 4000 00  1  1      1    0    1
    982         0  3.024 us 4000 00  1  1      1    0    0
    983         0    504 ns 4000 00  1  1      1    0    0
    984         1    504 ns 4000 00  1  1      1    0    0
    985         0  3.024 us 4000 00  1  1      1    0    0
    986         0    504 ns 4000 00  1  1      1    0    0
    987         1    504 ns 4000 00  1  1      1    0    0
    988         0  3.024 us 4000 00  1  1      1    0    0
    989         1  1.512 us 4000 00  1  1      1    0    0
    990         0  3.024 us 4000 00  1  1      1    0    0
    991         1  3.024 us 4000 00  1  1      1    0    0
    992         1    504 ns 4000 00  1  1      1    0    0
    993         0    504 ns 4000 00  1  1      1    0    0
    994         0    504 ns 4000 00  1  1      1    0    0
    995         1    504 ns 4000 00  1  1      1    0    0
    996         1    504 ns 4000 00  1  1      1    0    0
    997         1    504 ns 001F 00  1  1      1    0    1
    998         1    504 ns 001F 00  1  1      1    0    1
    999         1    504 ns 001F FE  1  1      1    1    1
   1000         1    504 ns 001F FE  1  1      1    1    1
   1001         1    504 ns 001F FE  0  1      1    1    1
   1002         1    504 ns 001F FE  0  1      1    1    1
   1003         1    504 ns 001F FE  1  1      1    1    1
   1004         1    504 ns 001F FE  1  1      1    1    1
   1005         1    504 ns 001F FE  1  1      1    0    1
   1006         0    504 ns 001F 00  1  1      1    0    1
   1007         0    504 ns 401F 00  1  1      1    0    1
   1008         1    504 ns 401F 00  1  1      1    0    1
   1009         1    504 ns 401F 00  1  1      1    0    1
   1010         1    504 ns 4000 00  1  1      1    0    1
   1011         0  2.016 us 4000 00  1  1      1    0    1
   1012         0    504 ns 4000 00  1  1      1    0    1
   1013         1    504 ns 4000 00  1  1      1    0    1
   1014         0  2.520 us 4000 00  1  1      1    0    1
   1015         0    504 ns 4000 00  1  1      1    0    0
   1016         1    504 ns 4000 00  1  1      1    0    0
   1017         0  3.024 us 4000 00  1  1      1    0    1
   1018         0    504 ns 4000 00  1  1      1    0    0
   1019         1  2.520 us 4000 00  1  1      1    0    0
   1020         1    504 ns 4000 00  1  1      1    0    0
   1021         0    504 ns 4000 00  1  1      1    0    0
   1022         1  3.024 us 4000 00  1  1      1    0    0
   1023         1    504 ns 4000 00  1  1      1    0    0
   1024         0    504 ns 4000 00  1  1      1    0    0
   1025         1  3.024 us 4000 00  1  1      1    0    0
   1026         1    504 ns 4000 00  1  1      1    0    0
   1027         0    504 ns 4000 00  1  1      1    0    0
   1028         1  3.024 us 4000 00  1  1      1    0    0
   1029         1    504 ns 4000 00  1  1      1    0    0
   1030         0    504 ns 4000 00  1  1      1    0    0
   1031         0    504 ns 4000 00  1  1      1    0    0
   1032         1    504 ns 4000 00  1  1      1    0    0
   1033         0  2.520 us 4000 00  1  1      1    0    1
   1034         0    504 ns 4000 00  1  1      1    0    0
   1035         1  1.512 us 4000 00  1  1      1    0    0
   1036         0  521.1 us 4000 00  1  1      1    0    0
   1037         1  3.024 us 4000 00  1  1      1    0    0
   1038         1    504 ns 4000 00  1  1      1    0    0
   1039         0    504 ns 4000 00  1  1      1    0    0
   1040         1  3.024 us 4000 00  1  1      1    0    0
   1041         1    504 ns 4000 00  1  1      1    0    0
   1042         0    504 ns 4000 00  1  1      1    0    0
   1043         1  3.528 us 4000 00  1  1      1    0    0
   1044         1    504 ns 4000 00  1  1      1    0    0
   1045         0    504 ns 4000 00  1  1      1    0    0
   1046         1  3.024 us 4000 00  1  1      1    0    0
   1047         1    504 ns 4000 00  1  1      1    0    0
   1048         0    504 ns 4000 00  1  1      1    0    0
   1049         1  3.024 us 4000 00  1  1      1    0    0
   1050         1    504 ns 4000 00  1  1      1    0    0
   1051         0    504 ns 4000 00  1  1      1    0    0
   1052         1  3.024 us 4000 00  1  1      1    0    0
   1053         1    504 ns 4000 00  1  1      1    0    0
   1054         0    504 ns 4000 00  1  1      1    0    0
   1055         0    504 ns 4000 00  1  1      1    0    0
   1056         1    504 ns 4000 00  1  1      1    0    0
   1057         0  3.024 us 4000 00  1  1      1    0    0
   1058         1  3.024 us 4000 00  1  1      1    0    0
   1059         1    504 ns 4000 00  1  1      1    0    0
   1060         0    504 ns 4000 00  1  1      1    0    0
   1061         0    504 ns 4000 00  1  1      1    0    0
   1062         1    504 ns 4000 00  1  1      1    0    0
   1063         0  3.024 us 4000 00  1  1      1    0    0
   1064         1  3.024 us 4000 00  1  1      1    0    0
   1065         1    504 ns 4000 00  1  1      1    0    0
   1066         0    504 ns 4000 00  1  1      1    0    0
   1067         1  3.528 us 4000 00  1  1      1    0    0
   1068         1    504 ns 4000 00  1  1      1    0    0
   1069         0    504 ns 4000 00  1  1      1    0    0
   1070         1  3.024 us 4000 00  1  1      1    0    0
   1071         1    504 ns 4000 00  1  1      1    0    0
   1072         0    504 ns 4000 00  1  1      1    0    0
   1073         1  3.024 us 4000 00  1  1      1    0    0
   1074         1    504 ns 4000 00  1  1      1    0    0
   1075         0    504 ns 4000 00  1  1      1    0    0
   1076         1  3.024 us 4000 00  1  1      1    0    0
   1077         1    504 ns 4000 00  1  1      1    0    0
   1078         0    504 ns 4000 00  1  1      1    0    0
   1079         1  3.024 us 4000 00  1  1      1    0    0
   1080         1    504 ns 4000 00  1  1      1    0    0
   1081         0    504 ns 4000 00  1  1      1    0    0
   1082         1  3.024 us 4000 00  1  1      1    0    0
   1083         1    504 ns 4000 00  1  1      1    0    0
   1084         0    504 ns 4000 00  1  1      1    0    0
   1085         1  3.024 us 4000 00  1  1      1    0    0
   1086         1    504 ns 4000 00  1  1      1    0    0
   1087         0    504 ns 4000 00  1  1      1    0    0
   1088         1  3.024 us 4000 00  1  1      1    0    0
   1089         1    504 ns 4000 00  1  1      1    0    0
   1090         0    504 ns 4000 00  1  1      1    0    0
   1091         1  3.528 us 4000 00  1  1      1    0    0
   1092         1    504 ns 4000 00  1  1      1    0    0
   1093         0    504 ns 4000 00  1  1      1    0    0
   1094         1  3.024 us 4000 00  1  1      1    0    0
   1095         1    504 ns 4000 00  1  1      1    0    0
   1096         0    504 ns 4000 00  1  1      1    0    0
   1097         1  3.024 us 4000 00  1  1      1    0    0
   1098         1    504 ns 4000 00  1  1      1    0    0
   1099         0    504 ns 4000 00  1  1      1    0    0
   1100         1  3.024 us 4000 00  1  1      1    0    0
   1101         1    504 ns 4000 00  1  1      1    0    0
   1102         0    504 ns 4000 00  1  1      1    0    0
   1103         1  3.024 us 4000 00  1  1      1    0    0
   1104         1    504 ns 4000 00  1  1      1    0    0
   1105         0    504 ns 4000 00  1  1      1    0    0
   1106         0    504 ns 4000 00  1  1      1    0    0
   1107         1    504 ns 4000 00  1  1      1    0    0
   1108         0  3.024 us 4000 00  1  1      1    0    0
   1109         0    504 ns 4000 00  1  1      1    0    0
   1110         1    504 ns 4000 00  1  1      1    0    0
   1111         1  1.512 us 0000 00  1  1      1    0    1
   1112         1    504 ns 0000 00  1  1      1    0    1
   1113         1    504 ns 0000 00  1  1      1    1    1
   1114         1    504 ns 0000 00  1  1      1    1    1
   1115         1    504 ns 0000 00  1  0      1    1    1
   1116         1    504 ns 0000 00  1  0      1    1    1
   1117         1    504 ns 0000 00  1  1      1    1    1
   1118         1    504 ns 0000 00  1  1      1    1    1
   1119         1    504 ns 0000 00  1  1      1    0    1
   1120         1  1.512 us 4000 00  1  1      1    0    1
   1121         0  2.016 us 4000 00  1  1      1    0    1
   1122         0  2.016 us 0001 00  1  1      1    0    1
   1123         0    504 ns 0001 00  1  1      1    0    1
   1124         1    504 ns 0001 00  1  1      1    1    1
   1125         1    504 ns 0001 00  1  1      1    1    1
   1126         0    504 ns 0001 00  1  0      1    1    1
   1127         0    504 ns 0001 00  1  0      1    1    1
   1128         0    504 ns 0001 00  1  1      1    1    1
   1129         0    504 ns 0001 00  1  1      1    1    1
   1130         0    504 ns 0001 00  1  1      1    0    1
   1131         0    504 ns 0001 00  1  1      1    0    1
   1132         1    504 ns 4001 00  1  1      1    0    1
   1133         1    504 ns 4001 00  1  1      1    0    1
   1134         0    504 ns 4001 00  1  1      1    0    1
   1135         0    504 ns 4001 00  1  1      1    0    1
   1136         0    504 ns 4000 00  1  1      1    0    1
   1137         1  2.016 us 4000 00  1  1      1    0    1
   1138         1    504 ns 4000 00  1  1      1    0    1
   1139         0    504 ns 4000 00  1  1      1    0    1
   1140         0  2.520 us 4000 00  1  1      1    0    0
   1141         1    504 ns 4000 00  1  1      1    0    0
   1142         0    504 ns 4000 00  1  1      1    0    1
   1143         0    504 ns 4000 00  1  1      1    0    0
   1144         1  2.520 us 4000 00  1  1      1    0    0
   1145         1    504 ns 4000 00  1  1      1    0    0
   1146         0    504 ns 4000 00  1  1      1    0    1
   1147         0    504 ns 4000 00  1  1      1    0    0
   1148         1  2.520 us 4000 00  1  1      1    0    0
   1149         1    504 ns 4000 00  1  1      1    0    0
   1150         0    504 ns 4000 00  1  1      1    0    0
   1151         1  3.024 us 4000 00  1  1      1    0    0
   1152         1    504 ns 4000 00  1  1      1    0    0
   1153         0    504 ns 4000 00  1  1      1    0    0
   1154         1  3.024 us 4000 00  1  1      1    0    0
   1155         1    504 ns 4000 00  1  1      1    0    0
   1156         0    504 ns 4000 00  1  1      1    0    0
   1157         0  2.016 us 0002 00  1  1      1    0    1
   1158         0    504 ns 0002 00  1  1      1    0    1
   1159         1    504 ns 0002 00  1  1      1    1    1
   1160         1    504 ns 0002 00  1  1      1    1    1
   1161         0    504 ns 0002 00  1  0      1    1    1
   1162         0    504 ns 0002 00  1  0      1    1    1
   1163         0    504 ns 0002 00  1  1      1    1    1
   1164         0    504 ns 0002 00  1  1      1    1    1
   1165         0    504 ns 0002 00  1  1      1    0    1
   1166         0    504 ns 0002 00  1  1      1    0    1
   1167         1    504 ns 4002 00  1  1      1    0    1
   1168         0    504 ns 4002 00  1  1      1    0    1
   1169         0  1.512 us 4000 00  1  1      1    0    1
   1170         1  1.512 us 4000 00  1  1      1    0    1
   1171         1    504 ns 4000 00  1  1      1    0    1
   1172         0    504 ns 4000 00  1  1      1    0    1
   1173         1  3.024 us 4000 00  1  1      1    0    0
   1174         1    504 ns 4000 00  1  1      1    0    0
   1175         0    504 ns 4000 00  1  1      1    0    0
   1176         1  3.024 us 4000 00  1  1      1    0    0
   1177         1    504 ns 4000 00  1  1      1    0    0
   1178         0    504 ns 4000 00  1  1      1    0    0
   1179         1  3.024 us 4000 00  1  1      1    0    0
   1180         1    504 ns 4000 00  1  1      1    0    0
   1181         0    504 ns 4000 00  1  1      1    0    0
   1182         1  3.024 us 4000 00  1  1      1    0    0
   1183         1    504 ns 4000 00  1  1      1    0    0
   1184         0    504 ns 4000 00  1  1      1    0    0
   1185         1  3.024 us 4000 00  1  1      1    0    0
   1186         0    504 ns 4000 00  1  1      1    0    0
   1187         0  2.016 us 0003 00  1  1      1    0    1
   1188         0    504 ns 0003 00  1  1      1    0    1
   1189         1    504 ns 0003 00  1  1      1    1    1
   1190         1    504 ns 0003 00  1  1      1    1    1
   1191         0    504 ns 0003 00  1  0      1    1    1
   1192         0    504 ns 0003 00  1  0      1    1    1
   1193         0    504 ns 0003 00  1  1      1    1    1
   1194         0    504 ns 0003 00  1  1      1    1    1
   1195         0    504 ns 0003 00  1  1      1    0    1
   1196         0    504 ns 0003 00  1  1      1    0    1
   1197         1    504 ns 4003 00  1  1      1    0    1
   1198         1    504 ns 4003 00  1  1      1    0    1
   1199         0    504 ns 4003 00  1  1      1    0    1
   1200         0    504 ns 4003 00  1  1      1    0    1
   1201         0    504 ns 4000 00  1  1      1    0    1
   1202         1  2.016 us 4000 00  1  1      1    0    1
   1203         1    504 ns 4000 00  1  1      1    0    1
   1204         0    504 ns 4000 00  1  1      1    0    1
   1205         1  3.024 us 4000 00  1  1      1    0    0
   1206         1    504 ns 4000 00  1  1      1    0    0
   1207         0    504 ns 4000 00  1  1      1    0    0
   1208         1  3.024 us 4000 00  1  1      1    0    0
   1209         1    504 ns 4000 00  1  1      1    0    0
   1210         0    504 ns 4000 00  1  1      1    0    0
   1211         1  3.024 us 4000 00  1  1      1    0    0
   1212         0    504 ns 4000 00  1  1      1    0    0
   1213         1  3.024 us 4000 00  1  1      1    0    0
   1214         1    504 ns 4000 00  1  1      1    0    0
   1215         0    504 ns 4000 00  1  1      1    0    0
   1216         1  3.024 us 4000 00  1  1      1    0    0
   1217         1    504 ns 4000 00  1  1      1    0    0
   1218         0    504 ns 4000 00  1  1      1    0    0
   1219         0  2.016 us 0004 00  1  1      1    0    1
   1220         0    504 ns 0004 00  1  1      1    0    1
   1221         1    504 ns 0004 00  1  1      1    1    1
   1222         1    504 ns 0004 00  1  1      1    1    1
   1223         0    504 ns 0004 00  1  0      1    1    1
   1224         0    504 ns 0004 00  1  0      1    1    1
   1225         0    504 ns 0004 00  1  1      1    1    1
   1226         0    504 ns 0004 00  1  1      1    1    1
   1227         0    504 ns 0004 00  1  1      1    0    1
   1228         0    504 ns 0004 00  1  1      1    0    1
   1229         1    504 ns 4004 00  1  1      1    0    1
   1230         1    504 ns 4004 00  1  1      1    0    1
   1231         0    504 ns 4004 00  1  1      1    0    1
   1232         0    504 ns 4004 00  1  1      1    0    1
   1233         0    504 ns 4000 00  1  1      1    0    1
   1234         1  2.016 us 4000 00  1  1      1    0    1
   1235         1    504 ns 4000 00  1  1      1    0    1
   1236         0    504 ns 4000 00  1  1      1    0    1
   1237         1  2.520 us 4000 00  1  1      1    0    1
   1238         1    504 ns 4000 00  1  1      1    0    0
   1239         0    504 ns 4000 00  1  1      1    0    0
   1240         1  3.024 us 4000 00  1  1      1    0    0
   1241         1    504 ns 4000 00  1  1      1    0    0
   1242         0    504 ns 4000 00  1  1      1    0    0
   1243         1  3.024 us 4000 00  1  1      1    0    0
   1244         1    504 ns 4000 00  1  1      1    0    0
   1245         0    504 ns 4000 00  1  1      1    0    0
   1246         1  3.024 us 4000 00  1  1      1    0    0
   1247         1    504 ns 4000 00  1  1      1    0    0
   1248         0    504 ns 4000 00  1  1      1    0    0
   1249         1  3.024 us 4000 00  1  1      1    0    0
   1250         1    504 ns 4000 00  1  1      1    0    0
   1251         0    504 ns 4000 00  1  1      1    0    0
   1252         0  2.016 us 0005 00  1  1      1    0    1
   1253         0    504 ns 0005 00  1  1      1    0    1
   1254         1    504 ns 0005 00  1  1      1    1    1
   1255         1    504 ns 0005 00  1  1      1    1    1
   1256         0    504 ns 0005 00  1  0      1    1    1
   1257         0    504 ns 0005 00  1  1      1    1    1
   1258         0    504 ns 0005 00  1  1      1    1    1
   1259         0    504 ns 0005 00  1  1      1    0    1
   1260         0    504 ns 0005 00  1  1      1    0    1
   1261         1    504 ns 0005 00  1  1      1    0    1
   1262         1    504 ns 4005 00  1  1      1    0    1
   1263         0    504 ns 4005 00  1  1      1    0    1
   1264         0    504 ns 4005 00  1  1      1    0    1
   1265         0    504 ns 4000 00  1  1      1    0    1
   1266         1  2.016 us 4000 00  1  1      1    0    1
   1267         1    504 ns 4000 00  1  1      1    0    1
   1268         0    504 ns 4000 00  1  1      1    0    1
   1269         1  3.024 us 4000 00  1  1      1    0    0
   1270         1    504 ns 4000 00  1  1      1    0    0
   1271         0    504 ns 4000 00  1  1      1    0    0
   1272         1  3.024 us 4000 00  1  1      1    0    0
   1273         1    504 ns 4000 00  1  1      1    0    0
   1274         0    504 ns 4000 00  1  1      1    0    0
   1275         1  3.024 us 4000 00  1  1      1    0    0
   1276         1    504 ns 4000 00  1  1      1    0    0
   1277         0    504 ns 4000 00  1  1      1    0    0
   1278         1  3.024 us 4000 00  1  1      1    0    0
   1279         1    504 ns 4000 00  1  1      1    0    1
   1280         0    504 ns 4000 00  1  1      1    0    0
   1281         1  2.520 us 4000 00  1  1      1    0    0
   1282         1    504 ns 4000 00  1  1      1    0    0
   1283         0    504 ns 4000 00  1  1      1    0    1
   1284         0    504 ns 4000 00  1  1      1    0    0
   1285         0  1.512 us 0006 00  1  1      1    0    1
   1286         0    504 ns 0006 00  1  1      1    0    1
   1287         1    504 ns 0006 00  1  1      1    1    1
   1288         1    504 ns 0006 00  1  1      1    1    1
   1289         0    504 ns 0006 00  1  0      1    1    1
   1290         0    504 ns 0006 00  1  0      1    1    1
   1291         0    504 ns 0006 00  1  1      1    1    1
   1292         0    504 ns 0006 00  1  1      1    1    1
   1293         0    504 ns 0006 00  1  1      1    0    1
   1294         0    504 ns 0006 00  1  1      1    0    1
   1295         1    504 ns 4006 00  1  1      1    0    1
   1296         1    504 ns 4006 00  1  1      1    0    1
   1297         0    504 ns 4006 00  1  1      1    0    1
   1298         0    504 ns 4006 00  1  1      1    0    1
   1299         0    504 ns 4000 00  1  1      1    0    1
   1300         1  2.016 us 4000 00  1  1      1    0    1
   1301         1    504 ns 4000 00  1  1      1    0    1
   1302         0    504 ns 4000 00  1  1      1    0    1
   1303         1  3.024 us 4000 00  1  1      1    0    0
   1304         1    504 ns 4000 00  1  1      1    0    0
   1305         0    504 ns 4000 00  1  1      1    0    0
   1306         1  3.024 us 4000 00  1  1      1    0    0
   1307         0    504 ns 4000 00  1  1      1    0    1
   1308         0    504 ns 4000 00  1  1      1    0    0
   1309         1  2.520 us 4000 00  1  1      1    0    0
   1310         1    504 ns 4000 00  1  1      1    0    0
   1311         0    504 ns 4000 00  1  1      1    0    1
   1312         0    504 ns 4000 00  1  1      1    0    0
   1313         1  2.520 us 4000 00  1  1      1    0    0
   1314         1    504 ns 4000 00  1  1      1    0    0
   1315         0    504 ns 4000 00  1  1      1    0    0
   1316         1  3.024 us 4000 00  1  1      1    0    0
   1317         1    504 ns 4000 00  1  1      1    0    0
   1318         0    504 ns 4000 00  1  1      1    0    0
   1319         0  2.016 us 0007 00  1  1      1    0    1
   1320         0    504 ns 0007 00  1  1      1    0    1
   1321         1    504 ns 0007 00  1  1      1    1    1
   1322         1    504 ns 0007 00  1  1      1    1    1
   1323         0    504 ns 0007 00  1  0      1    1    1
   1324         0    504 ns 0007 00  1  0      1    1    1
   1325         0    504 ns 0007 00  1  1      1    1    1
   1326         0    504 ns 0007 00  1  1      1    1    1
   1327         0    504 ns 0007 00  1  1      1    0    1
   1328         0    504 ns 0007 00  1  1      1    0    1
   1329         1    504 ns 4007 00  1  1      1    0    1
   1330         1    504 ns 4007 00  1  1      1    0    1
   1331         0    504 ns 4007 00  1  1      1    0    1
   1332         0    504 ns 4000 00  1  1      1    0    1
   1333         1  2.520 us 4000 00  1  1      1    0    1
   1334         0    504 ns 4000 00  1  1      1    0    1
   1335         1  3.024 us 4000 00  1  1      1    0    0
   1336         1    504 ns 4000 00  1  1      1    0    0
   1337         0    504 ns 4000 00  1  1      1    0    0
   1338         1  3.024 us 4000 00  1  1      1    0    0
   1339         1    504 ns 4000 00  1  1      1    0    0
   1340         0    504 ns 4000 00  1  1      1    0    0
   1341         1  3.024 us 4000 00  1  1      1    0    0
   1342         1    504 ns 4000 00  1  1      1    0    0
   1343         0    504 ns 4000 00  1  1      1    0    0
   1344         1  3.024 us 4000 00  1  1      1    0    0
   1345         1    504 ns 4000 00  1  1      1    0    0
   1346         0    504 ns 4000 00  1  1      1    0    0
   1347         1  3.024 us 4000 00  1  1      1    0    0
   1348         1    504 ns 4000 00  1  1      1    0    0
   1349         0    504 ns 4000 00  1  1      1    0    0
   1350         0  1.512 us 4008 00  1  1      1    0    1
   1351         0    504 ns 0008 00  1  1      1    0    1
   1352         0    504 ns 0008 00  1  1      1    1    1
   1353         1    504 ns 0008 00  1  1      1    1    1
   1354         0    504 ns 0008 00  1  0      1    1    1
   1355         0    504 ns 0008 00  1  0      1    1    1
   1356         0    504 ns 0008 00  1  1      1    1    1
   1357         0    504 ns 0008 00  1  1      1    1    1
   1358         0    504 ns 0008 00  1  1      1    0    1
   1359         0    504 ns 0008 00  1  1      1    0    1
   1360         1    504 ns 0008 00  1  1      1    0    1
   1361         1    504 ns 4008 00  1  1      1    0    1
   1362         0    504 ns 4008 00  1  1      1    0    1
   1363         0  1.512 us 4000 00  1  1      1    0    1
   1364         1  1.512 us 4000 00  1  1      1    0    1
   1365         1    504 ns 4000 00  1  1      1    0    1
   1366         0    504 ns 4000 00  1  1      1    0    1
   1367         1  3.024 us 4000 00  1  1      1    0    0
   1368         1    504 ns 4000 00  1  1      1    0    0
   1369         0    504 ns 4000 00  1  1      1    0    0
   1370         1  3.024 us 4000 00  1  1      1    0    0
   1371         1    504 ns 4000 00  1  1      1    0    0
   1372         0    504 ns 4000 00  1  1      1    0    0
   1373         1  3.024 us 4000 00  1  1      1    0    0
   1374         1    504 ns 4000 00  1  1      1    0    0
   1375         0    504 ns 4000 00  1  1      1    0    0
   1376         1  3.024 us 4000 00  1  1      1    0    0
   1377         0    504 ns 4000 00  1  1      1    0    0
   1378         1  3.024 us 4000 00  1  1      1    0    0
   1379         1    504 ns 4000 00  1  1      1    0    0
   1380         0    504 ns 4000 00  1  1      1    0    0
   1381         0  2.016 us 0009 00  1  1      1    0    1
   1382         0    504 ns 0009 00  1  1      1    0    1
   1383         1    504 ns 0009 00  1  1      1    1    1
   1384         1    504 ns 0009 00  1  1      1    1    1
   1385         0    504 ns 0009 00  1  0      1    1    1
   1386         0    504 ns 0009 00  1  0      1    1    1
   1387         0    504 ns 0009 00  1  1      1    1    1
   1388         0    504 ns 0009 00  1  1      1    1    1
   1389         0    504 ns 0009 00  1  1      1    0    1
   1390         0    504 ns 0009 00  1  1      1    0    1
   1391         1    504 ns 4009 00  1  1      1    0    1
   1392         1    504 ns 4009 00  1  1      1    0    1
   1393         0    504 ns 4009 00  1  1      1    0    1
   1394         0    504 ns 4009 00  1  1      1    0    1
   1395         0    504 ns 4000 00  1  1      1    0    1
   1396         1  2.016 us 4000 00  1  1      1    0    1
   1397         1    504 ns 4000 00  1  1      1    0    1
   1398         0    504 ns 4000 00  1  1      1    0    1
   1399         1  3.024 us 4000 00  1  1      1    0    0
   1400         1    504 ns 4000 00  1  1      1    0    0
   1401         0    504 ns 4000 00  1  1      1    0    0
   1402         1  2.520 us 4000 00  1  1      1    0    0
   1403         1    504 ns 4000 00  1  1      1    0    0
   1404         0    504 ns 4000 00  1  1      1    0    0
   1405         1  3.024 us 4000 00  1  1      1    0    0
   1406         1    504 ns 4000 00  1  1      1    0    0
   1407         0    504 ns 4000 00  1  1      1    0    0
   1408         1  3.024 us 4000 00  1  1      1    0    0
   1409         1    504 ns 4000 00  1  1      1    0    0
   1410         0    504 ns 4000 00  1  1      1    0    0
   1411         1  3.024 us 4000 00  1  1      1    0    0
   1412         1    504 ns 4000 00  1  1      1    0    0
   1413         0    504 ns 4000 00  1  1      1    0    0
   1414         0  2.016 us 000A 00  1  1      1    0    1
   1415         0    504 ns 000A 00  1  1      1    0    1
   1416         1    504 ns 000A 00  1  1      1    1    1
   1417         1    504 ns 000A 00  1  1      1    1    1
   1418         0    504 ns 000A 00  1  0      1    1    1
   1419         0    504 ns 000A 00  1  0      1    1    1
   1420         0    504 ns 000A 00  1  1      1    1    1

Time Printed: 06 Jun 2004 23:45:18  ---  Time Acquired: 06 Jun 2004 23:41:43
