MACHINE 1   -  State Listing                                                    

                                                                         
Label    > SERIAL   Time        A            D       WE OE DETECT 
Base     > Binary Relative      Binary       Binary  Bi Bi Binary 
__________ ______ _________ _______________ ________ __ __ ______ 

      0         1    936 ns 000010000000000 00000000  1  1      1
      1         1      8 ns 000000000000000 00000000  1  0      1
      2         1    976 ns 000000000000000 10000000  1  0      1
      3         1    992 ns 000000000000000 10000000  0  0      1
      4         0    128 ns 000000000000000 10000000  0  0      1
      5         0    856 ns 000000000000000 10000000  1  0      1
      6         0    992 ns 000000000000000 10000000  1  0      1
      7         0    560 ns 000000000000000 00000000  1  0      1
      8         1    696 ns 000000000000000 00000000  1  0      1
      9         0    992 ns 000000000000000 00000000  1  0      1
     10         0     56 ns 000000000000000 00000000  0  0      1
     11         0     48 ns 000000000000000 00000000  0  0      1
     12         1  3.000 us 000000000000000 00000000  0  0      1
     13         0    992 ns 000000000000000 00000000  0  0      1
     14         1  3.104 us 000000000000000 00000000  0  0      1
     15         0    992 ns 000000000000000 00000000  0  0      1
     16         1  3.104 us 000000000000000 00000000  0  0      1
     17         0    992 ns 000000000000000 00000000  0  0      1
     18         1  3.104 us 000000000000000 00000000  0  0      1
     19         0    992 ns 000000000000000 00000000  0  0      1
     20         1  3.104 us 000000000000000 00000000  0  0      1
     21         0    992 ns 000000000000000 00000000  0  0      1
     22         1  3.104 us 000000000000000 00000000  0  0      1
     23         0    992 ns 000000000000000 00000000  0  0      1
     24         1  1.056 us 000000000000000 00000000  0  0      1
     25         1  1.224 us 000010000000001 00000000  1  1      1
     26         1      8 ns 000000000000001 00000000  1  0      1
     27         1    976 ns 000000000000001 10000000  1  0      1
     28         0    832 ns 000000000000001 10000000  1  0      1
     29         0    160 ns 000000000000001 10000000  0  0      1
     30         0    984 ns 000000000000001 10000000  1  0      1
     31         0    992 ns 000000000000001 10000000  1  0      1
     32         0    560 ns 000000000000001 00000000  1  0      1
     33         1    408 ns 000000000000001 00000000  1  0      1
     34         0    992 ns 000000000000001 00000000  1  0      1
     35         0    280 ns 000000000000000 00000000  1  0      1
     36         0     72 ns 000000000000000 00000000  0  0      1
     37         0     24 ns 000000000000000 00000000  0  0      1
     38         1  2.728 us 000000000000000 00000000  0  0      1
     39         0    992 ns 000000000000000 00000000  0  0      1
     40         1  3.104 us 000000000000000 00000000  0  0      1
     41         0    992 ns 000000000000000 00000000  0  0      1
     42         1  3.104 us 000000000000000 00000000  0  0      1
     43         0    992 ns 000000000000000 00000000  0  0      1
     44         1  3.104 us 000000000000000 00000000  0  0      1
     45         0    992 ns 000000000000000 00000000  0  0      1
     46         1  3.104 us 000000000000000 00000000  0  0      1
     47         0    992 ns 000000000000000 00000000  0  0      1
     48         1  3.104 us 000000000000000 00000000  0  0      1
     49         0    992 ns 000000000000000 00000000  0  0      1
     50         1  1.056 us 000000000000000 00000000  0  0      1
     51         1  1.016 us 000010000000000 00000000  1  0      1
     52         1      8 ns 000000000000010 00000000  1  1      1
     53         1      8 ns 000000000000010 00000000  1  0      1
     54         1    968 ns 000000000000010 00000000  1  0      1
     55         1      8 ns 000000000000010 10000000  1  0      1
     56         1    984 ns 000000000000010 10000000  0  0      1
     57         0     48 ns 000000000000010 10000000  0  0      1
     58         0    936 ns 000000000000010 10000000  1  0      1
     59         0    992 ns 000000000000010 10000000  1  0      1
     60         0    560 ns 000000000000010 00000000  1  0      1
     61         1    616 ns 000000000000010 00000000  1  0      1
     62         0    992 ns 000000000000010 00000000  1  0      1
     63         0    136 ns 000000000000000 00000000  1  0      1
     64         0      8 ns 000000000000000 00000000  1  0      1
     65         0      8 ns 000000000000000 00000000  0  0      1
     66         0     24 ns 000000000000000 00000000  0  0      1
     67         1  2.928 us 000000000000000 00000000  0  0      1
     68         0    992 ns 000000000000000 00000000  0  0      1
     69         1  3.104 us 000000000000000 00000000  0  0      1
     70         0    992 ns 000000000000000 00000000  0  0      1
     71         1  3.104 us 000000000000000 00000000  0  0      1
     72         0    992 ns 000000000000000 00000000  0  0      1
     73         1  3.104 us 000000000000000 00000000  0  0      1
     74         0    992 ns 000000000000000 00000000  0  0      1
     75         1  3.104 us 000000000000000 00000000  0  0      1
     76         0    992 ns 000000000000000 00000000  0  0      1
     77         1  3.104 us 000000000000000 00000000  0  0      1
     78         0    992 ns 000000000000000 00000000  0  0      1
     79         1  1.056 us 000000000000000 00000000  0  0      1
     80         1  1.304 us 000010000000011 00000000  1  1      1
     81         1      8 ns 000000000000011 00000000  1  0      1
     82         1    976 ns 000000000000011 10000000  1  0      1
     83         0    752 ns 000000000000011 10000000  1  0      1
     84         0    240 ns 000000000000011 10000000  0  0      1
     85         0    984 ns 000000000000011 10000000  1  0      1
     86         0    992 ns 000000000000011 10000000  1  0      1
     87         0    560 ns 000000000000011 00000000  1  0      1
     88         1    328 ns 000000000000011 00000000  1  0      1
     89         0    992 ns 000000000000011 00000000  1  0      1
     90         0    248 ns 000000000000010 00000000  1  0      1
     91         0     64 ns 000000000000000 00000000  1  0      1
     92         0    136 ns 000000000000000 00000000  0  0      1
     93         0      8 ns 000000000000000 00000000  0  0      1
     94         0      8 ns 000000000000000 00000000  0  0      1
     95         1  2.640 us 000000000000000 00000000  0  0      1
     96         0    992 ns 000000000000000 00000000  0  0      1
     97         1  3.104 us 000000000000000 00000000  0  0      1
     98         0    992 ns 000000000000000 00000000  0  0      1
     99         1  3.104 us 000000000000000 00000000  0  0      1
    100         0    992 ns 000000000000000 00000000  0  0      1
    101         1  3.104 us 000000000000000 00000000  0  0      1
    102         0    992 ns 000000000000000 00000000  0  0      1
    103         1  3.104 us 000000000000000 00000000  0  0      1
    104         0    992 ns 000000000000000 00000000  0  0      1
    105         1  3.104 us 000000000000000 00000000  0  0      1
    106         0    992 ns 000000000000000 00000000  0  0      1
    107         1  1.056 us 000000000000000 00000000  0  0      1
    108         1  1.096 us 000010000000000 00000000  1  0      1
    109         1      8 ns 000010000000100 00000000  1  1      1
    110         1      8 ns 000000000000100 00000000  1  0      1
    111         1    976 ns 000000000000100 10000000  1  0      1
    112         0    952 ns 000000000000100 10000000  1  0      1
    113         0     32 ns 000000000000100 10000000  0  0      1
    114         0    984 ns 000000000000100 10000000  1  0      1
    115         0    992 ns 000000000000100 10000000  1  0      1
    116         0    560 ns 000000000000100 00000000  1  0      1
    117         1    536 ns 000000000000100 00000000  1  0      1
    118         0    992 ns 000000000000100 00000000  1  0      1
    119         0    216 ns 000000000000000 00000000  1  0      1
    120         0     24 ns 000000000000000 00000000  0  0      1
    121         0      8 ns 000000000000000 00000000  0  0      1
    122         0      8 ns 000000000000000 00000000  0  0      1
    123         1  2.848 us 000000000000000 00000000  0  0      1
    124         0    992 ns 000000000000000 00000000  0  0      1
    125         1  3.104 us 000000000000000 00000000  0  0      1
    126         0    992 ns 000000000000000 00000000  0  0      1
    127         1  3.104 us 000000000000000 00000000  0  0      1
    128         0    992 ns 000000000000000 00000000  0  0      1
    129         1  3.104 us 000000000000000 00000000  0  0      1
    130         0    992 ns 000000000000000 00000000  0  0      1
    131         1  3.104 us 000000000000000 00000000  0  0      1
    132         0    992 ns 000000000000000 00000000  0  0      1
    133         1  3.104 us 000000000000000 00000000  0  0      1
    134         0    992 ns 000000000000000 00000000  0  0      1
    135         1  1.056 us 000000000000000 00000000  0  0      1
    136         1  1.384 us 000010000000000 00000000  1  0      1
    137         1      8 ns 000000000000101 00000000  1  0      1
    138         1    976 ns 000000000000101 00000000  1  0      1
    139         1      8 ns 000000000000101 10000000  1  0      1
    140         0    664 ns 000000000000101 10000000  1  0      1
    141         0    320 ns 000000000000101 10000000  0  0      1
    142         0    984 ns 000000000000101 10000000  1  0      1
    143         0    992 ns 000000000000101 10000000  1  0      1
    144         0    560 ns 000000000000101 00000000  1  0      1
    145         1    248 ns 000000000000101 00000000  1  0      1
    146         0    992 ns 000000000000101 00000000  1  0      1
    147         0    408 ns 000000000000100 00000000  1  0      1
    148         0     48 ns 000000000000000 00000000  1  0      1
    149         0     64 ns 000000000000000 00000000  0  0      1
    150         0     24 ns 000000000000000 00000000  0  0      1
    151         1  2.560 us 000000000000000 00000000  0  0      1
    152         0    992 ns 000000000000000 00000000  0  0      1
    153         1  3.104 us 000000000000000 00000000  0  0      1
    154         0    992 ns 000000000000000 00000000  0  0      1
    155         1  3.104 us 000000000000000 00000000  0  0      1
    156         0    992 ns 000000000000000 00000000  0  0      1
    157         1  3.104 us 000000000000000 00000000  0  0      1
    158         0    992 ns 000000000000000 00000000  0  0      1
    159         1  3.104 us 000000000000000 00000000  0  0      1
    160         0    992 ns 000000000000000 00000000  0  0      1
    161         1  3.104 us 000000000000000 00000000  0  0      1
    162         0    992 ns 000000000000000 00000000  0  0      1
    163         1  1.056 us 000000000000000 00000000  0  0      1
    164         1  1.176 us 000000000000000 00000000  1  0      1
    165         1      8 ns 000010000000110 00000000  1  1      1
    166         1      8 ns 000000000000110 00000000  1  0      1
    167         1    976 ns 000000000000110 10000000  1  0      1
    168         0    872 ns 000000000000110 10000000  1  0      1
    169         0    112 ns 000000000000110 10000000  0  0      1
    170         0    984 ns 000000000000110 10000000  1  0      1
    171         0    992 ns 000000000000110 10000000  1  0      1
    172         0    560 ns 000000000000110 00000000  1  0      1
    173         1    456 ns 000000000000110 00000000  1  0      1
    174         0    992 ns 000000000000110 00000000  1  0      1
    175         0    176 ns 000000000000100 00000000  1  0      1
    176         0      8 ns 000000000000000 00000000  1  0      1
    177         0    144 ns 000000000000000 00000000  0  0      1
    178         0     24 ns 000000000000000 00000000  0  0      1
    179         1  2.752 us 000000000000000 00000000  0  0      1
    180         0    992 ns 000000000000000 00000000  0  0      1
    181         1  3.104 us 000000000000000 00000000  0  0      1
    182         0    992 ns 000000000000000 00000000  0  0      1
    183         1  3.104 us 000000000000000 00000000  0  0      1
    184         0    992 ns 000000000000000 00000000  0  0      1
    185         1  3.104 us 000000000000000 00000000  0  0      1
    186         0    992 ns 000000000000000 00000000  0  0      1
    187         1  3.104 us 000000000000000 00000000  0  0      1
    188         0    992 ns 000000000000000 00000000  0  0      1
    189         1  3.104 us 000000000000000 00000000  0  0      1
    190         0    992 ns 000000000000000 00000000  0  0      1
    191         1  1.056 us 000000000000000 00000000  0  0      1
    192         1    968 ns 000000000000000 00000000  1  0      1
    193         1      8 ns 000010000000111 00000000  1  1      1
    194         1      8 ns 000000000000111 00000000  1  0      1
    195         1    976 ns 000000000000111 10000000  1  0      1
    196         1    984 ns 000000000000111 10000000  0  0      1
    197         0     96 ns 000000000000111 10000000  0  0      1
    198         0    888 ns 000000000000111 10000000  1  0      1
    199         0    992 ns 000000000000111 10000000  1  0      1
    200         0    568 ns 000000000000111 00000000  1  0      1
    201         1    664 ns 000000000000111 00000000  1  0      1
    202         1    872 ns 000000000000101 00000000  1  0      1
    203         1     48 ns 000000000000001 00000000  1  0      1
    204         1     24 ns 000000000000000 00000000  1  0      1
    205         0     40 ns 000000000000000 00000000  1  0      1
    206         0    104 ns 000000000000000 00000000  0  0      1
    207         0     32 ns 000000000000000 00000000  0  0      1
    208         1  2.968 us 000000000000000 00000000  0  0      1
    209         0    992 ns 000000000000000 00000000  0  0      1
    210         1  3.104 us 000000000000000 00000000  0  0      1
    211         0    992 ns 000000000000000 00000000  0  0      1
    212         1  3.104 us 000000000000000 00000000  0  0      1
    213         0    992 ns 000000000000000 00000000  0  0      1
    214         1  3.104 us 000000000000000 00000000  0  0      1
    215         0    992 ns 000000000000000 00000000  0  0      1
    216         1  3.104 us 000000000000000 00000000  0  0      1
    217         0    992 ns 000000000000000 00000000  0  0      1
    218         1  3.104 us 000000000000000 00000000  0  0      1
    219         0    992 ns 000000000000000 00000000  0  0      1
    220         1  1.056 us 000000000000000 00000000  0  0      1
    221         1  1.256 us 000000000000000 00000000  1  0      1
    222         1      8 ns 000010000001000 00000000  1  1      1
    223         1      8 ns 000000000001000 00000000  1  0      1
    224         1    976 ns 000000000001000 10000000  1  0      1
    225         0    792 ns 000000000001000 10000000  1  0      1
    226         0    192 ns 000000000001000 10000000  0  0      1
    227         0    984 ns 000000000001000 10000000  1  0      1
    228         0    992 ns 000000000001000 10000000  1  0      1
    229         0    568 ns 000000000001000 00000000  1  0      1
    230         1    376 ns 000000000001000 00000000  1  0      1
    231         0    984 ns 000000000001000 00000000  1  0      1
    232         0    400 ns 000000000001000 00000000  0  0      1
    233         0     24 ns 000000000001000 00000000  0  0      1
    234         0     24 ns 000000000000000 00000000  0  0      1
    235         1  2.656 us 000000000000000 00000000  0  0      1
    236         0    992 ns 000000000000000 00000000  0  0      1
    237         1  3.104 us 000000000000000 00000000  0  0      1
    238         0  1.000 us 000000000000000 00000000  0  0      1
    239         1  3.096 us 000000000000000 00000000  0  0      1
    240         0    992 ns 000000000000000 00000000  0  0      1
    241         1  3.104 us 000000000000000 00000000  0  0      1
    242         0  1.000 us 000000000000000 00000000  0  0      1
    243         1  3.096 us 000000000000000 00000000  0  0      1
    244         0  1.000 us 000000000000000 00000000  0  0      1
    245         1  3.104 us 000000000000000 00000000  0  0      1
    246         0    984 ns 000000000000000 00000000  0  0      1
    247         1  1.056 us 000000000000000 00000000  0  0      1
    248         1  1.056 us 000010000001001 00000000  1  1      1
    249         1      8 ns 000000000001001 00000000  1  0      1
    250         1    976 ns 000000000001001 10000000  1  0      1
    251         1    992 ns 000000000001001 10000000  0  0      1
    252         1      8 ns 000000000001001 10000000  0  0      1
    253         0      8 ns 000000000001001 10000000  0  0      1
    254         0    968 ns 000000000001001 10000000  1  0      1
    255         0    984 ns 000000000001001 10000000  1  0      1
    256         0    568 ns 000000000001001 00000000  1  0      1
    257         1    584 ns 000000000001001 00000000  1  0      1
    258         0    984 ns 000000000001001 00000000  1  0      1
    259         0     48 ns 000000000001000 00000000  1  0      1
    260         0    136 ns 000000000001000 00000000  0  0      1
    261         0     32 ns 000000000001000 00000000  0  0      1
    262         0      8 ns 000000000000000 00000000  0  0      1
    263         1  2.888 us 000000000000000 00000000  0  0      1
    264         0    984 ns 000000000000000 00000000  0  0      1
    265         1  3.112 us 000000000000000 00000000  0  0      1
    266         0    992 ns 000000000000000 00000000  0  0      1
    267         1  3.104 us 000000000000000 00000000  0  0      1
    268         0    992 ns 000000000000000 00000000  0  0      1
    269         1  3.104 us 000000000000000 00000000  0  0      1
    270         0    992 ns 000000000000000 00000000  0  0      1
    271         1  3.104 us 000000000000000 00000000  0  0      1
    272         0    992 ns 000000000000000 00000000  0  0      1
    273         1  3.104 us 000000000000000 00000000  0  0      1
    274         0    992 ns 000000000000000 00000000  0  0      1
    275         1  1.056 us 000000000000000 00000000  0  0      1
    276         1  1.336 us 000010000001010 00000000  1  1      1
    277         1      8 ns 000000000001010 00000000  1  0      1
    278         1    976 ns 000000000001010 10000000  1  0      1
    279         0    720 ns 000000000001010 10000000  1  0      1
    280         0    264 ns 000000000001010 10000000  0  0      1
    281         0    984 ns 000000000001010 10000000  1  0      1
    282         0    992 ns 000000000001010 10000000  1  0      1
    283         0    560 ns 000000000001010 00000000  1  0      1
    284         1    304 ns 000000000001010 00000000  1  0      1
    285         0    984 ns 000000000001010 00000000  1  0      1
    286         0    368 ns 000000000001000 00000000  1  0      1
    287         0     56 ns 000000000000000 00000000  1  0      1
    288         0     56 ns 000000000000000 00000000  0  0      1
    289         0     32 ns 000000000000000 00000000  0  0      1
    290         1  2.600 us 000000000000000 00000000  0  0      1
    291         0    992 ns 000000000000000 00000000  0  0      1
    292         1  3.104 us 000000000000000 00000000  0  0      1
    293         0    992 ns 000000000000000 00000000  0  0      1
    294         1  3.104 us 000000000000000 00000000  0  0      1
    295         0    992 ns 000000000000000 00000000  0  0      1
    296         1  3.104 us 000000000000000 00000000  0  0      1
    297         0    992 ns 000000000000000 00000000  0  0      1
    298         1  3.104 us 000000000000000 00000000  0  0      1
    299         0    992 ns 000000000000000 00000000  0  0      1
    300         1  3.104 us 000000000000000 00000000  0  0      1
    301         0    992 ns 000000000000000 00000000  0  0      1
    302         1  1.056 us 000000000000000 00000000  0  0      1
    303         1  1.128 us 000000000001011 00000000  1  1      1
    304         1      8 ns 000000000001011 00000000  1  0      1
    305         1    976 ns 000000000001011 10000000  1  0      1
    306         0    928 ns 000000000001011 10000000  1  0      1
    307         0     64 ns 000000000001011 10000000  0  0      1
    308         0    984 ns 000000000001011 10000000  1  0      1
    309         0    984 ns 000000000001011 10000000  1  0      1
    310         0    568 ns 000000000001011 00000000  1  0      1
    311         1    504 ns 000000000001011 00000000  1  0      1
    312         0    992 ns 000000000001011 00000000  1  0      1
    313         0     32 ns 000000000001001 00000000  1  0      1
    314         0      8 ns 000000000001000 00000000  1  0      1
    315         0    152 ns 000000000000000 00000000  1  0      1
    316         0     64 ns 000000000000000 00000000  0  0      1
    317         0     32 ns 000000000000000 00000000  0  0      1
    318         1  2.816 us 000000000000000 00000000  0  0      1
    319         0    992 ns 000000000000000 00000000  0  0      1
    320         1  3.104 us 000000000000000 00000000  0  0      1
    321         0    992 ns 000000000000000 00000000  0  0      1
    322         1  3.104 us 000000000000000 00000000  0  0      1
    323         0    992 ns 000000000000000 00000000  0  0      1
    324         1  3.104 us 000000000000000 00000000  0  0      1
    325         0    992 ns 000000000000000 00000000  0  0      1
    326         1  3.104 us 000000000000000 00000000  0  0      1
    327         0    992 ns 000000000000000 00000000  0  0      1
    328         1  3.104 us 000000000000000 00000000  0  0      1
    329         0    992 ns 000000000000000 00000000  0  0      1
    330         1  1.056 us 000000000000000 00000000  0  0      1
    331         1  1.416 us 000010000001100 00000000  1  1      1
    332         1      8 ns 000000000001100 00000000  1  0      1
    333         1    976 ns 000000000001100 10000000  1  0      1
    334         0    640 ns 000000000001100 10000000  1  0      1
    335         0    352 ns 000000000001100 10000000  0  0      1
    336         0    984 ns 000000000001100 10000000  1  0      1
    337         0    984 ns 000000000001100 10000000  1  0      1
    338         0    568 ns 000000000001100 00000000  1  0      1
    339         1    216 ns 000000000001100 00000000  1  0      1
    340         0    992 ns 000000000001100 00000000  1  0      1
    341         0    456 ns 000000000001000 00000000  1  0      1
    342         0     56 ns 000000000000000 00000000  1  0      1
    343         0     40 ns 000000000000000 00000000  0  0      1
    344         0     24 ns 000000000000000 00000000  0  0      1
    345         1  2.528 us 000000000000000 00000000  0  0      1
    346         0    992 ns 000000000000000 00000000  0  0      1
    347         1  3.104 us 000000000000000 00000000  0  0      1
    348         0    992 ns 000000000000000 00000000  0  0      1
    349         1  3.104 us 000000000000000 00000000  0  0      1
    350         0    992 ns 000000000000000 00000000  0  0      1
    351         1  3.104 us 000000000000000 00000000  0  0      1
    352         0    992 ns 000000000000000 00000000  0  0      1
    353         1  3.104 us 000000000000000 00000000  0  0      1
    354         0    992 ns 000000000000000 00000000  0  0      1
    355         1  3.104 us 000000000000000 00000000  0  0      1
    356         0    992 ns 000000000000000 00000000  0  0      1
    357         1  1.056 us 000000000000000 00000000  0  0      1
    358         1  1.208 us 000000000001100 00000000  1  0      1
    359         1      8 ns 000000000001101 00000000  1  0      1
    360         1    976 ns 000000000001101 10000000  1  0      1
    361         0    848 ns 000000000001101 10000000  1  0      1
    362         0    144 ns 000000000001101 10000000  0  0      1
    363         0    984 ns 000000000001101 10000000  1  0      1
    364         0    992 ns 000000000001101 10000000  1  0      1
    365         0    560 ns 000000000001101 00000000  1  0      1
    366         1    424 ns 000000000001101 00000000  1  0      1
    367         0    992 ns 000000000001101 00000000  1  0      1
    368         0    184 ns 000000000001100 00000000  1  0      1
    369         0      8 ns 000000000001000 00000000  1  0      1
    370         0    104 ns 000000000000000 00000000  1  0      1
    371         0     40 ns 000000000000000 00000000  0  0      1
    372         0     24 ns 000000000000000 00000000  0  0      1
    373         1  2.744 us 000000000000000 00000000  0  0      1
    374         0    992 ns 000000000000000 00000000  0  0      1
    375         1  3.104 us 000000000000000 00000000  0  0      1
    376         0    992 ns 000000000000000 00000000  0  0      1
    377         1  3.104 us 000000000000000 00000000  0  0      1
    378         0    992 ns 000000000000000 00000000  0  0      1
    379         1  3.104 us 000000000000000 00000000  0  0      1
    380         0    992 ns 000000000000000 00000000  0  0      1
    381         1  3.104 us 000000000000000 00000000  0  0      1
    382         0    992 ns 000000000000000 00000000  0  0      1
    383         1  3.104 us 000000000000000 00000000  0  0      1
    384         0    992 ns 000000000000000 00000000  0  0      1
    385         1  1.056 us 000000000000000 00000000  0  0      1
    386         1  1.000 us 000000000000000 00000000  1  0      1
    387         1      8 ns 000010000001110 00000000  1  0      1
    388         1      8 ns 000000000001110 00000000  1  0      1
    389         1    976 ns 000000000001110 10000000  1  0      1
    390         1    984 ns 000000000001110 10000000  0  0      1
    391         0     64 ns 000000000001110 10000000  0  0      1
    392         0    920 ns 000000000001110 10000000  1  0      1
    393         0    992 ns 000000000001110 10000000  1  0      1
    394         0    560 ns 000000000001110 00000000  1  0      1
    395         1    632 ns 000000000001110 00000000  1  0      1
    396         1    920 ns 000000000001100 00000000  1  0      1
    397         1      8 ns 000000000001100 00000000  1  0      1
    398         1      8 ns 000000000001000 00000000  1  0      1
    399         1     24 ns 000000000000000 00000000  1  0      1
    400         0     32 ns 000000000000000 00000000  1  0      1
    401         0    144 ns 000000000000000 00000000  0  0      1
    402         0      8 ns 000000000000000 00000000  0  0      1
    403         0      8 ns 000000000000000 00000000  0  0      1
    404         1  2.944 us 000000000000000 00000000  0  0      1
    405         0    992 ns 000000000000000 00000000  0  0      1
    406         1  3.104 us 000000000000000 00000000  0  0      1
    407         0    992 ns 000000000000000 00000000  0  0      1
    408         1  3.104 us 000000000000000 00000000  0  0      1
    409         0    992 ns 000000000000000 00000000  0  0      1
    410         1  3.104 us 000000000000000 00000000  0  0      1
    411         0    992 ns 000000000000000 00000000  0  0      1
    412         1  3.104 us 000000000000000 00000000  0  0      1
    413         0    992 ns 000000000000000 00000000  0  0      1
    414         1  3.104 us 000000000000000 00000000  0  0      1
    415         0    992 ns 000000000000000 00000000  0  0      1
    416         1  1.056 us 000000000000000 00000000  0  0      1
    417         1  1.288 us 000000000000000 00000000  1  0      1
    418         1      8 ns 000000000001111 00000000  1  0      1
    419         1    976 ns 000000000001111 00000000  1  0      1
    420         1      8 ns 000000000001111 10000000  1  0      1
    421         0    760 ns 000000000001111 10000000  1  0      1
    422         0    224 ns 000000000001111 10000000  0  0      1
    423         0    984 ns 000000000001111 10000000  1  0      1
    424         0    992 ns 000000000001111 10000000  1  0      1
    425         0    560 ns 000000000001111 00000000  1  0      1
    426         1    344 ns 000000000001111 00000000  1  0      1
    427         0    992 ns 000000000001111 00000000  1  0      1
    428         0    112 ns 000000000001101 00000000  1  0      1
    429         0     56 ns 000000000001100 00000000  1  0      1
    430         0      8 ns 000000000001000 00000000  1  0      1
    431         0    112 ns 000000000000000 00000000  1  0      1
    432         0    144 ns 000000000000000 00000000  0  0      1
    433         0     24 ns 000000000000000 00000000  0  0      1
    434         1  2.648 us 000000000000000 00000000  0  0      1
    435         0    992 ns 000000000000000 00000000  0  0      1
    436         1  3.104 us 000000000000000 00000000  0  0      1
    437         0    992 ns 000000000000000 00000000  0  0      1
    438         1  3.104 us 000000000000000 00000000  0  0      1
    439         0    992 ns 000000000000000 00000000  0  0      1
    440         1  3.104 us 000000000000000 00000000  0  0      1
    441         0    992 ns 000000000000000 00000000  0  0      1
    442         1  3.104 us 000000000000000 00000000  0  0      1
    443         0    992 ns 000000000000000 00000000  0  0      1
    444         1  3.104 us 000000000000000 00000000  0  0      1
    445         0    992 ns 000000000000000 00000000  0  0      1
    446         1  1.056 us 000000000000000 00000000  0  0      1
    447         1  1.080 us 000000000000000 00000000  1  0      1
    448         1      8 ns 000010000010000 00000000  1  1      1
    449         1      8 ns 000000000010000 00000000  1  0      1
    450         1    976 ns 000000000010000 10000000  1  0      1
    451         0    968 ns 000000000010000 10000000  1  0      1
    452         0      8 ns 000000000010000 10000000  1  0      1
    453         0      8 ns 000000000010000 10000000  0  0      1
    454         0    984 ns 000000000010000 10000000  1  0      1
    455         0    992 ns 000000000010000 10000000  1  0      1
    456         0    560 ns 000000000010000 00000000  1  0      1
    457         1    552 ns 000000000010000 00000000  1  0      1
    458         0    992 ns 000000000010000 00000000  1  0      1
    459         0    224 ns 000000000010000 00000000  0  0      1
    460         0     24 ns 000000000010000 00000000  0  0      1
    461         0      8 ns 000000000010000 00000000  0  0      1
    462         0      8 ns 000000000000000 00000000  0  0      1
    463         1  2.840 us 000000000000000 00000000  0  0      1
    464         0    992 ns 000000000000000 00000000  0  0      1
    465         1  3.104 us 000000000000000 00000000  0  0      1
    466         0    992 ns 000000000000000 00000000  0  0      1
    467         1  3.104 us 000000000000000 00000000  0  0      1
    468         0    992 ns 000000000000000 00000000  0  0      1
    469         1  3.104 us 000000000000000 00000000  0  0      1
    470         0    992 ns 000000000000000 00000000  0  0      1
    471         1  3.104 us 000000000000000 00000000  0  0      1
    472         0    992 ns 000000000000000 00000000  0  0      1
    473         1  3.104 us 000000000000000 00000000  0  0      1
    474         0    992 ns 000000000000000 00000000  0  0      1
    475         1  1.056 us 000000000000000 00000000  0  0      1
    476         1  1.368 us 000000000000000 00000000  1  0      1
    477         1      8 ns 000010000010001 00000000  1  1      1
    478         1      8 ns 000000000010001 00000000  1  0      1
    479         1    976 ns 000000000010001 10000000  1  0      1
    480         0    680 ns 000000000010001 10000000  1  0      1
    481         0    304 ns 000000000010001 10000000  0  0      1
    482         0    984 ns 000000000010001 10000000  1  0      1
    483         0    992 ns 000000000010001 10000000  1  0      1
    484         0    560 ns 000000000010001 00000000  1  0      1
    485         1    264 ns 000000000010001 00000000  1  0      1
    486         0    992 ns 000000000010001 00000000  1  0      1
    487         0    440 ns 000000000010000 00000000  1  0      1
    488         0     72 ns 000000000010000 00000000  0  0      1
    489         0     24 ns 000000000010000 00000000  0  0      1
    490         0      8 ns 000000000010000 00000000  0  0      1
    491         0      8 ns 000000000000000 00000000  0  0      1
    492         1  2.552 us 000000000000000 00000000  0  0      1
    493         0    992 ns 000000000000000 00000000  0  0      1
    494         1  3.104 us 000000000000000 00000000  0  0      1
    495         0    992 ns 000000000000000 00000000  0  0      1
    496         1  3.104 us 000000000000000 00000000  0  0      1
    497         0    992 ns 000000000000000 00000000  0  0      1
    498         1  3.104 us 000000000000000 00000000  0  0      1
    499         0    992 ns 000000000000000 00000000  0  0      1
    500         1  3.104 us 000000000000000 00000000  0  0      1
    501         0    992 ns 000000000000000 00000000  0  0      1
    502         1  3.104 us 000000000000000 00000000  0  0      1
    503         0    992 ns 000000000000000 00000000  0  0      1
    504         1  1.056 us 000000000000000 00000000  0  0      1
    505         1  1.160 us 000000000000000 00000000  1  0      1
    506         1      8 ns 000010000010010 00000000  1  1      1
    507         1      8 ns 000000000010010 00000000  1  0      1
    508         1    976 ns 000000000010010 10000000  1  0      1
    509         0    888 ns 000000000010010 10000000  1  0      1
    510         0     96 ns 000000000010010 10000000  0  0      1
    511         0    984 ns 000000000010010 10000000  1  0      1
    512         0    992 ns 000000000010010 10000000  1  0      1
    513         0    560 ns 000000000010010 00000000  1  0      1
    514         1    472 ns 000000000010010 00000000  1  0      1
    515         0    992 ns 000000000010010 00000000  1  0      1
    516         0    272 ns 000000000010000 00000000  1  0      1
    517         0     40 ns 000000000010000 00000000  0  0      1
    518         0     24 ns 000000000010000 00000000  0  0      1
    519         0      8 ns 000000000000000 00000000  0  0      1
    520         1  2.760 us 000000000000000 00000000  0  0      1
    521         0    992 ns 000000000000000 00000000  0  0      1
    522         1  3.104 us 000000000000000 00000000  0  0      1
    523         0    992 ns 000000000000000 00000000  0  0      1
    524         1  3.104 us 000000000000000 00000000  0  0      1
    525         0    992 ns 000000000000000 00000000  0  0      1
    526         1  3.104 us 000000000000000 00000000  0  0      1
    527         0    992 ns 000000000000000 00000000  0  0      1
    528         1  3.112 us 000000000000000 00000000  0  0      1
    529         0    984 ns 000000000000000 00000000  0  0      1
    530         1  3.112 us 000000000000000 00000000  0  0      1
    531         0    984 ns 000000000000000 00000000  0  0      1
    532         1  1.064 us 000000000000000 00000000  0  0      1
    533         1    952 ns 000000000010011 00000000  1  1      1
    534         1      8 ns 000000000010011 00000000  1  0      1
    535         1    976 ns 000000000010011 10000000  1  0      1
    536         1    992 ns 000000000010011 10000000  0  0      1
    537         0    112 ns 000000000010011 10000000  0  0      1
    538         0    872 ns 000000000010011 10000000  1  0      1
    539         0    984 ns 000000000010011 10000000  1  0      1
    540         0    568 ns 000000000010011 00000000  1  0      1
    541         1    680 ns 000000000010011 00000000  1  0      1
    542         1    944 ns 000000000010001 00000000  1  0      1
    543         1      8 ns 000000000010000 00000000  1  0      1
    544         0     32 ns 000000000010000 00000000  1  0      1
    545         0     80 ns 000000000010000 00000000  0  0      1
    546         0     40 ns 000000000000000 00000000  0  0      1
    547         1  2.992 us 000000000000000 00000000  0  0      1
    548         0    984 ns 000000000000000 00000000  0  0      1
    549         1  3.112 us 000000000000000 00000000  0  0      1
    550         0    992 ns 000000000000000 00000000  0  0      1
    551         1  3.104 us 000000000000000 00000000  0  0      1
    552         0    992 ns 000000000000000 00000000  0  0      1
    553         1  3.104 us 000000000000000 00000000  0  0      1
    554         0    992 ns 000000000000000 00000000  0  0      1
    555         1  3.104 us 000000000000000 00000000  0  0      1
    556         0    992 ns 000000000000000 00000000  0  0      1
    557         1  3.104 us 000000000000000 00000000  0  0      1
    558         0    992 ns 000000000000000 00000000  0  0      1
    559         1  1.056 us 000000000000000 00000000  0  0      1
    560         1  1.240 us 000010000010100 00000000  1  1      1
    561         1      8 ns 000000000010100 00000000  1  0      1
    562         1    976 ns 000000000010100 10000000  1  0      1
    563         0    808 ns 000000000010100 10000000  1  0      1
    564         0    184 ns 000000000010100 10000000  0  0      1
    565         0    984 ns 000000000010100 10000000  1  0      1
    566         0    984 ns 000000000010100 10000000  1  0      1
    567         0    568 ns 000000000010100 00000000  1  0      1
    568         1    392 ns 000000000010100 00000000  1  0      1
    569         0    992 ns 000000000010100 00000000  1  0      1
    570         0    232 ns 000000000010000 00000000  1  0      1
    571         0     64 ns 000000000000000 00000000  1  0      1
    572         0     64 ns 000000000000000 00000000  0  0      1
    573         0     32 ns 000000000000000 00000000  0  0      1
    574         1  2.712 us 000000000000000 00000000  0  0      1
    575         0    992 ns 000000000000000 00000000  0  0      1
    576         1  3.104 us 000000000000000 00000000  0  0      1
    577         0    992 ns 000000000000000 00000000  0  0      1
    578         1  3.104 us 000000000000000 00000000  0  0      1
    579         0    992 ns 000000000000000 00000000  0  0      1
    580         1  3.104 us 000000000000000 00000000  0  0      1
    581         0    992 ns 000000000000000 00000000  0  0      1
    582         1  3.104 us 000000000000000 00000000  0  0      1
    583         0    992 ns 000000000000000 00000000  0  0      1
    584         1  3.104 us 000000000000000 00000000  0  0      1
    585         0    992 ns 000000000000000 00000000  0  0      1
    586         1  1.056 us 000000000000000 00000000  0  0      1
    587         1  1.032 us 000000000010100 00000000  1  0      1
    588         1      8 ns 000000000010101 00000000  1  0      1
    589         1    976 ns 000000000010101 10000000  1  0      1
    590         1    992 ns 000000000010101 10000000  0  0      1
    591         0     32 ns 000000000010101 10000000  0  0      1
    592         0    952 ns 000000000010101 10000000  1  0      1
    593         0    992 ns 000000000010101 10000000  1  0      1
    594         0    560 ns 000000000010101 00000000  1  0      1
    595         1    600 ns 000000000010101 00000000  1  0      1
    596         1    952 ns 000000000010001 00000000  1  0      1
    597         0     40 ns 000000000010001 00000000  1  0      1
    598         0     24 ns 000000000010000 00000000  1  0      1
    599         0     48 ns 000000000000000 00000000  1  0      1
    600         0     80 ns 000000000000000 00000000  0  0      1
    601         0     24 ns 000000000000000 00000000  0  0      1
    602         1  2.928 us 000000000000000 00000000  0  0      1
    603         0    992 ns 000000000000000 00000000  0  0      1
    604         1  3.104 us 000000000000000 00000000  0  0      1
    605         0    992 ns 000000000000000 00000000  0  0      1
    606         1  3.104 us 000000000000000 00000000  0  0      1
    607         0    992 ns 000000000000000 00000000  0  0      1
    608         1  3.104 us 000000000000000 00000000  0  0      1
    609         0    992 ns 000000000000000 00000000  0  0      1
    610         1  3.104 us 000000000000000 00000000  0  0      1
    611         0    992 ns 000000000000000 00000000  0  0      1
    612         1  3.104 us 000000000000000 00000000  0  0      1
    613         0    992 ns 000000000000000 00000000  0  0      1
    614         1  1.056 us 000000000000000 00000000  0  0      1
    615         1  1.320 us 000000000010110 00000000  1  0      1
    616         1    984 ns 000000000010110 10000000  1  0      1
    617         0    736 ns 000000000010110 10000000  1  0      1
    618         0    256 ns 000000000010110 10000000  0  0      1
    619         0    984 ns 000000000010110 10000000  1  0      1
    620         0    992 ns 000000000010110 10000000  1  0      1
    621         0    560 ns 000000000010110 00000000  1  0      1
    622         1    312 ns 000000000010110 00000000  1  0      1
    623         0    992 ns 000000000010110 00000000  1  0      1
    624         0    200 ns 000000000010010 00000000  1  0      1
    625         0     88 ns 000000000010000 00000000  1  0      1
    626         0     72 ns 000000000000000 00000000  1  0      1
    627         0     88 ns 000000000000000 00000000  0  0      1
    628         0     24 ns 000000000000000 00000000  0  0      1
    629         1  2.632 us 000000000000000 00000000  0  0      1
    630         0    992 ns 000000000000000 00000000  0  0      1
    631         1  3.104 us 000000000000000 00000000  0  0      1
    632         0    992 ns 000000000000000 00000000  0  0      1
    633         1  3.104 us 000000000000000 00000000  0  0      1
    634         0    992 ns 000000000000000 00000000  0  0      1
    635         1  3.104 us 000000000000000 00000000  0  0      1
    636         0    992 ns 000000000000000 00000000  0  0      1
    637         1  3.104 us 000000000000000 00000000  0  0      1
    638         0    992 ns 000000000000000 00000000  0  0      1
    639         1  3.104 us 000000000000000 00000000  0  0      1
    640         0    992 ns 000000000000000 00000000  0  0      1
    641         1  1.056 us 000000000000000 00000000  0  0      1
    642         1  1.112 us 000000000000000 00000000  1  0      1
    643         1      8 ns 000000000010111 00000000  1  1      1
    644         1      8 ns 000000000010111 00000000  1  0      1
    645         1    976 ns 000000000010111 10000000  1  0      1
    646         0    936 ns 000000000010111 10000000  1  0      1
    647         0     48 ns 000000000010111 10000000  0  0      1
    648         0    984 ns 000000000010111 10000000  1  0      1
    649         0    992 ns 000000000010111 10000000  1  0      1
    650         0    560 ns 000000000010111 00000000  1  0      1
    651         1    520 ns 000000000010111 00000000  1  0      1
    652         1    952 ns 000000000010011 00000000  1  0      1
    653         1      8 ns 000000000010001 00000000  1  0      1
    654         1     24 ns 000000000010000 00000000  1  0      1
    655         0      8 ns 000000000010000 00000000  1  0      1
    656         0    136 ns 000000000000000 00000000  1  0      1
    657         0     88 ns 000000000000000 00000000  0  0      1
    658         0     24 ns 000000000000000 00000000  0  0      1
    659         1  2.856 us 000000000000000 00000000  0  0      1
    660         0    992 ns 000000000000000 00000000  0  0      1
    661         1  3.104 us 000000000000000 00000000  0  0      1
    662         0    992 ns 000000000000000 00000000  0  0      1
    663         1  3.104 us 000000000000000 00000000  0  0      1
    664         0    992 ns 000000000000000 00000000  0  0      1
    665         1  3.104 us 000000000000000 00000000  0  0      1
    666         0    992 ns 000000000000000 00000000  0  0      1
    667         1  3.104 us 000000000000000 00000000  0  0      1
    668         0    992 ns 000000000000000 00000000  0  0      1
    669         1  3.104 us 000000000000000 00000000  0  0      1
    670         0    992 ns 000000000000000 00000000  0  0      1
    671         1  1.056 us 000000000000000 00000000  0  0      1
    672         1  1.400 us 000000000000000 00000000  1  0      1
    673         1      8 ns 000010000011000 00000000  1  1      1
    674         1      8 ns 000000000011000 00000000  1  0      1
    675         1    976 ns 000000000011000 10000000  1  0      1
    676         0    648 ns 000000000011000 10000000  1  0      1
    677         0    336 ns 000000000011000 10000000  0  0      1
    678         0    984 ns 000000000011000 10000000  1  0      1
    679         0    992 ns 000000000011000 10000000  1  0      1
    680         0    568 ns 000000000011000 00000000  1  0      1
    681         1    224 ns 000000000011000 00000000  1  0      1
    682         0    992 ns 000000000011000 00000000  1  0      1
    683         0    440 ns 000000000010000 00000000  1  0      1
    684         0      8 ns 000000000000000 00000000  1  0      1
    685         0     64 ns 000000000000000 00000000  0  0      1
    686         0     24 ns 000000000000000 00000000  0  0      1
    687         1  2.568 us 000000000000000 00000000  0  0      1
    688         0    992 ns 000000000000000 00000000  0  0      1
    689         1  3.104 us 000000000000000 00000000  0  0      1
    690         0    992 ns 000000000000000 00000000  0  0      1
    691         1  3.104 us 000000000000000 00000000  0  0      1
    692         0    992 ns 000000000000000 00000000  0  0      1
    693         1  3.104 us 000000000000000 00000000  0  0      1
    694         0    992 ns 000000000000000 00000000  0  0      1
    695         1  3.104 us 000000000000000 00000000  0  0      1
    696         0    992 ns 000000000000000 00000000  0  0      1
    697         1  3.104 us 000000000000000 00000000  0  0      1
    698         0    992 ns 000000000000000 00000000  0  0      1
    699         1  1.056 us 000000000000000 00000000  0  0      1
    700         1  1.200 us 000000000011001 00000000  1  1      1
    701         1      8 ns 000000000011001 00000000  1  0      1
    702         1    976 ns 000000000011001 10000000  1  0      1
    703         0    856 ns 000000000011001 10000000  1  0      1
    704         0    136 ns 000000000011001 10000000  0  0      1
    705         0    984 ns 000000000011001 10000000  1  0      1
    706         0    984 ns 000000000011001 10000000  1  0      1
    707         0    568 ns 000000000011001 00000000  1  0      1
    708         1    432 ns 000000000011001 00000000  1  0      1
    709         0    992 ns 000000000011001 00000000  1  0      1
    710         0    216 ns 000000000011000 00000000  1  0      1
    711         0      8 ns 000000000011000 00000000  1  0      1
    712         0      8 ns 000000000010000 00000000  1  0      1
    713         0      8 ns 000000000000000 00000000  1  0      1
    714         0     72 ns 000000000000000 00000000  0  0      1
    715         0     24 ns 000000000000000 00000000  0  0      1
    716         1  2.768 us 000000000000000 00000000  0  0      1
    717         0    992 ns 000000000000000 00000000  0  0      1
    718         1  3.104 us 000000000000000 00000000  0  0      1
    719         0    992 ns 000000000000000 00000000  0  0      1
    720         1  3.104 us 000000000000000 00000000  0  0      1
    721         0    992 ns 000000000000000 00000000  0  0      1
    722         1  3.104 us 000000000000000 00000000  0  0      1
    723         0    992 ns 000000000000000 00000000  0  0      1
    724         1  3.104 us 000000000000000 00000000  0  0      1
    725         0    992 ns 000000000000000 00000000  0  0      1
    726         1  3.104 us 000000000000000 00000000  0  0      1
    727         0    992 ns 000000000000000 00000000  0  0      1
    728         1  1.056 us 000000000000000 00000000  0  0      1
    729         1    992 ns 000000000000000 00000000  1  0      1
    730         1      8 ns 000000000011010 00000000  1  0      1
    731         1    984 ns 000000000011010 10000000  1  0      1
    732         1    984 ns 000000000011010 10000000  0  0      1
    733         0     72 ns 000000000011010 10000000  0  0      1
    734         0    912 ns 000000000011010 10000000  1  0      1
    735         0    992 ns 000000000011010 10000000  1  0      1
    736         0    560 ns 000000000011010 00000000  1  0      1
    737         1    648 ns 000000000011010 00000000  1  0      1
    738         1    936 ns 000000000010010 00000000  1  0      1
    739         1      8 ns 000000000010010 00000000  1  0      1
    740         1      8 ns 000000000000000 00000000  1  0      1
    741         0     32 ns 000000000000000 00000000  1  0      1
    742         0    112 ns 000000000000000 00000000  0  0      1
    743         0     24 ns 000000000000000 00000000  0  0      1
    744         1  2.968 us 000000000000000 00000000  0  0      1
    745         0    992 ns 000000000000000 00000000  0  0      1
    746         1  3.104 us 000000000000000 00000000  0  0      1
    747         0    992 ns 000000000000000 00000000  0  0      1
    748         1  3.104 us 000000000000000 00000000  0  0      1
    749         0    992 ns 000000000000000 00000000  0  0      1
    750         1  3.112 us 000000000000000 00000000  0  0      1
    751         0    984 ns 000000000000000 00000000  0  0      1
    752         1  3.104 us 000000000000000 00000000  0  0      1
    753         0    992 ns 000000000000000 00000000  0  0      1
    754         1  3.104 us 000000000000000 00000000  0  0      1
    755         0    992 ns 000000000000000 00000000  0  0      1
    756         1  1.056 us 000000000000000 00000000  0  0      1
    757         1  1.280 us 000000000000000 00000000  1  0      1
    758         1      8 ns 000000000011011 00000000  1  0      1
    759         1    984 ns 000000000011011 10000000  1  0      1
    760         0    768 ns 000000000011011 10000000  1  0      1
    761         0    216 ns 000000000011011 10000000  0  0      1
    762         0    984 ns 000000000011011 10000000  1  0      1
    763         0    992 ns 000000000011011 10000000  1  0      1
    764         0    560 ns 000000000011011 00000000  1  0      1
    765         1    352 ns 000000000011011 00000000  1  0      1
    766         0    992 ns 000000000011011 00000000  1  0      1
    767         0    152 ns 000000000011001 00000000  1  0      1
    768         0      8 ns 000000000011001 00000000  1  0      1
    769         0      8 ns 000000000011000 00000000  1  0      1
    770         0     48 ns 000000000010000 00000000  1  0      1
    771         0     80 ns 000000000000000 00000000  1  0      1
    772         0     96 ns 000000000000000 00000000  0  0      1
    773         0     24 ns 000000000000000 00000000  0  0      1
    774         1  2.696 us 000000000000000 00000000  0  0      1
    775         0    984 ns 000000000000000 00000000  0  0      1
    776         1  3.112 us 000000000000000 00000000  0  0      1
    777         0    984 ns 000000000000000 00000000  0  0      1
    778         1  3.112 us 000000000000000 00000000  0  0      1
    779         0    984 ns 000000000000000 00000000  0  0      1
    780         1  3.112 us 000000000000000 00000000  0  0      1
    781         0    984 ns 000000000000000 00000000  0  0      1
    782         1  3.112 us 000000000000000 00000000  0  0      1
    783         0    984 ns 000000000000000 00000000  0  0      1
    784         1  3.112 us 000000000000000 00000000  0  0      1
    785         0    984 ns 000000000000000 00000000  0  0      1
    786         1  1.064 us 000000000000000 00000000  0  0      1
    787         1  1.072 us 000010000011100 00000000  1  1      1
    788         1      8 ns 000000000011100 00000000  1  0      1
    789         1    976 ns 000000000011100 10000000  1  0      1
    790         0    976 ns 000000000011100 10000000  1  0      1
    791         0      8 ns 000000000011100 10000000  0  0      1
    792         0    984 ns 000000000011100 10000000  1  0      1
    793         0    992 ns 000000000011100 10000000  1  0      1
    794         0    568 ns 000000000011100 00000000  1  0      1
    795         1    560 ns 000000000011100 00000000  1  0      1
    796         1    952 ns 000000000011000 00000000  1  0      1
    797         1      8 ns 000000000001000 00000000  1  0      1
    798         0     24 ns 000000000001000 00000000  1  0      1
    799         0     40 ns 000000000000000 00000000  1  0      1
    800         0    136 ns 000000000000000 00000000  0  0      1
    801         0     32 ns 000000000000000 00000000  0  0      1
    802         1  2.904 us 000000000000000 00000000  0  0      1
    803         0    984 ns 000000000000000 00000000  0  0      1
    804         1  3.112 us 000000000000000 00000000  0  0      1
    805         0    984 ns 000000000000000 00000000  0  0      1
    806         1  3.112 us 000000000000000 00000000  0  0      1
    807         0    984 ns 000000000000000 00000000  0  0      1
    808         1  3.112 us 000000000000000 00000000  0  0      1
    809         0    984 ns 000000000000000 00000000  0  0      1
    810         1  3.112 us 000000000000000 00000000  0  0      1
    811         0    984 ns 000000000000000 00000000  0  0      1
    812         1  3.112 us 000000000000000 00000000  0  0      1
    813         0    984 ns 000000000000000 00000000  0  0      1
    814         1  1.064 us 000000000000000 00000000  0  0      1
    815         1  1.360 us 000000000011101 00000000  1  1      1
    816         1      8 ns 000000000011101 00000000  1  0      1
    817         1    976 ns 000000000011101 10000000  1  0      1
    818         0    688 ns 000000000011101 10000000  1  0      1
    819         0    304 ns 000000000011101 10000000  0  0      1
    820         0    984 ns 000000000011101 10000000  1  0      1
    821         0    984 ns 000000000011101 10000000  1  0      1
    822         0    568 ns 000000000011101 00000000  1  0      1
    823         1    272 ns 000000000011101 00000000  1  0      1
    824         0    984 ns 000000000011101 00000000  1  0      1
    825         0    240 ns 000000000011001 00000000  1  0      1
    826         0     64 ns 000000000001001 00000000  1  0      1
    827         0     24 ns 000000000000001 00000000  1  0      1
    828         0     24 ns 000000000000000 00000000  1  0      1
    829         0    136 ns 000000000000000 00000000  0  0      1
    830         0     24 ns 000000000000000 00000000  0  0      1
    831         1  2.600 us 000000000000000 00000000  0  0      1
    832         0    984 ns 000000000000000 00000000  0  0      1
    833         1  3.112 us 000000000000000 00000000  0  0      1
    834         0    992 ns 000000000000000 00000000  0  0      1
    835         1  3.104 us 000000000000000 00000000  0  0      1
    836         0    992 ns 000000000000000 00000000  0  0      1
    837         1  3.104 us 000000000000000 00000000  0  0      1
    838         0    992 ns 000000000000000 00000000  0  0      1
    839         1  3.104 us 000000000000000 00000000  0  0      1
    840         0    992 ns 000000000000000 00000000  0  0      1
    841         1  3.104 us 000000000000000 00000000  0  0      1
    842         0    992 ns 000000000000000 00000000  0  0      1
    843         1  1.056 us 000000000000000 00000000  0  0      1
    844         1  1.152 us 000000000011100 00000000  1  0      1
    845         1      8 ns 000000000011110 00000000  1  0      1
    846         1    976 ns 000000000011110 00000000  1  0      1
    847         1      8 ns 000000000011110 10000000  1  0      1
    848         0    896 ns 000000000011110 10000000  1  0      1
    849         0     88 ns 000000000011110 10000000  0  0      1
    850         0    984 ns 000000000011110 10000000  1  0      1
    851         0    992 ns 000000000011110 10000000  1  0      1
    852         0    560 ns 000000000011110 00000000  1  0      1
    853         1    480 ns 000000000011110 00000000  1  0      1
    854         1    952 ns 000000000011010 00000000  1  0      1
    855         0     40 ns 000000000011010 00000000  1  0      1
    856         0     32 ns 000000000011000 00000000  1  0      1
    857         0      8 ns 000000000010000 00000000  1  0      1
    858         0     48 ns 000000000000000 00000000  1  0      1
    859         0    184 ns 000000000000000 00000000  0  0      1
    860         0     32 ns 000000000000000 00000000  0  0      1
    861         1  2.800 us 000000000000000 00000000  0  0      1
    862         0    992 ns 000000000000000 00000000  0  0      1
    863         1  3.104 us 000000000000000 00000000  0  0      1
    864         0    992 ns 000000000000000 00000000  0  0      1
    865         1  3.104 us 000000000000000 00000000  0  0      1
    866         0    992 ns 000000000000000 00000000  0  0      1
    867         1  3.104 us 000000000000000 00000000  0  0      1
    868         0    992 ns 000000000000000 00000000  0  0      1
    869         1  3.104 us 000000000000000 00000000  0  0      1
    870         0    992 ns 000000000000000 00000000  0  0      1
    871         1  3.104 us 000000000000000 00000000  0  0      1
    872         0    992 ns 000000000000000 00000000  0  0      1
    873         1  1.056 us 000000000000000 00000000  0  0      1
    874         1    944 ns 000000000000000 00000000  1  0      1
    875         1      8 ns 000000000011111 00000000  1  0      1
    876         1    984 ns 000000000011111 10000000  1  0      1
    877         1    984 ns 000000000011111 10000000  0  0      1
    878         1    984 ns 000000000011111 10000000  1  0      1
    879         1    992 ns 000000000011111 10000000  1  0      1
    880         0    520 ns 000000000011111 10000000  1  0      1
    881         0     24 ns 000000000011111 00000000  1  0      1
    882         0     64 ns 000000000011111 10000000  1  0      1
    883         0     24 ns 000000000011111 00000000  1  0      1
    884         1    904 ns 000000000011111 00000000  1  0      1
    885         1    448 ns 000000000011011 00000000  1  0      1
    886         1      8 ns 000000000011011 00000000  1  0      1
    887         1      8 ns 000000000011001 00000000  1  0      1
    888         1     72 ns 000000000010001 00000000  1  0      1
    889         1     40 ns 000000000000001 00000000  1  0      1
    890         1     80 ns 000000000000000 00000000  1  0      1
    891         1    120 ns 000000000000000 00000000  0  0      1
    892         1     24 ns 000000000000000 00000000  0  0      1
    893         0  2.128 us 000000000000000 00000000  0  0      1
    894         1  2.992 us 000000000000000 00000000  0  0      1
    895         0    952 ns 000000000000000 00000000  0  0      1
    896         1  1.016 us 000000000000000 00000000  0  0      1
    897         0  2.936 us 000000000000000 00000000  0  0      1
    898         1  1.016 us 000000000000000 00000000  0  0      1
    899         0  2.928 us 000000000000000 00000000  0  0      1
    900         1  1.016 us 000000000000000 00000000  0  0      1
    901         0  2.936 us 000000000000000 00000000  0  0      1
    902         1  2.984 us 000000000000000 00000000  0  0      1
    903         0    960 ns 000000000000000 00000000  0  0      1
    904         1  2.992 us 000000000000000 00000000  0  0      1
    905         0    952 ns 000000000000000 00000000  0  0      1
    906         1  2.992 us 000000000000000 00000000  0  0      1
    907         0    960 ns 000000000000000 00000000  0  0      1
    908         1  2.000 us 000000000000000 00000000  0  0      1
    909         0  524.2 us 000000000000000 00000000  0  0      1
    910         1  3.080 us 000000000000000 00000000  0  0      1
    911         0  1.000 us 000000000000000 00000000  0  0      1
    912         1  3.096 us 000000000000000 00000000  0  0      1
    913         0  1.000 us 000000000000000 00000000  0  0      1
    914         1  3.096 us 000000000000000 00000000  0  0      1
    915         0    992 ns 000000000000000 00000000  0  0      1
    916         1  3.104 us 000000000000000 00000000  0  0      1
    917         0    992 ns 000000000000000 00000000  0  0      1
    918         1  3.112 us 000000000000000 00000000  0  0      1
    919         0    992 ns 000000000000000 00000000  0  0      1
    920         1  3.104 us 000000000000000 00000000  0  0      1
    921         0    992 ns 000000000000000 00000000  0  0      1
    922         1  1.048 us 000000000000000 00000000  0  0      1
    923         0  3.048 us 000000000000000 00000000  0  0      1
    924         1  3.104 us 000000000000000 00000000  0  0      1
    925         0    984 ns 000000000000000 00000000  0  0      1
    926         1  1.056 us 000000000000000 00000000  0  0      1
    927         0  3.048 us 000000000000000 00000000  0  0      1
    928         1  3.104 us 000000000000000 00000000  0  0      1
    929         0    984 ns 000000000000000 00000000  0  0      1
    930         1  3.112 us 000000000000000 00000000  0  0      1
    931         0    984 ns 000000000000000 00000000  0  0      1
    932         1  3.112 us 000000000000000 00000000  0  0      1
    933         0    992 ns 000000000000000 00000000  0  0      1
    934         1  3.104 us 000000000000000 00000000  0  0      1
    935         0    984 ns 000000000000000 00000000  0  0      1
    936         1  3.112 us 000000000000000 00000000  0  0      1
    937         0    992 ns 000000000000000 00000000  0  0      1
    938         1  3.104 us 000000000000000 00000000  0  0      1
    939         0    992 ns 000000000000000 00000000  0  0      1
    940         1  3.104 us 000000000000000 00000000  0  0      1
    941         0    992 ns 000000000000000 00000000  0  0      1
    942         1  3.104 us 000000000000000 00000000  0  0      1
    943         0    992 ns 000000000000000 00000000  0  0      1
    944         1  3.104 us 000000000000000 00000000  0  0      1
    945         0    992 ns 000000000000000 00000000  0  0      1
    946         1  3.104 us 000000000000000 00000000  0  0      1
    947         0    992 ns 000000000000000 00000000  0  0      1
    948         1  3.104 us 000000000000000 00000000  0  0      1
    949         0    992 ns 000000000000000 00000000  0  0      1
    950         1  3.104 us 000000000000000 00000000  0  0      1
    951         0    992 ns 000000000000000 00000000  0  0      1
    952         1  3.104 us 000000000000000 00000000  0  0      1
    953         0    992 ns 000000000000000 00000000  0  0      1
    954         1  3.104 us 000000000000000 00000000  0  0      1
    955         0    992 ns 000000000000000 00000000  0  0      1
    956         1  1.056 us 000000000000000 00000000  0  0      1
    957         0  3.040 us 000000000000000 00000000  0  0      1
    958         1  1.056 us 000000000000000 00000000  0  0      1
    959         1  1.504 us 000010000000000 00000000  1  1      1
    960         1      8 ns 000000000000000 00000000  1  0      1
    961         1    976 ns 000000000000000 00000000  1  0      1
    962         1  2.960 us 000000000000000 00000000  1  0      1

Time Printed: 06 Jun 2004 20:18:15  ---  Time Acquired: 06 Jun 2004 20:04:14
