MACHINE 1   -  State Listing                                                    

                                                                    
Label    > SERIAL   Time    A    D  WE OE DETECT UNK1 UNK2 
Base     > Binary Relative  Hex  He Bi Bi Binary Bina Bina 
__________ ______ _________ ____ __ __ __ ______ ____ ____ 

      0         0      8 ns 0111 00  1  0      1    0    0
      1         0    968 ns 0111 00  1  0      1    1    0
      2         1     48 ns 0111 00  1  0      1    1    0
      3         1    104 ns 0111 09  1  0      1    1    0
      4         0    856 ns 0111 09  1  0      1    1    0
      5         0  1.952 us 0111 09  1  0      1    0    0
      6         1  1.032 us 0111 09  1  0      1    0    0
      7         1     96 ns 0111 55  1  0      1    0    0
      8         1     40 ns 4111 55  1  0      1    0    0
      9         1    120 ns 4511 55  1  0      1    0    0
     10         1     24 ns 4511 55  1  1      1    0    0
     11         1    248 ns 4511 51  1  1      1    0    0
     12         1     40 ns 4511 41  1  1      1    0    0
     13         1     80 ns 4511 01  1  1      1    0    0
     14         1    168 ns 4511 00  1  1      1    0    0
     15         0    144 ns 4511 01  1  1      1    0    0
     16         0      8 ns 4511 00  1  1      1    0    0
     17         0    816 ns 4510 00  1  1      1    0    0
     18         0    136 ns 4500 00  1  1      1    0    0
     19         0    472 ns 4400 00  1  1      1    0    0
     20         1  1.560 us 4400 00  1  1      1    0    0
     21         1    952 ns 4400 00  1  1      1    0    1
     22         0      8 ns 4400 00  1  1      1    0    1
     23         0      8 ns 4400 00  1  1      1    0    0
     24         1  2.976 us 4400 00  1  1      1    0    0
     25         1    952 ns 4400 00  1  1      1    0    1
     26         0      8 ns 4400 00  1  1      1    0    1
     27         0      8 ns 4400 00  1  1      1    0    0
     28         1  2.976 us 4400 00  1  1      1    0    0
     29         1    952 ns 4400 00  1  1      1    0    1
     30         0      8 ns 4400 00  1  1      1    0    1
     31         0      8 ns 4400 00  1  1      1    0    1
     32         0      8 ns 4400 00  1  1      1    0    0
     33         1  2.976 us 4400 00  1  1      1    0    0
     34         1    944 ns 4400 00  1  1      1    0    1
     35         1      8 ns 4400 00  1  1      1    0    1
     36         0      8 ns 4400 00  1  1      1    0    1
     37         0      8 ns 4400 00  1  1      1    0    0
     38         1  2.976 us 4400 00  1  1      1    0    0
     39         1    944 ns 4400 00  1  1      1    0    1
     40         1      8 ns 4400 00  1  1      1    0    1
     41         0      8 ns 4400 00  1  1      1    0    1
     42         0      8 ns 4400 00  1  1      1    0    0
     43         1  2.976 us 4400 00  1  1      1    0    0
     44         1    952 ns 4400 00  1  1      1    0    1
     45         0      8 ns 4400 00  1  1      1    0    1
     46         0      8 ns 4400 00  1  1      1    0    1
     47         0      8 ns 4400 00  1  1      1    0    0
     48         0  1.944 us 0512 00  1  1      1    0    0
     49         0      8 ns 0112 00  1  0      1    0    0
     50         0    976 ns 0112 00  1  0      1    1    0
     51         1     48 ns 0112 00  1  0      1    1    0
     52         0    960 ns 0112 00  1  0      1    1    0
     53         0  1.952 us 0112 00  1  0      1    0    0
     54         1  1.032 us 0112 00  1  0      1    0    0
     55         1     96 ns 0112 AA  1  0      1    0    0
     56         1      8 ns 0112 AA  1  0      1    0    0
     57         1      8 ns 4112 AA  1  0      1    0    0
     58         1     80 ns 4512 AA  1  0      1    0    0
     59         1      8 ns 4512 AA  1  0      1    0    0
     60         1      8 ns 4512 AA  1  1      1    0    0
     61         1    344 ns 4512 A2  1  1      1    0    0
     62         1      8 ns 4512 82  1  1      1    0    0
     63         1     96 ns 4512 80  1  1      1    0    0
     64         1    184 ns 4512 00  1  1      1    0    0
     65         1    104 ns 4512 80  1  1      1    0    0
     66         1      8 ns 4512 80  1  1      1    0    0
     67         0      8 ns 4512 80  1  1      1    0    0
     68         0      8 ns 4512 00  1  1      1    0    0
     69         0    944 ns 4502 00  1  1      1    0    0
     70         0     88 ns 4500 00  1  1      1    0    0
     71         0    384 ns 4400 00  1  1      1    0    0
     72         1  1.560 us 4400 00  1  1      1    0    0
     73         1    952 ns 4400 00  1  1      1    0    1
     74         0      8 ns 4400 00  1  1      1    0    1
     75         0      8 ns 4400 00  1  1      1    0    0
     76         1  2.984 us 4400 00  1  1      1    0    0
     77         1    944 ns 4400 00  1  1      1    0    1
     78         1      8 ns 4400 00  1  1      1    0    1
     79         0      8 ns 4400 00  1  1      1    0    1
     80         0      8 ns 4400 00  1  1      1    0    0
     81         1  1.000 us 4400 00  1  1      1    0    0
     82         1  2.920 us 4400 00  1  1      1    0    1
     83         1      8 ns 4400 00  1  1      1    0    1
     84         0      8 ns 4400 00  1  1      1    0    1
     85         0      8 ns 4400 00  1  1      1    0    0
     86         1  2.976 us 4400 00  1  1      1    0    0
     87         1    952 ns 4400 00  1  1      1    0    1
     88         0      8 ns 4400 00  1  1      1    0    1
     89         0      8 ns 4400 00  1  1      1    0    1
     90         0      8 ns 4400 00  1  1      1    0    0
     91         1  2.976 us 4400 00  1  1      1    0    0
     92         1    944 ns 4400 00  1  1      1    0    1
     93         1      8 ns 4400 00  1  1      1    0    1
     94         0      8 ns 4400 00  1  1      1    0    1
     95         0      8 ns 4400 00  1  1      1    0    0
     96         1  1.000 us 4400 00  1  1      1    0    0
     97         1  2.920 us 4400 00  1  1      1    0    1
     98         1      8 ns 4400 00  1  1      1    0    1
     99         0      8 ns 4400 00  1  1      1    0    1
    100         0      8 ns 4400 00  1  1      1    0    0
    101         0  1.944 us 4513 00  1  1      1    0    0
    102         0      8 ns 0513 00  1  1      1    0    0
    103         0      8 ns 0113 00  1  0      1    0    0
    104         0    968 ns 0113 00  1  0      1    1    0
    105         1     48 ns 0113 00  1  0      1    1    0
    106         1    104 ns 0113 0A  1  0      1    1    0
    107         0    856 ns 0113 0A  1  0      1    1    0
    108         0  1.960 us 0113 0A  1  0      1    0    0
    109         1  1.032 us 0113 0A  1  0      1    0    0
    110         1     88 ns 0113 50  1  0      1    0    0
    111         1      8 ns 0113 55  1  0      1    0    0
    112         1     40 ns 4113 55  1  0      1    0    0
    113         1    112 ns 4513 55  1  0      1    0    0
    114         1     24 ns 4513 55  1  1      1    0    0
    115         1    224 ns 4513 51  1  1      1    0    0
    116         1     64 ns 4513 41  1  1      1    0    0
    117         1     48 ns 4513 40  1  1      1    0    0
    118         1     32 ns 4513 00  1  1      1    0    0
    119         0    320 ns 4513 00  1  1      1    0    0
    120         0    672 ns 4512 00  1  1      1    0    0
    121         0    152 ns 4510 00  1  1      1    0    0
    122         0    120 ns 4500 00  1  1      1    0    0
    123         0    472 ns 4400 00  1  1      1    0    0
    124         1  1.568 us 4400 00  1  1      1    0    0
    125         1    952 ns 4400 00  1  1      1    0    1
    126         0      8 ns 4400 00  1  1      1    0    1
    127         0      8 ns 4400 00  1  1      1    0    0
    128         1  2.976 us 4400 00  1  1      1    0    0
    129         1    952 ns 4400 00  1  1      1    0    1
    130         0      8 ns 4400 00  1  1      1    0    1
    131         0      8 ns 4400 00  1  1      1    0    1
    132         0      8 ns 4400 00  1  1      1    0    0
    133         1  2.976 us 4400 00  1  1      1    0    0
    134         1    944 ns 4400 00  1  1      1    0    1
    135         1      8 ns 4400 00  1  1      1    0    1
    136         0      8 ns 4400 00  1  1      1    0    1
    137         0      8 ns 4400 00  1  1      1    0    0
    138         1  2.976 us 4400 00  1  1      1    0    0
    139         1    944 ns 4400 00  1  1      1    0    1
    140         1      8 ns 4400 00  1  1      1    0    1
    141         0      8 ns 4400 00  1  1      1    0    1
    142         0      8 ns 4400 00  1  1      1    0    0
    143         1  2.976 us 4400 00  1  1      1    0    0
    144         1    952 ns 4400 00  1  1      1    0    1
    145         0      8 ns 4400 00  1  1      1    0    1
    146         0      8 ns 4400 00  1  1      1    0    1
    147         0      8 ns 4400 00  1  1      1    0    0
    148         1  2.976 us 4400 00  1  1      1    0    0
    149         1    944 ns 4400 00  1  1      1    0    1
    150         1      8 ns 4400 00  1  1      1    0    1
    151         0      8 ns 4400 00  1  1      1    0    1
    152         0      8 ns 4400 00  1  1      1    0    0
    153         0  1.944 us 4514 00  1  1      1    0    0
    154         0      8 ns 0114 00  1  0      1    0    0
    155         0    976 ns 0114 00  1  0      1    1    0
    156         1     48 ns 0114 00  1  0      1    1    0
    157         0    960 ns 0114 00  1  0      1    1    0
    158         0  1.952 us 0114 00  1  0      1    0    0
    159         1  1.032 us 0114 00  1  0      1    0    0
    160         1     96 ns 0114 AA  1  0      1    0    0
    161         1     24 ns 4114 AA  1  0      1    0    0
    162         1     72 ns 4514 AA  1  0      1    0    0
    163         1      8 ns 4514 AA  1  0      1    0    0
    164         1      8 ns 4514 AA  1  1      1    0    0
    165         1    352 ns 4514 A2  1  1      1    0    0
    166         1      8 ns 4514 82  1  1      1    0    0
    167         1     88 ns 4514 80  1  1      1    0    0
    168         1    184 ns 4514 00  1  1      1    0    0
    169         1    112 ns 4514 80  1  1      1    0    0
    170         0      8 ns 4514 80  1  1      1    0    0
    171         0      8 ns 4514 80  1  1      1    0    0
    172         0      8 ns 4514 00  1  1      1    0    0
    173         0    832 ns 4504 00  1  1      1    0    0
    174         0     56 ns 4500 00  1  1      1    0    0
    175         0    512 ns 4400 00  1  1      1    0    0
    176         1  1.568 us 4400 00  1  1      1    0    0
    177         1    960 ns 4400 00  1  1      1    0    1
    178         0      8 ns 4400 00  1  1      1    0    1
    179         0      8 ns 4400 00  1  1      1    0    0
    180         1  2.976 us 4400 00  1  1      1    0    0
    181         1    944 ns 4400 00  1  1      1    0    1
    182         1      8 ns 4400 00  1  1      1    0    1
    183         0      8 ns 4400 00  1  1      1    0    1
    184         0      8 ns 4400 00  1  1      1    0    0
    185         1  1.000 us 4400 00  1  1      1    0    0
    186         1  2.928 us 4400 00  1  1      1    0    1
    187         0      8 ns 4400 00  1  1      1    0    1
    188         0      8 ns 4400 00  1  1      1    0    1
    189         0      8 ns 4400 00  1  1      1    0    0
    190         1  2.968 us 4400 00  1  1      1    0    0
    191         1    952 ns 4400 00  1  1      1    0    1
    192         1      8 ns 4400 00  1  1      1    0    1
    193         0      8 ns 4400 00  1  1      1    0    1
    194         0      8 ns 4400 00  1  1      1    0    0
    195         1  1.000 us 4400 00  1  1      1    0    0
    196         1  2.920 us 4400 00  1  1      1    0    1
    197         1      8 ns 4400 00  1  1      1    0    1
    198         0      8 ns 4400 00  1  1      1    0    1
    199         0      8 ns 4400 00  1  1      1    0    0
    200         1  2.976 us 4400 00  1  1      1    0    0
    201         1    952 ns 4400 00  1  1      1    0    1
    202         0      8 ns 4400 00  1  1      1    0    1
    203         0      8 ns 4400 00  1  1      1    0    1
    204         0      8 ns 4400 00  1  1      1    0    0
    205         0  1.936 us 4414 00  1  1      1    0    0
    206         0      8 ns 0515 00  1  1      1    0    0
    207         0      8 ns 0115 00  1  0      1    0    0
    208         0    976 ns 0115 00  1  0      1    1    0
    209         1     40 ns 0115 00  1  0      1    1    0
    210         1    104 ns 0115 03  1  0      1    1    0
    211         1      8 ns 0115 0B  1  0      1    1    0
    212         0    856 ns 0115 0B  1  0      1    1    0
    213         0  1.952 us 0115 0B  1  0      1    0    0
    214         1  1.032 us 0115 0B  1  0      1    0    0
    215         1     88 ns 0115 41  1  0      1    0    0
    216         1      8 ns 0115 55  1  0      1    0    0
    217         1     56 ns 4115 55  1  0      1    0    0
    218         1    104 ns 4515 55  1  0      1    0    0
    219         1     24 ns 4515 55  1  1      1    0    0
    220         1    216 ns 4515 51  1  1      1    0    0
    221         1     80 ns 4515 41  1  1      1    0    0
    222         1     80 ns 4515 01  1  1      1    0    0
    223         1    120 ns 4515 00  1  1      1    0    0
    224         1    176 ns 4515 01  1  1      1    0    0
    225         0      8 ns 4515 00  1  1      1    0    0
    226         0    632 ns 4514 00  1  1      1    0    0
    227         0    208 ns 4500 00  1  1      1    0    0
    228         0    576 ns 4400 00  1  1      1    0    0
    229         1  1.568 us 4400 00  1  1      1    0    0
    230         1    952 ns 4400 00  1  1      1    0    1
    231         0      8 ns 4400 00  1  1      1    0    1
    232         0      8 ns 4400 00  1  1      1    0    0
    233         1  2.976 us 4400 00  1  1      1    0    0
    234         1    952 ns 4400 00  1  1      1    0    1
    235         1      8 ns 4400 00  1  1      1    0    1
    236         0      8 ns 4400 00  1  1      1    0    1
    237         0      8 ns 4400 00  1  1      1    0    0
    238         1  2.976 us 4400 00  1  1      1    0    0
    239         1    944 ns 4400 00  1  1      1    0    1
    240         1      8 ns 4400 00  1  1      1    0    1
    241         0      8 ns 4400 00  1  1      1    0    1
    242         0      8 ns 4400 00  1  1      1    0    0
    243         1  2.976 us 4400 00  1  1      1    0    0
    244         1    952 ns 4400 00  1  1      1    0    1
    245         0      8 ns 4400 00  1  1      1    0    1
    246         0      8 ns 4400 00  1  1      1    0    0
    247         1  2.976 us 4400 00  1  1      1    0    0
    248         1    952 ns 4400 00  1  1      1    0    1
    249         0      8 ns 4400 00  1  1      1    0    1
    250         0      8 ns 4400 00  1  1      1    0    1
    251         0      8 ns 4400 00  1  1      1    0    0
    252         1  2.976 us 4400 00  1  1      1    0    0
    253         1    944 ns 4400 00  1  1      1    0    1
    254         1      8 ns 4400 00  1  1      1    0    1
    255         0      8 ns 4400 00  1  1      1    0    1
    256         0      8 ns 4400 00  1  1      1    0    0
    257         0  1.944 us 4516 00  1  1      1    0    0
    258         0      8 ns 0516 00  1  0      1    0    0
    259         0      8 ns 0116 00  1  0      1    0    0
    260         0    968 ns 0116 00  1  0      1    1    0
    261         1     48 ns 0116 00  1  0      1    1    0
    262         0    960 ns 0116 00  1  0      1    1    0
    263         0  1.952 us 0116 00  1  0      1    0    0
    264         1  1.040 us 0116 00  1  0      1    0    0
    265         1     88 ns 0116 AA  1  0      1    0    0
    266         1     24 ns 4116 AA  1  0      1    0    0
    267         1     80 ns 4516 AA  1  0      1    0    0
    268         1      8 ns 4516 AA  1  1      1    0    0
    269         1    344 ns 4516 A2  1  1      1    0    0
    270         1      8 ns 4516 A2  1  1      1    0    0
    271         1      8 ns 4516 82  1  1      1    0    0
    272         1     88 ns 4516 80  1  1      1    0    0
    273         1    184 ns 4516 00  1  1      1    0    0
    274         1    112 ns 4516 80  1  1      1    0    0
    275         0      8 ns 4516 80  1  1      1    0    0
    276         0      8 ns 4516 80  1  1      1    0    0
    277         0      8 ns 4516 00  1  1      1    0    0
    278         0    712 ns 4512 00  1  1      1    0    0
    279         0    112 ns 4500 00  1  1      1    0    0
    280         0    568 ns 4400 00  1  1      1    0    0
    281         1  1.584 us 4400 00  1  1      1    0    0
    282         1    952 ns 4400 00  1  1      1    0    1
    283         0      8 ns 4400 00  1  1      1    0    1
    284         0      8 ns 4400 00  1  1      1    0    0
    285         1  2.976 us 4400 00  1  1      1    0    0
    286         1    952 ns 4400 00  1  1      1    0    1
    287         0      8 ns 4400 00  1  1      1    0    1
    288         0      8 ns 4400 00  1  1      1    0    0
    289         1  1.008 us 4400 00  1  1      1    0    0
    290         1  2.920 us 4400 00  1  1      1    0    1
    291         0      8 ns 4400 00  1  1      1    0    1
    292         0      8 ns 4400 00  1  1      1    0    1
    293         0      8 ns 4400 00  1  1      1    0    0
    294         1  2.976 us 4400 00  1  1      1    0    0
    295         1    944 ns 4400 00  1  1      1    0    1
    296         1      8 ns 4400 00  1  1      1    0    1
    297         0      8 ns 4400 00  1  1      1    0    1
    298         0      8 ns 4400 00  1  1      1    0    0
    299         1  1.000 us 4400 00  1  1      1    0    0
    300         1  2.928 us 4400 00  1  1      1    0    1
    301         0      8 ns 4400 00  1  1      1    0    1
    302         0      8 ns 4400 00  1  1      1    0    0
    303         1  1.000 us 4400 00  1  1      1    0    0
    304         1  2.928 us 4400 00  1  1      1    0    1
    305         0      8 ns 4400 00  1  1      1    0    1
    306         0      8 ns 4400 00  1  1      1    0    1
    307         0      8 ns 4400 00  1  1      1    0    0
    308         0  1.944 us 0517 00  1  1      1    0    0
    309         0      8 ns 0117 00  1  0      1    0    0
    310         0    976 ns 0117 00  1  0      1    1    0
    311         1     40 ns 0117 00  1  0      1    1    0
    312         1    112 ns 0117 0C  1  0      1    1    0
    313         0    856 ns 0117 0C  1  0      1    1    0
    314         0  1.952 us 0117 0C  1  0      1    0    0
    315         1  1.032 us 0117 0C  1  0      1    0    0
    316         1     88 ns 0117 04  1  0      1    0    0
    317         1      8 ns 0117 55  1  0      1    0    0
    318         1     40 ns 4117 55  1  0      1    0    0
    319         1    112 ns 4517 55  1  0      1    0    0
    320         1     24 ns 4517 55  1  1      1    0    0
    321         1    280 ns 4517 45  1  1      1    0    0
    322         1     56 ns 4517 41  1  1      1    0    0
    323         1     32 ns 4517 00  1  1      1    0    0
    324         0    320 ns 4517 00  1  1      1    0    0
    325         0    640 ns 4515 00  1  1      1    0    0
    326         0     32 ns 4511 00  1  1      1    0    0
    327         0     56 ns 4510 00  1  1      1    0    0
    328         0     96 ns 4500 00  1  1      1    0    0
    329         0    592 ns 4400 00  1  1      1    0    0
    330         1  1.568 us 4400 00  1  1      1    0    0
    331         1    952 ns 4400 00  1  1      1    0    1
    332         0      8 ns 4400 00  1  1      1    0    1
    333         0      8 ns 4400 00  1  1      1    0    0
    334         1  2.984 us 4400 00  1  1      1    0    0
    335         1    944 ns 4400 00  1  1      1    0    1
    336         1      8 ns 4400 00  1  1      1    0    1
    337         0      8 ns 4400 00  1  1      1    0    1
    338         0      8 ns 4400 00  1  1      1    0    0
    339         1  2.976 us 4400 00  1  1      1    0    0
    340         1    944 ns 4400 00  1  1      1    0    1
    341         1      8 ns 4400 00  1  1      1    0    1
    342         0      8 ns 4400 00  1  1      1    0    1
    343         0      8 ns 4400 00  1  1      1    0    0
    344         1  2.976 us 4400 00  1  1      1    0    0
    345         1    952 ns 4400 00  1  1      1    0    1
    346         0      8 ns 4400 00  1  1      1    0    1
    347         0      8 ns 4400 00  1  1      1    0    1
    348         0      8 ns 4400 00  1  1      1    0    0
    349         1  2.976 us 4400 00  1  1      1    0    0
    350         1    944 ns 4400 00  1  1      1    0    1
    351         1      8 ns 4400 00  1  1      1    0    1
    352         0      8 ns 4400 00  1  1      1    0    1
    353         0      8 ns 4400 00  1  1      1    0    0
    354         1  2.976 us 4400 00  1  1      1    0    0
    355         1    944 ns 4400 00  1  1      1    0    1
    356         1      8 ns 4400 00  1  1      1    0    1
    357         0      8 ns 4400 00  1  1      1    0    1
    358         0      8 ns 4400 00  1  1      1    0    0
    359         0  1.944 us 4518 00  1  1      1    0    0
    360         0      8 ns 0518 00  1  1      1    0    0
    361         0      8 ns 0118 00  1  0      1    0    0
    362         0    968 ns 0118 00  1  0      1    1    0
    363         1     48 ns 0118 00  1  0      1    1    0
    364         0    960 ns 0118 00  1  0      1    1    0
    365         0  1.960 us 0118 00  1  0      1    0    0
    366         1  1.032 us 0118 00  1  0      1    0    0
    367         1     88 ns 0118 28  1  0      1    0    0
    368         1      8 ns 0118 AA  1  0      1    0    0
    369         1      8 ns 0118 AA  1  0      1    0    0
    370         1      8 ns 4118 AA  1  0      1    0    0
    371         1     80 ns 4518 AA  1  0      1    0    0
    372         1      8 ns 4518 AA  1  1      1    0    0
    373         1    352 ns 4518 A2  1  1      1    0    0
    374         1      8 ns 4518 82  1  1      1    0    0
    375         1     88 ns 4518 80  1  1      1    0    0
    376         1    184 ns 4518 00  1  1      1    0    0
    377         1    112 ns 4518 80  1  1      1    0    0
    378         1      8 ns 4518 80  1  1      1    0    0
    379         0      8 ns 4518 80  1  1      1    0    0
    380         0      8 ns 4518 00  1  1      1    0    0
    381         0    808 ns 4508 00  1  1      1    0    0
    382         0    104 ns 4500 00  1  1      1    0    0
    383         0    488 ns 4400 00  1  1      1    0    0
    384         1  1.576 us 4400 00  1  1      1    0    0
    385         1    952 ns 4400 00  1  1      1    0    1
    386         0      8 ns 4400 00  1  1      1    0    1
    387         0      8 ns 4400 00  1  1      1    0    0
    388         1  2.976 us 4400 00  1  1      1    0    0
    389         1    952 ns 4400 00  1  1      1    0    1
    390         0      8 ns 4400 00  1  1      1    0    1
    391         0      8 ns 4400 00  1  1      1    0    1
    392         0      8 ns 4400 00  1  1      1    0    0
    393         1  1.000 us 4400 00  1  1      1    0    0
    394         1  2.920 us 4400 00  1  1      1    0    1
    395         1      8 ns 4400 00  1  1      1    0    1
    396         0      8 ns 4400 00  1  1      1    0    1
    397         0      8 ns 4400 00  1  1      1    0    0
    398         1  1.000 us 4400 00  1  1      1    0    0
    399         1  2.920 us 4400 00  1  1      1    0    1
    400         1      8 ns 4400 00  1  1      1    0    1
    401         0      8 ns 4400 00  1  1      1    0    1
    402         0      8 ns 4400 00  1  1      1    0    0
    403         1  2.976 us 4400 00  1  1      1    0    0
    404         1    952 ns 4400 00  1  1      1    0    1
    405         0      8 ns 4400 00  1  1      1    0    1
    406         0      8 ns 4400 00  1  1      1    0    1
    407         0      8 ns 4400 00  1  1      1    0    0
    408         1  2.976 us 4400 00  1  1      1    0    0
    409         1    944 ns 4400 00  1  1      1    0    1
    410         1      8 ns 4400 00  1  1      1    0    1
    411         0      8 ns 4400 00  1  1      1    0    1
    412         0      8 ns 4400 00  1  1      1    0    0
    413         0  1.944 us 4519 00  1  1      1    0    0
    414         0      8 ns 0119 00  1  0      1    0    0
    415         0    976 ns 0119 00  1  0      1    1    0
    416         1     40 ns 0119 00  1  0      1    1    0
    417         1    112 ns 0119 01  1  0      1    1    0
    418         0    856 ns 0119 01  1  0      1    1    0
    419         0  1.952 us 0119 01  1  0      1    0    0
    420         1  1.032 us 0119 01  1  0      1    0    0
    421         1     96 ns 0119 55  1  0      1    0    0
    422         1     32 ns 4119 55  1  0      1    0    0
    423         1    128 ns 4519 55  1  0      1    0    0
    424         1      8 ns 4519 55  1  0      1    0    0
    425         1      8 ns 4519 55  1  1      1    0    0
    426         1    280 ns 4519 51  1  1      1    0    0
    427         1     32 ns 4519 41  1  1      1    0    0
    428         1     48 ns 4519 01  1  1      1    0    0
    429         1    168 ns 4519 00  1  1      1    0    0
    430         1    152 ns 4519 01  1  1      1    0    0
    431         0      8 ns 4519 01  1  1      1    0    0
    432         0      8 ns 4519 00  1  1      1    0    0
    433         0    808 ns 4509 00  1  1      1    0    0
    434         0      8 ns 4508 00  1  1      1    0    0
    435         0     80 ns 4500 00  1  1      1    0    0
    436         0    504 ns 4400 00  1  1      1    0    0
    437         1  1.584 us 4400 00  1  1      1    0    0
    438         1    952 ns 4400 00  1  1      1    0    1
    439         0      8 ns 4400 00  1  1      1    0    1
    440         0      8 ns 4400 00  1  1      1    0    0
    441         1  2.976 us 4400 00  1  1      1    0    0
    442         1    944 ns 4400 00  1  1      1    0    1
    443         1      8 ns 4400 00  1  1      1    0    1
    444         0      8 ns 4400 00  1  1      1    0    1
    445         0      8 ns 4400 00  1  1      1    0    0
    446         1  2.976 us 4400 00  1  1      1    0    0
    447         1    952 ns 4400 00  1  1      1    0    1
    448         0      8 ns 4400 00  1  1      1    0    1
    449         0      8 ns 4400 00  1  1      1    0    1
    450         0      8 ns 4400 00  1  1      1    0    0
    451         1  2.968 us 4400 00  1  1      1    0    0
    452         1    952 ns 4400 00  1  1      1    0    1
    453         1      8 ns 4400 00  1  1      1    0    1
    454         0      8 ns 4400 00  1  1      1    0    1
    455         0      8 ns 4400 00  1  1      1    0    0
    456         1  2.976 us 4400 00  1  1      1    0    0
    457         1    944 ns 4400 00  1  1      1    0    1
    458         1      8 ns 4400 00  1  1      1    0    1
    459         0      8 ns 4400 00  1  1      1    0    1
    460         0      8 ns 4400 00  1  1      1    0    0
    461         1  2.976 us 4400 00  1  1      1    0    0
    462         1    952 ns 4400 00  1  1      1    0    1
    463         0      8 ns 4400 00  1  1      1    0    1
    464         0      8 ns 4400 00  1  1      1    0    1
    465         0      8 ns 4400 00  1  1      1    0    0
    466         0  1.936 us 4418 00  1  1      1    0    0
    467         0      8 ns 051A 00  1  1      1    0    0
    468         0      8 ns 011A 00  1  0      1    0    0
    469         0    976 ns 011A 00  1  0      1    1    0
    470         1     40 ns 011A 00  1  0      1    1    0
    471         0    960 ns 011A 00  1  0      1    1    0
    472         0  1.960 us 011A 00  1  0      1    0    0
    473         1  1.032 us 011A 00  1  0      1    0    0
    474         1     96 ns 011A AA  1  0      1    0    0
    475         1      8 ns 011A AA  1  0      1    0    0
    476         1      8 ns 411A AA  1  0      1    0    0
    477         1     80 ns 451A AA  1  0      1    0    0
    478         1      8 ns 451A AA  1  1      1    0    0
    479         1    352 ns 451A A2  1  1      1    0    0
    480         1      8 ns 451A 82  1  1      1    0    0
    481         1     88 ns 451A 80  1  1      1    0    0
    482         1    176 ns 451A 00  1  1      1    0    0
    483         1    120 ns 451A 80  1  1      1    0    0
    484         1      8 ns 451A 80  1  1      1    0    0
    485         0      8 ns 451A 80  1  1      1    0    0
    486         0      8 ns 451A 00  1  1      1    0    0
    487         0    792 ns 450A 00  1  1      1    0    0
    488         0      8 ns 4502 00  1  1      1    0    0
    489         0    112 ns 4500 00  1  1      1    0    0
    490         0    488 ns 4400 00  1  1      1    0    0
    491         1  1.576 us 4400 00  1  1      1    0    0
    492         1    952 ns 4400 00  1  1      1    0    1
    493         0      8 ns 4400 00  1  1      1    0    1
    494         0      8 ns 4400 00  1  1      1    0    0
    495         1  2.976 us 4400 00  1  1      1    0    0
    496         1    952 ns 4400 00  1  1      1    0    1
    497         0      8 ns 4400 00  1  1      1    0    1
    498         0      8 ns 4400 00  1  1      1    0    1
    499         0      8 ns 4400 00  1  1      1    0    0
    500         1  2.976 us 4400 00  1  1      1    0    0
    501         1    944 ns 4400 00  1  1      1    0    1
    502         1      8 ns 4400 00  1  1      1    0    1
    503         0      8 ns 4400 00  1  1      1    0    1
    504         0      8 ns 4400 00  1  1      1    0    0
    505         1  2.976 us 4400 00  1  1      1    0    0
    506         1    952 ns 4400 00  1  1      1    0    1
    507         0      8 ns 4400 00  1  1      1    0    1
    508         0      8 ns 4400 00  1  1      1    0    0
    509         1  2.976 us 4400 00  1  1      1    0    0
    510         1    952 ns 4400 00  1  1      1    0    1
    511         0      8 ns 4400 00  1  1      1    0    1
    512         0      8 ns 4400 00  1  1      1    0    1
    513         0      8 ns 4400 00  1  1      1    0    0
    514         1  1.000 us 4400 00  1  1      1    0    0
    515         1  2.920 us 4400 00  1  1      1    0    1
    516         1      8 ns 4400 00  1  1      1    0    1
    517         0      8 ns 4400 00  1  1      1    0    1
    518         0      8 ns 4400 00  1  1      1    0    0
    519         0  1.944 us 451B 00  1  1      1    0    0
    520         0      8 ns 051B 00  1  0      1    0    0
    521         0      8 ns 011B 00  1  0      1    0    0
    522         0    968 ns 011B 00  1  0      1    1    0
    523         1     48 ns 011B 00  1  0      1    1    0
    524         1    104 ns 011B 0E  1  0      1    1    0
    525         0    856 ns 011B 0E  1  0      1    1    0
    526         0  1.952 us 011B 0E  1  0      1    0    0
    527         1  1.032 us 011B 0E  1  0      1    0    0
    528         1     96 ns 011B 55  1  0      1    0    0
    529         1     56 ns 411B 55  1  0      1    0    0
    530         1    104 ns 451B 55  1  0      1    0    0
    531         1     24 ns 451B 55  1  1      1    0    0
    532         1    288 ns 451B 45  1  1      1    0    0
    533         1      8 ns 451B 45  1  1      1    0    0
    534         1      8 ns 451B 41  1  1      1    0    0
    535         1     32 ns 451B 40  1  1      1    0    0
    536         1     40 ns 451B 00  1  1      1    0    0
    537         0    304 ns 451B 00  1  1      1    0    0
    538         0    648 ns 451A 00  1  1      1    0    0
    539         0     64 ns 4518 00  1  1      1    0    0
    540         0     80 ns 4510 00  1  1      1    0    0
    541         0      8 ns 4500 00  1  1      1    0    0
    542         0    608 ns 4400 00  1  1      1    0    0
    543         1  1.584 us 4400 00  1  1      1    0    0
    544         1    952 ns 4400 00  1  1      1    0    1
    545         0      8 ns 4400 00  1  1      1    0    1
    546         0      8 ns 4400 00  1  1      1    0    0
    547         1  2.976 us 4400 00  1  1      1    0    0
    548         1    952 ns 4400 00  1  1      1    0    1
    549         0      8 ns 4400 00  1  1      1    0    1
    550         0      8 ns 4400 00  1  1      1    0    0
    551         1  2.976 us 4400 00  1  1      1    0    0
    552         1    952 ns 4400 00  1  1      1    0    1
    553         0      8 ns 4400 00  1  1      1    0    1
    554         0      8 ns 4400 00  1  1      1    0    1
    555         0      8 ns 4400 00  1  1      1    0    0
    556         1  2.976 us 4400 00  1  1      1    0    0
    557         1    944 ns 4400 00  1  1      1    0    1
    558         1      8 ns 4400 00  1  1      1    0    1
    559         0      8 ns 4400 00  1  1      1    0    1
    560         0      8 ns 4400 00  1  1      1    0    0
    561         1  2.976 us 4400 00  1  1      1    0    0
    562         1    944 ns 4400 00  1  1      1    0    1
    563         1      8 ns 4400 00  1  1      1    0    1
    564         0      8 ns 4400 00  1  1      1    0    1
    565         0      8 ns 4400 00  1  1      1    0    0
    566         1  2.976 us 4400 00  1  1      1    0    0
    567         1    952 ns 4400 00  1  1      1    0    1
    568         0      8 ns 4400 00  1  1      1    0    1
    569         0      8 ns 4400 00  1  1      1    0    1
    570         0      8 ns 4400 00  1  1      1    0    0
    571         0  1.944 us 051C 00  1  1      1    0    0
    572         0      8 ns 011C 00  1  0      1    0    0
    573         0    976 ns 011C 00  1  0      1    1    0
    574         1     48 ns 011C 00  1  0      1    1    0
    575         0    960 ns 011C 00  1  0      1    1    0
    576         0  1.952 us 011C 00  1  0      1    0    0
    577         1  1.032 us 011C 00  1  0      1    0    0
    578         1     96 ns 011C AA  1  0      1    0    0
    579         1      8 ns 011C AA  1  0      1    0    0
    580         1      8 ns 411C AA  1  0      1    0    0
    581         1     80 ns 451C AA  1  0      1    0    0
    582         1      8 ns 451C AA  1  0      1    0    0
    583         1      8 ns 451C AA  1  1      1    0    0
    584         1    344 ns 451C A2  1  1      1    0    0
    585         1      8 ns 451C A2  1  1      1    0    0
    586         1      8 ns 451C 82  1  1      1    0    0
    587         1     88 ns 451C 80  1  1      1    0    0
    588         1    176 ns 451C 00  1  1      1    0    0
    589         1    112 ns 451C 80  1  1      1    0    0
    590         1      8 ns 451C 80  1  1      1    0    0
    591         0      8 ns 451C 80  1  1      1    0    0
    592         0      8 ns 451C 00  1  1      1    0    0
    593         0    696 ns 450C 00  1  1      1    0    0
    594         0     56 ns 4508 00  1  1      1    0    0
    595         0      8 ns 4500 00  1  1      1    0    0
    596         0    632 ns 4400 00  1  1      1    0    0
    597         1  1.584 us 4400 00  1  1      1    0    0
    598         1    952 ns 4400 00  1  1      1    0    1
    599         0      8 ns 4400 00  1  1      1    0    1
    600         0      8 ns 4400 00  1  1      1    0    0
    601         1  2.984 us 4400 00  1  1      1    0    0
    602         1    944 ns 4400 00  1  1      1    0    1
    603         1      8 ns 4400 00  1  1      1    0    1
    604         0      8 ns 4400 00  1  1      1    0    1
    605         0      8 ns 4400 00  1  1      1    0    0
    606         1  1.000 us 4400 00  1  1      1    0    0
    607         1  2.920 us 4400 00  1  1      1    0    1
    608         1      8 ns 4400 00  1  1      1    0    1
    609         0      8 ns 4400 00  1  1      1    0    1
    610         0      8 ns 4400 00  1  1      1    0    0
    611         1  1.000 us 4400 00  1  1      1    0    0
    612         1  2.928 us 4400 00  1  1      1    0    1
    613         0      8 ns 4400 00  1  1      1    0    1
    614         0      8 ns 4400 00  1  1      1    0    1
    615         0      8 ns 4400 00  1  1      1    0    0
    616         1  1.000 us 4400 00  1  1      1    0    0
    617         1  2.920 us 4400 00  1  1      1    0    1
    618         1      8 ns 4400 00  1  1      1    0    1
    619         0      8 ns 4400 00  1  1      1    0    1
    620         0      8 ns 4400 00  1  1      1    0    0
    621         1  2.976 us 4400 00  1  1      1    0    0
    622         1    944 ns 4400 00  1  1      1    0    1
    623         1      8 ns 4400 00  1  1      1    0    1
    624         0      8 ns 4400 00  1  1      1    0    1
    625         0      8 ns 4400 00  1  1      1    0    0
    626         0  1.944 us 441D 00  1  1      1    0    0
    627         0      8 ns 051D 00  1  1      1    0    0
    628         0      8 ns 011D 00  1  0      1    0    0
    629         0    968 ns 011D 00  1  0      1    1    0
    630         1     48 ns 011D 00  1  0      1    1    0
    631         1    104 ns 011D 0F  1  0      1    1    0
    632         0    856 ns 011D 0F  1  0      1    1    0
    633         0  1.952 us 011D 0F  1  0      1    0    0
    634         1  1.040 us 011D 0F  1  0      1    0    0
    635         1     88 ns 011D 55  1  0      1    0    0
    636         1     56 ns 411D 55  1  0      1    0    0
    637         1    112 ns 451D 55  1  0      1    0    0
    638         1     24 ns 451D 55  1  1      1    0    0
    639         1    296 ns 451D 51  1  1      1    0    0
    640         1      8 ns 451D 41  1  1      1    0    0
    641         1     80 ns 451D 01  1  1      1    0    0
    642         1    104 ns 451D 00  1  1      1    0    0
    643         0    192 ns 451D 00  1  1      1    0    0
    644         0    608 ns 451C 00  1  1      1    0    0
    645         0     80 ns 4508 00  1  1      1    0    0
    646         0     48 ns 4500 00  1  1      1    0    0
    647         0    680 ns 4400 00  1  1      1    0    0
    648         1  1.568 us 4400 00  1  1      1    0    0
    649         1    952 ns 4400 00  1  1      1    0    1
    650         0      8 ns 4400 00  1  1      1    0    1
    651         0      8 ns 4400 00  1  1      1    0    0
    652         1  2.976 us 4400 00  1  1      1    0    0
    653         1    952 ns 4400 00  1  1      1    0    1
    654         0      8 ns 4400 00  1  1      1    0    1
    655         0      8 ns 4400 00  1  1      1    0    1
    656         0      8 ns 4400 00  1  1      1    0    0
    657         1  2.976 us 4400 00  1  1      1    0    0
    658         1    944 ns 4400 00  1  1      1    0    1
    659         1      8 ns 4400 00  1  1      1    0    1
    660         0      8 ns 4400 00  1  1      1    0    1
    661         0      8 ns 4400 00  1  1      1    0    0
    662         1  2.976 us 4400 00  1  1      1    0    0
    663         1    944 ns 4400 00  1  1      1    0    1
    664         1      8 ns 4400 00  1  1      1    0    1
    665         0      8 ns 4400 00  1  1      1    0    1
    666         0      8 ns 4400 00  1  1      1    0    0
    667         1  2.976 us 4400 00  1  1      1    0    0
    668         1    952 ns 4400 00  1  1      1    0    1
    669         0      8 ns 4400 00  1  1      1    0    1
    670         0      8 ns 4400 00  1  1      1    0    1
    671         0      8 ns 4400 00  1  1      1    0    0
    672         1  2.968 us 4400 00  1  1      1    0    0
    673         1    952 ns 4400 00  1  1      1    0    1
    674         1      8 ns 4400 00  1  1      1    0    1
    675         0      8 ns 4400 00  1  1      1    0    1
    676         0      8 ns 4400 00  1  1      1    0    0
    677         0  1.944 us 451E 00  1  1      1    0    0
    678         0      8 ns 011E 00  1  0      1    0    0
    679         0    976 ns 011E 00  1  0      1    1    0
    680         1     48 ns 011E 00  1  0      1    1    0
    681         0    960 ns 011E 00  1  0      1    1    0
    682         0  1.952 us 011E 00  1  0      1    0    0
    683         1  1.032 us 011E 00  1  0      1    0    0
    684         1     96 ns 011E AA  1  0      1    0    0
    685         1     24 ns 411E AA  1  0      1    0    0
    686         1     72 ns 451E AA  1  0      1    0    0
    687         1      8 ns 451E AA  1  0      1    0    0
    688         1      8 ns 451E AA  1  1      1    0    0
    689         1    344 ns 451E A2  1  1      1    0    0
    690         1      8 ns 451E A2  1  1      1    0    0
    691         1      8 ns 451E 82  1  1      1    0    0
    692         1     88 ns 451E 80  1  1      1    0    0
    693         1    184 ns 451E 00  1  1      1    0    0
    694         1    112 ns 451E 80  1  1      1    0    0
    695         0      8 ns 451E 80  1  1      1    0    0
    696         0      8 ns 451E 80  1  1      1    0    0
    697         0      8 ns 451E 00  1  1      1    0    0
    698         0    568 ns 451A 00  1  1      1    0    0
    699         0     80 ns 4512 00  1  1      1    0    0
    700         0      8 ns 4512 00  1  1      1    0    0
    701         0      8 ns 4502 00  1  1      1    0    0
    702         0     40 ns 4500 00  1  1      1    0    0
    703         0    688 ns 4400 00  1  1      1    0    0
    704         1  1.584 us 4400 00  1  1      1    0    0
    705         1    952 ns 4400 00  1  1      1    0    1
    706         0      8 ns 4400 00  1  1      1    0    1
    707         0      8 ns 4400 00  1  1      1    0    0
    708         1  2.976 us 4400 00  1  1      1    0    0
    709         1    944 ns 4400 00  1  1      1    0    1
    710         1      8 ns 4400 00  1  1      1    0    1
    711         0      8 ns 4400 00  1  1      1    0    1
    712         0      8 ns 4400 00  1  1      1    0    0
    713         1  1.000 us 4400 00  1  1      1    0    0
    714         1  2.928 us 4400 00  1  1      1    0    1
    715         0      8 ns 4400 00  1  1      1    0    1
    716         0      8 ns 4400 00  1  1      1    0    1
    717         0      8 ns 4400 00  1  1      1    0    0
    718         1  1.000 us 4400 00  1  1      1    0    0
    719         1  2.920 us 4400 00  1  1      1    0    1
    720         1      8 ns 4400 00  1  1      1    0    1
    721         0      8 ns 4400 00  1  1      1    0    1
    722         0      8 ns 4400 00  1  1      1    0    0
    723         1  1.000 us 4400 00  1  1      1    0    0
    724         1  2.920 us 4400 00  1  1      1    0    1
    725         1      8 ns 4400 00  1  1      1    0    1
    726         0      8 ns 4400 00  1  1      1    0    1
    727         0      8 ns 4400 00  1  1      1    0    0
    728         1  1.000 us 4400 00  1  1      1    0    0
    729         1  2.928 us 4400 00  1  1      1    0    1
    730         0      8 ns 4400 00  1  1      1    0    1
    731         0      8 ns 4400 00  1  1      1    0    1
    732         0      8 ns 4400 00  1  1      1    0    0
    733         0  1.936 us 441E 00  1  1      1    0    0
    734         0      8 ns 051F 00  1  1      1    0    0
    735         0      8 ns 011F 00  1  0      1    0    0
    736         0    976 ns 011F 00  1  0      1    1    0
    737         1     40 ns 011F 00  1  0      1    1    0
    738         1    104 ns 011F 10  1  0      1    1    0
    739         0    864 ns 011F 10  1  0      1    1    0
    740         0  1.952 us 011F 10  1  0      1    0    0
    741         1  1.032 us 011F 10  1  0      1    0    0
    742         1     88 ns 011F 50  1  0      1    0    0
    743         1      8 ns 011F 55  1  0      1    0    0
    744         1     32 ns 411F 55  1  0      1    0    0
    745         1    120 ns 451F 55  1  0      1    0    0
    746         1     24 ns 451F 55  1  1      1    0    0
    747         1    280 ns 451F 51  1  1      1    0    0
    748         1     72 ns 451F 11  1  1      1    0    0
    749         1     24 ns 451F 10  1  1      1    0    0
    750         1     32 ns 451F 00  1  1      1    0    0
    751         0    280 ns 451F 00  1  1      1    0    0
    752         0    552 ns 4519 00  1  1      1    0    0
    753         0     88 ns 4511 00  1  1      1    0    0
    754         0     40 ns 4501 00  1  1      1    0    0
    755         0     32 ns 4500 00  1  1      1    0    0
    756         0    680 ns 4400 00  1  1      1    0    0
    757         1  1.592 us 4400 00  1  1      1    0    0
    758         1    952 ns 4400 00  1  1      1    0    1
    759         0      8 ns 4400 00  1  1      1    0    1
    760         0      8 ns 4400 00  1  1      1    0    0
    761         1  2.976 us 4400 00  1  1      1    0    0
    762         1    952 ns 4400 00  1  1      1    0    1
    763         1      8 ns 4400 00  1  1      1    0    1
    764         0      8 ns 4400 00  1  1      1    0    1
    765         0      8 ns 4400 00  1  1      1    0    0
    766         1  2.976 us 4400 00  1  1      1    0    0
    767         1    944 ns 4400 00  1  1      1    0    1
    768         1      8 ns 4400 00  1  1      1    0    1
    769         0      8 ns 4400 00  1  1      1    0    1
    770         0      8 ns 4400 00  1  1      1    0    0
    771         1  2.976 us 4400 00  1  1      1    0    0
    772         1    952 ns 4400 00  1  1      1    0    1
    773         0      8 ns 4400 00  1  1      1    0    1
    774         0      8 ns 4400 00  1  1      1    0    0
    775         1  2.976 us 4400 00  1  1      1    0    0
    776         1    952 ns 4400 00  1  1      1    0    1
    777         0      8 ns 4400 00  1  1      1    0    1
    778         0      8 ns 4400 00  1  1      1    0    1
    779         0      8 ns 4400 00  1  1      1    0    0
    780         1  2.976 us 4400 00  1  1      1    0    0
    781         1    944 ns 4400 00  1  1      1    0    1
    782         1      8 ns 4400 00  1  1      1    0    1
    783         0      8 ns 4400 00  1  1      1    0    1
    784         0      8 ns 4400 00  1  1      1    0    0
    785         1  2.976 us 4400 00  1  1      1    0    0
    786         1    952 ns 4400 00  1  1      1    0    1
    787         0      8 ns 4400 00  1  1      1    0    1
    788         0      8 ns 4400 00  1  1      1    0    0
    789         1  2.976 us 4400 00  1  1      1    0    0
    790         1    952 ns 4400 00  1  1      1    0    1
    791         0      8 ns 4400 00  1  1      1    0    1
    792         0      8 ns 4400 00  1  1      1    0    1
    793         0      8 ns 4400 00  1  1      1    0    0
    794         1  2.976 us 4400 00  1  1      1    0    0
    795         1    944 ns 4400 00  1  1      1    0    1
    796         1      8 ns 4400 00  1  1      1    0    1
    797         0      8 ns 4400 00  1  1      1    0    1
    798         0      8 ns 4400 00  1  1      1    0    0
    799         1  1.000 us 4400 00  1  1      1    0    0
    800         1  2.928 us 4400 00  1  1      1    0    1
    801         0      8 ns 4400 00  1  1      1    0    1
    802         0      8 ns 4400 00  1  1      1    0    0
    803         1  2.976 us 4400 00  1  1      1    0    0
    804         1    952 ns 4400 00  1  1      1    0    1
    805         0      8 ns 4400 00  1  1      1    0    1
    806         0      8 ns 4400 00  1  1      1    0    1
    807         0      8 ns 4400 00  1  1      1    0    0
    808         1  2.976 us 4400 00  1  1      1    0    0
    809         1    944 ns 4400 00  1  1      1    0    1
    810         1      8 ns 4400 00  1  1      1    0    1
    811         0      8 ns 4400 00  1  1      1    0    1
    812         0      8 ns 4400 00  1  1      1    0    0
    813         1  2.976 us 4400 00  1  1      1    0    0
    814         1    944 ns 4400 00  1  1      1    0    1
    815         1      8 ns 4400 00  1  1      1    0    1
    816         0      8 ns 4400 00  1  1      1    0    1
    817         0      8 ns 4400 00  1  1      1    0    0
    818         1  2.976 us 4400 00  1  1      1    0    0
    819         1    952 ns 4400 00  1  1      1    0    1
    820         0      8 ns 4400 00  1  1      1    0    1
    821         0      8 ns 4400 00  1  1      1    0    1
    822         0      8 ns 4400 00  1  1      1    0    0
    823         1  1.000 us 4400 00  1  1      1    0    0
    824         1  2.920 us 4400 00  1  1      1    0    1
    825         1      8 ns 4400 00  1  1      1    0    1
    826         0      8 ns 4400 00  1  1      1    0    1
    827         0      8 ns 4400 00  1  1      1    0    0
    828         1  2.976 us 4400 00  1  1      1    0    0
    829         1    944 ns 4400 00  1  1      1    0    1
    830         1      8 ns 4400 00  1  1      1    0    1
    831         0      8 ns 4400 00  1  1      1    0    1
    832         0      8 ns 4400 00  1  1      1    0    0
    833         1  2.976 us 4400 00  1  1      1    0    0
    834         1    952 ns 4400 00  1  1      1    0    1
    835         0      8 ns 4400 00  1  1      1    0    1
    836         0      8 ns 4400 00  1  1      1    0    1
    837         0      8 ns 4400 00  1  1      1    0    0
    838         1  1.000 us 4400 00  1  1      1    0    0
    839         1  2.920 us 4400 00  1  1      1    0    1
    840         1      8 ns 4400 00  1  1      1    0    1
    841         0      8 ns 4400 00  1  1      1    0    1
    842         0      8 ns 4400 00  1  1      1    0    0
    843         1  2.976 us 4400 00  1  1      1    0    0
    844         1    944 ns 4400 00  1  1      1    0    1
    845         1      8 ns 4400 00  1  1      1    0    1
    846         0      8 ns 4400 00  1  1      1    0    1
    847         0      8 ns 4400 00  1  1      1    0    0
    848         1  1.000 us 4400 00  1  1      1    0    0
    849         1  2.928 us 4400 00  1  1      1    0    1
    850         0      8 ns 4400 00  1  1      1    0    1
    851         0      8 ns 4400 00  1  1      1    0    1
    852         0      8 ns 4400 00  1  1      1    0    0
    853         1  1.000 us 4400 00  1  1      1    0    0
    854         1  2.920 us 4400 00  1  1      1    0    1
    855         1      8 ns 4400 00  1  1      1    0    1
    856         0      8 ns 4400 00  1  1      1    0    1
    857         0      8 ns 4400 00  1  1      1    0    0
    858         1  1.000 us 4400 00  1  1      1    0    0
    859         1  2.920 us 4400 00  1  1      1    0    1
    860         1      8 ns 4400 00  1  1      1    0    1
    861         0      8 ns 4400 00  1  1      1    0    1
    862         0      8 ns 4400 00  1  1      1    0    0
    863         1  1.992 us 4400 00  1  1      1    0    0
    864         0  719.5 us 4400 00  1  1      1    0    0
    865         1  3.080 us 4400 00  1  1      1    0    0
    866         0  1.000 us 4400 00  1  1      1    0    0
    867         1  3.096 us 4400 00  1  1      1    0    0
    868         0  1.000 us 4400 00  1  1      1    0    0
    869         1  3.096 us 4400 00  1  1      1    0    0
    870         0    992 ns 4400 00  1  1      1    0    0
    871         1  3.104 us 4400 00  1  1      1    0    0
    872         0    992 ns 4400 00  1  1      1    0    0
    873         1  3.104 us 4400 00  1  1      1    0    0
    874         0    992 ns 4400 00  1  1      1    0    0
    875         1  3.104 us 4400 00  1  1      1    0    0
    876         0    992 ns 4400 00  1  1      1    0    0
    877         1  1.056 us 4400 00  1  1      1    0    0
    878         0  3.040 us 4400 00  1  1      1    0    0
    879         1  3.104 us 4400 00  1  1      1    0    0
    880         0    992 ns 4400 00  1  1      1    0    0
    881         1  3.104 us 4400 00  1  1      1    0    0
    882         0    992 ns 4400 00  1  1      1    0    0
    883         1  3.104 us 4400 00  1  1      1    0    0
    884         0    992 ns 4400 00  1  1      1    0    0
    885         1  3.104 us 4400 00  1  1      1    0    0
    886         0    992 ns 4400 00  1  1      1    0    0
    887         1  3.104 us 4400 00  1  1      1    0    0
    888         0    992 ns 4400 00  1  1      1    0    0
    889         1  3.104 us 4400 00  1  1      1    0    0
    890         0    992 ns 4400 00  1  1      1    0    0
    891         1  3.104 us 4400 00  1  1      1    0    0
    892         0    992 ns 4400 00  1  1      1    0    0
    893         1  3.104 us 4400 00  1  1      1    0    0
    894         0    992 ns 4400 00  1  1      1    0    0
    895         1  1.056 us 4400 00  1  1      1    0    0
    896         0  3.040 us 4400 00  1  1      1    0    0
    897         1  3.104 us 4400 00  1  1      1    0    0
    898         0    992 ns 4400 00  1  1      1    0    0
    899         1  3.104 us 4400 00  1  1      1    0    0
    900         0    992 ns 4400 00  1  1      1    0    0
    901         1  1.056 us 4400 00  1  1      1    0    0
    902         0  3.040 us 4400 00  1  1      1    0    0
    903         1  3.104 us 4400 00  1  1      1    0    0
    904         0    992 ns 4400 00  1  1      1    0    0
    905         1  3.104 us 4400 00  1  1      1    0    0
    906         0    992 ns 4400 00  1  1      1    0    0
    907         1  3.104 us 4400 00  1  1      1    0    0
    908         0    992 ns 4400 00  1  1      1    0    0
    909         1  1.056 us 4400 00  1  1      1    0    0
    910         0  3.048 us 4400 00  1  1      1    0    0
    911         1  1.048 us 4400 00  1  1      1    0    0
    912         0  3.048 us 4400 00  1  1      1    0    0
    913         1  1.048 us 4400 00  1  1      1    0    0
    914         1  1.552 us 4520 00  1  1      1    0    0
    915         1      8 ns 0520 00  1  1      1    0    0
    916         1      8 ns 0120 00  1  0      1    0    0
    917         1    968 ns 0120 00  1  0      1    1    0
    918         1  2.960 us 0120 00  1  0      1    0    0
    919         1  1.136 us 0120 AA  1  0      1    0    0
    920         1      8 ns 0120 AA  1  0      1    0    0
    921         1      8 ns 4120 AA  1  0      1    0    0
    922         1      8 ns 4520 AA  1  0      1    0    0
    923         1      8 ns 4520 AA  1  1      1    0    0
    924         1      8 ns 4520 AA  1  0      1    0    0
    925         1      8 ns 4120 AA  1  0      1    0    0
    926         1     48 ns 4520 AA  1  0      1    0    0
    927         1      8 ns 4520 AA  1  1      1    0    0
    928         1    368 ns 4520 A2  1  1      1    0    0
    929         1      8 ns 4520 A2  1  1      1    0    0
    930         1      8 ns 4520 82  1  1      1    0    0
    931         1     88 ns 4520 80  1  1      1    0    0
    932         1    192 ns 4520 00  1  1      1    0    0
    933         1  1.048 us 4500 00  1  1      1    0    0
    934         1    464 ns 4400 00  1  1      1    0    0
    935         1     40 ns 4500 00  1  1      1    0    0
    936         0     24 ns 4500 00  1  1      1    0    0
    937         0      8 ns 4400 00  1  1      1    0    0
    938         0  1.944 us 4521 00  1  1      1    0    0
    939         0      8 ns 0121 00  1  0      1    0    0
    940         0    976 ns 0121 00  1  0      1    1    0
    941         1     40 ns 0121 00  1  0      1    1    0
    942         1    112 ns 0121 11  1  0      1    1    0
    943         0    856 ns 0121 11  1  0      1    1    0
    944         0  1.952 us 0121 11  1  0      1    0    0
    945         1  1.032 us 0121 11  1  0      1    0    0
    946         1     96 ns 0121 55  1  0      1    0    0
    947         1     40 ns 4121 55  1  0      1    0    0
    948         1    120 ns 4521 55  1  0      1    0    0
    949         1     24 ns 4521 55  1  1      1    0    0
    950         1    296 ns 4521 51  1  1      1    0    0
    951         1     96 ns 4521 11  1  1      1    0    0
    952         1     48 ns 4521 01  1  1      1    0    0
    953         1    120 ns 4521 00  1  1      1    0    0
    954         1    112 ns 4521 01  1  1      1    0    0
    955         0      8 ns 4521 01  1  1      1    0    0
    956         0      8 ns 4521 00  1  1      1    0    0
    957         0    816 ns 4520 00  1  1      1    0    0
    958         0    120 ns 4500 00  1  1      1    0    0
    959         0    464 ns 4400 00  1  1      1    0    0
    960         1  1.576 us 4400 00  1  1      1    0    0
    961         1    952 ns 4400 00  1  1      1    0    1
    962         0      8 ns 4400 00  1  1      1    0    1
    963         0      8 ns 4400 00  1  1      1    0    1
    964         0      8 ns 4400 00  1  1      1    0    0
    965         1  2.976 us 4400 00  1  1      1    0    0
    966         1    944 ns 4400 00  1  1      1    0    1
    967         1      8 ns 4400 00  1  1      1    0    1
    968         0      8 ns 4400 00  1  1      1    0    1
    969         0      8 ns 4400 00  1  1      1    0    0
    970         1  2.976 us 4400 00  1  1      1    0    0
    971         1    952 ns 4400 00  1  1      1    0    1
    972         0      8 ns 4400 00  1  1      1    0    1
    973         0      8 ns 4400 00  1  1      1    0    1
    974         0      8 ns 4400 00  1  1      1    0    0
    975         1  2.968 us 4400 00  1  1      1    0    0
    976         1    952 ns 4400 00  1  1      1    0    1
    977         0      8 ns 4400 00  1  1      1    0    1
    978         0      8 ns 4400 00  1  1      1    0    1
    979         0      8 ns 4400 00  1  1      1    0    0
    980         1  2.976 us 4400 00  1  1      1    0    0
    981         1    944 ns 4400 00  1  1      1    0    1
    982         1      8 ns 4400 00  1  1      1    0    1
    983         0      8 ns 4400 00  1  1      1    0    1
    984         0      8 ns 4400 00  1  1      1    0    0
    985         1  2.976 us 4400 00  1  1      1    0    0
    986         1    944 ns 4400 00  1  1      1    0    1
    987         1      8 ns 4400 00  1  1      1    0    1
    988         0      8 ns 4400 00  1  1      1    0    1
    989         0      8 ns 4400 00  1  1      1    0    1
    990         0      8 ns 4400 00  1  1      1    0    0
    991         0  1.936 us 4422 00  1  1      1    0    0
    992         0      8 ns 0522 00  1  1      1    0    0
    993         0      8 ns 0122 00  1  0      1    0    0
    994         0    968 ns 0122 00  1  0      1    1    0
    995         1     48 ns 0122 00  1  0      1    1    0
    996         0    960 ns 0122 00  1  0      1    1    0
    997         0  1.960 us 0122 00  1  0      1    0    0
    998         1  1.032 us 0122 00  1  0      1    0    0
    999         1     96 ns 0122 AA  1  0      1    0    0
   1000         1      8 ns 0122 AA  1  0      1    0    0
   1001         1      8 ns 4122 AA  1  0      1    0    0
   1002         1     80 ns 4522 AA  1  0      1    0    0
   1003         1      8 ns 4522 AA  1  1      1    0    0
   1004         1    360 ns 4522 A2  1  1      1    0    0
   1005         1      8 ns 4522 82  1  1      1    0    0
   1006         1     88 ns 4522 80  1  1      1    0    0
   1007         1    184 ns 4522 00  1  1      1    0    0
   1008         1    104 ns 4522 80  1  1      1    0    0
   1009         1      8 ns 4522 80  1  1      1    0    0
   1010         0      8 ns 4522 80  1  1      1    0    0
   1011         0      8 ns 4522 00  1  1      1    0    0
   1012         0    920 ns 4502 00  1  1      1    0    0
   1013         0    112 ns 4500 00  1  1      1    0    0
   1014         0    360 ns 4400 00  1  1      1    0    0
   1015         1  1.584 us 4400 00  1  1      1    0    0
   1016         1    952 ns 4400 00  1  1      1    0    1
   1017         0      8 ns 4400 00  1  1      1    0    1
   1018         0      8 ns 4400 00  1  1      1    0    0
   1019         1  1.008 us 4400 00  1  1      1    0    0
   1020         1  2.920 us 4400 00  1  1      1    0    1
   1021         0      8 ns 4400 00  1  1      1    0    1
   1022         0      8 ns 4400 00  1  1      1    0    1
   1023         0      8 ns 4400 00  1  1      1    0    0
   1024         1  2.976 us 4400 00  1  1      1    0    0
   1025         1    944 ns 4400 00  1  1      1    0    1
   1026         1      8 ns 4400 00  1  1      1    0    1
   1027         0      8 ns 4400 00  1  1      1    0    1
   1028         0      8 ns 4400 00  1  1      1    0    0
   1029         1  2.976 us 4400 00  1  1      1    0    0
   1030         1    944 ns 4400 00  1  1      1    0    1
   1031         1      8 ns 4400 00  1  1      1    0    1
   1032         0      8 ns 4400 00  1  1      1    0    1
   1033         0      8 ns 4400 00  1  1      1    0    0
   1034         1  2.976 us 4400 00  1  1      1    0    0
   1035         1    952 ns 4400 00  1  1      1    0    1
   1036         0      8 ns 4400 00  1  1      1    0    1
   1037         0      8 ns 4400 00  1  1      1    0    1
   1038         0      8 ns 4400 00  1  1      1    0    0
   1039         1  1.000 us 4400 00  1  1      1    0    0
   1040         1  2.920 us 4400 00  1  1      1    0    1
   1041         1      8 ns 4400 00  1  1      1    0    1
   1042         0      8 ns 4400 00  1  1      1    0    1
   1043         0      8 ns 4400 00  1  1      1    0    0
   1044         0  1.944 us 4523 00  1  1      1    0    0
   1045         0      8 ns 0523 00  1  0      1    0    0
   1046         0      8 ns 0123 00  1  0      1    0    0
   1047         0    968 ns 0123 00  1  0      1    1    0
   1048         1     48 ns 0123 00  1  0      1    1    0
   1049         1    104 ns 0123 12  1  0      1    1    0
   1050         0    856 ns 0123 12  1  0      1    1    0
   1051         0  1.952 us 0123 12  1  0      1    0    0
   1052         1  1.032 us 0123 12  1  0      1    0    0
   1053         1     96 ns 0123 55  1  0      1    0    0
   1054         1     48 ns 4123 55  1  0      1    0    0
   1055         1    112 ns 4523 55  1  0      1    0    0
   1056         1      8 ns 4523 55  1  0      1    0    0
   1057         1      8 ns 4523 55  1  1      1    0    0
   1058         1    264 ns 4523 51  1  1      1    0    0
   1059         1     88 ns 4523 50  1  1      1    0    0
   1060         1     24 ns 4523 10  1  1      1    0    0
   1061         1     48 ns 4523 00  1  1      1    0    0
   1062         0    264 ns 4523 00  1  1      1    0    0
   1063         0    680 ns 4522 00  1  1      1    0    0
   1064         0    144 ns 4520 00  1  1      1    0    0
   1065         0    104 ns 4500 00  1  1      1    0    0
   1066         0    464 ns 4400 00  1  1      1    0    0
   1067         1  1.600 us 4400 00  1  1      1    0    0
   1068         1    952 ns 4400 00  1  1      1    0    1
   1069         0      8 ns 4400 00  1  1      1    0    1
   1070         0      8 ns 4400 00  1  1      1    0    0
   1071         1  2.976 us 4400 00  1  1      1    0    0
   1072         1    944 ns 4400 00  1  1      1    0    1
   1073         1      8 ns 4400 00  1  1      1    0    1
   1074         0      8 ns 4400 00  1  1      1    0    1
   1075         0      8 ns 4400 00  1  1      1    0    0
   1076         1  2.976 us 4400 00  1  1      1    0    0
   1077         1    952 ns 4400 00  1  1      1    0    1
   1078         0      8 ns 4400 00  1  1      1    0    1
   1079         0      8 ns 4400 00  1  1      1    0    1
   1080         0      8 ns 4400 00  1  1      1    0    0
   1081         1  2.976 us 4400 00  1  1      1    0    0
   1082         1    944 ns 4400 00  1  1      1    0    1
   1083         1      8 ns 4400 00  1  1      1    0    1
   1084         0      8 ns 4400 00  1  1      1    0    1
   1085         0      8 ns 4400 00  1  1      1    0    0
   1086         1  2.976 us 4400 00  1  1      1    0    0
   1087         1    944 ns 4400 00  1  1      1    0    1
   1088         1      8 ns 4400 00  1  1      1    0    1
   1089         0      8 ns 4400 00  1  1      1    0    1
   1090         0      8 ns 4400 00  1  1      1    0    0
   1091         1  2.976 us 4400 00  1  1      1    0    0
   1092         1    952 ns 4400 00  1  1      1    0    1
   1093         0      8 ns 4400 00  1  1      1    0    1
   1094         0      8 ns 4400 00  1  1      1    0    1
   1095         0      8 ns 4400 00  1  1      1    0    0
   1096         0  1.944 us 0524 00  1  1      1    0    0
   1097         0      8 ns 0124 00  1  0      1    0    0
   1098         0    976 ns 0124 00  1  0      1    1    0
   1099         1     40 ns 0124 00  1  0      1    1    0
   1100         0    968 ns 0124 00  1  0      1    1    0
   1101         0  1.952 us 0124 00  1  0      1    0    0
   1102         1  1.032 us 0124 00  1  0      1    0    0
   1103         1     96 ns 0124 AA  1  0      1    0    0
   1104         1      8 ns 0124 AA  1  0      1    0    0
   1105         1      8 ns 4124 AA  1  0      1    0    0
   1106         1     80 ns 4524 AA  1  0      1    0    0
   1107         1      8 ns 4524 AA  1  1      1    0    0
   1108         1    352 ns 4524 A2  1  1      1    0    0
   1109         1      8 ns 4524 82  1  1      1    0    0
   1110         1     88 ns 4524 80  1  1      1    0    0
   1111         1    176 ns 4524 00  1  1      1    0    0
   1112         1    120 ns 4524 80  1  1      1    0    0
   1113         1      8 ns 4524 80  1  1      1    0    0
   1114         0      8 ns 4524 80  1  1      1    0    0
   1115         0      8 ns 4524 00  1  1      1    0    0
   1116         0    928 ns 4504 00  1  1      1    0    0
   1117         0     88 ns 4500 00  1  1      1    0    0
   1118         0    368 ns 4400 00  1  1      1    0    0
   1119         1  1.592 us 4400 00  1  1      1    0    0
   1120         1    952 ns 4400 00  1  1      1    0    1
   1121         0      8 ns 4400 00  1  1      1    0    1
   1122         0      8 ns 4400 00  1  1      1    0    0
   1123         1  1.008 us 4400 00  1  1      1    0    0
   1124         1  2.920 us 4400 00  1  1      1    0    1
   1125         1      8 ns 4400 00  1  1      1    0    1
   1126         0      8 ns 4400 00  1  1      1    0    1
   1127         0      8 ns 4400 00  1  1      1    0    0
   1128         1  2.976 us 4400 00  1  1      1    0    0
   1129         1    944 ns 4400 00  1  1      1    0    1
   1130         1      8 ns 4400 00  1  1      1    0    1
   1131         0      8 ns 4400 00  1  1      1    0    1
   1132         0      8 ns 4400 00  1  1      1    0    0
   1133         1  2.976 us 4400 00  1  1      1    0    0
   1134         1    952 ns 4400 00  1  1      1    0    1
   1135         0      8 ns 4400 00  1  1      1    0    1
   1136         0      8 ns 4400 00  1  1      1    0    1
   1137         0      8 ns 4400 00  1  1      1    0    0
   1138         1  1.000 us 4400 00  1  1      1    0    0
   1139         1  2.920 us 4400 00  1  1      1    0    1
   1140         1      8 ns 4400 00  1  1      1    0    1
   1141         0      8 ns 4400 00  1  1      1    0    1
   1142         0      8 ns 4400 00  1  1      1    0    0
   1143         1  2.976 us 4400 00  1  1      1    0    0
   1144         1    944 ns 4400 00  1  1      1    0    1
   1145         1      8 ns 4400 00  1  1      1    0    1
   1146         0      8 ns 4400 00  1  1      1    0    1
   1147         0      8 ns 4400 00  1  1      1    0    0
   1148         0  1.944 us 4525 00  1  1      1    0    0
   1149         0      8 ns 0525 00  1  1      1    0    0
   1150         0      8 ns 0125 00  1  0      1    0    0
   1151         0    968 ns 0125 00  1  0      1    1    0
   1152         1     48 ns 0125 00  1  0      1    1    0
   1153         1    104 ns 0125 13  1  0      1    1    0
   1154         0    856 ns 0125 13  1  0      1    1    0
   1155         0  1.952 us 0125 13  1  0      1    0    0
   1156         1  1.040 us 0125 13  1  0      1    0    0
   1157         1     88 ns 0125 55  1  0      1    0    0
   1158         1     56 ns 4125 55  1  0      1    0    0
   1159         1    112 ns 4525 55  1  0      1    0    0
   1160         1      8 ns 4525 55  1  0      1    0    0
   1161         1      8 ns 4525 55  1  1      1    0    0
   1162         1    256 ns 4525 51  1  1      1    0    0
   1163         1    128 ns 4525 11  1  1      1    0    0
   1164         1     40 ns 4525 01  1  1      1    0    0
   1165         1     80 ns 4525 00  1  1      1    0    0
   1166         0    176 ns 4525 01  1  1      1    0    0
   1167         0      8 ns 4525 00  1  1      1    0    0
   1168         0    632 ns 4524 00  1  1      1    0    0
   1169         0    280 ns 4504 00  1  1      1    0    0

Time Printed: 06 Jun 2004 21:20:38  ---  Time Acquired: 06 Jun 2004 21:11:31
