MACHINE 1   -  State Listing                                                    

                                                                    
Label    > SERIAL   Time    A    D  WE OE DETECT UNK1 UNK2 
Base     > Binary Relative  Hex  He Bi Bi Binary Bina Bina 
__________ ______ _________ ____ __ __ __ ______ ____ ____ 

      0         1      8 ns 4575 55  1  1      1    0    0
      1         1    248 ns 4575 51  1  1      1    0    0
      2         1     80 ns 4575 41  1  1      1    0    0
      3         1     48 ns 4575 01  1  1      1    0    0
      4         1    120 ns 4575 00  1  1      1    0    0
      5         0    192 ns 4575 00  1  1      1    0    0
      6         0    552 ns 4555 00  1  1      1    0    0
      7         0     24 ns 4545 00  1  1      1    0    0
      8         0     56 ns 4544 00  1  1      1    0    0
      9         0     40 ns 4504 00  1  1      1    0    0
     10         0    136 ns 4500 00  1  1      1    0    0
     11         0    544 ns 4400 00  1  1      1    0    0
     12         1  1.632 us 4400 00  1  1      1    0    0
     13         1    952 ns 4400 00  1  1      1    0    1
     14         0      8 ns 4400 00  1  1      1    0    1
     15         0      8 ns 4400 00  1  1      1    0    0
     16         1  2.984 us 4400 00  1  1      1    0    0
     17         1    944 ns 4400 00  1  1      1    0    1
     18         1      8 ns 4400 00  1  1      1    0    1
     19         0      8 ns 4400 00  1  1      1    0    1
     20         0      8 ns 4400 00  1  1      1    0    0
     21         1  2.976 us 4400 00  1  1      1    0    0
     22         1    944 ns 4400 00  1  1      1    0    1
     23         1      8 ns 4400 00  1  1      1    0    1
     24         0      8 ns 4400 00  1  1      1    0    1
     25         0      8 ns 4400 00  1  1      1    0    0
     26         1  2.976 us 4400 00  1  1      1    0    0
     27         1    952 ns 4400 00  1  1      1    0    1
     28         0      8 ns 4400 00  1  1      1    0    1
     29         0      8 ns 4400 00  1  1      1    0    1
     30         0      8 ns 4400 00  1  1      1    0    0
     31         1  2.968 us 4400 00  1  1      1    0    0
     32         1    952 ns 4400 00  1  1      1    0    1
     33         1      8 ns 4400 00  1  1      1    0    1
     34         0      8 ns 4400 00  1  1      1    0    1
     35         0      8 ns 4400 00  1  1      1    0    0
     36         1  2.976 us 4400 00  1  1      1    0    0
     37         1    944 ns 4400 00  1  1      1    0    1
     38         1      8 ns 4400 00  1  1      1    0    1
     39         0      8 ns 4400 00  1  1      1    0    1
     40         0      8 ns 4400 00  1  1      1    0    0
     41         0  1.944 us 4576 00  1  1      1    0    0
     42         0      8 ns 0576 00  1  0      1    0    0
     43         0      8 ns 0176 00  1  0      1    0    0
     44         0    968 ns 0176 00  1  0      1    1    0
     45         1     48 ns 0176 00  1  0      1    1    0
     46         0    960 ns 0176 00  1  0      1    1    0
     47         0  1.952 us 0176 00  1  0      1    0    0
     48         1  1.040 us 0176 00  1  0      1    0    0
     49         1     88 ns 0176 AA  1  0      1    0    0
     50         1     24 ns 4176 AA  1  0      1    0    0
     51         1     80 ns 4576 AA  1  0      1    0    0
     52         1      8 ns 4576 AA  1  1      1    0    0
     53         1    344 ns 4576 A2  1  1      1    0    0
     54         1      8 ns 4576 82  1  1      1    0    0
     55         1     88 ns 4576 80  1  1      1    0    0
     56         1    176 ns 4576 00  1  1      1    0    0
     57         1    128 ns 4576 80  1  1      1    0    0
     58         0      8 ns 4576 80  1  1      1    0    0
     59         0      8 ns 4576 80  1  1      1    0    0
     60         0      8 ns 4576 00  1  1      1    0    0
     61         0    536 ns 4556 00  1  1      1    0    0
     62         0      8 ns 4556 00  1  1      1    0    0
     63         0      8 ns 4546 00  1  1      1    0    0
     64         0    104 ns 4506 00  1  1      1    0    0
     65         0     24 ns 4502 00  1  1      1    0    0
     66         0    120 ns 4500 00  1  1      1    0    0
     67         0    536 ns 4400 00  1  1      1    0    0
     68         1  1.640 us 4400 00  1  1      1    0    0
     69         1    952 ns 4400 00  1  1      1    0    1
     70         0      8 ns 4400 00  1  1      1    0    1
     71         0      8 ns 4400 00  1  1      1    0    0
     72         1  2.976 us 4400 00  1  1      1    0    0
     73         1    952 ns 4400 00  1  1      1    0    1
     74         0      8 ns 4400 00  1  1      1    0    1
     75         0      8 ns 4400 00  1  1      1    0    0
     76         1  2.976 us 4400 00  1  1      1    0    0
     77         1    952 ns 4400 00  1  1      1    0    1
     78         0      8 ns 4400 00  1  1      1    0    1
     79         0      8 ns 4400 00  1  1      1    0    1
     80         0      8 ns 4400 00  1  1      1    0    0
     81         1  2.976 us 4400 00  1  1      1    0    0
     82         1    944 ns 4400 00  1  1      1    0    1
     83         1      8 ns 4400 00  1  1      1    0    1
     84         0      8 ns 4400 00  1  1      1    0    1
     85         0      8 ns 4400 00  1  1      1    0    0
     86         1  1.000 us 4400 00  1  1      1    0    0
     87         1  2.920 us 4400 00  1  1      1    0    1
     88         1      8 ns 4400 00  1  1      1    0    1
     89         0      8 ns 4400 00  1  1      1    0    1
     90         0      8 ns 4400 00  1  1      1    0    0
     91         1  1.000 us 4400 00  1  1      1    0    0
     92         1  2.928 us 4400 00  1  1      1    0    1
     93         0      8 ns 4400 00  1  1      1    0    1
     94         0      8 ns 4400 00  1  1      1    0    1
     95         0      8 ns 4400 00  1  1      1    0    0
     96         0  1.944 us 0577 00  1  1      1    0    0
     97         0      8 ns 0177 00  1  0      1    0    0
     98         0    976 ns 0177 00  1  0      1    1    0
     99         1     40 ns 0177 00  1  0      1    1    0
    100         1    104 ns 0177 03  1  0      1    1    0
    101         0    864 ns 0177 03  1  0      1    1    0
    102         0  1.952 us 0177 03  1  0      1    0    0
    103         1  1.032 us 0177 03  1  0      1    0    0
    104         1     88 ns 0177 01  1  0      1    0    0
    105         1      8 ns 0177 55  1  0      1    0    0
    106         1     64 ns 4177 55  1  0      1    0    0
    107         1     96 ns 4577 55  1  0      1    0    0
    108         1      8 ns 4577 55  1  0      1    0    0
    109         1      8 ns 4577 55  1  1      1    0    0
    110         1    248 ns 4577 51  1  1      1    0    0
    111         1     80 ns 4577 41  1  1      1    0    0
    112         1     48 ns 4577 01  1  1      1    0    0
    113         1    112 ns 4577 00  1  1      1    0    0
    114         0    200 ns 4577 00  1  1      1    0    0
    115         0     24 ns 4576 00  1  1      1    0    0
    116         0     24 ns 4577 00  1  1      1    0    0
    117         0    392 ns 4576 00  1  1      1    0    0
    118         0    104 ns 4556 00  1  1      1    0    0
    119         0      8 ns 4556 00  1  1      1    0    0
    120         0      8 ns 4546 00  1  1      1    0    0
    121         0      8 ns 4546 00  1  1      1    0    0
    122         0      8 ns 4544 00  1  1      1    0    0
    123         0     48 ns 4540 00  1  1      1    0    0
    124         0     48 ns 4500 00  1  1      1    0    0
    125         0    672 ns 4400 00  1  1      1    0    0
    126         1  1.640 us 4400 00  1  1      1    0    0
    127         1    952 ns 4400 00  1  1      1    0    1
    128         0      8 ns 4400 00  1  1      1    0    1
    129         0      8 ns 4400 00  1  1      1    0    0
    130         1  2.984 us 4400 00  1  1      1    0    0
    131         1    944 ns 4400 00  1  1      1    0    1
    132         1      8 ns 4400 00  1  1      1    0    1
    133         0      8 ns 4400 00  1  1      1    0    1
    134         0      8 ns 4400 00  1  1      1    0    0
    135         1  2.976 us 4400 00  1  1      1    0    0
    136         1    944 ns 4400 00  1  1      1    0    1
    137         1      8 ns 4400 00  1  1      1    0    1
    138         0      8 ns 4400 00  1  1      1    0    1
    139         0      8 ns 4400 00  1  1      1    0    0
    140         1  2.976 us 4400 00  1  1      1    0    0
    141         1    952 ns 4400 00  1  1      1    0    1
    142         0      8 ns 4400 00  1  1      1    0    1
    143         0      8 ns 4400 00  1  1      1    0    1
    144         0      8 ns 4400 00  1  1      1    0    0
    145         1  2.968 us 4400 00  1  1      1    0    0
    146         1    952 ns 4400 00  1  1      1    0    1
    147         0      8 ns 4400 00  1  1      1    0    1
    148         0      8 ns 4400 00  1  1      1    0    1
    149         0      8 ns 4400 00  1  1      1    0    0
    150         1  2.976 us 4400 00  1  1      1    0    0
    151         1    944 ns 4400 00  1  1      1    0    1
    152         1      8 ns 4400 00  1  1      1    0    1
    153         0      8 ns 4400 00  1  1      1    0    1
    154         0      8 ns 4400 00  1  1      1    0    0
    155         0  1.944 us 4578 00  1  1      1    0    0
    156         0      8 ns 0578 00  1  0      1    0    0
    157         0      8 ns 0178 00  1  0      1    0    0
    158         0    968 ns 0178 00  1  0      1    1    0
    159         1     48 ns 0178 00  1  0      1    1    0
    160         0    960 ns 0178 00  1  0      1    1    0
    161         0  1.952 us 0178 00  1  0      1    0    0
    162         1  1.040 us 0178 00  1  0      1    0    0
    163         1     88 ns 0178 AA  1  0      1    0    0
    164         1     24 ns 4178 AA  1  0      1    0    0
    165         1     80 ns 4578 AA  1  0      1    0    0
    166         1      8 ns 4578 AA  1  1      1    0    0
    167         1    344 ns 4578 A2  1  1      1    0    0
    168         1      8 ns 4578 82  1  1      1    0    0
    169         1     88 ns 4578 80  1  1      1    0    0
    170         1    176 ns 4578 00  1  1      1    0    0
    171         1    128 ns 4578 80  1  1      1    0    0
    172         0      8 ns 4578 80  1  1      1    0    0
    173         0      8 ns 4578 80  1  1      1    0    0
    174         0      8 ns 4578 00  1  1      1    0    0
    175         0    488 ns 4558 00  1  1      1    0    0
    176         0     56 ns 4548 00  1  1      1    0    0
    177         0    112 ns 4508 00  1  1      1    0    0
    178         0    120 ns 4500 00  1  1      1    0    0
    179         0    560 ns 4400 00  1  1      1    0    0
    180         1  1.640 us 4400 00  1  1      1    0    0
    181         1    952 ns 4400 00  1  1      1    0    1
    182         0      8 ns 4400 00  1  1      1    0    1
    183         0      8 ns 4400 00  1  1      1    0    0
    184         1  2.976 us 4400 00  1  1      1    0    0
    185         1    944 ns 4400 00  1  1      1    0    1
    186         1      8 ns 4400 00  1  1      1    0    1
    187         0      8 ns 4400 00  1  1      1    0    1
    188         0      8 ns 4400 00  1  1      1    0    0
    189         1  2.976 us 4400 00  1  1      1    0    0
    190         1    952 ns 4400 00  1  1      1    0    1
    191         0      8 ns 4400 00  1  1      1    0    1
    192         0      8 ns 4400 00  1  1      1    0    1
    193         0      8 ns 4400 00  1  1      1    0    0
    194         1  2.976 us 4400 00  1  1      1    0    0
    195         1    944 ns 4400 00  1  1      1    0    1
    196         1      8 ns 4400 00  1  1      1    0    1
    197         0      8 ns 4400 00  1  1      1    0    1
    198         0      8 ns 4400 00  1  1      1    0    0
    199         1  1.000 us 4400 00  1  1      1    0    0
    200         1  2.920 us 4400 00  1  1      1    0    1
    201         1      8 ns 4400 00  1  1      1    0    1
    202         0      8 ns 4400 00  1  1      1    0    1
    203         0      8 ns 4400 00  1  1      1    0    0
    204         1  1.000 us 4400 00  1  1      1    0    0
    205         1  2.928 us 4400 00  1  1      1    0    1
    206         0      8 ns 4400 00  1  1      1    0    1
    207         0      8 ns 4400 00  1  1      1    0    1
    208         0      8 ns 4400 00  1  1      1    0    0
    209         0  1.936 us 4430 00  1  1      1    0    0
    210         0      8 ns 0579 00  1  1      1    0    0
    211         0      8 ns 0179 00  1  0      1    0    0
    212         0    976 ns 0179 00  1  0      1    1    0
    213         1     40 ns 0179 00  1  0      1    1    0
    214         1    104 ns 0179 03  1  0      1    1    0
    215         0    864 ns 0179 03  1  0      1    1    0
    216         0  1.952 us 0179 03  1  0      1    0    0
    217         1  1.032 us 0179 03  1  0      1    0    0
    218         1     88 ns 0179 01  1  0      1    0    0
    219         1      8 ns 0179 55  1  0      1    0    0
    220         1     64 ns 4179 55  1  0      1    0    0
    221         1     96 ns 4579 55  1  0      1    0    0
    222         1      8 ns 4579 55  1  0      1    0    0
    223         1      8 ns 4579 55  1  1      1    0    0
    224         1    248 ns 4579 51  1  1      1    0    0
    225         1     80 ns 4579 41  1  1      1    0    0
    226         1     48 ns 4579 01  1  1      1    0    0
    227         1    120 ns 4579 00  1  1      1    0    0
    228         1    184 ns 4579 01  1  1      1    0    0
    229         0      8 ns 4579 00  1  1      1    0    0
    230         0    496 ns 4559 00  1  1      1    0    0
    231         0     56 ns 4549 00  1  1      1    0    0
    232         0    112 ns 4509 00  1  1      1    0    0
    233         0      8 ns 4508 00  1  1      1    0    0
    234         0     88 ns 4500 00  1  1      1    0    0
    235         0    584 ns 4400 00  1  1      1    0    0
    236         1  1.640 us 4400 00  1  1      1    0    0
    237         1    952 ns 4400 00  1  1      1    0    1
    238         0      8 ns 4400 00  1  1      1    0    1
    239         0      8 ns 4400 00  1  1      1    0    0
    240         1  2.976 us 4400 00  1  1      1    0    0
    241         1    952 ns 4400 00  1  1      1    0    1
    242         1      8 ns 4400 00  1  1      1    0    1
    243         0      8 ns 4400 00  1  1      1    0    1
    244         0      8 ns 4400 00  1  1      1    0    0
    245         1  2.976 us 4400 00  1  1      1    0    0
    246         1    944 ns 4400 00  1  1      1    0    1
    247         1      8 ns 4400 00  1  1      1    0    1
    248         0      8 ns 4400 00  1  1      1    0    1
    249         0      8 ns 4400 00  1  1      1    0    0
    250         1  2.976 us 4400 00  1  1      1    0    0
    251         1    952 ns 4400 00  1  1      1    0    1
    252         0      8 ns 4400 00  1  1      1    0    1
    253         0      8 ns 4400 00  1  1      1    0    0
    254         1  2.976 us 4400 00  1  1      1    0    0
    255         1    952 ns 4400 00  1  1      1    0    1
    256         0      8 ns 4400 00  1  1      1    0    1
    257         0      8 ns 4400 00  1  1      1    0    1
    258         0      8 ns 4400 00  1  1      1    0    0
    259         1  2.976 us 4400 00  1  1      1    0    0
    260         1    944 ns 4400 00  1  1      1    0    1
    261         1      8 ns 4400 00  1  1      1    0    1
    262         0      8 ns 4400 00  1  1      1    0    1
    263         0      8 ns 4400 00  1  1      1    0    0
    264         0  1.944 us 457A 00  1  1      1    0    0
    265         0      8 ns 057A 00  1  0      1    0    0
    266         0      8 ns 017A 00  1  0      1    0    0
    267         0    968 ns 017A 00  1  0      1    1    0
    268         1     48 ns 017A 00  1  0      1    1    0
    269         0    960 ns 017A 00  1  0      1    1    0
    270         0  1.952 us 017A 00  1  0      1    0    0
    271         1  1.032 us 017A 00  1  0      1    0    0
    272         1     96 ns 017A AA  1  0      1    0    0
    273         1     24 ns 417A AA  1  0      1    0    0
    274         1     80 ns 457A AA  1  0      1    0    0
    275         1      8 ns 457A AA  1  1      1    0    0
    276         1    344 ns 457A A2  1  1      1    0    0
    277         1      8 ns 457A 82  1  1      1    0    0
    278         1     88 ns 457A 80  1  1      1    0    0
    279         1    168 ns 457A 00  1  1      1    0    0
    280         1    136 ns 457A 80  1  1      1    0    0
    281         0      8 ns 457A 80  1  1      1    0    0
    282         0      8 ns 457A 80  1  1      1    0    0
    283         0      8 ns 457A 00  1  1      1    0    0
    284         0    480 ns 455A 00  1  1      1    0    0
    285         0     56 ns 454A 00  1  1      1    0    0
    286         0    112 ns 450A 00  1  1      1    0    0
    287         0     24 ns 4502 00  1  1      1    0    0
    288         0    224 ns 4500 00  1  1      1    0    0
    289         0    432 ns 4400 00  1  1      1    0    0
    290         1  1.648 us 4400 00  1  1      1    0    0
    291         1    952 ns 4400 00  1  1      1    0    1
    292         0      8 ns 4400 00  1  1      1    0    1
    293         0      8 ns 4400 00  1  1      1    0    0
    294         1  2.976 us 4400 00  1  1      1    0    0
    295         1    952 ns 4400 00  1  1      1    0    1
    296         0      8 ns 4400 00  1  1      1    0    1
    297         0      8 ns 4400 00  1  1      1    0    0
    298         1  2.976 us 4400 00  1  1      1    0    0
    299         1    952 ns 4400 00  1  1      1    0    1
    300         0      8 ns 4400 00  1  1      1    0    1
    301         0      8 ns 4400 00  1  1      1    0    1
    302         0      8 ns 4400 00  1  1      1    0    0
    303         1  2.976 us 4400 00  1  1      1    0    0
    304         1    944 ns 4400 00  1  1      1    0    1
    305         1      8 ns 4400 00  1  1      1    0    1
    306         0      8 ns 4400 00  1  1      1    0    1
    307         0      8 ns 4400 00  1  1      1    0    0
    308         1  1.000 us 4400 00  1  1      1    0    0
    309         1  2.920 us 4400 00  1  1      1    0    1
    310         1      8 ns 4400 00  1  1      1    0    1
    311         0      8 ns 4400 00  1  1      1    0    1
    312         0      8 ns 4400 00  1  1      1    0    0
    313         1  1.000 us 4400 00  1  1      1    0    0
    314         1  2.928 us 4400 00  1  1      1    0    1
    315         0      8 ns 4400 00  1  1      1    0    1
    316         0      8 ns 4400 00  1  1      1    0    1
    317         0      8 ns 4400 00  1  1      1    0    0
    318         0  1.936 us 4430 00  1  1      1    0    0
    319         0      8 ns 057B 00  1  1      1    0    0
    320         0      8 ns 017B 00  1  0      1    0    0
    321         0    976 ns 017B 00  1  0      1    1    0
    322         1     40 ns 017B 00  1  0      1    1    0
    323         1    104 ns 017B 03  1  0      1    1    0
    324         0    864 ns 017B 03  1  0      1    1    0
    325         0  1.952 us 017B 03  1  0      1    0    0
    326         1  1.032 us 017B 03  1  0      1    0    0
    327         1     88 ns 017B 41  1  0      1    0    0
    328         1      8 ns 017B 55  1  0      1    0    0
    329         1     48 ns 417B 55  1  0      1    0    0
    330         1    112 ns 457B 55  1  0      1    0    0
    331         1      8 ns 457B 55  1  0      1    0    0
    332         1      8 ns 457B 55  1  1      1    0    0
    333         1    248 ns 457B 51  1  1      1    0    0
    334         1     72 ns 457B 41  1  1      1    0    0
    335         1     48 ns 457B 01  1  1      1    0    0
    336         1    120 ns 457B 00  1  1      1    0    0
    337         0    200 ns 457B 00  1  1      1    0    0
    338         0     24 ns 457A 00  1  1      1    0    0
    339         0     24 ns 457B 00  1  1      1    0    0
    340         0    440 ns 455B 00  1  1      1    0    0
    341         0      8 ns 455A 00  1  1      1    0    0
    342         0     40 ns 454A 00  1  1      1    0    0
    343         0    120 ns 450A 00  1  1      1    0    0
    344         0      8 ns 4500 00  1  1      1    0    0
    345         0    680 ns 4400 00  1  1      1    0    0
    346         1  1.640 us 4400 00  1  1      1    0    0
    347         1    952 ns 4400 00  1  1      1    0    1
    348         0      8 ns 4400 00  1  1      1    0    1
    349         0      8 ns 4400 00  1  1      1    0    0
    350         1  2.976 us 4400 00  1  1      1    0    0
    351         1    952 ns 4400 00  1  1      1    0    1
    352         0      8 ns 4400 00  1  1      1    0    1
    353         0      8 ns 4400 00  1  1      1    0    1
    354         0      8 ns 4400 00  1  1      1    0    0
    355         1  2.976 us 4400 00  1  1      1    0    0
    356         1    944 ns 4400 00  1  1      1    0    1
    357         1      8 ns 4400 00  1  1      1    0    1
    358         0      8 ns 4400 00  1  1      1    0    1
    359         0      8 ns 4400 00  1  1      1    0    0
    360         1  2.976 us 4400 00  1  1      1    0    0
    361         1    952 ns 4400 00  1  1      1    0    1
    362         0      8 ns 4400 00  1  1      1    0    1
    363         0      8 ns 4400 00  1  1      1    0    0
    364         1  2.976 us 4400 00  1  1      1    0    0
    365         1    952 ns 4400 00  1  1      1    0    1
    366         0      8 ns 4400 00  1  1      1    0    1
    367         0      8 ns 4400 00  1  1      1    0    1
    368         0      8 ns 4400 00  1  1      1    0    0
    369         1  2.976 us 4400 00  1  1      1    0    0
    370         1    944 ns 4400 00  1  1      1    0    1
    371         1      8 ns 4400 00  1  1      1    0    1
    372         0      8 ns 4400 00  1  1      1    0    1
    373         0      8 ns 4400 00  1  1      1    0    0
    374         0  1.944 us 457C 00  1  1      1    0    0
    375         0      8 ns 057C 00  1  0      1    0    0
    376         0      8 ns 017C 00  1  0      1    0    0
    377         0    968 ns 017C 00  1  0      1    1    0
    378         1     48 ns 017C 00  1  0      1    1    0
    379         0    960 ns 017C 00  1  0      1    1    0
    380         0  1.952 us 017C 00  1  0      1    0    0
    381         1  1.032 us 017C 00  1  0      1    0    0
    382         1     96 ns 017C AA  1  0      1    0    0
    383         1     24 ns 417C AA  1  0      1    0    0
    384         1     72 ns 457C AA  1  0      1    0    0
    385         1      8 ns 457C AA  1  0      1    0    0
    386         1      8 ns 457C AA  1  1      1    0    0
    387         1    344 ns 457C A2  1  1      1    0    0
    388         1      8 ns 457C 82  1  1      1    0    0
    389         1     80 ns 457C 80  1  1      1    0    0
    390         1    176 ns 457C 00  1  1      1    0    0
    391         1    136 ns 457C 80  1  1      1    0    0
    392         0      8 ns 457C 80  1  1      1    0    0
    393         0      8 ns 457C 80  1  1      1    0    0
    394         0      8 ns 457C 00  1  1      1    0    0
    395         0    448 ns 456C 00  1  1      1    0    0
    396         0     24 ns 454C 00  1  1      1    0    0
    397         0    168 ns 4504 00  1  1      1    0    0
    398         0     80 ns 4500 00  1  1      1    0    0
    399         0    616 ns 4400 00  1  1      1    0    0
    400         1  1.640 us 4400 00  1  1      1    0    0
    401         1    952 ns 4400 00  1  1      1    0    1
    402         0      8 ns 4400 00  1  1      1    0    1
    403         0      8 ns 4400 00  1  1      1    0    0
    404         1  2.976 us 4400 00  1  1      1    0    0
    405         1    944 ns 4400 00  1  1      1    0    1
    406         1      8 ns 4400 00  1  1      1    0    1
    407         0      8 ns 4400 00  1  1      1    0    1
    408         0      8 ns 4400 00  1  1      1    0    0
    409         1  2.976 us 4400 00  1  1      1    0    0
    410         1    952 ns 4400 00  1  1      1    0    1
    411         0      8 ns 4400 00  1  1      1    0    1
    412         0      8 ns 4400 00  1  1      1    0    1
    413         0      8 ns 4400 00  1  1      1    0    0
    414         1  2.976 us 4400 00  1  1      1    0    0
    415         1    944 ns 4400 00  1  1      1    0    1
    416         1      8 ns 4400 00  1  1      1    0    1
    417         0      8 ns 4400 00  1  1      1    0    1
    418         0      8 ns 4400 00  1  1      1    0    0
    419         1  1.000 us 4400 00  1  1      1    0    0
    420         1  2.920 us 4400 00  1  1      1    0    1
    421         1      8 ns 4400 00  1  1      1    0    1
    422         0      8 ns 4400 00  1  1      1    0    1
    423         0      8 ns 4400 00  1  1      1    0    0
    424         1  1.000 us 4400 00  1  1      1    0    0
    425         1  2.928 us 4400 00  1  1      1    0    1
    426         0      8 ns 4400 00  1  1      1    0    1
    427         0      8 ns 4400 00  1  1      1    0    1
    428         0      8 ns 4400 00  1  1      1    0    0
    429         0  1.936 us 4478 00  1  1      1    0    0
    430         0      8 ns 057D 00  1  1      1    0    0
    431         0      8 ns 017D 00  1  0      1    0    0
    432         0    976 ns 017D 00  1  0      1    1    0
    433         1     40 ns 017D 00  1  0      1    1    0
    434         1    104 ns 017D 03  1  0      1    1    0
    435         0    864 ns 017D 03  1  0      1    1    0
    436         0  1.952 us 017D 03  1  0      1    0    0
    437         1  1.032 us 017D 03  1  0      1    0    0
    438         1     88 ns 017D 41  1  0      1    0    0
    439         1      8 ns 017D 55  1  0      1    0    0
    440         1     40 ns 417D 55  1  0      1    0    0
    441         1    120 ns 457D 55  1  0      1    0    0
    442         1      8 ns 457D 55  1  0      1    0    0
    443         1      8 ns 457D 55  1  1      1    0    0
    444         1    248 ns 457D 51  1  1      1    0    0
    445         1     80 ns 457D 41  1  1      1    0    0
    446         1     48 ns 457D 01  1  1      1    0    0
    447         1    120 ns 457D 00  1  1      1    0    0
    448         0    192 ns 457D 00  1  1      1    0    0
    449         0    448 ns 456D 00  1  1      1    0    0
    450         0     32 ns 454D 00  1  1      1    0    0
    451         0    136 ns 454C 00  1  1      1    0    0
    452         0      8 ns 4544 00  1  1      1    0    0
    453         0     24 ns 4504 00  1  1      1    0    0
    454         0     24 ns 4500 00  1  1      1    0    0
    455         0    664 ns 4400 00  1  1      1    0    0
    456         1  1.648 us 4400 00  1  1      1    0    0
    457         1    952 ns 4400 00  1  1      1    0    1
    458         0      8 ns 4400 00  1  1      1    0    1
    459         0      8 ns 4400 00  1  1      1    0    0
    460         1  2.976 us 4400 00  1  1      1    0    0
    461         1    952 ns 4400 00  1  1      1    0    1
    462         0      8 ns 4400 00  1  1      1    0    1
    463         0      8 ns 4400 00  1  1      1    0    1
    464         0      8 ns 4400 00  1  1      1    0    0
    465         1  2.976 us 4400 00  1  1      1    0    0
    466         1    944 ns 4400 00  1  1      1    0    1
    467         1      8 ns 4400 00  1  1      1    0    1
    468         0      8 ns 4400 00  1  1      1    0    1
    469         0      8 ns 4400 00  1  1      1    0    0
    470         1  2.976 us 4400 00  1  1      1    0    0
    471         1    952 ns 4400 00  1  1      1    0    1
    472         0      8 ns 4400 00  1  1      1    0    1
    473         0      8 ns 4400 00  1  1      1    0    0
    474         1  2.976 us 4400 00  1  1      1    0    0
    475         1    952 ns 4400 00  1  1      1    0    1
    476         0      8 ns 4400 00  1  1      1    0    1
    477         0      8 ns 4400 00  1  1      1    0    1
    478         0      8 ns 4400 00  1  1      1    0    0
    479         1  2.976 us 4400 00  1  1      1    0    0
    480         1    944 ns 4400 00  1  1      1    0    1
    481         1      8 ns 4400 00  1  1      1    0    1
    482         0      8 ns 4400 00  1  1      1    0    1
    483         0      8 ns 4400 00  1  1      1    0    0
    484         0  1.944 us 457E 00  1  1      1    0    0
    485         0      8 ns 057E 00  1  0      1    0    0
    486         0      8 ns 017E 00  1  0      1    0    0
    487         0    968 ns 017E 00  1  0      1    1    0
    488         1     48 ns 017E 00  1  0      1    1    0
    489         0    960 ns 017E 00  1  0      1    1    0
    490         0  1.952 us 017E 00  1  0      1    0    0
    491         1  1.032 us 017E 00  1  0      1    0    0
    492         1     96 ns 017E AA  1  0      1    0    0
    493         1     24 ns 417E AA  1  0      1    0    0
    494         1     72 ns 457E AA  1  0      1    0    0
    495         1      8 ns 457E AA  1  0      1    0    0
    496         1      8 ns 457E AA  1  1      1    0    0
    497         1    344 ns 457E A2  1  1      1    0    0
    498         1      8 ns 457E 82  1  1      1    0    0
    499         1     88 ns 457E 80  1  1      1    0    0
    500         1    176 ns 457E 00  1  1      1    0    0
    501         1    128 ns 457E 80  1  1      1    0    0
    502         0      8 ns 457E 80  1  1      1    0    0
    503         0      8 ns 457E 00  1  1      1    0    0
    504         0    440 ns 456E 00  1  1      1    0    0
    505         0      8 ns 456E 00  1  1      1    0    0
    506         0      8 ns 454E 00  1  1      1    0    0
    507         0     96 ns 4542 00  1  1      1    0    0
    508         0     80 ns 4502 00  1  1      1    0    0
    509         0     64 ns 4500 00  1  1      1    0    0
    510         0    640 ns 4400 00  1  1      1    0    0
    511         1  1.648 us 4400 00  1  1      1    0    0
    512         1    952 ns 4400 00  1  1      1    0    1
    513         0      8 ns 4400 00  1  1      1    0    1
    514         0      8 ns 4400 00  1  1      1    0    0
    515         1  2.976 us 4400 00  1  1      1    0    0
    516         1    944 ns 4400 00  1  1      1    0    1
    517         1      8 ns 4400 00  1  1      1    0    1
    518         0      8 ns 4400 00  1  1      1    0    1
    519         0      8 ns 4400 00  1  1      1    0    0
    520         1  2.976 us 4400 00  1  1      1    0    0
    521         1    952 ns 4400 00  1  1      1    0    1
    522         0      8 ns 4400 00  1  1      1    0    1
    523         0      8 ns 4400 00  1  1      1    0    1
    524         0      8 ns 4400 00  1  1      1    0    0
    525         1  2.968 us 4400 00  1  1      1    0    0
    526         1    952 ns 4400 00  1  1      1    0    1
    527         1      8 ns 4400 00  1  1      1    0    1
    528         0      8 ns 4400 00  1  1      1    0    1
    529         0      8 ns 4400 00  1  1      1    0    0
    530         1  1.000 us 4400 00  1  1      1    0    0
    531         1  2.920 us 4400 00  1  1      1    0    1
    532         1      8 ns 4400 00  1  1      1    0    1
    533         0      8 ns 4400 00  1  1      1    0    1
    534         0      8 ns 4400 00  1  1      1    0    0
    535         1  1.000 us 4400 00  1  1      1    0    0
    536         1  2.928 us 4400 00  1  1      1    0    1
    537         0      8 ns 4400 00  1  1      1    0    1
    538         0      8 ns 4400 00  1  1      1    0    1
    539         0      8 ns 4400 00  1  1      1    0    0
    540         0  1.936 us 447E 00  1  1      1    0    0
    541         0      8 ns 057F 00  1  1      1    0    0
    542         0      8 ns 017F 00  1  0      1    0    0
    543         0    976 ns 017F 00  1  0      1    1    0
    544         1     40 ns 017F 00  1  0      1    1    0
    545         1    104 ns 017F 03  1  0      1    1    0
    546         0    856 ns 017F 03  1  0      1    1    0
    547         0  1.960 us 017F 03  1  0      1    0    0
    548         1  1.032 us 017F 03  1  0      1    0    0
    549         1     88 ns 017F 51  1  0      1    0    0
    550         1      8 ns 017F 55  1  0      1    0    0
    551         1     64 ns 417F 55  1  0      1    0    0
    552         1     96 ns 457F 55  1  0      1    0    0
    553         1      8 ns 457F 55  1  0      1    0    0
    554         1      8 ns 457F 55  1  1      1    0    0
    555         1    248 ns 457F 51  1  1      1    0    0
    556         1     80 ns 457F 41  1  1      1    0    0
    557         1     48 ns 457F 01  1  1      1    0    0
    558         1    120 ns 457F 00  1  1      1    0    0
    559         0    192 ns 457F 00  1  1      1    0    0
    560         0     24 ns 457E 00  1  1      1    0    0
    561         0     24 ns 457F 00  1  1      1    0    0
    562         0    384 ns 456E 00  1  1      1    0    0
    563         0      8 ns 456E 00  1  1      1    0    0
    564         0      8 ns 454E 00  1  1      1    0    0
    565         0     40 ns 454C 00  1  1      1    0    0
    566         0      8 ns 4548 00  1  1      1    0    0
    567         0     24 ns 4540 00  1  1      1    0    0
    568         0    112 ns 4500 00  1  1      1    0    0
    569         0    712 ns 4400 00  1  1      1    0    0
    570         1  1.640 us 4400 00  1  1      1    0    0
    571         1    952 ns 4400 00  1  1      1    0    1
    572         0      8 ns 4400 00  1  1      1    0    1
    573         0      8 ns 4400 00  1  1      1    0    0
    574         1  2.976 us 4400 00  1  1      1    0    0
    575         1    952 ns 4400 00  1  1      1    0    1
    576         0      8 ns 4400 00  1  1      1    0    1
    577         0      8 ns 4400 00  1  1      1    0    1
    578         0      8 ns 4400 00  1  1      1    0    0
    579         1  2.976 us 4400 00  1  1      1    0    0
    580         1    944 ns 4400 00  1  1      1    0    1
    581         1      8 ns 4400 00  1  1      1    0    1
    582         0      8 ns 4400 00  1  1      1    0    1
    583         0      8 ns 4400 00  1  1      1    0    0
    584         1  2.976 us 4400 00  1  1      1    0    0
    585         1    944 ns 4400 00  1  1      1    0    1
    586         1      8 ns 4400 00  1  1      1    0    1
    587         0      8 ns 4400 00  1  1      1    0    1
    588         0      8 ns 4400 00  1  1      1    0    0
    589         1  2.976 us 4400 00  1  1      1    0    0
    590         1    952 ns 4400 00  1  1      1    0    1
    591         0      8 ns 4400 00  1  1      1    0    1
    592         0      8 ns 4400 00  1  1      1    0    1
    593         0      8 ns 4400 00  1  1      1    0    0
    594         1  2.976 us 4400 00  1  1      1    0    0
    595         1    944 ns 4400 00  1  1      1    0    1
    596         1      8 ns 4400 00  1  1      1    0    1
    597         0      8 ns 4400 00  1  1      1    0    1
    598         0      8 ns 4400 00  1  1      1    0    0
    599         1  2.976 us 4400 00  1  1      1    0    0
    600         1    944 ns 4400 00  1  1      1    0    1
    601         1      8 ns 4400 00  1  1      1    0    1
    602         0      8 ns 4400 00  1  1      1    0    1
    603         0      8 ns 4400 00  1  1      1    0    0
    604         1  2.976 us 4400 00  1  1      1    0    0
    605         1    952 ns 4400 00  1  1      1    0    1
    606         0      8 ns 4400 00  1  1      1    0    1
    607         0      8 ns 4400 00  1  1      1    0    1
    608         0      8 ns 4400 00  1  1      1    0    0
    609         1  2.976 us 4400 00  1  1      1    0    0
    610         1    944 ns 4400 00  1  1      1    0    1
    611         1      8 ns 4400 00  1  1      1    0    1
    612         0      8 ns 4400 00  1  1      1    0    1
    613         0      8 ns 4400 00  1  1      1    0    0
    614         1  2.976 us 4400 00  1  1      1    0    0
    615         1    944 ns 4400 00  1  1      1    0    1
    616         1      8 ns 4400 00  1  1      1    0    1
    617         0      8 ns 4400 00  1  1      1    0    1
    618         0      8 ns 4400 00  1  1      1    0    0
    619         1  2.976 us 4400 00  1  1      1    0    0
    620         1    952 ns 4400 00  1  1      1    0    1
    621         0      8 ns 4400 00  1  1      1    0    1
    622         0      8 ns 4400 00  1  1      1    0    1
    623         0      8 ns 4400 00  1  1      1    0    0
    624         1  2.968 us 4400 00  1  1      1    0    0
    625         1    952 ns 4400 00  1  1      1    0    1
    626         1      8 ns 4400 00  1  1      1    0    1
    627         0      8 ns 4400 00  1  1      1    0    1
    628         0      8 ns 4400 00  1  1      1    0    0
    629         1  1.000 us 4400 00  1  1      1    0    0
    630         1  2.920 us 4400 00  1  1      1    0    1
    631         1      8 ns 4400 00  1  1      1    0    1
    632         0      8 ns 4400 00  1  1      1    0    1
    633         0      8 ns 4400 00  1  1      1    0    0
    634         1  1.000 us 4400 00  1  1      1    0    0
    635         1  2.928 us 4400 00  1  1      1    0    1
    636         0      8 ns 4400 00  1  1      1    0    1
    637         0      8 ns 4400 00  1  1      1    0    1
    638         0      8 ns 4400 00  1  1      1    0    0
    639         1  1.000 us 4400 00  1  1      1    0    0
    640         1  2.920 us 4400 00  1  1      1    0    1
    641         1      8 ns 4400 00  1  1      1    0    1
    642         0      8 ns 4400 00  1  1      1    0    1
    643         0      8 ns 4400 00  1  1      1    0    0
    644         1  1.000 us 4400 00  1  1      1    0    0
    645         1  2.920 us 4400 00  1  1      1    0    1
    646         1      8 ns 4400 00  1  1      1    0    1
    647         0      8 ns 4400 00  1  1      1    0    1
    648         0      8 ns 4400 00  1  1      1    0    0
    649         1  2.976 us 4400 00  1  1      1    0    0
    650         1    944 ns 4400 00  1  1      1    0    1
    651         1      8 ns 4400 00  1  1      1    0    1
    652         0      8 ns 4400 00  1  1      1    0    1
    653         0      8 ns 4400 00  1  1      1    0    0
    654         1  1.008 us 4400 00  1  1      1    0    0
    655         1  2.920 us 4400 00  1  1      1    0    1
    656         0      8 ns 4400 00  1  1      1    0    1
    657         0      8 ns 4400 00  1  1      1    0    1
    658         0      8 ns 4400 00  1  1      1    0    0
    659         1  2.976 us 4400 00  1  1      1    0    0
    660         1    944 ns 4400 00  1  1      1    0    1
    661         1      8 ns 4400 00  1  1      1    0    1
    662         0      8 ns 4400 00  1  1      1    0    1
    663         0      8 ns 4400 00  1  1      1    0    0
    664         1  2.976 us 4400 00  1  1      1    0    0
    665         1    944 ns 4400 00  1  1      1    0    1
    666         1      8 ns 4400 00  1  1      1    0    1
    667         0      8 ns 4400 00  1  1      1    0    1
    668         0      8 ns 4400 00  1  1      1    0    0
    669         1  2.976 us 4400 00  1  1      1    0    0
    670         1    952 ns 4400 00  1  1      1    0    1
    671         0      8 ns 4400 00  1  1      1    0    1
    672         0      8 ns 4400 00  1  1      1    0    1
    673         0      8 ns 4400 00  1  1      1    0    0
    674         1  1.000 us 4400 00  1  1      1    0    0
    675         1  2.920 us 4400 00  1  1      1    0    1
    676         1      8 ns 4400 00  1  1      1    0    1
    677         0      8 ns 4400 00  1  1      1    0    1
    678         0      8 ns 4400 00  1  1      1    0    0
    679         1  1.984 us 4400 00  1  1      1    0    0
    680         0  716.5 us 4400 00  1  1      1    0    0
    681         1  3.088 us 4400 00  1  1      1    0    0
    682         0    992 ns 4400 00  1  1      1    0    0
    683         1  3.104 us 4400 00  1  1      1    0    0
    684         0    992 ns 4400 00  1  1      1    0    0
    685         1  3.104 us 4400 00  1  1      1    0    0
    686         0    992 ns 4400 00  1  1      1    0    0
    687         1  3.104 us 4400 00  1  1      1    0    0
    688         0    992 ns 4400 00  1  1      1    0    0
    689         1  3.104 us 4400 00  1  1      1    0    0
    690         0    992 ns 4400 00  1  1      1    0    0
    691         1  3.104 us 4400 00  1  1      1    0    0
    692         0    992 ns 4400 00  1  1      1    0    0
    693         1  1.056 us 4400 00  1  1      1    0    0
    694         0  3.040 us 4400 00  1  1      1    0    0
    695         1  3.104 us 4400 00  1  1      1    0    0
    696         0    992 ns 4400 00  1  1      1    0    0
    697         1  3.104 us 4400 00  1  1      1    0    0
    698         0    992 ns 4400 00  1  1      1    0    0
    699         1  3.104 us 4400 00  1  1      1    0    0
    700         0    992 ns 4400 00  1  1      1    0    0
    701         1  3.104 us 4400 00  1  1      1    0    0
    702         0    992 ns 4400 00  1  1      1    0    0
    703         1  3.104 us 4400 00  1  1      1    0    0
    704         0    992 ns 4400 00  1  1      1    0    0
    705         1  3.104 us 4400 00  1  1      1    0    0
    706         0    992 ns 4400 00  1  1      1    0    0
    707         1  3.104 us 4400 00  1  1      1    0    0
    708         0    992 ns 4400 00  1  1      1    0    0
    709         1  3.104 us 4400 00  1  1      1    0    0
    710         0    992 ns 4400 00  1  1      1    0    0
    711         1  1.056 us 4400 00  1  1      1    0    0
    712         0  3.040 us 4400 00  1  1      1    0    0
    713         1  1.056 us 4400 00  1  1      1    0    0
    714         0  3.040 us 4400 00  1  1      1    0    0
    715         1  3.104 us 4400 00  1  1      1    0    0
    716         0    992 ns 4400 00  1  1      1    0    0
    717         1  3.104 us 4400 00  1  1      1    0    0
    718         0    992 ns 4400 00  1  1      1    0    0
    719         1  1.056 us 4400 00  1  1      1    0    0
    720         0  3.040 us 4400 00  1  1      1    0    0
    721         1  1.056 us 4400 00  1  1      1    0    0
    722         0  3.040 us 4400 00  1  1      1    0    0
    723         1  1.056 us 4400 00  1  1      1    0    0
    724         0  3.040 us 4400 00  1  1      1    0    0
    725         1  3.104 us 4400 00  1  1      1    0    0
    726         0    992 ns 4400 00  1  1      1    0    0
    727         1  1.056 us 4400 00  1  1      1    0    0
    728         0  3.040 us 4400 00  1  1      1    0    0
    729         1  1.056 us 4400 00  1  1      1    0    0
    730         1  1.576 us 4580 00  1  1      1    0    0
    731         1      8 ns 0180 00  1  0      1    0    0
    732         1    976 ns 0180 00  1  0      1    1    0
    733         1  2.960 us 0180 00  1  0      1    0    0
    734         1  1.128 us 0180 AA  1  0      1    0    0
    735         1     24 ns 4180 AA  1  0      1    0    0
    736         1      8 ns 4580 AA  1  0      1    0    0
    737         1     24 ns 4180 AA  1  0      1    0    0
    738         1     40 ns 4580 AA  1  0      1    0    0
    739         1      8 ns 4580 AA  1  0      1    0    0
    740         1      8 ns 4580 AA  1  1      1    0    0
    741         1    368 ns 4580 A2  1  1      1    0    0
    742         1      8 ns 4580 A2  1  1      1    0    0
    743         1      8 ns 4580 82  1  1      1    0    0
    744         1     88 ns 4580 80  1  1      1    0    0
    745         1    184 ns 4580 00  1  1      1    0    0
    746         1  1.200 us 4500 00  1  1      1    0    0
    747         1    304 ns 4400 00  1  1      1    0    0
    748         1     56 ns 4500 00  1  1      1    0    0
    749         1      8 ns 4500 00  1  1      1    0    0
    750         0      8 ns 4500 00  1  1      1    0    0
    751         0      8 ns 4500 00  1  1      1    0    0
    752         0      8 ns 4400 00  1  1      1    0    0
    753         0  1.936 us 4581 00  1  1      1    0    0
    754         0      8 ns 0581 00  1  1      1    0    0
    755         0      8 ns 0181 00  1  0      1    0    0
    756         0    976 ns 0181 00  1  0      1    1    0
    757         1     40 ns 0181 00  1  0      1    1    0
    758         1    104 ns 0181 03  1  0      1    1    0
    759         0    856 ns 0181 03  1  0      1    1    0
    760         0  1.960 us 0181 03  1  0      1    0    0
    761         1  1.032 us 0181 03  1  0      1    0    0
    762         1     88 ns 0181 51  1  0      1    0    0
    763         1      8 ns 0181 55  1  0      1    0    0
    764         1     40 ns 4181 55  1  0      1    0    0
    765         1    112 ns 4581 55  1  0      1    0    0
    766         1     24 ns 4581 55  1  1      1    0    0
    767         1    272 ns 4581 51  1  1      1    0    0
    768         1     80 ns 4581 41  1  1      1    0    0
    769         1     48 ns 4581 01  1  1      1    0    0
    770         1    120 ns 4581 00  1  1      1    0    0
    771         1    160 ns 4581 01  1  1      1    0    0
    772         0      8 ns 4581 00  1  1      1    0    0
    773         0    688 ns 4580 00  1  1      1    0    0
    774         0    408 ns 4500 00  1  1      1    0    0
    775         0    304 ns 4400 00  1  1      1    0    0
    776         1  1.584 us 4400 00  1  1      1    0    0
    777         1    952 ns 4400 00  1  1      1    0    1
    778         0      8 ns 4400 00  1  1      1    0    1
    779         0      8 ns 4400 00  1  1      1    0    0
    780         1  2.976 us 4400 00  1  1      1    0    0
    781         1    952 ns 4400 00  1  1      1    0    1
    782         0      8 ns 4400 00  1  1      1    0    1
    783         0      8 ns 4400 00  1  1      1    0    1
    784         0      8 ns 4400 00  1  1      1    0    0
    785         1  2.976 us 4400 00  1  1      1    0    0
    786         1    944 ns 4400 00  1  1      1    0    1
    787         1      8 ns 4400 00  1  1      1    0    1
    788         0      8 ns 4400 00  1  1      1    0    1
    789         0      8 ns 4400 00  1  1      1    0    0
    790         1  2.976 us 4400 00  1  1      1    0    0
    791         1    944 ns 4400 00  1  1      1    0    1
    792         1      8 ns 4400 00  1  1      1    0    1
    793         0      8 ns 4400 00  1  1      1    0    1
    794         0      8 ns 4400 00  1  1      1    0    0
    795         1  2.976 us 4400 00  1  1      1    0    0
    796         1    952 ns 4400 00  1  1      1    0    1
    797         0      8 ns 4400 00  1  1      1    0    1
    798         0      8 ns 4400 00  1  1      1    0    1
    799         0      8 ns 4400 00  1  1      1    0    0
    800         1  2.968 us 4400 00  1  1      1    0    0
    801         1    952 ns 4400 00  1  1      1    0    1
    802         1      8 ns 4400 00  1  1      1    0    1
    803         0      8 ns 4400 00  1  1      1    0    1
    804         0      8 ns 4400 00  1  1      1    0    0
    805         0  1.944 us 4582 00  1  1      1    0    0
    806         0      8 ns 0182 00  1  0      1    0    0
    807         0    976 ns 0182 00  1  0      1    1    0
    808         1     48 ns 0182 00  1  0      1    1    0
    809         0    960 ns 0182 00  1  0      1    1    0
    810         0  1.952 us 0182 00  1  0      1    0    0
    811         1  1.032 us 0182 00  1  0      1    0    0
    812         1     96 ns 0182 AA  1  0      1    0    0
    813         1     24 ns 4182 AA  1  0      1    0    0
    814         1     72 ns 4582 AA  1  0      1    0    0
    815         1      8 ns 4582 AA  1  0      1    0    0
    816         1      8 ns 4582 AA  1  1      1    0    0
    817         1    352 ns 4582 A2  1  1      1    0    0
    818         1      8 ns 4582 A2  1  1      1    0    0
    819         1      8 ns 4582 82  1  1      1    0    0
    820         1     80 ns 4582 80  1  1      1    0    0
    821         1    192 ns 4582 00  1  1      1    0    0
    822         1     96 ns 4582 80  1  1      1    0    0
    823         1      8 ns 4582 80  1  1      1    0    0
    824         0      8 ns 4582 80  1  1      1    0    0
    825         0      8 ns 4582 80  1  1      1    0    0
    826         0      8 ns 4582 00  1  1      1    0    0
    827         0  1.040 us 4580 00  1  1      1    0    0
    828         0     32 ns 4500 00  1  1      1    0    0
    829         0    312 ns 4400 00  1  1      1    0    0
    830         1  1.584 us 4400 00  1  1      1    0    0
    831         1    952 ns 4400 00  1  1      1    0    1
    832         1      8 ns 4400 00  1  1      1    0    1
    833         0      8 ns 4400 00  1  1      1    0    1
    834         0      8 ns 4400 00  1  1      1    0    0
    835         1  2.976 us 4400 00  1  1      1    0    0
    836         1    944 ns 4400 00  1  1      1    0    1
    837         1      8 ns 4400 00  1  1      1    0    1
    838         0      8 ns 4400 00  1  1      1    0    1
    839         0      8 ns 4400 00  1  1      1    0    0
    840         1  2.976 us 4400 00  1  1      1    0    0
    841         1    952 ns 4400 00  1  1      1    0    1
    842         0      8 ns 4400 00  1  1      1    0    1
    843         0      8 ns 4400 00  1  1      1    0    1
    844         0      8 ns 4400 00  1  1      1    0    0
    845         1  2.968 us 4400 00  1  1      1    0    0
    846         1    952 ns 4400 00  1  1      1    0    1
    847         0      8 ns 4400 00  1  1      1    0    1
    848         0      8 ns 4400 00  1  1      1    0    1
    849         0      8 ns 4400 00  1  1      1    0    0
    850         1  1.000 us 4400 00  1  1      1    0    0
    851         1  2.920 us 4400 00  1  1      1    0    1
    852         1      8 ns 4400 00  1  1      1    0    1
    853         0      8 ns 4400 00  1  1      1    0    1
    854         0      8 ns 4400 00  1  1      1    0    0
    855         1  1.000 us 4400 00  1  1      1    0    0
    856         1  2.920 us 4400 00  1  1      1    0    1
    857         1      8 ns 4400 00  1  1      1    0    1
    858         0      8 ns 4400 00  1  1      1    0    1
    859         0      8 ns 4400 00  1  1      1    0    0
    860         0  1.944 us 4583 00  1  1      1    0    0
    861         0      8 ns 0583 00  1  1      1    0    0
    862         0      8 ns 0183 00  1  0      1    0    0
    863         0    968 ns 0183 00  1  0      1    1    0
    864         1     48 ns 0183 00  1  0      1    1    0
    865         1    104 ns 0183 03  1  0      1    1    0
    866         0    856 ns 0183 03  1  0      1    1    0
    867         0  1.960 us 0183 03  1  0      1    0    0
    868         1  1.032 us 0183 03  1  0      1    0    0
    869         1     88 ns 0183 51  1  0      1    0    0
    870         1      8 ns 0183 55  1  0      1    0    0
    871         1     48 ns 4183 55  1  0      1    0    0
    872         1    112 ns 4583 55  1  0      1    0    0
    873         1      8 ns 4583 55  1  0      1    0    0
    874         1      8 ns 4583 55  1  1      1    0    0
    875         1    248 ns 4583 51  1  1      1    0    0
    876         1     80 ns 4583 41  1  1      1    0    0
    877         1     48 ns 4583 01  1  1      1    0    0
    878         1    120 ns 4583 00  1  1      1    0    0
    879         0    192 ns 4583 00  1  1      1    0    0
    880         0     32 ns 4582 00  1  1      1    0    0
    881         0      8 ns 4583 00  1  1      1    0    0
    882         0    464 ns 4582 00  1  1      1    0    0
    883         0    288 ns 4580 00  1  1      1    0    0
    884         0    288 ns 4500 00  1  1      1    0    0
    885         0    304 ns 4400 00  1  1      1    0    0
    886         1  1.600 us 4400 00  1  1      1    0    0
    887         1    952 ns 4400 00  1  1      1    0    1
    888         0      8 ns 4400 00  1  1      1    0    1
    889         0      8 ns 4400 00  1  1      1    0    0
    890         1  2.976 us 4400 00  1  1      1    0    0
    891         1    952 ns 4400 00  1  1      1    0    1
    892         0      8 ns 4400 00  1  1      1    0    1
    893         0      8 ns 4400 00  1  1      1    0    1
    894         0      8 ns 4400 00  1  1      1    0    0
    895         1  2.976 us 4400 00  1  1      1    0    0
    896         1    944 ns 4400 00  1  1      1    0    1
    897         1      8 ns 4400 00  1  1      1    0    1
    898         0      8 ns 4400 00  1  1      1    0    1
    899         0      8 ns 4400 00  1  1      1    0    0
    900         1  2.976 us 4400 00  1  1      1    0    0
    901         1    944 ns 4400 00  1  1      1    0    1
    902         1      8 ns 4400 00  1  1      1    0    1
    903         0      8 ns 4400 00  1  1      1    0    1
    904         0      8 ns 4400 00  1  1      1    0    0
    905         1  2.976 us 4400 00  1  1      1    0    0
    906         1    952 ns 4400 00  1  1      1    0    1
    907         0      8 ns 4400 00  1  1      1    0    1
    908         0      8 ns 4400 00  1  1      1    0    1
    909         0      8 ns 4400 00  1  1      1    0    0
    910         1  2.976 us 4400 00  1  1      1    0    0
    911         1    944 ns 4400 00  1  1      1    0    1
    912         1      8 ns 4400 00  1  1      1    0    1
    913         0      8 ns 4400 00  1  1      1    0    1
    914         0      8 ns 4400 00  1  1      1    0    0
    915         0  1.944 us 4584 00  1  1      1    0    0
    916         0      8 ns 0184 00  1  0      1    0    0
    917         0    976 ns 0184 00  1  0      1    1    0
    918         1     48 ns 0184 00  1  0      1    1    0
    919         0    960 ns 0184 00  1  0      1    1    0
    920         0  1.952 us 0184 00  1  0      1    0    0
    921         1  1.032 us 0184 00  1  0      1    0    0
    922         1     96 ns 0184 AA  1  0      1    0    0
    923         1     24 ns 4184 AA  1  0      1    0    0
    924         1     72 ns 4584 AA  1  0      1    0    0
    925         1      8 ns 4584 AA  1  0      1    0    0
    926         1      8 ns 4584 AA  1  1      1    0    0
    927         1    344 ns 4584 A2  1  1      1    0    0
    928         1      8 ns 4584 A2  1  1      1    0    0
    929         1      8 ns 4584 82  1  1      1    0    0
    930         1     88 ns 4584 80  1  1      1    0    0
    931         1    176 ns 4584 00  1  1      1    0    0
    932         1    120 ns 4584 80  1  1      1    0    0
    933         0      8 ns 4584 80  1  1      1    0    0
    934         0      8 ns 4584 00  1  1      1    0    0
    935         0  1.024 us 4580 00  1  1      1    0    0
    936         0     48 ns 4500 00  1  1      1    0    0
    937         0    304 ns 4400 00  1  1      1    0    0
    938         1  1.600 us 4400 00  1  1      1    0    0
    939         1    960 ns 4400 00  1  1      1    0    1
    940         0      8 ns 4400 00  1  1      1    0    0
    941         1  2.984 us 4400 00  1  1      1    0    0
    942         1    944 ns 4400 00  1  1      1    0    1
    943         1      8 ns 4400 00  1  1      1    0    1
    944         0      8 ns 4400 00  1  1      1    0    1
    945         0      8 ns 4400 00  1  1      1    0    0
    946         1  2.976 us 4400 00  1  1      1    0    0
    947         1    952 ns 4400 00  1  1      1    0    1
    948         0      8 ns 4400 00  1  1      1    0    1
    949         0      8 ns 4400 00  1  1      1    0    0
    950         1  2.976 us 4400 00  1  1      1    0    0
    951         1    952 ns 4400 00  1  1      1    0    1
    952         0      8 ns 4400 00  1  1      1    0    1
    953         0      8 ns 4400 00  1  1      1    0    1
    954         0      8 ns 4400 00  1  1      1    0    0
    955         1  1.000 us 4400 00  1  1      1    0    0
    956         1  2.920 us 4400 00  1  1      1    0    1
    957         1      8 ns 4400 00  1  1      1    0    1
    958         0      8 ns 4400 00  1  1      1    0    1
    959         0      8 ns 4400 00  1  1      1    0    0
    960         1  1.000 us 4400 00  1  1      1    0    0
    961         1  2.920 us 4400 00  1  1      1    0    1
    962         1      8 ns 4400 00  1  1      1    0    1
    963         0      8 ns 4400 00  1  1      1    0    1
    964         0      8 ns 4400 00  1  1      1    0    0
    965         0  1.944 us 4585 00  1  1      1    0    0
    966         0      8 ns 0585 00  1  1      1    0    0
    967         0      8 ns 0185 00  1  0      1    0    0
    968         0    968 ns 0185 00  1  0      1    1    0
    969         1     48 ns 0185 00  1  0      1    1    0
    970         1    104 ns 0185 03  1  0      1    1    0
    971         0    856 ns 0185 03  1  0      1    1    0
    972         0  1.960 us 0185 03  1  0      1    0    0
    973         1  1.032 us 0185 03  1  0      1    0    0
    974         1     88 ns 0185 51  1  0      1    0    0
    975         1      8 ns 0185 55  1  0      1    0    0
    976         1     40 ns 4185 55  1  0      1    0    0
    977         1    112 ns 4585 55  1  0      1    0    0
    978         1     24 ns 4585 55  1  1      1    0    0
    979         1    248 ns 4585 51  1  1      1    0    0
    980         1     80 ns 4585 41  1  1      1    0    0
    981         1     48 ns 4585 01  1  1      1    0    0
    982         1    120 ns 4585 00  1  1      1    0    0
    983         1    184 ns 4585 01  1  1      1    0    0
    984         0      8 ns 4585 00  1  1      1    0    0
    985         0    640 ns 4584 00  1  1      1    0    0
    986         0    320 ns 4580 00  1  1      1    0    0
    987         0    112 ns 4500 00  1  1      1    0    0
    988         0    304 ns 4400 00  1  1      1    0    0
    989         1  1.608 us 4400 00  1  1      1    0    0
    990         1    952 ns 4400 00  1  1      1    0    1
    991         0      8 ns 4400 00  1  1      1    0    1
    992         0      8 ns 4400 00  1  1      1    0    0
    993         1  2.976 us 4400 00  1  1      1    0    0
    994         1    952 ns 4400 00  1  1      1    0    1
    995         0      8 ns 4400 00  1  1      1    0    1
    996         0      8 ns 4400 00  1  1      1    0    1
    997         0      8 ns 4400 00  1  1      1    0    0
    998         1  2.976 us 4400 00  1  1      1    0    0
    999         1    944 ns 4400 00  1  1      1    0    1
   1000         1      8 ns 4400 00  1  1      1    0    1
   1001         0      8 ns 4400 00  1  1      1    0    1
   1002         0      8 ns 4400 00  1  1      1    0    0
   1003         1  2.976 us 4400 00  1  1      1    0    0
   1004         1    944 ns 4400 00  1  1      1    0    1
   1005         1      8 ns 4400 00  1  1      1    0    1
   1006         0      8 ns 4400 00  1  1      1    0    1
   1007         0      8 ns 4400 00  1  1      1    0    0
   1008         1  2.976 us 4400 00  1  1      1    0    0
   1009         1    952 ns 4400 00  1  1      1    0    1
   1010         0      8 ns 4400 00  1  1      1    0    1
   1011         0      8 ns 4400 00  1  1      1    0    1
   1012         0      8 ns 4400 00  1  1      1    0    0
   1013         1  2.976 us 4400 00  1  1      1    0    0
   1014         1    944 ns 4400 00  1  1      1    0    1
   1015         1      8 ns 4400 00  1  1      1    0    1
   1016         0      8 ns 4400 00  1  1      1    0    1
   1017         0      8 ns 4400 00  1  1      1    0    0
   1018         0  1.944 us 4586 00  1  1      1    0    0
   1019         0      8 ns 0186 00  1  0      1    0    0
   1020         0    976 ns 0186 00  1  0      1    1    0
   1021         1     48 ns 0186 00  1  0      1    1    0
   1022         0    960 ns 0186 00  1  0      1    1    0
   1023         0  1.952 us 0186 00  1  0      1    0    0
   1024         1  1.032 us 0186 00  1  0      1    0    0
   1025         1     96 ns 0186 AA  1  0      1    0    0
   1026         1     24 ns 4186 AA  1  0      1    0    0
   1027         1     72 ns 4586 AA  1  0      1    0    0
   1028         1      8 ns 4586 AA  1  0      1    0    0
   1029         1      8 ns 4586 AA  1  1      1    0    0
   1030         1    344 ns 4586 A2  1  1      1    0    0
   1031         1      8 ns 4586 A2  1  1      1    0    0
   1032         1      8 ns 4586 82  1  1      1    0    0
   1033         1     80 ns 4586 80  1  1      1    0    0
   1034         1    184 ns 4586 00  1  1      1    0    0
   1035         1    120 ns 4586 80  1  1      1    0    0
   1036         0      8 ns 4586 80  1  1      1    0    0
   1037         0      8 ns 4586 00  1  1      1    0    0
   1038         0    824 ns 4582 00  1  1      1    0    0
   1039         0      8 ns 4582 00  1  1      1    0    0
   1040         0      8 ns 4580 00  1  1      1    0    0
   1041         0    224 ns 4500 00  1  1      1    0    0
   1042         0    312 ns 4400 00  1  1      1    0    0
   1043         1  1.600 us 4400 00  1  1      1    0    0
   1044         0    960 ns 4400 00  1  1      1    0    1
   1045         0      8 ns 4400 00  1  1      1    0    0
   1046         1  2.984 us 4400 00  1  1      1    0    0
   1047         1    944 ns 4400 00  1  1      1    0    1
   1048         1      8 ns 4400 00  1  1      1    0    1
   1049         0      8 ns 4400 00  1  1      1    0    1
   1050         0      8 ns 4400 00  1  1      1    0    0
   1051         1  2.976 us 4400 00  1  1      1    0    0
   1052         1    952 ns 4400 00  1  1      1    0    1
   1053         0      8 ns 4400 00  1  1      1    0    1
   1054         0      8 ns 4400 00  1  1      1    0    0
   1055         1  2.976 us 4400 00  1  1      1    0    0
   1056         1    952 ns 4400 00  1  1      1    0    1
   1057         0      8 ns 4400 00  1  1      1    0    1
   1058         0      8 ns 4400 00  1  1      1    0    1
   1059         0      8 ns 4400 00  1  1      1    0    0
   1060         1  1.000 us 4400 00  1  1      1    0    0
   1061         1  2.920 us 4400 00  1  1      1    0    1
   1062         1      8 ns 4400 00  1  1      1    0    1
   1063         0      8 ns 4400 00  1  1      1    0    1
   1064         0      8 ns 4400 00  1  1      1    0    0
   1065         1  1.000 us 4400 00  1  1      1    0    0
   1066         1  2.920 us 4400 00  1  1      1    0    1
   1067         1      8 ns 4400 00  1  1      1    0    1
   1068         0      8 ns 4400 00  1  1      1    0    1
   1069         0      8 ns 4400 00  1  1      1    0    0
   1070         0  1.944 us 4587 00  1  1      1    0    0
   1071         0      8 ns 0587 00  1  1      1    0    0
   1072         0      8 ns 0187 00  1  0      1    0    0
   1073         0    968 ns 0187 00  1  0      1    1    0
   1074         1     48 ns 0187 00  1  0      1    1    0
   1075         1    104 ns 0187 03  1  0      1    1    0
   1076         0    856 ns 0187 03  1  0      1    1    0
   1077         0  1.952 us 0187 03  1  0      1    0    0
   1078         1  1.040 us 0187 03  1  0      1    0    0
   1079         1     88 ns 0187 51  1  0      1    0    0
   1080         1      8 ns 0187 55  1  0      1    0    0
   1081         1     40 ns 4187 55  1  0      1    0    0
   1082         1    112 ns 4587 55  1  0      1    0    0
   1083         1     24 ns 4587 55  1  1      1    0    0
   1084         1    240 ns 4587 51  1  1      1    0    0
   1085         1     88 ns 4587 41  1  1      1    0    0
   1086         1     48 ns 4587 01  1  1      1    0    0
   1087         1    112 ns 4587 00  1  1      1    0    0
   1088         0    200 ns 4587 00  1  1      1    0    0
   1089         0     24 ns 4586 00  1  1      1    0    0
   1090         0      8 ns 4586 00  1  1      1    0    0
   1091         0      8 ns 4587 00  1  1      1    0    0
   1092         0    424 ns 4586 00  1  1      1    0    0
   1093         0    152 ns 4584 00  1  1      1    0    0
   1094         0    144 ns 4580 00  1  1      1    0    0
   1095         0    312 ns 4500 00  1  1      1    0    0
   1096         0    304 ns 4400 00  1  1      1    0    0
   1097         1  1.608 us 4400 00  1  1      1    0    0
   1098         1    952 ns 4400 00  1  1      1    0    1
   1099         0      8 ns 4400 00  1  1      1    0    1
   1100         0      8 ns 4400 00  1  1      1    0    0
   1101         1  2.976 us 4400 00  1  1      1    0    0
   1102         1    952 ns 4400 00  1  1      1    0    1
   1103         0      8 ns 4400 00  1  1      1    0    1
   1104         0      8 ns 4400 00  1  1      1    0    1
   1105         0      8 ns 4400 00  1  1      1    0    0
   1106         1  2.976 us 4400 00  1  1      1    0    0
   1107         1    944 ns 4400 00  1  1      1    0    1
   1108         1      8 ns 4400 00  1  1      1    0    1
   1109         0      8 ns 4400 00  1  1      1    0    1
   1110         0      8 ns 4400 00  1  1      1    0    0
   1111         1  2.976 us 4400 00  1  1      1    0    0
   1112         1    944 ns 4400 00  1  1      1    0    1
   1113         1      8 ns 4400 00  1  1      1    0    1
   1114         0      8 ns 4400 00  1  1      1    0    1
   1115         0      8 ns 4400 00  1  1      1    0    0
   1116         1  2.976 us 4400 00  1  1      1    0    0
   1117         1    952 ns 4400 00  1  1      1    0    1
   1118         0      8 ns 4400 00  1  1      1    0    1
   1119         0      8 ns 4400 00  1  1      1    0    1
   1120         0      8 ns 4400 00  1  1      1    0    0
   1121         1  2.968 us 4400 00  1  1      1    0    0
   1122         1    952 ns 4400 00  1  1      1    0    1
   1123         1      8 ns 4400 00  1  1      1    0    1
   1124         0      8 ns 4400 00  1  1      1    0    1
   1125         0      8 ns 4400 00  1  1      1    0    0
   1126         0  1.944 us 4588 00  1  1      1    0    0
   1127         0      8 ns 0188 00  1  0      1    0    0
   1128         0    976 ns 0188 00  1  0      1    1    0
   1129         1     48 ns 0188 00  1  0      1    1    0
   1130         0    960 ns 0188 00  1  0      1    1    0
   1131         0  1.952 us 0188 00  1  0      1    0    0
   1132         1  1.032 us 0188 00  1  0      1    0    0
   1133         1     96 ns 0188 AA  1  0      1    0    0
   1134         1     24 ns 4188 AA  1  0      1    0    0
   1135         1     72 ns 4588 AA  1  0      1    0    0
   1136         1      8 ns 4588 AA  1  0      1    0    0
   1137         1      8 ns 4588 AA  1  1      1    0    0
   1138         1    344 ns 4588 A2  1  1      1    0    0
   1139         1      8 ns 4588 82  1  1      1    0    0
   1140         1     88 ns 4588 80  1  1      1    0    0
   1141         1    184 ns 4588 00  1  1      1    0    0
   1142         1    112 ns 4588 80  1  1      1    0    0
   1143         1      8 ns 4588 80  1  1      1    0    0
   1144         0      8 ns 4588 80  1  1      1    0    0
   1145         0      8 ns 4588 00  1  1      1    0    0
   1146         0  1.072 us 4580 00  1  1      1    0    0
   1147         0      8 ns 4500 00  1  1      1    0    0
   1148         0    296 ns 4400 00  1  1      1    0    0
   1149         1  1.600 us 4400 00  1  1      1    0    0
   1150         1    952 ns 4400 00  1  1      1    0    1
   1151         0      8 ns 4400 00  1  1      1    0    1
   1152         0      8 ns 4400 00  1  1      1    0    0
   1153         1  2.984 us 4400 00  1  1      1    0    0
   1154         1    944 ns 4400 00  1  1      1    0    1
   1155         1      8 ns 4400 00  1  1      1    0    1
   1156         0      8 ns 4400 00  1  1      1    0    1
   1157         0      8 ns 4400 00  1  1      1    0    0
   1158         1  2.976 us 4400 00  1  1      1    0    0
   1159         1    944 ns 4400 00  1  1      1    0    1
   1160         1      8 ns 4400 00  1  1      1    0    1
   1161         0      8 ns 4400 00  1  1      1    0    1
   1162         0      8 ns 4400 00  1  1      1    0    0
   1163         1  2.976 us 4400 00  1  1      1    0    0
   1164         1    952 ns 4400 00  1  1      1    0    1
   1165         0      8 ns 4400 00  1  1      1    0    1
   1166         0      8 ns 4400 00  1  1      1    0    1
   1167         0      8 ns 4400 00  1  1      1    0    0

Time Printed: 06 Jun 2004 21:36:15  ---  Time Acquired: 06 Jun 2004 21:32:35
