MACHINE 1   -  State Listing                                                    

                                                                    
Label    > SERIAL   Time    A    D  WE OE DETECT UNK1 UNK2 
Base     > Binary Relative  Hex  He Bi Bi Binary Bina Bina 
__________ ______ _________ ____ __ __ __ ______ ____ ____ 

      0         0    984 ns 4005 00  1  1      1    1    1
      1         0    984 ns 4005 00  1  1      1    0    1
      2         1    832 ns 4005 00  1  1      1    0    1
      3         0    984 ns 4005 00  1  1      1    0    1
      4         0    912 ns 4004 00  1  1      1    0    1
      5         0     24 ns 4000 00  1  1      1    0    1
      6         0  2.152 us 4000 00  1  1      1    0    0
      7         1     24 ns 4000 00  1  1      1    0    0
      8         0    984 ns 4000 00  1  1      1    0    0
      9         1  3.112 us 4000 00  1  1      1    0    0
     10         0    984 ns 4000 00  1  1      1    0    0
     11         1  3.112 us 4000 00  1  1      1    0    0
     12         0    992 ns 4000 00  1  1      1    0    0
     13         1  3.104 us 4000 00  1  1      1    0    0
     14         0    992 ns 4000 00  1  1      1    0    0
     15         1  3.104 us 4000 00  1  1      1    0    0
     16         0    992 ns 4000 00  1  1      1    0    0
     17         1  3.104 us 4000 00  1  1      1    0    0
     18         0    992 ns 4000 00  1  1      1    0    0
     19         0  2.224 us 4006 00  1  1      1    0    1
     20         1    880 ns 4006 00  1  1      1    0    1
     21         1    104 ns 4006 00  1  1      1    1    1
     22         0    888 ns 4006 00  1  1      1    1    1
     23         0    104 ns 4006 00  0  1      1    1    1
     24         0    984 ns 4006 00  1  1      1    1    1
     25         0    992 ns 4006 00  1  1      1    0    1
     26         1  1.024 us 4006 00  1  1      1    0    1
     27         0    992 ns 4006 00  1  1      1    0    1
     28         0    600 ns 4004 00  1  1      1    0    1
     29         0      8 ns 4004 00  1  1      1    0    1
     30         0      8 ns 4000 00  1  1      1    0    1
     31         0  2.288 us 4000 00  1  1      1    0    0
     32         1    200 ns 4000 00  1  1      1    0    0
     33         0    992 ns 4000 00  1  1      1    0    0
     34         1  3.104 us 4000 00  1  1      1    0    0
     35         0    992 ns 4000 00  1  1      1    0    0
     36         1  3.104 us 4000 00  1  1      1    0    0
     37         0    992 ns 4000 00  1  1      1    0    0
     38         1  3.104 us 4000 00  1  1      1    0    0
     39         0    992 ns 4000 00  1  1      1    0    0
     40         1  3.104 us 4000 00  1  1      1    0    0
     41         0    992 ns 4000 00  1  1      1    0    0
     42         1  3.104 us 4000 00  1  1      1    0    0
     43         0    992 ns 4000 00  1  1      1    0    0
     44         0  2.024 us 4007 00  1  1      1    0    1
     45         0    984 ns 4007 00  1  1      1    1    1
     46         1     96 ns 4007 00  1  1      1    1    1
     47         1    896 ns 4007 00  0  1      1    1    1
     48         0     96 ns 4007 00  0  1      1    1    1
     49         0    888 ns 4007 00  1  1      1    1    1
     50         0    992 ns 4007 00  1  1      1    0    1
     51         1  1.224 us 4007 00  1  1      1    0    1
     52         0    984 ns 4007 00  1  1      1    0    1
     53         0    216 ns 4005 00  1  1      1    0    1
     54         0     80 ns 4004 00  1  1      1    0    1
     55         0     48 ns 4000 00  1  1      1    0    1
     56         0  2.360 us 4000 00  1  1      1    0    0
     57         1    408 ns 4000 00  1  1      1    0    0
     58         0    992 ns 4000 00  1  1      1    0    0
     59         1  3.104 us 4000 00  1  1      1    0    0
     60         0    992 ns 4000 00  1  1      1    0    0
     61         1  3.104 us 4000 00  1  1      1    0    0
     62         0    992 ns 4000 00  1  1      1    0    0
     63         1  3.104 us 4000 00  1  1      1    0    0
     64         0    992 ns 4000 00  1  1      1    0    0
     65         1  3.104 us 4000 00  1  1      1    0    0
     66         0    992 ns 4000 00  1  1      1    0    0
     67         1  3.104 us 4000 00  1  1      1    0    0
     68         0    992 ns 4000 00  1  1      1    0    0
     69         0  2.320 us 4008 00  1  1      1    0    1
     70         1    784 ns 4008 00  1  1      1    0    1
     71         1    200 ns 4008 00  1  1      1    1    1
     72         0    792 ns 4008 00  1  1      1    1    1
     73         0    200 ns 4008 00  0  1      1    1    1
     74         0    984 ns 4008 00  1  1      1    1    1
     75         0    984 ns 4008 00  1  1      1    0    1
     76         1    936 ns 4008 00  1  1      1    0    1
     77         0    992 ns 4008 00  1  1      1    0    1
     78         0    912 ns 4000 00  1  1      1    0    1
     79         0  2.072 us 4000 00  1  1      1    0    0
     80         1    120 ns 4000 00  1  1      1    0    0
     81         0    992 ns 4000 00  1  1      1    0    0
     82         1  3.104 us 4000 00  1  1      1    0    0
     83         0    992 ns 4000 00  1  1      1    0    0
     84         1  3.104 us 4000 00  1  1      1    0    0
     85         0    992 ns 4000 00  1  1      1    0    0
     86         1  3.104 us 4000 00  1  1      1    0    0
     87         0    992 ns 4000 00  1  1      1    0    0
     88         1  3.104 us 4000 00  1  1      1    0    0
     89         0    992 ns 4000 00  1  1      1    0    0
     90         1  3.104 us 4000 00  1  1      1    0    0
     91         0    992 ns 4000 00  1  1      1    0    0
     92         0  2.120 us 4009 00  1  1      1    0    1
     93         1    984 ns 4009 00  1  1      1    1    1
     94         0    992 ns 4009 00  0  1      1    1    1
     95         0    984 ns 4009 00  1  1      1    1    1
     96         0    984 ns 4009 00  1  1      1    0    1
     97         1  1.136 us 4009 00  1  1      1    0    1
     98         0    992 ns 4009 00  1  1      1    0    1
     99         0    648 ns 4008 00  1  1      1    0    1
    100         0     56 ns 4000 00  1  1      1    0    1
    101         0  2.080 us 4000 00  1  1      1    0    0
    102         1    328 ns 4000 00  1  1      1    0    0
    103         0    984 ns 4000 00  1  1      1    0    0
    104         1  3.104 us 4000 00  1  1      1    0    0
    105         0    992 ns 4000 00  1  1      1    0    0
    106         1  3.104 us 4000 00  1  1      1    0    0
    107         0    992 ns 4000 00  1  1      1    0    0
    108         1  3.104 us 4000 00  1  1      1    0    0
    109         0    992 ns 4000 00  1  1      1    0    0
    110         1  3.104 us 4000 00  1  1      1    0    0
    111         0    992 ns 4000 00  1  1      1    0    0
    112         1  3.104 us 4000 00  1  1      1    0    0
    113         0    992 ns 4000 00  1  1      1    0    0
    114         0  2.408 us 4000 00  1  1      1    0    1
    115         0      8 ns 400A 00  1  1      1    0    1
    116         1    688 ns 400A 00  1  1      1    0    1
    117         1    296 ns 400A 00  1  1      1    1    1
    118         0    696 ns 400A 00  1  1      1    1    1
    119         0    288 ns 400A 00  0  1      1    1    1
    120         0    992 ns 400A 00  1  1      1    1    1
    121         0    984 ns 400A 00  1  1      1    0    1
    122         1    848 ns 400A 00  1  1      1    0    1
    123         0    984 ns 400A 00  1  1      1    0    1
    124         0    928 ns 4008 00  1  1      1    0    1
    125         0     24 ns 4000 00  1  1      1    0    1
    126         0  2.136 us 4000 00  1  1      1    0    0
    127         1     24 ns 4000 00  1  1      1    0    0
    128         0    984 ns 4000 00  1  1      1    0    0
    129         1  3.104 us 4000 00  1  1      1    0    0
    130         0    992 ns 4000 00  1  1      1    0    0
    131         1  3.104 us 4000 00  1  1      1    0    0
    132         0    992 ns 4000 00  1  1      1    0    0
    133         1  3.104 us 4000 00  1  1      1    0    0
    134         0    992 ns 4000 00  1  1      1    0    0
    135         1  3.104 us 4000 00  1  1      1    0    0
    136         0    992 ns 4000 00  1  1      1    0    0
    137         1  3.112 us 4000 00  1  1      1    0    0
    138         0    984 ns 4000 00  1  1      1    0    0
    139         0  2.216 us 400B 00  1  1      1    0    1
    140         1    888 ns 400B 00  1  1      1    0    1
    141         1     96 ns 400B 00  1  1      1    1    1
    142         0    896 ns 400B 00  1  1      1    1    1
    143         0     96 ns 400B 00  0  1      1    1    1
    144         0    984 ns 400B 00  1  1      1    1    1
    145         0    984 ns 400B 00  1  1      1    0    1
    146         1  1.048 us 400B 00  1  1      1    0    1
    147         0    984 ns 400B 00  1  1      1    0    1
    148         0    536 ns 4009 00  1  1      1    0    1
    149         0      8 ns 4009 00  1  1      1    0    1
    150         0      8 ns 4008 00  1  1      1    0    1
    151         0    200 ns 4000 00  1  1      1    0    1
    152         0  2.136 us 4000 00  1  1      1    0    0
    153         1    224 ns 4000 00  1  1      1    0    0
    154         0    984 ns 4000 00  1  1      1    0    0
    155         1  3.112 us 4000 00  1  1      1    0    0
    156         0    984 ns 4000 00  1  1      1    0    0
    157         1  3.112 us 4000 00  1  1      1    0    0
    158         0    984 ns 4000 00  1  1      1    0    0
    159         1  3.112 us 4000 00  1  1      1    0    0
    160         0    984 ns 4000 00  1  1      1    0    0
    161         1  3.112 us 4000 00  1  1      1    0    0
    162         0    984 ns 4000 00  1  1      1    0    0
    163         1  3.112 us 4000 00  1  1      1    0    0
    164         0    984 ns 4000 00  1  1      1    0    0
    165         0  2.016 us 400C 00  1  1      1    0    1
    166         0    984 ns 400C 00  1  1      1    1    1
    167         1    112 ns 400C 00  1  1      1    1    1
    168         1    880 ns 400C 00  0  1      1    1    1
    169         0    104 ns 400C 00  0  1      1    1    1
    170         0    880 ns 400C 00  1  1      1    1    1
    171         0    984 ns 400C 00  1  1      1    0    1
    172         1  1.248 us 400C 00  1  1      1    0    1
    173         0    984 ns 400C 00  1  1      1    0    1
    174         0    440 ns 4008 00  1  1      1    0    1
    175         0      8 ns 4000 00  1  1      1    0    1
    176         0  2.248 us 4000 00  1  1      1    0    0
    177         1    416 ns 4000 00  1  1      1    0    0
    178         0    984 ns 4000 00  1  1      1    0    0
    179         1  3.112 us 4000 00  1  1      1    0    0
    180         0    984 ns 4000 00  1  1      1    0    0
    181         1  3.112 us 4000 00  1  1      1    0    0
    182         0    984 ns 4000 00  1  1      1    0    0
    183         1  3.112 us 4000 00  1  1      1    0    0
    184         0    984 ns 4000 00  1  1      1    0    0
    185         1  3.112 us 4000 00  1  1      1    0    0
    186         0    984 ns 4000 00  1  1      1    0    0
    187         1  3.112 us 4000 00  1  1      1    0    0
    188         0    984 ns 4000 00  1  1      1    0    0
    189         0  2.304 us 4000 00  1  1      1    0    1
    190         0      8 ns 400D 00  1  1      1    0    1
    191         1    792 ns 400D 00  1  1      1    0    1
    192         1    192 ns 400D 00  1  1      1    1    1
    193         0    800 ns 400D 00  1  1      1    1    1
    194         0    184 ns 400D 00  0  1      1    1    1
    195         0    984 ns 400D 00  1  1      1    1    1
    196         0    992 ns 400D 00  1  1      1    0    1
    197         1    952 ns 400D 00  1  1      1    0    1
    198         0    984 ns 400D 00  1  1      1    0    1
    199         0    680 ns 4009 00  1  1      1    0    1
    200         0     64 ns 4001 00  1  1      1    0    1
    201         0     40 ns 4000 00  1  1      1    0    1
    202         0  2.232 us 4000 00  1  1      1    0    0
    203         1     96 ns 4000 00  1  1      1    0    0
    204         0    984 ns 4000 00  1  1      1    0    0
    205         1  3.112 us 4000 00  1  1      1    0    0
    206         0    984 ns 4000 00  1  1      1    0    0
    207         1  3.112 us 4000 00  1  1      1    0    0
    208         0    984 ns 4000 00  1  1      1    0    0
    209         1  3.112 us 4000 00  1  1      1    0    0
    210         0    984 ns 4000 00  1  1      1    0    0
    211         1  3.112 us 4000 00  1  1      1    0    0
    212         0    984 ns 4000 00  1  1      1    0    0
    213         1  3.112 us 4000 00  1  1      1    0    0
    214         0    984 ns 4000 00  1  1      1    0    0
    215         0  2.104 us 4000 00  1  1      1    0    1
    216         0      8 ns 400E 00  1  1      1    0    1
    217         0    984 ns 400E 00  1  1      1    1    1
    218         0      8 ns 400E 00  1  1      1    1    1
    219         1      8 ns 400E 00  1  1      1    1    1
    220         1    968 ns 400E 00  0  1      1    1    1
    221         1      8 ns 400E 00  0  1      1    1    1
    222         0      8 ns 400E 00  0  1      1    1    1
    223         0    968 ns 400E 00  1  1      1    1    1
    224         0    992 ns 400E 00  1  1      1    0    1
    225         1  1.152 us 400E 00  1  1      1    0    1
    226         0    984 ns 400E 00  1  1      1    0    1
    227         0    360 ns 400A 00  1  1      1    0    1
    228         0     64 ns 4008 00  1  1      1    0    1
    229         0     80 ns 4000 00  1  1      1    0    1
    230         0  2.288 us 4000 00  1  1      1    0    0
    231         1    320 ns 4000 00  1  1      1    0    0
    232         0    984 ns 4000 00  1  1      1    0    0
    233         1  3.112 us 4000 00  1  1      1    0    0
    234         0    984 ns 4000 00  1  1      1    0    0
    235         1  3.112 us 4000 00  1  1      1    0    0
    236         0    984 ns 4000 00  1  1      1    0    0
    237         1  3.112 us 4000 00  1  1      1    0    0
    238         0    984 ns 4000 00  1  1      1    0    0
    239         1  3.112 us 4000 00  1  1      1    0    0
    240         0    984 ns 4000 00  1  1      1    0    0
    241         1  3.112 us 4000 00  1  1      1    0    0
    242         0    984 ns 4000 00  1  1      1    0    0
    243         0  2.400 us 400F 00  1  1      1    0    1
    244         1    704 ns 400F 00  1  1      1    0    1
    245         1    288 ns 400F 00  1  1      1    1    1
    246         0    704 ns 400F 00  1  1      1    1    1
    247         0    280 ns 400F 00  0  1      1    1    1
    248         0    984 ns 400F 00  1  1      1    1    1
    249         0    992 ns 400F 00  1  1      1    0    1
    250         1    856 ns 400F 00  1  1      1    0    1
    251         0    984 ns 400F 00  1  1      1    0    1
    252         0    560 ns 400D 00  1  1      1    0    1
    253         0     32 ns 4009 00  1  1      1    0    1
    254         0     96 ns 4008 00  1  1      1    0    1
    255         0    104 ns 4000 00  1  1      1    0    1
    256         0  2.296 us 4000 00  1  1      1    0    0
    257         1     24 ns 4000 00  1  1      1    0    0
    258         0    984 ns 4000 00  1  1      1    0    0
    259         1  3.112 us 4000 00  1  1      1    0    0
    260         0    984 ns 4000 00  1  1      1    0    0
    261         1  3.112 us 4000 00  1  1      1    0    0
    262         0    984 ns 4000 00  1  1      1    0    0
    263         1  3.112 us 4000 00  1  1      1    0    0
    264         0    984 ns 4000 00  1  1      1    0    0
    265         1  3.112 us 4000 00  1  1      1    0    0
    266         0    984 ns 4000 00  1  1      1    0    0
    267         1  3.112 us 4000 00  1  1      1    0    0
    268         0    984 ns 4000 00  1  1      1    0    0
    269         0  2.200 us 4010 00  1  1      1    0    1
    270         1    912 ns 4010 00  1  1      1    0    1
    271         1     80 ns 4010 00  1  1      1    1    1
    272         0    904 ns 4010 00  1  1      1    1    1
    273         0     80 ns 4010 00  0  1      1    1    1
    274         0    984 ns 4010 00  1  1      1    1    1
    275         0    992 ns 4010 00  1  1      1    0    1
    276         1  1.056 us 4010 00  1  1      1    0    1
    277         0    984 ns 4010 00  1  1      1    0    1
    278         0    728 ns 4000 00  1  1      1    0    1
    279         0  2.168 us 4000 00  1  1      1    0    0
    280         1    216 ns 4000 00  1  1      1    0    0
    281         0    984 ns 4000 00  1  1      1    0    0
    282         1  3.112 us 4000 00  1  1      1    0    0
    283         0    992 ns 4000 00  1  1      1    0    0
    284         1  3.104 us 4000 00  1  1      1    0    0
    285         0    992 ns 4000 00  1  1      1    0    0
    286         1  3.104 us 4000 00  1  1      1    0    0
    287         0    992 ns 4000 00  1  1      1    0    0
    288         1  3.104 us 4000 00  1  1      1    0    0
    289         0    992 ns 4000 00  1  1      1    0    0
    290         1  3.104 us 4000 00  1  1      1    0    0
    291         0    992 ns 4000 00  1  1      1    0    0
    292         0  1.992 us 4000 00  1  1      1    0    1
    293         0      8 ns 4011 00  1  1      1    0    1
    294         0    984 ns 4011 00  1  1      1    1    1
    295         1    120 ns 4011 00  1  1      1    1    1
    296         1    864 ns 4011 00  0  1      1    1    1
    297         0    120 ns 4011 00  0  1      1    1    1
    298         0    864 ns 4011 00  1  1      1    1    1
    299         0    992 ns 4011 00  1  1      1    0    1
    300         1  1.256 us 4011 00  1  1      1    0    1
    301         0    984 ns 4011 00  1  1      1    0    1
    302         0    520 ns 4000 00  1  1      1    0    1
    303         0  2.184 us 4000 00  1  1      1    0    0
    304         1    408 ns 4000 00  1  1      1    0    0
    305         0    984 ns 4000 00  1  1      1    0    0
    306         1  3.112 us 4000 00  1  1      1    0    0
    307         0    992 ns 4000 00  1  1      1    0    0
    308         1  3.104 us 4000 00  1  1      1    0    0
    309         0    992 ns 4000 00  1  1      1    0    0
    310         1  3.104 us 4000 00  1  1      1    0    0
    311         0    992 ns 4000 00  1  1      1    0    0
    312         1  3.104 us 4000 00  1  1      1    0    0
    313         0    992 ns 4000 00  1  1      1    0    0
    314         1  3.104 us 4000 00  1  1      1    0    0
    315         0    992 ns 4000 00  1  1      1    0    0
    316         0  2.288 us 4012 00  1  1      1    0    1
    317         1    816 ns 4012 00  1  1      1    0    1
    318         1    168 ns 4012 00  1  1      1    1    1
    319         0    824 ns 4012 00  1  1      1    1    1
    320         0    168 ns 4012 00  0  1      1    1    1
    321         0    984 ns 4012 00  1  1      1    1    1
    322         0    992 ns 4012 00  1  1      1    0    1
    323         1    960 ns 4012 00  1  1      1    0    1
    324         0    992 ns 4012 00  1  1      1    0    1
    325         0    792 ns 4002 00  1  1      1    0    1
    326         0     40 ns 4000 00  1  1      1    0    1
    327         0  2.144 us 4000 00  1  1      1    0    0
    328         1    128 ns 4000 00  1  1      1    0    0
    329         0    992 ns 4000 00  1  1      1    0    0
    330         1  3.104 us 4000 00  1  1      1    0    0
    331         0    992 ns 4000 00  1  1      1    0    0
    332         1  3.104 us 4000 00  1  1      1    0    0
    333         0    992 ns 4000 00  1  1      1    0    0
    334         1  3.104 us 4000 00  1  1      1    0    0
    335         0    992 ns 4000 00  1  1      1    0    0
    336         1  3.104 us 4000 00  1  1      1    0    0
    337         0    992 ns 4000 00  1  1      1    0    0
    338         1  3.104 us 4000 00  1  1      1    0    0
    339         0    992 ns 4000 00  1  1      1    0    0
    340         0  2.088 us 4013 00  1  1      1    0    1
    341         0    984 ns 4013 00  1  1      1    1    1
    342         1     32 ns 4013 00  1  1      1    1    1
    343         1    960 ns 4013 00  0  1      1    1    1
    344         0     32 ns 4013 00  0  1      1    1    1
    345         0    952 ns 4013 00  1  1      1    1    1
    346         0    992 ns 4013 00  1  1      1    0    1
    347         1  1.160 us 4013 00  1  1      1    0    1
    348         0    992 ns 4013 00  1  1      1    0    1
    349         0    416 ns 4012 00  1  1      1    0    1
    350         0     24 ns 4010 00  1  1      1    0    1
    351         0    152 ns 4000 00  1  1      1    0    1
    352         0  2.168 us 4000 00  1  1      1    0    0
    353         1    344 ns 4000 00  1  1      1    0    0
    354         0    992 ns 4000 00  1  1      1    0    0
    355         1  3.104 us 4000 00  1  1      1    0    0
    356         0    992 ns 4000 00  1  1      1    0    0
    357         1  3.104 us 4000 00  1  1      1    0    0
    358         0    992 ns 4000 00  1  1      1    0    0
    359         1  3.104 us 4000 00  1  1      1    0    0
    360         0    992 ns 4000 00  1  1      1    0    0
    361         1  3.104 us 4000 00  1  1      1    0    0
    362         0    992 ns 4000 00  1  1      1    0    0
    363         1  3.104 us 4000 00  1  1      1    0    0
    364         0    992 ns 4000 00  1  1      1    0    0
    365         0  2.384 us 4014 00  1  1      1    0    1
    366         1    720 ns 4014 00  1  1      1    0    1
    367         1    264 ns 4014 00  1  1      1    1    1
    368         0    728 ns 4014 00  1  1      1    1    1
    369         0    264 ns 4014 00  0  1      1    1    1
    370         0    984 ns 4014 00  1  1      1    1    1
    371         0    984 ns 4014 00  1  1      1    0    1
    372         1    872 ns 4014 00  1  1      1    0    1
    373         0    992 ns 4014 00  1  1      1    0    1
    374         0    840 ns 4004 00  1  1      1    0    1
    375         0     48 ns 4000 00  1  1      1    0    1
    376         0  2.192 us 4000 00  1  1      1    0    0
    377         1     24 ns 4000 00  1  1      1    0    0
    378         0    992 ns 4000 00  1  1      1    0    0
    379         1  3.104 us 4000 00  1  1      1    0    0
    380         0    992 ns 4000 00  1  1      1    0    0
    381         1  3.104 us 4000 00  1  1      1    0    0
    382         0    992 ns 4000 00  1  1      1    0    0
    383         1  3.104 us 4000 00  1  1      1    0    0
    384         0    992 ns 4000 00  1  1      1    0    0
    385         1  3.104 us 4000 00  1  1      1    0    0
    386         0    992 ns 4000 00  1  1      1    0    0
    387         1  3.104 us 4000 00  1  1      1    0    0
    388         0    992 ns 4000 00  1  1      1    0    0
    389         0  2.184 us 4015 00  1  1      1    0    1
    390         1    920 ns 4015 00  1  1      1    0    1
    391         1     64 ns 4015 00  1  1      1    1    1
    392         0    928 ns 4015 00  1  1      1    1    1
    393         0     64 ns 4015 00  0  1      1    1    1
    394         0    984 ns 4015 00  1  1      1    1    1
    395         0    984 ns 4015 00  1  1      1    0    1
    396         1  1.072 us 4015 00  1  1      1    0    1
    397         0    992 ns 4015 00  1  1      1    0    1
    398         0    616 ns 4011 00  1  1      1    0    1
    399         0      8 ns 4011 00  1  1      1    0    1
    400         0      8 ns 4001 00  1  1      1    0    1
    401         0      8 ns 4001 00  1  1      1    0    1
    402         0      8 ns 4000 00  1  1      1    0    1
    403         0  2.248 us 4000 00  1  1      1    0    0
    404         1    216 ns 4000 00  1  1      1    0    0
    405         0    984 ns 4000 00  1  1      1    0    0
    406         1  3.104 us 4000 00  1  1      1    0    0
    407         0    992 ns 4000 00  1  1      1    0    0
    408         1  3.104 us 4000 00  1  1      1    0    0
    409         0    992 ns 4000 00  1  1      1    0    0
    410         1  3.104 us 4000 00  1  1      1    0    0
    411         0    992 ns 4000 00  1  1      1    0    0
    412         1  3.104 us 4000 00  1  1      1    0    0
    413         0    992 ns 4000 00  1  1      1    0    0
    414         1  3.104 us 4000 00  1  1      1    0    0
    415         0    992 ns 4000 00  1  1      1    0    0
    416         0  2.472 us 4000 00  1  1      1    0    1
    417         0      8 ns 4016 00  1  1      1    0    1
    418         1    624 ns 4016 00  1  1      1    0    1
    419         1    360 ns 4016 00  1  1      1    1    1
    420         0    632 ns 4016 00  1  1      1    1    1
    421         0    352 ns 4016 00  0  1      1    1    1
    422         0    984 ns 4016 00  1  1      1    1    1
    423         0    992 ns 4016 00  1  1      1    0    1
    424         1    776 ns 4016 00  1  1      1    0    1
    425         0    992 ns 4016 00  1  1      1    0    1
    426         0    800 ns 4012 00  1  1      1    0    1
    427         0     40 ns 4010 00  1  1      1    0    1
    428         0     80 ns 4000 00  1  1      1    0    1
    429         1  2.192 us 4000 00  1  1      1    0    1
    430         1    200 ns 4000 00  1  1      1    0    0
    431         0    784 ns 4000 00  1  1      1    0    0
    432         1  3.104 us 4000 00  1  1      1    0    0
    433         0    992 ns 4000 00  1  1      1    0    0
    434         1  3.104 us 4000 00  1  1      1    0    0
    435         0    992 ns 4000 00  1  1      1    0    0
    436         1  3.112 us 4000 00  1  1      1    0    0
    437         0    984 ns 4000 00  1  1      1    0    0
    438         1  3.104 us 4000 00  1  1      1    0    0
    439         0    992 ns 4000 00  1  1      1    0    0
    440         1  3.104 us 4000 00  1  1      1    0    0
    441         0    992 ns 4000 00  1  1      1    0    0
    442         0  2.272 us 4000 00  1  1      1    0    1
    443         0      8 ns 4017 00  1  1      1    0    1
    444         1    824 ns 4017 00  1  1      1    0    1
    445         1    160 ns 4017 00  1  1      1    1    1
    446         0    832 ns 4017 00  1  1      1    1    1
    447         0    152 ns 4017 00  0  1      1    1    1
    448         0    984 ns 4017 00  1  1      1    1    1
    449         0    992 ns 4017 00  1  1      1    0    1
    450         1    984 ns 4017 00  1  1      1    0    1
    451         0    984 ns 4017 00  1  1      1    0    1
    452         0    456 ns 4015 00  1  1      1    0    1
    453         0     72 ns 4011 00  1  1      1    0    1
    454         0     24 ns 4010 00  1  1      1    0    1
    455         0    160 ns 4000 00  1  1      1    0    1
    456         0  2.296 us 4000 00  1  1      1    0    0
    457         1    104 ns 4000 00  1  1      1    0    0
    458         0    984 ns 4000 00  1  1      1    0    0
    459         1  3.112 us 4000 00  1  1      1    0    0
    460         0    984 ns 4000 00  1  1      1    0    0
    461         1  3.112 us 4000 00  1  1      1    0    0
    462         0    984 ns 4000 00  1  1      1    0    0
    463         1  3.112 us 4000 00  1  1      1    0    0
    464         0    984 ns 4000 00  1  1      1    0    0
    465         1  3.112 us 4000 00  1  1      1    0    0
    466         0    984 ns 4000 00  1  1      1    0    0
    467         1  3.112 us 4000 00  1  1      1    0    0
    468         0    984 ns 4000 00  1  1      1    0    0
    469         0  2.072 us 4000 00  1  1      1    0    1
    470         0      8 ns 4018 00  1  1      1    0    1
    471         0    984 ns 4018 00  1  1      1    1    1
    472         1     40 ns 4018 00  1  1      1    1    1
    473         1    944 ns 4018 00  0  1      1    1    1
    474         0     48 ns 4018 00  0  1      1    1    1
    475         0    936 ns 4018 00  1  1      1    1    1
    476         0    992 ns 4018 00  1  1      1    0    1
    477         1  1.184 us 4018 00  1  1      1    0    1
    478         0    984 ns 4018 00  1  1      1    0    1
    479         0    448 ns 4008 00  1  1      1    0    1
    480         0     56 ns 4000 00  1  1      1    0    1
    481         0  2.296 us 4000 00  1  1      1    0    0
    482         1    312 ns 4000 00  1  1      1    0    0
    483         0    984 ns 4000 00  1  1      1    0    0
    484         1  3.112 us 4000 00  1  1      1    0    0
    485         0    984 ns 4000 00  1  1      1    0    0
    486         1  3.112 us 4000 00  1  1      1    0    0
    487         0    984 ns 4000 00  1  1      1    0    0
    488         1  3.112 us 4000 00  1  1      1    0    0
    489         0    984 ns 4000 00  1  1      1    0    0
    490         1  3.112 us 4000 00  1  1      1    0    0
    491         0    984 ns 4000 00  1  1      1    0    0
    492         1  3.112 us 4000 00  1  1      1    0    0
    493         0    984 ns 4000 00  1  1      1    0    0
    494         0  2.368 us 4018 00  1  1      1    0    1
    495         0      8 ns 4019 00  1  1      1    0    1
    496         1    728 ns 4019 00  1  1      1    0    1
    497         1    256 ns 4019 00  1  1      1    1    1
    498         0    736 ns 4019 00  1  1      1    1    1
    499         0    248 ns 4019 00  0  1      1    1    1
    500         0    984 ns 4019 00  1  1      1    1    1
    501         0    992 ns 4019 00  1  1      1    0    1
    502         1    888 ns 4019 00  1  1      1    0    1
    503         0    984 ns 4019 00  1  1      1    0    1
    504         0    736 ns 4009 00  1  1      1    0    1
    505         0     48 ns 4001 00  1  1      1    0    1
    506         0    128 ns 4000 00  1  1      1    0    1
    507         0  2.176 us 4000 00  1  1      1    0    0
    508         1     24 ns 4000 00  1  1      1    0    0
    509         0    984 ns 4000 00  1  1      1    0    0
    510         1  3.112 us 4000 00  1  1      1    0    0
    511         0    984 ns 4000 00  1  1      1    0    0
    512         1  3.112 us 4000 00  1  1      1    0    0
    513         0    984 ns 4000 00  1  1      1    0    0
    514         1  3.112 us 4000 00  1  1      1    0    0
    515         0    984 ns 4000 00  1  1      1    0    0
    516         1  3.112 us 4000 00  1  1      1    0    0
    517         0    984 ns 4000 00  1  1      1    0    0
    518         1  3.112 us 4000 00  1  1      1    0    0
    519         0    984 ns 4000 00  1  1      1    0    0
    520         0  2.168 us 401A 00  1  1      1    0    1
    521         1    944 ns 401A 00  1  1      1    0    1
    522         1     48 ns 401A 00  1  1      1    1    1
    523         0    936 ns 401A 00  1  1      1    1    1
    524         0     48 ns 401A 00  0  1      1    1    1
    525         0    984 ns 401A 00  1  1      1    1    1
    526         0    992 ns 401A 00  1  1      1    0    1
    527         1  1.088 us 401A 00  1  1      1    0    1
    528         0    984 ns 401A 00  1  1      1    0    1
    529         0    536 ns 400A 00  1  1      1    0    1
    530         0     24 ns 4002 00  1  1      1    0    1
    531         0    120 ns 4000 00  1  1      1    0    1
    532         0  2.272 us 4000 00  1  1      1    0    0
    533         1    160 ns 4000 00  1  1      1    0    0
    534         0    984 ns 4000 00  1  1      1    0    0
    535         1  3.112 us 4000 00  1  1      1    0    0
    536         0    984 ns 4000 00  1  1      1    0    0
    537         1  3.112 us 4000 00  1  1      1    0    0
    538         0    984 ns 4000 00  1  1      1    0    0
    539         1  3.112 us 4000 00  1  1      1    0    0
    540         0    984 ns 4000 00  1  1      1    0    0
    541         1  3.112 us 4000 00  1  1      1    0    0
    542         0    984 ns 4000 00  1  1      1    0    0
    543         1  3.112 us 4000 00  1  1      1    0    0
    544         0    984 ns 4000 00  1  1      1    0    0
    545         0  2.464 us 401B 00  1  1      1    0    1
    546         1    640 ns 401B 00  1  1      1    0    1
    547         1    344 ns 401B 00  1  1      1    1    1
    548         0    648 ns 401B 00  1  1      1    1    1
    549         0    344 ns 401B 00  0  1      1    1    1
    550         0    984 ns 401B 00  1  1      1    1    1
    551         0    984 ns 401B 00  1  1      1    0    1
    552         1    800 ns 401B 00  1  1      1    0    1
    553         0    984 ns 401B 00  1  1      1    0    1
    554         0    784 ns 4019 00  1  1      1    0    1
    555         0     32 ns 4008 00  1  1      1    0    1
    556         0     24 ns 4000 00  1  1      1    0    1
    557         1  2.272 us 4000 00  1  1      1    0    1
    558         1    200 ns 4000 00  1  1      1    0    0
    559         0    784 ns 4000 00  1  1      1    0    0
    560         1  3.112 us 4000 00  1  1      1    0    0
    561         0    984 ns 4000 00  1  1      1    0    0
    562         1  3.112 us 4000 00  1  1      1    0    0
    563         0    984 ns 4000 00  1  1      1    0    0
    564         1  3.112 us 4000 00  1  1      1    0    0
    565         0    984 ns 4000 00  1  1      1    0    0
    566         1  3.112 us 4000 00  1  1      1    0    0
    567         0    984 ns 4000 00  1  1      1    0    0
    568         1  3.112 us 4000 00  1  1      1    0    0
    569         0    984 ns 4000 00  1  1      1    0    0
    570         0  2.264 us 401C 00  1  1      1    0    1
    571         1    848 ns 401C 00  1  1      1    0    1
    572         1    136 ns 401C 00  1  1      1    1    1
    573         0    848 ns 401C 00  1  1      1    1    1
    574         0    144 ns 401C 00  0  1      1    1    1
    575         0    984 ns 401C 00  1  1      1    1    1
    576         0    984 ns 401C 00  1  1      1    0    1
    577         1  1.000 us 401C 00  1  1      1    0    1
    578         0    984 ns 401C 00  1  1      1    0    1
    579         0    552 ns 4014 00  1  1      1    0    1
    580         0      8 ns 4014 00  1  1      1    0    1
    581         0      8 ns 4004 00  1  1      1    0    1
    582         0     64 ns 4000 00  1  1      1    0    1
    583         0  2.400 us 4000 00  1  1      1    0    0
    584         1     80 ns 4000 00  1  1      1    0    0
    585         0    992 ns 4000 00  1  1      1    0    0
    586         1  3.104 us 4000 00  1  1      1    0    0
    587         0    984 ns 4000 00  1  1      1    0    0
    588         1  3.112 us 4000 00  1  1      1    0    0
    589         0    992 ns 4000 00  1  1      1    0    0
    590         1  3.104 us 4000 00  1  1      1    0    0
    591         0    984 ns 4000 00  1  1      1    0    0
    592         1  3.112 us 4000 00  1  1      1    0    0
    593         0    992 ns 4000 00  1  1      1    0    0
    594         1  3.104 us 4000 00  1  1      1    0    0
    595         0    992 ns 4000 00  1  1      1    0    0
    596         0  2.056 us 401D 00  1  1      1    0    1
    597         0    984 ns 401D 00  1  1      1    1    1
    598         1     64 ns 401D 00  1  1      1    1    1
    599         1    928 ns 401D 00  0  1      1    1    1
    600         0     56 ns 401D 00  0  1      1    1    1
    601         0    928 ns 401D 00  1  1      1    1    1
    602         0    984 ns 401D 00  1  1      1    0    1
    603         1  1.200 us 401D 00  1  1      1    0    1
    604         0    984 ns 401D 00  1  1      1    0    1
    605         0    344 ns 4015 00  1  1      1    0    1
    606         0     24 ns 4001 00  1  1      1    0    1
    607         0    144 ns 4000 00  1  1      1    0    1
    608         0  2.336 us 4000 00  1  1      1    0    0
    609         1    264 ns 4000 00  1  1      1    0    0
    610         0    992 ns 4000 00  1  1      1    0    0
    611         1  3.104 us 4000 00  1  1      1    0    0
    612         0    992 ns 4000 00  1  1      1    0    0
    613         1  3.104 us 4000 00  1  1      1    0    0
    614         0    992 ns 4000 00  1  1      1    0    0
    615         1  3.104 us 4000 00  1  1      1    0    0
    616         0    992 ns 4000 00  1  1      1    0    0
    617         1  3.104 us 4000 00  1  1      1    0    0
    618         0    992 ns 4000 00  1  1      1    0    0
    619         1  3.104 us 4000 00  1  1      1    0    0
    620         0    992 ns 4000 00  1  1      1    0    0
    621         0  2.344 us 4000 00  1  1      1    0    1
    622         0      8 ns 401E 00  1  1      1    0    1
    623         1    752 ns 401E 00  1  1      1    0    1
    624         1    232 ns 401E 00  1  1      1    1    1
    625         0    760 ns 401E 00  1  1      1    1    1
    626         0    224 ns 401E 00  0  1      1    1    1
    627         0    984 ns 401E 00  1  1      1    1    1
    628         0    992 ns 401E 00  1  1      1    0    1
    629         1    904 ns 401E 00  1  1      1    0    1
    630         0    992 ns 401E 00  1  1      1    0    1
    631         0    544 ns 401A 00  1  1      1    0    1
    632         0     56 ns 4012 00  1  1      1    0    1
    633         0     48 ns 4002 00  1  1      1    0    1
    634         0      8 ns 4002 00  1  1      1    0    1
    635         0      8 ns 4000 00  1  1      1    0    1
    636         0  2.424 us 4000 00  1  1      1    0    0
    637         0      8 ns 4000 00  1  1      1    0    0
    638         1      8 ns 4000 00  1  1      1    0    0
    639         0    992 ns 4000 00  1  1      1    0    0
    640         1  3.104 us 4000 00  1  1      1    0    0
    641         0    992 ns 4000 00  1  1      1    0    0
    642         1  3.104 us 4000 00  1  1      1    0    0
    643         0    992 ns 4000 00  1  1      1    0    0
    644         1  3.104 us 4000 00  1  1      1    0    0
    645         0    992 ns 4000 00  1  1      1    0    0
    646         1  3.104 us 4000 00  1  1      1    0    0
    647         0    992 ns 4000 00  1  1      1    0    0
    648         1  3.104 us 4000 00  1  1      1    0    0
    649         0    992 ns 4000 00  1  1      1    0    0
    650         1  1.056 us 4000 00  1  1      1    0    0
    651         1  1.088 us 4000 00  1  1      1    0    1
    652         1      8 ns 401F 00  1  1      1    0    1
    653         1    984 ns 401F 00  1  1      1    1    1
    654         1    984 ns 401F 00  0  1      1    1    1
    655         1    984 ns 401F 00  1  1      1    1    1
    656         1    992 ns 401F 00  1  1      1    0    1
    657         0    512 ns 401F 00  1  1      1    0    1
    658         0  1.880 us 401B 00  1  1      1    0    1
    659         0      8 ns 401B 00  1  1      1    0    1
    660         0      8 ns 4019 00  1  1      1    0    1
    661         0     80 ns 4011 00  1  1      1    0    1
    662         0     48 ns 4001 00  1  1      1    0    1
    663         0     40 ns 4000 00  1  1      1    0    1
    664         1    928 ns 4000 00  1  1      1    0    1
    665         0    952 ns 4000 00  1  1      1    0    1
    666         0     24 ns 4000 00  1  1      1    0    0
    667         0     40 ns 4000 00  1  1      1    0    1
    668         0     48 ns 4000 00  1  1      1    0    0
    669         1  2.880 us 4000 00  1  1      1    0    0
    670         1    952 ns 4000 00  1  1      1    0    1
    671         0      8 ns 4000 00  1  1      1    0    1
    672         0      8 ns 4000 00  1  1      1    0    0
    673         1  2.984 us 4000 00  1  1      1    0    0
    674         0    952 ns 4000 00  1  1      1    0    1
    675         0      8 ns 4000 00  1  1      1    0    1
    676         0      8 ns 4000 00  1  1      1    0    0
    677         1  2.976 us 4000 00  1  1      1    0    0
    678         1    952 ns 4000 00  1  1      1    0    1
    679         0      8 ns 4000 00  1  1      1    0    1
    680         0      8 ns 4000 00  1  1      1    0    0
    681         1  2.984 us 4000 00  1  1      1    0    0
    682         0    952 ns 4000 00  1  1      1    0    1
    683         0      8 ns 4000 00  1  1      1    0    0
    684         1  2.984 us 4000 00  1  1      1    0    0
    685         1    952 ns 4000 00  1  1      1    0    1
    686         0      8 ns 4000 00  1  1      1    0    1
    687         0      8 ns 4000 00  1  1      1    0    0
    688         1  2.984 us 4000 00  1  1      1    0    0
    689         0    952 ns 4000 00  1  1      1    0    1
    690         0      8 ns 4000 00  1  1      1    0    0
    691         1  2.984 us 4000 00  1  1      1    0    0
    692         1    952 ns 4000 00  1  1      1    0    1
    693         0      8 ns 4000 00  1  1      1    0    1
    694         0      8 ns 4000 00  1  1      1    0    0
    695         1  1.992 us 4000 00  1  1      1    0    0
    696         0  598.8 us 4000 00  1  1      1    0    0
    697         1  3.088 us 4000 00  1  1      1    0    0
    698         0    992 ns 4000 00  1  1      1    0    0
    699         1  3.104 us 4000 00  1  1      1    0    0
    700         0    992 ns 4000 00  1  1      1    0    0
    701         1  3.104 us 4000 00  1  1      1    0    0
    702         0    992 ns 4000 00  1  1      1    0    0
    703         1  3.104 us 4000 00  1  1      1    0    0
    704         0    992 ns 4000 00  1  1      1    0    0
    705         1  3.104 us 4000 00  1  1      1    0    0
    706         0    992 ns 4000 00  1  1      1    0    0
    707         1  3.104 us 4000 00  1  1      1    0    0
    708         0    992 ns 4000 00  1  1      1    0    0
    709         1  1.056 us 4000 00  1  1      1    0    0
    710         0  3.040 us 4000 00  1  1      1    0    0
    711         1  1.056 us 4000 00  1  1      1    0    0
    712         0  3.040 us 4000 00  1  1      1    0    0
    713         1  1.056 us 4000 00  1  1      1    0    0
    714         0  3.040 us 4000 00  1  1      1    0    0
    715         1  1.056 us 4000 00  1  1      1    0    0
    716         0  3.040 us 4000 00  1  1      1    0    0
    717         1  3.104 us 4000 00  1  1      1    0    0
    718         0    992 ns 4000 00  1  1      1    0    0
    719         1  3.104 us 4000 00  1  1      1    0    0
    720         0    992 ns 4000 00  1  1      1    0    0
    721         1  3.104 us 4000 00  1  1      1    0    0
    722         0    992 ns 4000 00  1  1      1    0    0
    723         1  3.104 us 4000 00  1  1      1    0    0
    724         0    992 ns 4000 00  1  1      1    0    0
    725         1  3.104 us 4000 00  1  1      1    0    0
    726         0    992 ns 4000 00  1  1      1    0    0
    727         1  3.104 us 4000 00  1  1      1    0    0
    728         0    992 ns 4000 00  1  1      1    0    0
    729         1  3.104 us 4000 00  1  1      1    0    0
    730         0    992 ns 4000 00  1  1      1    0    0
    731         1  3.104 us 4000 00  1  1      1    0    0
    732         0    992 ns 4000 00  1  1      1    0    0
    733         1  3.104 us 4000 00  1  1      1    0    0
    734         0    992 ns 4000 00  1  1      1    0    0
    735         1  1.056 us 4000 00  1  1      1    0    0
    736         0  3.040 us 4000 00  1  1      1    0    0
    737         1  1.056 us 4000 00  1  1      1    0    0
    738         0  3.040 us 4000 00  1  1      1    0    0
    739         1  3.104 us 4000 00  1  1      1    0    0
    740         0    992 ns 4000 00  1  1      1    0    0
    741         1  1.056 us 4000 00  1  1      1    0    0
    742         0  3.040 us 4000 00  1  1      1    0    0
    743         1  1.056 us 4000 00  1  1      1    0    0
    744         0  3.040 us 4000 00  1  1      1    0    0
    745         1  3.104 us 4000 00  1  1      1    0    0
    746         0    992 ns 4000 00  1  1      1    0    0
    747         1  3.104 us 4000 00  1  1      1    0    0
    748         0    992 ns 4000 00  1  1      1    0    0
    749         1  3.104 us 4000 00  1  1      1    0    0
    750         0    992 ns 4000 00  1  1      1    0    0
    751         1  3.104 us 4000 00  1  1      1    0    0
    752         0    992 ns 4000 00  1  1      1    0    0
    753         1  3.104 us 4000 00  1  1      1    0    0
    754         0    992 ns 4000 00  1  1      1    0    0
    755         1  3.104 us 4000 00  1  1      1    0    0
    756         0    992 ns 4000 00  1  1      1    0    0
    757         1  3.104 us 4000 00  1  1      1    0    0
    758         0    992 ns 4000 00  1  1      1    0    0
    759         1  1.056 us 4000 00  1  1      1    0    0
    760         0  3.040 us 4000 00  1  1      1    0    0
    761         0  2.352 us 4000 00  1  1      1    0    1
    762         1    752 ns 4000 00  1  1      1    0    1
    763         1    240 ns 4000 01  1  1      1    1    1
    764         0    752 ns 4000 01  1  1      1    1    1
    765         0    232 ns 4000 01  0  1      1    1    1
    766         0    984 ns 4000 01  1  1      1    1    1
    767         0    992 ns 4000 01  1  1      1    0    1
    768         1    904 ns 4000 01  1  1      1    0    1
    769         1    144 ns 4000 00  1  1      1    0    1
    770         0    840 ns 4000 00  1  1      1    0    1
    771         0  3.088 us 4000 00  1  1      1    0    0
    772         0      8 ns 4000 00  1  1      1    0    0
    773         1      8 ns 4000 00  1  1      1    0    0
    774         0    992 ns 4000 00  1  1      1    0    0
    775         1  3.112 us 4000 00  1  1      1    0    0
    776         0    984 ns 4000 00  1  1      1    0    0
    777         1  3.104 us 4000 00  1  1      1    0    0
    778         0    992 ns 4000 00  1  1      1    0    0
    779         1  3.104 us 4000 00  1  1      1    0    0
    780         0    992 ns 4000 00  1  1      1    0    0
    781         1  3.104 us 4000 00  1  1      1    0    0
    782         0    992 ns 4000 00  1  1      1    0    0
    783         1  1.056 us 4000 00  1  1      1    0    0
    784         0  3.040 us 4000 00  1  1      1    0    0
    785         0  2.152 us 4000 00  1  1      1    0    1
    786         0      8 ns 4001 00  1  1      1    0    1
    787         1    944 ns 4001 00  1  1      1    0    1
    788         1     40 ns 4001 01  1  1      1    1    1
    789         0    952 ns 4001 01  1  1      1    1    1
    790         0     32 ns 4001 01  0  1      1    1    1
    791         0    984 ns 4001 01  1  1      1    1    1
    792         0    992 ns 4001 01  1  1      1    0    1
    793         0  1.056 us 4001 00  1  1      1    0    1
    794         1     48 ns 4001 00  1  1      1    0    1
    795         0    984 ns 4001 00  1  1      1    0    1
    796         0    632 ns 4000 00  1  1      1    0    1
    797         0  2.272 us 4000 00  1  1      1    0    0
    798         1    208 ns 4000 00  1  1      1    0    0
    799         0    984 ns 4000 00  1  1      1    0    0
    800         1  3.112 us 4000 00  1  1      1    0    0
    801         0    984 ns 4000 00  1  1      1    0    0
    802         1  3.112 us 4000 00  1  1      1    0    0
    803         0    984 ns 4000 00  1  1      1    0    0
    804         1  3.112 us 4000 00  1  1      1    0    0
    805         0    984 ns 4000 00  1  1      1    0    0
    806         1  3.112 us 4000 00  1  1      1    0    0
    807         0    984 ns 4000 00  1  1      1    0    0
    808         1  1.064 us 4000 00  1  1      1    0    0
    809         0  3.032 us 4000 00  1  1      1    0    0
    810         0  2.448 us 4002 00  1  1      1    0    1
    811         1    664 ns 4002 00  1  1      1    0    1
    812         1    328 ns 4002 01  1  1      1    1    1
    813         0    656 ns 4002 01  1  1      1    1    1
    814         0    328 ns 4002 01  0  1      1    1    1
    815         0    984 ns 4002 01  1  1      1    1    1
    816         0    992 ns 4002 01  1  1      1    0    1
    817         1    808 ns 4002 01  1  1      1    0    1
    818         1    240 ns 4002 00  1  1      1    0    1
    819         0    744 ns 4002 00  1  1      1    0    1
    820         0  1.000 us 4000 00  1  1      1    0    1
    821         1  2.112 us 4000 00  1  1      1    0    1
    822         1    208 ns 4000 00  1  1      1    0    0
    823         0    776 ns 4000 00  1  1      1    0    0
    824         1  3.112 us 4000 00  1  1      1    0    0
    825         0    984 ns 4000 00  1  1      1    0    0
    826         1  3.112 us 4000 00  1  1      1    0    0
    827         0    984 ns 4000 00  1  1      1    0    0
    828         1  3.112 us 4000 00  1  1      1    0    0
    829         0    984 ns 4000 00  1  1      1    0    0
    830         1  3.112 us 4000 00  1  1      1    0    0
    831         0    984 ns 4000 00  1  1      1    0    0
    832         1  1.064 us 4000 00  1  1      1    0    0
    833         0  3.032 us 4000 00  1  1      1    0    0
    834         0  2.248 us 4003 00  1  1      1    0    1
    835         1    856 ns 4003 00  1  1      1    0    1
    836         1    136 ns 4003 01  1  1      1    1    1
    837         0    856 ns 4003 01  1  1      1    1    1
    838         0    128 ns 4003 01  0  1      1    1    1
    839         0    984 ns 4003 01  1  1      1    1    1

Time Printed: 06 Jun 2004 23:09:53  ---  Time Acquired: 06 Jun 2004 23:06:00
