MACHINE 1   -  State Listing                                                    

                                                                       
Label    > SERIAL   Time        A            D       WE OE UNK0 
Base     > Binary Relative      Binary       Binary  Bi Bi Bina 
__________ ______ _________ _______________ ________ __ __ ____ 

      0         0  15.83 ms 100010000000000 00000000  1  1    1
      1         1  3.088 us 100010000000000 00000000  1  1    1
      2         0    992 ns 100010000000000 00000000  1  1    1
      3         1  3.104 us 100010000000000 00000000  1  1    1
      4         0    992 ns 100010000000000 00000000  1  1    1
      5         1  3.104 us 100010000000000 00000000  1  1    1
      6         0    992 ns 100010000000000 00000000  1  1    1
      7         1  3.104 us 100010000000000 00000000  1  1    1
      8         0    992 ns 100010000000000 00000000  1  1    1
      9         1  3.104 us 100010000000000 00000000  1  1    1
     10         0    992 ns 100010000000000 00000000  1  1    1
     11         1  3.104 us 100010000000000 00000000  1  1    1
     12         0    992 ns 100010000000000 00000000  1  1    1
     13         1  3.104 us 100010000000000 00000000  1  1    1
     14         0    992 ns 100010000000000 00000000  1  1    1
     15         1  1.056 us 100010000000000 00000000  1  1    1
     16         0  3.040 us 100010000000000 00000000  1  1    1
     17         1  1.056 us 100010000000000 00000000  1  1    1
     18         1  2.464 us 100010000000000 00000000  1  1    1
     19         0      8 ns 100010000000000 00000000  1  1    1
     20         0      8 ns 100010000000000 00000000  1  1    1
     21         1  2.984 us 100010000000000 00000000  1  1    1
     22         1    944 ns 100010000000000 00000000  1  1    1
     23         0      8 ns 100010000000000 00000000  1  1    1
     24         0      8 ns 100010000000000 00000000  1  1    1
     25         0      8 ns 100010000000000 00000000  1  1    1
     26         1  2.976 us 100010000000000 00000000  1  1    1
     27         1    944 ns 100010000000000 00000000  1  1    1
     28         1      8 ns 100010000000000 00000000  1  1    1
     29         0      8 ns 100010000000000 00000000  1  1    1
     30         0      8 ns 100010000000000 00000000  1  1    1
     31         1  2.984 us 100010000000000 00000000  1  1    1
     32         1    944 ns 100010000000000 00000000  1  1    1
     33         0      8 ns 100010000000000 00000000  1  1    1
     34         0      8 ns 100010000000000 00000000  1  1    1
     35         1  2.984 us 100010000000000 00000000  1  1    1
     36         1    944 ns 100010000000000 00000000  1  1    1
     37         1      8 ns 100010000000000 00000000  1  1    1
     38         0      8 ns 100010000000000 00000000  1  1    1
     39         0      8 ns 100010000000000 00000000  1  1    1
     40         1  2.976 us 100010000000000 00000000  1  1    1
     41         1    952 ns 100010000000000 00000000  1  1    1
     42         0      8 ns 100010000000000 00000000  1  1    1
     43         0      8 ns 100010000000000 00000000  1  1    1
     44         1  2.984 us 100010000000000 00000000  1  1    1
     45         1    944 ns 100010000000000 00000000  1  1    1
     46         0      8 ns 100010000000000 00000000  1  1    1
     47         0      8 ns 100010000000000 00000000  1  1    1
     48         0      8 ns 100010000000000 00000000  1  1    1
     49         1  2.976 us 100010000000000 00000000  1  1    1
     50         1    944 ns 100010000000000 00000000  1  1    1
     51         1      8 ns 100010000000000 00000000  1  1    1
     52         0      8 ns 100010000000000 00000000  1  1    1
     53         0      8 ns 100010000000000 00000000  1  1    1
     54         1  2.984 us 100010000000000 00000000  1  1    1
     55         1    944 ns 100010000000000 00000000  1  1    1
     56         0      8 ns 100010000000000 00000000  1  1    1
     57         0      8 ns 100010000000000 00000000  1  1    1
     58         0      8 ns 100010000000000 00000000  1  1    1
     59         1  2.976 us 100010000000000 00000000  1  1    1
     60         1    944 ns 100010000000000 00000000  1  1    1
     61         1      8 ns 100010000000000 00000000  1  1    1
     62         0      8 ns 100010000000000 00000000  1  1    1
     63         0      8 ns 100010000000000 00000000  1  1    1
     64         1  2.976 us 100010000000000 00000000  1  1    1
     65         1    952 ns 100010000000000 00000000  1  1    1
     66         0      8 ns 100010000000000 00000000  1  1    1
     67         0      8 ns 100010000000000 00000000  1  1    1
     68         1  2.984 us 100010000000000 00000000  1  1    1
     69         1    944 ns 100010000000000 00000000  1  1    1
     70         0      8 ns 100010000000000 00000000  1  1    1
     71         0      8 ns 100010000000000 00000000  1  1    1
     72         0      8 ns 100010000000000 00000000  1  1    1
     73         1  2.976 us 100010000000000 00000000  1  1    1
     74         1    952 ns 100010000000000 00000000  1  1    1
     75         0      8 ns 100010000000000 00000000  1  1    1
     76         0      8 ns 100010000000000 00000000  1  1    1
     77         1  2.984 us 100010000000000 00000000  1  1    1
     78         1    944 ns 100010000000000 00000000  1  1    1
     79         0      8 ns 100010000000000 00000000  1  1    1
     80         0      8 ns 100010000000000 00000000  1  1    1
     81         0      8 ns 100010000000000 00000000  1  1    1
     82         1  2.976 us 100010000000000 00000000  1  1    1
     83         1    944 ns 100010000000000 00000000  1  1    1
     84         1      8 ns 100010000000000 00000000  1  1    1
     85         0      8 ns 100010000000000 00000000  1  1    1
     86         0      8 ns 100010000000000 00000000  1  1    1
     87         1  2.984 us 100010000000000 00000000  1  1    1
     88         1    944 ns 100010000000000 00000000  1  1    1
     89         0      8 ns 100010000000000 00000000  1  1    1
     90         0      8 ns 100010000000000 00000000  1  1    1
     91         1  2.984 us 100010000000000 00000000  1  1    1
     92         1    944 ns 100010000000000 00000000  1  1    1
     93         1      8 ns 100010000000000 00000000  1  1    1
     94         0      8 ns 100010000000000 00000000  1  1    1
     95         0      8 ns 100010000000000 00000000  1  1    1
     96         1  1.008 us 100010000000000 00000000  1  1    1
     97         1  2.920 us 100010000000000 00000000  1  1    1
     98         0      8 ns 100010000000000 00000000  1  1    1
     99         0      8 ns 100010000000000 00000000  1  1    1
    100         1  1.008 us 100010000000000 00000000  1  1    1
    101         1  2.920 us 100010000000000 00000000  1  1    1
    102         0      8 ns 100010000000000 00000000  1  1    1
    103         0      8 ns 100010000000000 00000000  1  1    1
    104         0      8 ns 100010000000000 00000000  1  1    1
    105         1  2.976 us 100010000000000 00000000  1  1    1
    106         1    944 ns 100010000000000 00000000  1  1    1
    107         1      8 ns 100010000000000 00000000  1  1    1
    108         0      8 ns 100010000000000 00000000  1  1    1
    109         0      8 ns 100010000000000 00000000  1  1    1
    110         1  1.008 us 100010000000000 00000000  1  1    1
    111         1  2.920 us 100010000000000 00000000  1  1    1
    112         0      8 ns 100010000000000 00000000  1  1    1
    113         0      8 ns 100010000000000 00000000  1  1    1
    114         1  1.008 us 100010000000000 00000000  1  1    1
    115         1  2.920 us 100010000000000 00000000  1  1    1
    116         1      8 ns 100010000000000 00000000  1  1    1
    117         0      8 ns 100010000000000 00000000  1  1    1
    118         0      8 ns 100010000000000 00000000  1  1    1
    119         1  2.976 us 100010000000000 00000000  1  1    1
    120         1    952 ns 100010000000000 00000000  1  1    1
    121         0      8 ns 100010000000000 00000000  1  1    1
    122         0      8 ns 100010000000000 00000000  1  1    1
    123         1  2.984 us 100010000000000 00000000  1  1    1
    124         1    944 ns 100010000000000 00000000  1  1    1
    125         0      8 ns 100010000000000 00000000  1  1    1
    126         0      8 ns 100010000000000 00000000  1  1    1
    127         0      8 ns 100010000000000 00000000  1  1    1
    128         1  2.976 us 100010000000000 00000000  1  1    1
    129         1    944 ns 100010000000000 00000000  1  1    1
    130         1      8 ns 100010000000000 00000000  1  1    1
    131         0      8 ns 100010000000000 00000000  1  1    1
    132         0      8 ns 100010000000000 00000000  1  1    1
    133         1  1.008 us 100010000000000 00000000  1  1    1
    134         1  2.920 us 100010000000000 00000000  1  1    1
    135         0      8 ns 100010000000000 00000000  1  1    1
    136         0      8 ns 100010000000000 00000000  1  1    1
    137         0      8 ns 100010000000000 00000000  1  1    1
    138         1  1.000 us 100010000000000 00000000  1  1    1
    139         1  2.920 us 100010000000000 00000000  1  1    1
    140         1      8 ns 100010000000000 00000000  1  1    1
    141         0      8 ns 100010000000000 00000000  1  1    1
    142         0      8 ns 100010000000000 00000000  1  1    1
    143         1  2.976 us 100010000000000 00000000  1  1    1
    144         1    952 ns 100010000000000 00000000  1  1    1
    145         0      8 ns 100010000000000 00000000  1  1    1
    146         0      8 ns 100010000000000 00000000  1  1    1
    147         1  1.008 us 100010000000000 00000000  1  1    1
    148         1  2.920 us 100010000000000 00000000  1  1    1
    149         0      8 ns 100010000000000 00000000  1  1    1
    150         0      8 ns 100010000000000 00000000  1  1    1
    151         0      8 ns 100010000000000 00000000  1  1    1
    152         1  2.976 us 100010000000000 00000000  1  1    1
    153         1    952 ns 100010000000000 00000000  1  1    1
    154         0      8 ns 100010000000000 00000000  1  1    1
    155         0      8 ns 100010000000000 00000000  1  1    1
    156         1  1.008 us 100010000000000 00000000  1  1    1
    157         1  2.920 us 100010000000000 00000000  1  1    1
    158         0      8 ns 100010000000000 00000000  1  1    1
    159         0      8 ns 100010000000000 00000000  1  1    1
    160         0      8 ns 100010000000000 00000000  1  1    1
    161         1  2.976 us 100010000000000 00000000  1  1    1
    162         1    944 ns 100010000000000 00000000  1  1    1
    163         1      8 ns 100010000000000 00000000  1  1    1
    164         0      8 ns 100010000000000 00000000  1  1    1
    165         0      8 ns 100010000000000 00000000  1  1    1
    166         1  2.976 us 100010000000000 00000000  1  1    1
    167         1    952 ns 100010000000000 00000000  1  1    1
    168         0      8 ns 100010000000000 00000000  1  1    1
    169         0      8 ns 100010000000000 00000000  1  1    1
    170         1  2.000 us 100010000000000 00000000  1  1    1
    171         0  16.58 ms 100010000000000 00000000  1  1    1
    172         1  3.096 us 100010000000000 00000000  1  1    1
    173         0    992 ns 100010000000000 00000000  1  1    1
    174         1  3.104 us 100010000000000 00000000  1  1    1
    175         0    992 ns 100010000000000 00000000  1  1    1
    176         1  3.104 us 100010000000000 00000000  1  1    1
    177         0    992 ns 100010000000000 00000000  1  1    1
    178         1  3.104 us 100010000000000 00000000  1  1    1
    179         0    992 ns 100010000000000 00000000  1  1    1
    180         1  3.104 us 100010000000000 00000000  1  1    1
    181         0    992 ns 100010000000000 00000000  1  1    1
    182         1  3.104 us 100010000000000 00000000  1  1    1
    183         0    992 ns 100010000000000 00000000  1  1    1
    184         1  3.104 us 100010000000000 00000000  1  1    1
    185         0    992 ns 100010000000000 00000000  1  1    1
    186         1  1.056 us 100010000000000 00000000  1  1    1
    187         0  3.040 us 100010000000000 00000000  1  1    1
    188         1  1.056 us 100010000000000 00000000  1  1    1
    189         1  2.200 us 100010000000000 00000000  1  1    1
    190         1      8 ns 100010000000000 00000000  1  1    1
    191         0      8 ns 100010000000000 00000000  1  1    1
    192         0      8 ns 100010000000000 00000000  1  1    1
    193         1  2.976 us 100010000000000 00000000  1  1    1
    194         1    952 ns 100010000000000 00000000  1  1    1
    195         0      8 ns 100010000000000 00000000  1  1    1
    196         0      8 ns 100010000000000 00000000  1  1    1
    197         1  2.984 us 100010000000000 00000000  1  1    1
    198         1    944 ns 100010000000000 00000000  1  1    1
    199         0      8 ns 100010000000000 00000000  1  1    1
    200         0      8 ns 100010000000000 00000000  1  1    1
    201         0      8 ns 100010000000000 00000000  1  1    1
    202         1  2.976 us 100010000000000 00000000  1  1    1
    203         1    952 ns 100010000000000 00000000  1  1    1
    204         0      8 ns 100010000000000 00000000  1  1    1
    205         0      8 ns 100010000000000 00000000  1  1    1
    206         1  2.984 us 100010000000000 00000000  1  1    1
    207         1    944 ns 100010000000000 00000000  1  1    1
    208         0      8 ns 100010000000000 00000000  1  1    1
    209         0      8 ns 100010000000000 00000000  1  1    1
    210         0      8 ns 100010000000000 00000000  1  1    1
    211         1  2.976 us 100010000000000 00000000  1  1    1
    212         1    944 ns 100010000000000 00000000  1  1    1
    213         1      8 ns 100010000000000 00000000  1  1    1
    214         0      8 ns 100010000000000 00000000  1  1    1
    215         0      8 ns 100010000000000 00000000  1  1    1
    216         1  2.984 us 100010000000000 00000000  1  1    1
    217         1    944 ns 100010000000000 00000000  1  1    1
    218         0      8 ns 100010000000000 00000000  1  1    1
    219         0      8 ns 100010000000000 00000000  1  1    1
    220         1  2.984 us 100010000000000 00000000  1  1    1
    221         1    944 ns 100010000000000 00000000  1  1    1
    222         1      8 ns 100010000000000 00000000  1  1    1
    223         0      8 ns 100010000000000 00000000  1  1    1
    224         0      8 ns 100010000000000 00000000  1  1    1
    225         1  2.976 us 100010000000000 00000000  1  1    1
    226         1    952 ns 100010000000000 00000000  1  1    1
    227         0      8 ns 100010000000000 00000000  1  1    1
    228         0      8 ns 100010000000000 00000000  1  1    1
    229         1  2.984 us 100010000000000 00000000  1  1    1
    230         1    944 ns 100010000000000 00000000  1  1    1
    231         0      8 ns 100010000000000 00000000  1  1    1
    232         0      8 ns 100010000000000 00000000  1  1    1
    233         0      8 ns 100010000000000 00000000  1  1    1
    234         1  2.976 us 100010000000000 00000000  1  1    1
    235         1    944 ns 100010000000000 00000000  1  1    1
    236         1      8 ns 100010000000000 00000000  1  1    1
    237         0      8 ns 100010000000000 00000000  1  1    1
    238         0      8 ns 100010000000000 00000000  1  1    1
    239         1  2.984 us 100010000000000 00000000  1  1    1
    240         1    944 ns 100010000000000 00000000  1  1    1
    241         0      8 ns 100010000000000 00000000  1  1    1
    242         0      8 ns 100010000000000 00000000  1  1    1
    243         0      8 ns 100010000000000 00000000  1  1    1
    244         1  2.976 us 100010000000000 00000000  1  1    1
    245         1    944 ns 100010000000000 00000000  1  1    1
    246         1      8 ns 100010000000000 00000000  1  1    1
    247         0      8 ns 100010000000000 00000000  1  1    1
    248         0      8 ns 100010000000000 00000000  1  1    1
    249         1  2.976 us 100010000000000 00000000  1  1    1
    250         1    952 ns 100010000000000 00000000  1  1    1
    251         0      8 ns 100010000000000 00000000  1  1    1
    252         0      8 ns 100010000000000 00000000  1  1    1
    253         1  2.984 us 100010000000000 00000000  1  1    1
    254         1    944 ns 100010000000000 00000000  1  1    1
    255         0      8 ns 100010000000000 00000000  1  1    1
    256         0      8 ns 100010000000000 00000000  1  1    1
    257         0      8 ns 100010000000000 00000000  1  1    1
    258         1  2.976 us 100010000000000 00000000  1  1    1
    259         1    944 ns 100010000000000 00000000  1  1    1
    260         1      8 ns 100010000000000 00000000  1  1    1
    261         0      8 ns 100010000000000 00000000  1  1    1
    262         0      8 ns 100010000000000 00000000  1  1    1
    263         1  2.984 us 100010000000000 00000000  1  1    1
    264         1    944 ns 100010000000000 00000000  1  1    1
    265         0      8 ns 100010000000000 00000000  1  1    1
    266         0      8 ns 100010000000000 00000000  1  1    1
    267         0      8 ns 100010000000000 00000000  1  1    1
    268         1  1.000 us 100010000000000 00000000  1  1    1
    269         1  2.920 us 100010000000000 00000000  1  1    1
    270         1      8 ns 100010000000000 00000000  1  1    1
    271         0      8 ns 100010000000000 00000000  1  1    1
    272         0      8 ns 100010000000000 00000000  1  1    1
    273         1  1.008 us 100010000000000 00000000  1  1    1
    274         1  2.920 us 100010000000000 00000000  1  1    1
    275         0      8 ns 100010000000000 00000000  1  1    1
    276         0      8 ns 100010000000000 00000000  1  1    1
    277         1  2.984 us 100010000000000 00000000  1  1    1
    278         1    944 ns 100010000000000 00000000  1  1    1
    279         0      8 ns 100010000000000 00000000  1  1    1
    280         0      8 ns 100010000000000 00000000  1  1    1
    281         0      8 ns 100010000000000 00000000  1  1    1
    282         1  1.008 us 100010000000000 00000000  1  1    1
    283         1  2.912 us 100010000000000 00000000  1  1    1
    284         1      8 ns 100010000000000 00000000  1  1    1
    285         0      8 ns 100010000000000 00000000  1  1    1
    286         0      8 ns 100010000000000 00000000  1  1    1
    287         1  1.008 us 100010000000000 00000000  1  1    1
    288         1  2.920 us 100010000000000 00000000  1  1    1
    289         0      8 ns 100010000000000 00000000  1  1    1
    290         0      8 ns 100010000000000 00000000  1  1    1
    291         0      8 ns 100010000000000 00000000  1  1    1
    292         1  2.976 us 100010000000000 00000000  1  1    1
    293         1    944 ns 100010000000000 00000000  1  1    1
    294         1      8 ns 100010000000000 00000000  1  1    1
    295         0      8 ns 100010000000000 00000000  1  1    1
    296         0      8 ns 100010000000000 00000000  1  1    1
    297         1  2.976 us 100010000000000 00000000  1  1    1
    298         1    952 ns 100010000000000 00000000  1  1    1
    299         0      8 ns 100010000000000 00000000  1  1    1
    300         0      8 ns 100010000000000 00000000  1  1    1
    301         1  2.984 us 100010000000000 00000000  1  1    1
    302         1    944 ns 100010000000000 00000000  1  1    1
    303         0      8 ns 100010000000000 00000000  1  1    1
    304         0      8 ns 100010000000000 00000000  1  1    1
    305         0      8 ns 100010000000000 00000000  1  1    1
    306         1  1.008 us 100010000000000 00000000  1  1    1
    307         1  2.920 us 100010000000000 00000000  1  1    1
    308         0      8 ns 100010000000000 00000000  1  1    1
    309         0      8 ns 100010000000000 00000000  1  1    1
    310         1  1.008 us 100010000000000 00000000  1  1    1
    311         1  2.920 us 100010000000000 00000000  1  1    1
    312         0      8 ns 100010000000000 00000000  1  1    1
    313         0      8 ns 100010000000000 00000000  1  1    1
    314         0      8 ns 100010000000000 00000000  1  1    1
    315         1  2.976 us 100010000000000 00000000  1  1    1
    316         1    944 ns 100010000000000 00000000  1  1    1
    317         1      8 ns 100010000000000 00000000  1  1    1
    318         0      8 ns 100010000000000 00000000  1  1    1
    319         0      8 ns 100010000000000 00000000  1  1    1
    320         1  1.008 us 100010000000000 00000000  1  1    1
    321         1  2.920 us 100010000000000 00000000  1  1    1
    322         0      8 ns 100010000000000 00000000  1  1    1
    323         0      8 ns 100010000000000 00000000  1  1    1
    324         1  2.984 us 100010000000000 00000000  1  1    1
    325         1    944 ns 100010000000000 00000000  1  1    1
    326         1      8 ns 100010000000000 00000000  1  1    1
    327         0      8 ns 100010000000000 00000000  1  1    1
    328         0      8 ns 100010000000000 00000000  1  1    1
    329         1  1.008 us 100010000000000 00000000  1  1    1
    330         1  2.920 us 100010000000000 00000000  1  1    1
    331         0      8 ns 100010000000000 00000000  1  1    1
    332         0      8 ns 100010000000000 00000000  1  1    1
    333         1  2.984 us 100010000000000 00000000  1  1    1
    334         1    944 ns 100010000000000 00000000  1  1    1
    335         0      8 ns 100010000000000 00000000  1  1    1
    336         0      8 ns 100010000000000 00000000  1  1    1
    337         0      8 ns 100010000000000 00000000  1  1    1
    338         1  2.976 us 100010000000000 00000000  1  1    1
    339         1    944 ns 100010000000000 00000000  1  1    1
    340         1      8 ns 100010000000000 00000000  1  1    1
    341         0      8 ns 100010000000000 00000000  1  1    1
    342         0      8 ns 100010000000000 00000000  1  1    1
    343         1  1.992 us 100010000000000 00000000  1  1    1
    344         0  4.580 ms 100010000000000 00000000  1  1    1
    345         1  3.096 us 100010000000000 00000000  1  1    1
    346         0    992 ns 100010000000000 00000000  1  1    1
    347         1  3.104 us 100010000000000 00000000  1  1    1
    348         0    992 ns 100010000000000 00000000  1  1    1
    349         1  3.104 us 100010000000000 00000000  1  1    1
    350         0    992 ns 100010000000000 00000000  1  1    1
    351         1  3.104 us 100010000000000 00000000  1  1    1
    352         0    992 ns 100010000000000 00000000  1  1    1
    353         1  3.104 us 100010000000000 00000000  1  1    1
    354         0    992 ns 100010000000000 00000000  1  1    1
    355         1  3.104 us 100010000000000 00000000  1  1    1
    356         0    992 ns 100010000000000 00000000  1  1    1
    357         1  1.056 us 100010000000000 00000000  1  1    1
    358         0  3.040 us 100010000000000 00000000  1  1    1
    359         1  1.056 us 100010000000000 00000000  1  1    1
    360         0  3.040 us 100010000000000 00000000  1  1    1
    361         1  1.056 us 100010000000000 00000000  1  1    1
    362         0  3.040 us 100010000000000 00000000  1  1    1
    363         1  3.104 us 100010000000000 00000000  1  1    1
    364         0    992 ns 100010000000000 00000000  1  1    1
    365         1  3.104 us 100010000000000 00000000  1  1    1
    366         0    992 ns 100010000000000 00000000  1  1    1
    367         1  3.104 us 100010000000000 00000000  1  1    1
    368         0    992 ns 100010000000000 00000000  1  1    1
    369         1  3.104 us 100010000000000 00000000  1  1    1
    370         0    992 ns 100010000000000 00000000  1  1    1
    371         1  3.104 us 100010000000000 00000000  1  1    1
    372         0    992 ns 100010000000000 00000000  1  1    1
    373         1  3.104 us 100010000000000 00000000  1  1    1
    374         0    992 ns 100010000000000 00000000  1  1    1
    375         1  3.104 us 100010000000000 00000000  1  1    1
    376         0    992 ns 100010000000000 00000000  1  1    1
    377         1  3.104 us 100010000000000 00000000  1  1    1
    378         0    992 ns 100010000000000 00000000  1  1    1
    379         1  3.104 us 100010000000000 00000000  1  1    1
    380         0    992 ns 100010000000000 00000000  1  1    1
    381         1  3.104 us 100010000000000 00000000  1  1    1
    382         0    992 ns 100010000000000 00000000  1  1    1
    383         1  3.104 us 100010000000000 00000000  1  1    1
    384         0    992 ns 100010000000000 00000000  1  1    1
    385         1  3.104 us 100010000000000 00000000  1  1    1
    386         0    992 ns 100010000000000 00000000  1  1    1
    387         1  3.104 us 100010000000000 00000000  1  1    1
    388         0    992 ns 100010000000000 00000000  1  1    1
    389         1  3.104 us 100010000000000 00000000  1  1    1
    390         0    992 ns 100010000000000 00000000  1  1    1
    391         1  1.056 us 100010000000000 00000000  1  1    1
    392         0  3.040 us 100010000000000 00000000  1  1    1
    393         1  1.056 us 100010000000000 00000000  1  1    1
    394         0  3.040 us 100010000000000 00000000  1  1    1
    395         1  1.056 us 100010000000000 00000000  1  1    1
    396         0  3.040 us 100010000000000 00000000  1  1    1
    397         1  1.056 us 100010000000000 00000000  1  1    1
    398         0  3.040 us 100010000000000 00000000  1  1    1
    399         1  1.056 us 100010000000000 00000000  1  1    1
    400         0  3.040 us 100010000000000 00000000  1  1    1
    401         1  1.056 us 100010000000000 00000000  1  1    1
    402         0  3.040 us 100010000000000 00000000  1  1    1
    403         1  1.056 us 100010000000000 00000000  1  1    1
    404         0  3.040 us 100010000000000 00000000  1  1    1
    405         1  1.056 us 100010000000000 00000000  1  1    1
    406         0  3.040 us 100010000000000 00000000  1  1    1
    407         1  3.104 us 100010000000000 00000000  1  1    1
    408         0    992 ns 100010000000000 00000000  1  1    1
    409         1  1.056 us 100010000000000 00000000  1  1    1
    410         1    928 ns 100010000000000 00000000  1  1    1
    411         1      8 ns 000010000000000 00000000  1  1    1
    412         1      8 ns 000000000000000 00000000  1  0    1
    413         1    968 ns 000000000000000 01111100  1  0    1
    414         1      8 ns 000000000000000 11111110  1  0    1
    415         1    984 ns 000000000000000 11111110  0  0    1
    416         0    136 ns 000000000000000 11111110  0  0    1
    417         0    848 ns 000000000000000 11111110  1  0    1
    418         1    208 ns 000000000000000 11111110  1  0    1
    419         1    776 ns 000000000000000 11111110  1  0    1
    420         1    592 ns 000000000000000 11101110  1  0    1
    421         1      8 ns 000000000000000 11001110  1  0    1
    422         1      8 ns 000000000000000 11000110  1  0    1
    423         1      8 ns 000000000000000 11000110  1  0    1
    424         1      8 ns 000000000000000 10000110  1  0    1
    425         1      8 ns 000000000000000 10000110  1  0    1
    426         1      8 ns 000000000000000 10000010  1  0    1
    427         1    184 ns 000000000000000 10000000  1  0    1
    428         1     40 ns 000000000000000 00000000  1  0    1
    429         1    336 ns 100000000000000 00000000  1  0    1
    430         1    152 ns 100010000000000 00000000  1  0    1
    431         1     40 ns 100010000000000 00000000  1  1    1
    432         0    872 ns 100010000000000 00000000  1  1    1
    433         1  1.056 us 100010000000000 00000000  1  1    1
    434         1  1.936 us 100010000000000 00000000  1  1    1
    435         0  1.104 us 100010000000000 00000000  1  1    1
    436         1  1.056 us 100010000000000 00000000  1  1    1
    437         0  3.040 us 100010000000000 00000000  1  1    1
    438         1  1.056 us 100010000000000 00000000  1  1    1
    439         0  3.040 us 100010000000000 00000000  1  1    1
    440         1  1.056 us 100010000000000 00000000  1  1    1
    441         0  3.040 us 100010000000000 00000000  1  1    1
    442         1  1.056 us 100010000000000 00000000  1  1    1
    443         0  3.040 us 100010000000000 00000000  1  1    1
    444         1  3.104 us 100010000000000 00000000  1  1    1
    445         0    992 ns 100010000000000 00000000  1  1    1
    446         1  1.056 us 100010000000000 00000000  1  1    1
    447         1  1.216 us 100010000000001 00000000  1  1    1
    448         1      8 ns 000010000000001 00000000  1  1    1
    449         1      8 ns 000000000000001 00000000  1  0    1
    450         1    976 ns 000000000000001 11111110  1  0    1
    451         0    832 ns 000000000000001 11111110  1  0    1
    452         0    152 ns 000000000000001 11111110  0  0    1
    453         1    904 ns 000000000000001 11111110  0  0    1
    454         1     80 ns 000000000000001 11111110  1  0    1
    455         1    992 ns 000000000000001 11111110  1  0    1
    456         1    592 ns 000000000000001 11001110  1  0    1
    457         1      8 ns 000000000000001 11000110  1  0    1
    458         1     24 ns 000000000000001 10000110  1  0    1
    459         1      8 ns 000000000000001 10000010  1  0    1
    460         1    192 ns 000000000000001 10000000  1  0    1
    461         1     32 ns 000000000000001 00000000  1  0    1
    462         1    336 ns 100000000000001 00000000  1  0    1
    463         1    152 ns 100010000000001 00000000  1  0    1
    464         1     40 ns 100010000000001 00000000  1  1    1
    465         0    584 ns 100010000000001 00000000  1  1    1
    466         0    816 ns 100010000000000 00000000  1  1    1
    467         1    240 ns 100010000000000 00000000  1  1    1
    468         1  2.264 us 100010000000000 00000000  1  1    1
    469         0    776 ns 100010000000000 00000000  1  1    1
    470         1  1.056 us 100010000000000 00000000  1  1    1
    471         0  3.040 us 100010000000000 00000000  1  1    1
    472         1  1.056 us 100010000000000 00000000  1  1    1
    473         0  3.040 us 100010000000000 00000000  1  1    1
    474         1  1.056 us 100010000000000 00000000  1  1    1
    475         0  3.040 us 100010000000000 00000000  1  1    1
    476         1  1.056 us 100010000000000 00000000  1  1    1
    477         0  3.040 us 100010000000000 00000000  1  1    1
    478         1  3.104 us 100010000000000 00000000  1  1    1
    479         0    992 ns 100010000000000 00000000  1  1    1
    480         1  1.056 us 100010000000000 00000000  1  1    1
    481         1  1.016 us 100010000000010 00000000  1  1    1
    482         1      8 ns 000010000000010 00000000  1  1    1
    483         1      8 ns 000000000000010 00000000  1  0    1
    484         1    968 ns 000000000000010 01111100  1  0    1
    485         1      8 ns 000000000000010 11111110  1  0    1
    486         1    984 ns 000000000000010 11111110  0  0    1
    487         0     48 ns 000000000000010 11111110  0  0    1
    488         0    936 ns 000000000000010 11111110  1  0    1
    489         1    120 ns 000000000000010 11111110  1  0    1
    490         1    864 ns 000000000000010 11111110  1  0    1
    491         1    592 ns 000000000000010 11101110  1  0    1
    492         1      8 ns 000000000000010 11001110  1  0    1
    493         1      8 ns 000000000000010 11000110  1  0    1
    494         1      8 ns 000000000000010 11000110  1  0    1
    495         1      8 ns 000000000000010 10000110  1  0    1
    496         1      8 ns 000000000000010 10000110  1  0    1
    497         1      8 ns 000000000000010 10000010  1  0    1
    498         1    184 ns 000000000000010 10000000  1  0    1
    499         1     40 ns 000000000000010 00000000  1  0    1
    500         1    336 ns 100000000000010 00000000  1  0    1
    501         1    160 ns 100010000000010 00000000  1  0    1
    502         1     40 ns 100010000000010 00000000  1  1    1
    503         0    776 ns 100010000000010 00000000  1  1    1
    504         0    728 ns 100010000000000 00000000  1  1    1
    505         1    328 ns 100010000000000 00000000  1  1    1
    506         1  1.992 us 100010000000000 00000000  1  1    1
    507         0  1.048 us 100010000000000 00000000  1  1    1
    508         1  1.056 us 100010000000000 00000000  1  1    1
    509         0  3.040 us 100010000000000 00000000  1  1    1
    510         1  1.056 us 100010000000000 00000000  1  1    1
    511         0  3.040 us 100010000000000 00000000  1  1    1
    512         1  1.056 us 100010000000000 00000000  1  1    1
    513         0  3.040 us 100010000000000 00000000  1  1    1
    514         1  1.056 us 100010000000000 00000000  1  1    1
    515         0  3.040 us 100010000000000 00000000  1  1    1
    516         1  3.104 us 100010000000000 00000000  1  1    1
    517         0    992 ns 100010000000000 00000000  1  1    1
    518         1  1.056 us 100010000000000 00000000  1  1    1
    519         1  1.304 us 100010000000011 00000000  1  1    1
    520         1      8 ns 000010000000011 00000000  1  1    1
    521         1      8 ns 000000000000011 00000000  1  0    1
    522         1    976 ns 000000000000011 11111110  1  0    1
    523         0    744 ns 000000000000011 11111110  1  0    1
    524         0    240 ns 000000000000011 11111110  0  0    1
    525         1    816 ns 000000000000011 11111110  0  0    1
    526         1    168 ns 000000000000011 11111110  1  0    1
    527         1    992 ns 000000000000011 11111110  1  0    1
    528         1    592 ns 000000000000011 11001110  1  0    1
    529         1      8 ns 000000000000011 11000110  1  0    1
    530         1     24 ns 000000000000011 10000110  1  0    1
    531         1      8 ns 000000000000011 10000010  1  0    1
    532         1    192 ns 000000000000011 10000000  1  0    1
    533         1     40 ns 000000000000011 00000000  1  0    1
    534         1    336 ns 100000000000011 00000000  1  0    1
    535         1    152 ns 100010000000011 00000000  1  0    1
    536         1     40 ns 100010000000011 00000000  1  1    1
    537         0    488 ns 100010000000011 00000000  1  1    1
    538         0    720 ns 100010000000010 00000000  1  1    1
    539         0    120 ns 100010000000000 00000000  1  1    1
    540         1    216 ns 100010000000000 00000000  1  1    1
    541         1  2.336 us 100010000000000 00000000  1  1    1
    542         0    704 ns 100010000000000 00000000  1  1    1
    543         1  1.056 us 100010000000000 00000000  1  1    1
    544         0  3.040 us 100010000000000 00000000  1  1    1
    545         1  1.056 us 100010000000000 00000000  1  1    1
    546         0  3.040 us 100010000000000 00000000  1  1    1
    547         1  1.056 us 100010000000000 00000000  1  1    1
    548         0  3.040 us 100010000000000 00000000  1  1    1
    549         1  1.056 us 100010000000000 00000000  1  1    1
    550         0  3.040 us 100010000000000 00000000  1  1    1
    551         1  3.104 us 100010000000000 00000000  1  1    1
    552         0    992 ns 100010000000000 00000000  1  1    1
    553         1  1.056 us 100010000000000 00000000  1  1    1
    554         1  1.104 us 100010000000100 00000000  1  1    1
    555         1      8 ns 000010000000100 00000000  1  1    1
    556         1      8 ns 000000000000100 00000000  1  0    1
    557         1    968 ns 000000000000100 01111100  1  0    1
    558         1      8 ns 000000000000100 11111110  1  0    1
    559         0    944 ns 000000000000100 11111110  1  0    1
    560         0     40 ns 000000000000100 11111110  0  0    1
    561         0    984 ns 000000000000100 11111110  1  0    1
    562         1     32 ns 000000000000100 11111110  1  0    1
    563         1    952 ns 000000000000100 11111110  1  0    1
    564         1    592 ns 000000000000100 11101110  1  0    1
    565         1      8 ns 000000000000100 11001110  1  0    1
    566         1      8 ns 000000000000100 11000110  1  0    1
    567         1     24 ns 000000000000100 10000110  1  0    1
    568         1      8 ns 000000000000100 10000010  1  0    1
    569         1    184 ns 000000000000100 10000000  1  0    1
    570         1     40 ns 000000000000100 00000000  1  0    1
    571         1    336 ns 100000000000100 00000000  1  0    1
    572         1    160 ns 100010000000100 00000000  1  0    1
    573         1     40 ns 100010000000100 00000000  1  1    1
    574         0    688 ns 100010000000100 00000000  1  1    1
    575         0    816 ns 100010000000000 00000000  1  1    1
    576         1    240 ns 100010000000000 00000000  1  1    1
    577         1  2.088 us 100010000000000 00000000  1  1    1
    578         0    952 ns 100010000000000 00000000  1  1    1
    579         1  1.056 us 100010000000000 00000000  1  1    1
    580         0  3.040 us 100010000000000 00000000  1  1    1
    581         1  1.056 us 100010000000000 00000000  1  1    1
    582         0  3.040 us 100010000000000 00000000  1  1    1
    583         1  1.056 us 100010000000000 00000000  1  1    1
    584         0  3.040 us 100010000000000 00000000  1  1    1
    585         1  1.056 us 100010000000000 00000000  1  1    1
    586         0  3.040 us 100010000000000 00000000  1  1    1
    587         1  3.104 us 100010000000000 00000000  1  1    1
    588         0    992 ns 100010000000000 00000000  1  1    1
    589         1  1.056 us 100010000000000 00000000  1  1    1
    590         1  1.392 us 100010000000000 00000000  1  1    1
    591         1      8 ns 000010000000101 00000000  1  1    1
    592         1      8 ns 000000000000101 00000000  1  0    1
    593         1    976 ns 000000000000101 11111110  1  0    1
    594         0    656 ns 000000000000101 11111110  1  0    1
    595         0    328 ns 000000000000101 11111110  0  0    1
    596         1    728 ns 000000000000101 11111110  0  0    1
    597         1    256 ns 000000000000101 11111110  1  0    1
    598         1    992 ns 000000000000101 11111110  1  0    1
    599         1    592 ns 000000000000101 11001110  1  0    1
    600         1      8 ns 000000000000101 11000110  1  0    1
    601         1     24 ns 000000000000101 10000110  1  0    1
    602         1      8 ns 000000000000101 10000010  1  0    1
    603         1    184 ns 000000000000101 10000000  1  0    1
    604         1     48 ns 000000000000101 00000000  1  0    1
    605         1    336 ns 100000000000101 00000000  1  0    1
    606         1    152 ns 100010000000101 00000000  1  0    1
    607         1     40 ns 100010000000101 00000000  1  1    1
    608         0    400 ns 100010000000101 00000000  1  1    1
    609         0    944 ns 100010000000100 00000000  1  1    1
    610         0     96 ns 100010000000000 00000000  1  1    1
    611         0      8 ns 100010000000000 00000000  1  1    1
    612         1      8 ns 100010000000000 00000000  1  1    1
    613         1  2.456 us 100010000000000 00000000  1  1    1
    614         0    584 ns 100010000000000 00000000  1  1    1
    615         1  1.056 us 100010000000000 00000000  1  1    1
    616         0  3.040 us 100010000000000 00000000  1  1    1
    617         1  1.056 us 100010000000000 00000000  1  1    1
    618         0  3.040 us 100010000000000 00000000  1  1    1
    619         1  1.056 us 100010000000000 00000000  1  1    1
    620         0  3.040 us 100010000000000 00000000  1  1    1
    621         1  1.056 us 100010000000000 00000000  1  1    1
    622         0  3.040 us 100010000000000 00000000  1  1    1
    623         1  3.104 us 100010000000000 00000000  1  1    1
    624         0    992 ns 100010000000000 00000000  1  1    1
    625         1  1.056 us 100010000000000 00000000  1  1    1
    626         1  1.192 us 100010000000110 00000000  1  1    1
    627         1      8 ns 000010000000110 00000000  1  1    1
    628         1      8 ns 000000000000110 00000000  1  0    1
    629         1    968 ns 000000000000110 00111000  1  0    1
    630         1      8 ns 000000000000110 11111110  1  0    1
    631         0    856 ns 000000000000110 11111110  1  0    1
    632         0    128 ns 000000000000110 11111110  0  0    1
    633         1    928 ns 000000000000110 11111110  0  0    1
    634         1     56 ns 000000000000110 11111110  1  0    1
    635         1    984 ns 000000000000110 11111110  1  0    1
    636         1    592 ns 000000000000110 11101110  1  0    1
    637         1      8 ns 000000000000110 11001110  1  0    1
    638         1      8 ns 000000000000110 11000110  1  0    1
    639         1     24 ns 000000000000110 10000110  1  0    1
    640         1      8 ns 000000000000110 10000010  1  0    1
    641         1    184 ns 000000000000110 10000000  1  0    1
    642         1     40 ns 000000000000110 00000000  1  0    1
    643         1    344 ns 100000000000110 00000000  1  0    1
    644         1    152 ns 100010000000110 00000000  1  0    1
    645         1     40 ns 100010000000110 00000000  1  1    1
    646         0    600 ns 100010000000110 00000000  1  1    1
    647         0    712 ns 100010000000000 00000000  1  1    1
    648         1    344 ns 100010000000000 00000000  1  1    1
    649         1  2.184 us 100010000000000 00000000  1  1    1
    650         0    856 ns 100010000000000 00000000  1  1    1
    651         1  1.056 us 100010000000000 00000000  1  1    1
    652         0  3.040 us 100010000000000 00000000  1  1    1
    653         1  1.056 us 100010000000000 00000000  1  1    1
    654         0  3.040 us 100010000000000 00000000  1  1    1
    655         1  1.056 us 100010000000000 00000000  1  1    1
    656         0  3.040 us 100010000000000 00000000  1  1    1
    657         1  1.056 us 100010000000000 00000000  1  1    1
    658         0  3.040 us 100010000000000 00000000  1  1    1
    659         1  3.104 us 100010000000000 00000000  1  1    1
    660         0    992 ns 100010000000000 00000000  1  1    1
    661         1  1.056 us 100010000000000 00000000  1  1    1
    662         1    992 ns 100010000000111 00000000  1  1    1
    663         1      8 ns 000000000000111 00000000  1  0    1
    664         1    976 ns 000000000000111 11111110  1  0    1
    665         1    992 ns 000000000000111 11111110  0  0    1
    666         0     72 ns 000000000000111 11111110  0  0    1
    667         0    912 ns 000000000000111 11111110  1  0    1
    668         1    144 ns 000000000000111 11111110  1  0    1
    669         1    840 ns 000000000000111 11111110  1  0    1
    670         1    592 ns 000000000000111 11101110  1  0    1
    671         1      8 ns 000000000000111 11001110  1  0    1
    672         1      8 ns 000000000000111 11000110  1  0    1
    673         1      8 ns 000000000000111 11000110  1  0    1
    674         1      8 ns 000000000000111 10000110  1  0    1
    675         1      8 ns 000000000000111 10000110  1  0    1
    676         1      8 ns 000000000000111 10000010  1  0    1
    677         1    192 ns 000000000000111 10000000  1  0    1
    678         1     40 ns 000000000000111 00000000  1  0    1
    679         1    328 ns 100000000000111 00000000  1  0    1
    680         1    160 ns 100010000000111 00000000  1  0    1
    681         1     40 ns 100010000000111 00000000  1  1    1
    682         0    800 ns 100010000000111 00000000  1  1    1
    683         0    272 ns 100010000000110 00000000  1  1    1
    684         0     56 ns 100010000000100 00000000  1  1    1
    685         0    112 ns 100010000000000 00000000  1  1    1
    686         1    624 ns 100010000000000 00000000  1  1    1
    687         1  1.968 us 100010000000000 00000000  1  1    1
    688         0  1.064 us 100010000000000 00000000  1  1    1
    689         1  1.056 us 100010000000000 00000000  1  1    1
    690         0  3.048 us 100010000000000 00000000  1  1    1
    691         1  1.048 us 100010000000000 00000000  1  1    1
    692         0  3.048 us 100010000000000 00000000  1  1    1
    693         1  1.048 us 100010000000000 00000000  1  1    1
    694         0  3.040 us 100010000000000 00000000  1  1    1
    695         1  1.056 us 100010000000000 00000000  1  1    1
    696         0  3.048 us 100010000000000 00000000  1  1    1
    697         1  3.096 us 100010000000000 00000000  1  1    1
    698         0    992 ns 100010000000000 00000000  1  1    1
    699         1  1.056 us 100010000000000 00000000  1  1    1
    700         1  1.280 us 100010000001000 00000000  1  1    1
    701         1      8 ns 000010000001000 00000000  1  1    1
    702         1      8 ns 000000000001000 00000000  1  0    1
    703         1    976 ns 000000000001000 11111110  1  0    1
    704         0    768 ns 000000000001000 11111110  1  0    1
    705         0    216 ns 000000000001000 11111110  0  0    1
    706         1    840 ns 000000000001000 11111110  0  0    1
    707         1    144 ns 000000000001000 11111110  1  0    1
    708         1    992 ns 000000000001000 11111110  1  0    1
    709         1    584 ns 000000000001000 11101110  1  0    1
    710         1      8 ns 000000000001000 11001110  1  0    1
    711         1      8 ns 000000000001000 11000110  1  0    1
    712         1      8 ns 000000000001000 11000110  1  0    1
    713         1      8 ns 000000000001000 10000110  1  0    1
    714         1      8 ns 000000000001000 10000110  1  0    1
    715         1      8 ns 000000000001000 10000010  1  0    1
    716         1    184 ns 000000000001000 10000000  1  0    1
    717         1     40 ns 000000000001000 00000000  1  0    1
    718         1    344 ns 100000000001000 00000000  1  0    1
    719         1    152 ns 100010000001000 00000000  1  0    1
    720         1     40 ns 100010000001000 00000000  1  1    1
    721         0    512 ns 100010000001000 00000000  1  1    1
    722         0  1.040 us 100010000000000 00000000  1  1    1
    723         0      8 ns 100010000000000 00000000  1  1    1
    724         1      8 ns 100010000000000 00000000  1  1    1
    725         1  2.296 us 100010000000000 00000000  1  1    1
    726         0    752 ns 100010000000000 00000000  1  1    1
    727         1  1.048 us 100010000000000 00000000  1  1    1
    728         0  3.048 us 100010000000000 00000000  1  1    1
    729         1  1.048 us 100010000000000 00000000  1  1    1
    730         0  3.048 us 100010000000000 00000000  1  1    1
    731         1  1.048 us 100010000000000 00000000  1  1    1
    732         0  3.048 us 100010000000000 00000000  1  1    1
    733         1  1.048 us 100010000000000 00000000  1  1    1
    734         0  3.048 us 100010000000000 00000000  1  1    1
    735         1  3.104 us 100010000000000 00000000  1  1    1
    736         0    992 ns 100010000000000 00000000  1  1    1
    737         1  1.048 us 100010000000000 00000000  1  1    1
    738         1  1.080 us 100010000001001 00000000  1  1    1
    739         1      8 ns 000000000001001 00000000  1  1    1
    740         1      8 ns 000000000001001 00000000  1  0    1
    741         1    968 ns 000000000001001 11111110  1  0    1
    742         1      8 ns 000000000001001 11111110  1  0    1
    743         0    976 ns 000000000001001 11111110  1  0    1
    744         0      8 ns 000000000001001 11111110  0  0    1
    745         0    984 ns 000000000001001 11111110  1  0    1
    746         1     56 ns 000000000001001 11111110  1  0    1
    747         1    928 ns 000000000001001 11111110  1  0    1
    748         1    592 ns 000000000001001 11101110  1  0    1
    749         1      8 ns 000000000001001 11001110  1  0    1
    750         1      8 ns 000000000001001 11000110  1  0    1
    751         1      8 ns 000000000001001 11000110  1  0    1
    752         1      8 ns 000000000001001 10000110  1  0    1
    753         1      8 ns 000000000001001 10000110  1  0    1
    754         1      8 ns 000000000001001 10000010  1  0    1
    755         1    184 ns 000000000001001 10000000  1  0    1
    756         1     40 ns 000000000001001 00000000  1  0    1
    757         1    336 ns 100000000001001 00000000  1  0    1
    758         1    152 ns 100010000001001 00000000  1  0    1
    759         1     40 ns 100010000001001 00000000  1  1    1
    760         0    720 ns 100010000001001 00000000  1  1    1
    761         0    632 ns 100010000001000 00000000  1  1    1
    762         0    192 ns 100010000000000 00000000  1  1    1
    763         1    240 ns 100010000000000 00000000  1  1    1
    764         1  2.088 us 100010000000000 00000000  1  1    1
    765         0    952 ns 100010000000000 00000000  1  1    1
    766         1  1.056 us 100010000000000 00000000  1  1    1
    767         0  3.040 us 100010000000000 00000000  1  1    1
    768         1  1.056 us 100010000000000 00000000  1  1    1
    769         0  3.040 us 100010000000000 00000000  1  1    1
    770         1  1.056 us 100010000000000 00000000  1  1    1
    771         0  3.040 us 100010000000000 00000000  1  1    1
    772         1  1.056 us 100010000000000 00000000  1  1    1
    773         0  3.040 us 100010000000000 00000000  1  1    1
    774         1  3.104 us 100010000000000 00000000  1  1    1
    775         0    992 ns 100010000000000 00000000  1  1    1
    776         1  1.056 us 100010000000000 00000000  1  1    1
    777         1  1.360 us 100010000001010 00000000  1  1    1
    778         1      8 ns 000010000001010 00000000  1  1    1
    779         1      8 ns 000000000001010 00000000  1  0    1
    780         1    976 ns 000000000001010 11111110  1  0    1
    781         0    688 ns 000000000001010 11111110  1  0    1
    782         0    296 ns 000000000001010 11111110  0  0    1
    783         1    760 ns 000000000001010 11111110  0  0    1
    784         1    224 ns 000000000001010 11111110  1  0    1
    785         1    992 ns 000000000001010 11111110  1  0    1
    786         1    592 ns 000000000001010 11001110  1  0    1
    787         1      8 ns 000000000001010 11000110  1  0    1
    788         1     24 ns 000000000001010 10000110  1  0    1
    789         1      8 ns 000000000001010 10000010  1  0    1
    790         1    192 ns 000000000001010 10000000  1  0    1
    791         1     40 ns 000000000001010 00000000  1  0    1
    792         1    336 ns 100000000001010 00000000  1  0    1
    793         1    152 ns 100010000001010 00000000  1  0    1
    794         1     40 ns 100010000001010 00000000  1  1    1
    795         0    432 ns 100010000001010 00000000  1  1    1
    796         0    968 ns 100010000001000 00000000  1  1    1
    797         0     56 ns 100010000000000 00000000  1  1    1
    798         1     32 ns 100010000000000 00000000  1  1    1
    799         1  2.320 us 100010000000000 00000000  1  1    1
    800         0    720 ns 100010000000000 00000000  1  1    1
    801         1  1.056 us 100010000000000 00000000  1  1    1
    802         0  3.040 us 100010000000000 00000000  1  1    1
    803         1  1.056 us 100010000000000 00000000  1  1    1
    804         0  3.040 us 100010000000000 00000000  1  1    1
    805         1  1.056 us 100010000000000 00000000  1  1    1
    806         0  3.040 us 100010000000000 00000000  1  1    1
    807         1  1.056 us 100010000000000 00000000  1  1    1
    808         0  3.040 us 100010000000000 00000000  1  1    1
    809         1  3.104 us 100010000000000 00000000  1  1    1
    810         0    992 ns 100010000000000 00000000  1  1    1
    811         1  1.056 us 100010000000000 00000000  1  1    1
    812         1  1.160 us 100010000001011 00000000  1  1    1
    813         1      8 ns 000010000001011 00000000  1  1    1
    814         1      8 ns 000000000001011 00000000  1  0    1
    815         1    968 ns 000000000001011 00111000  1  0    1
    816         1      8 ns 000000000001011 11111110  1  0    1
    817         0    888 ns 000000000001011 11111110  1  0    1
    818         0     96 ns 000000000001011 11111110  0  0    1
    819         1    960 ns 000000000001011 11111110  0  0    1
    820         1     24 ns 000000000001011 11111110  1  0    1
    821         1    984 ns 000000000001011 11111110  1  0    1
    822         1    592 ns 000000000001011 11101110  1  0    1
    823         1      8 ns 000000000001011 11001110  1  0    1
    824         1      8 ns 000000000001011 11000110  1  0    1
    825         1     24 ns 000000000001011 10000110  1  0    1
    826         1      8 ns 000000000001011 10000010  1  0    1
    827         1    184 ns 000000000001011 10000000  1  0    1
    828         1     48 ns 000000000001011 00000000  1  0    1
    829         1    336 ns 100000000001011 00000000  1  0    1
    830         1    152 ns 100010000001011 00000000  1  0    1
    831         1     40 ns 100010000001011 00000000  1  1    1
    832         0    632 ns 100010000001011 00000000  1  1    1
    833         0    520 ns 100010000001010 00000000  1  1    1
    834         0     64 ns 100010000001000 00000000  1  1    1
    835         0    200 ns 100010000000000 00000000  1  1    1
    836         1    272 ns 100010000000000 00000000  1  1    1
    837         1  2.144 us 100010000000000 00000000  1  1    1
    838         0    896 ns 100010000000000 00000000  1  1    1
    839         1  1.056 us 100010000000000 00000000  1  1    1
    840         0  3.040 us 100010000000000 00000000  1  1    1
    841         1  1.056 us 100010000000000 00000000  1  1    1
    842         0  3.040 us 100010000000000 00000000  1  1    1
    843         1  1.056 us 100010000000000 00000000  1  1    1
    844         0  3.040 us 100010000000000 00000000  1  1    1
    845         1  1.056 us 100010000000000 00000000  1  1    1
    846         0  3.040 us 100010000000000 00000000  1  1    1
    847         1  3.104 us 100010000000000 00000000  1  1    1
    848         0    992 ns 100010000000000 00000000  1  1    1
    849         1  1.056 us 100010000000000 00000000  1  1    1
    850         1    960 ns 100010000001100 00000000  1  1    1
    851         1      8 ns 000000000001100 00000000  1  0    1
    852         1    976 ns 000000000001100 11111110  1  0    1
    853         1    992 ns 000000000001100 11111110  0  0    1
    854         0    104 ns 000000000001100 11111110  0  0    1
    855         0    880 ns 000000000001100 11111110  1  0    1
    856         1    176 ns 000000000001100 11111110  1  0    1
    857         1    808 ns 000000000001100 11111110  1  0    1
    858         1    592 ns 000000000001100 11101110  1  0    1
    859         1      8 ns 000000000001100 11001110  1  0    1
    860         1      8 ns 000000000001100 11000110  1  0    1
    861         1      8 ns 000000000001100 11000110  1  0    1
    862         1      8 ns 000000000001100 10000110  1  0    1
    863         1      8 ns 000000000001100 10000110  1  0    1
    864         1      8 ns 000000000001100 10000010  1  0    1
    865         1    184 ns 000000000001100 10000000  1  0    1
    866         1     40 ns 000000000001100 00000000  1  0    1
    867         1    336 ns 100000000001100 00000000  1  0    1
    868         1    160 ns 100010000001100 00000000  1  0    1
    869         1     40 ns 100010000001100 00000000  1  1    1
    870         0    832 ns 100010000001100 00000000  1  1    1
    871         0    512 ns 100010000001000 00000000  1  1    1
    872         0     48 ns 100010000000000 00000000  1  1    1
    873         1    496 ns 100010000000000 00000000  1  1    1
    874         1  1.928 us 100010000000000 00000000  1  1    1
    875         0  1.112 us 100010000000000 00000000  1  1    1
    876         1  1.056 us 100010000000000 00000000  1  1    1
    877         0  3.040 us 100010000000000 00000000  1  1    1
    878         1  1.056 us 100010000000000 00000000  1  1    1
    879         0  3.040 us 100010000000000 00000000  1  1    1
    880         1  1.056 us 100010000000000 00000000  1  1    1
    881         0  3.040 us 100010000000000 00000000  1  1    1
    882         1  1.056 us 100010000000000 00000000  1  1    1
    883         0  3.040 us 100010000000000 00000000  1  1    1
    884         1  3.104 us 100010000000000 00000000  1  1    1
    885         0    992 ns 100010000000000 00000000  1  1    1
    886         1  1.056 us 100010000000000 00000000  1  1    1
    887         1  1.248 us 100010000001101 00000000  1  1    1
    888         1      8 ns 000010000001101 00000000  1  1    1
    889         1      8 ns 000000000001101 00000000  1  0    1
    890         1    976 ns 000000000001101 11111110  1  0    1
    891         0    800 ns 000000000001101 11111110  1  0    1
    892         0    184 ns 000000000001101 11111110  0  0    1
    893         1    872 ns 000000000001101 11111110  0  0    1
    894         1    112 ns 000000000001101 11111110  1  0    1
    895         1    992 ns 000000000001101 11111110  1  0    1
    896         1    584 ns 000000000001101 11101110  1  0    1
    897         1      8 ns 000000000001101 11001110  1  0    1
    898         1      8 ns 000000000001101 11000110  1  0    1
    899         1     24 ns 000000000001101 10000110  1  0    1
    900         1      8 ns 000000000001101 10000010  1  0    1
    901         1    184 ns 000000000001101 10000000  1  0    1
    902         1     40 ns 000000000001101 00000000  1  0    1
    903         1    344 ns 100000000001101 00000000  1  0    1
    904         1    152 ns 100010000001101 00000000  1  0    1
    905         1     40 ns 100010000001101 00000000  1  1    1
    906         0    544 ns 100010000001101 00000000  1  1    1
    907         0    752 ns 100010000001001 00000000  1  1    1
    908         0      8 ns 100010000001000 00000000  1  1    1
    909         0     80 ns 100010000000000 00000000  1  1    1
    910         1    216 ns 100010000000000 00000000  1  1    1
    911         1  2.264 us 100010000000000 00000000  1  1    1
    912         0    776 ns 100010000000000 00000000  1  1    1
    913         1  1.056 us 100010000000000 00000000  1  1    1
    914         0  3.040 us 100010000000000 00000000  1  1    1
    915         1  1.056 us 100010000000000 00000000  1  1    1
    916         0  3.040 us 100010000000000 00000000  1  1    1
    917         1  1.056 us 100010000000000 00000000  1  1    1
    918         0  3.040 us 100010000000000 00000000  1  1    1
    919         1  1.056 us 100010000000000 00000000  1  1    1
    920         0  3.040 us 100010000000000 00000000  1  1    1
    921         1  3.104 us 100010000000000 00000000  1  1    1
    922         0    992 ns 100010000000000 00000000  1  1    1
    923         1  1.056 us 100010000000000 00000000  1  1    1
    924         1  1.048 us 100010000001110 00000000  1  1    1
    925         1      8 ns 000010000001110 00000000  1  0    1
    926         1      8 ns 000000000001110 00000000  1  0    1
    927         1    968 ns 000000000001110 11111100  1  0    1
    928         1      8 ns 000000000001110 11111110  1  0    1
    929         1    984 ns 000000000001110 11111110  0  0    1
    930         1      8 ns 000000000001110 11111110  0  0    1
    931         0      8 ns 000000000001110 11111110  0  0    1
    932         0    968 ns 000000000001110 11111110  1  0    1
    933         1     88 ns 000000000001110 11111110  1  0    1
    934         1    896 ns 000000000001110 11111110  1  0    1
    935         1    592 ns 000000000001110 11101110  1  0    1
    936         1      8 ns 000000000001110 11001110  1  0    1
    937         1      8 ns 000000000001110 11000110  1  0    1
    938         1     24 ns 000000000001110 10000110  1  0    1
    939         1      8 ns 000000000001110 10000010  1  0    1
    940         1    184 ns 000000000001110 10000000  1  0    1
    941         1     48 ns 000000000001110 00000000  1  0    1
    942         1    328 ns 100000000001110 00000000  1  0    1
    943         1    160 ns 100010000001110 00000000  1  0    1
    944         1     40 ns 100010000001110 00000000  1  1    1
    945         0    744 ns 100010000001110 00000000  1  1    1
    946         0    424 ns 100010000001010 00000000  1  1    1
    947         0     32 ns 100010000001000 00000000  1  1    1
    948         0     88 ns 100010000000000 00000000  1  1    1
    949         1    512 ns 100010000000000 00000000  1  1    1
    950         1  2.024 us 100010000000000 00000000  1  1    1
    951         0  1.016 us 100010000000000 00000000  1  1    1
    952         1  1.056 us 100010000000000 00000000  1  1    1
    953         0  3.040 us 100010000000000 00000000  1  1    1
    954         1  1.056 us 100010000000000 00000000  1  1    1
    955         0  3.040 us 100010000000000 00000000  1  1    1
    956         1  1.056 us 100010000000000 00000000  1  1    1
    957         0  3.040 us 100010000000000 00000000  1  1    1
    958         1  1.056 us 100010000000000 00000000  1  1    1
    959         0  3.040 us 100010000000000 00000000  1  1    1
    960         1  3.104 us 100010000000000 00000000  1  1    1
    961         0    992 ns 100010000000000 00000000  1  1    1
    962         1  1.056 us 100010000000000 00000000  1  1    1
    963         1  1.336 us 100010000001111 00000000  1  1    1
    964         1      8 ns 000010000001111 00000000  1  1    1
    965         1      8 ns 000000000001111 00000000  1  0    1
    966         1    976 ns 000000000001111 11111110  1  0    1
    967         0    712 ns 000000000001111 11111110  1  0    1
    968         0    272 ns 000000000001111 11111110  0  0    1
    969         1    784 ns 000000000001111 11111110  0  0    1
    970         1    200 ns 000000000001111 11111110  1  0    1
    971         1    992 ns 000000000001111 11111110  1  0    1
    972         1    592 ns 000000000001111 11001110  1  0    1
    973         1      8 ns 000000000001111 11000110  1  0    1
    974         1     24 ns 000000000001111 10000110  1  0    1
    975         1      8 ns 000000000001111 10000010  1  0    1
    976         1    192 ns 000000000001111 10000000  1  0    1
    977         1     40 ns 000000000001111 00000000  1  0    1
    978         1    336 ns 100000000001111 00000000  1  0    1
    979         1    152 ns 100010000001111 00000000  1  0    1
    980         1     48 ns 100010000001111 00000000  1  1    1
    981         0    448 ns 100010000001111 00000000  1  1    1
    982         0    600 ns 100010000001101 00000000  1  1    1
    983         0     64 ns 100010000001100 00000000  1  1    1
    984         0      8 ns 100010000001000 00000000  1  1    1
    985         0    152 ns 100010000000000 00000000  1  1    1
    986         1    232 ns 100010000000000 00000000  1  1    1
    987         1  2.312 us 100010000000000 00000000  1  1    1
    988         0    728 ns 100010000000000 00000000  1  1    1
    989         1  1.056 us 100010000000000 00000000  1  1    1
    990         0  3.040 us 100010000000000 00000000  1  1    1
    991         1  1.056 us 100010000000000 00000000  1  1    1
    992         0  3.040 us 100010000000000 00000000  1  1    1
    993         1  1.056 us 100010000000000 00000000  1  1    1
    994         0  3.040 us 100010000000000 00000000  1  1    1
    995         1  1.056 us 100010000000000 00000000  1  1    1
    996         0  3.040 us 100010000000000 00000000  1  1    1
    997         1  3.104 us 100010000000000 00000000  1  1    1
    998         0    992 ns 100010000000000 00000000  1  1    1
    999         1  1.056 us 100010000000000 00000000  1  1    1
   1000         1  1.136 us 100010000010000 00000000  1  1    1
   1001         1      8 ns 000010000010000 00000000  1  1    1
   1002         1      8 ns 000000000010000 00000000  1  0    1
   1003         1    968 ns 000000000010000 00111000  1  0    1
   1004         1      8 ns 000000000010000 11111110  1  0    1
   1005         0    912 ns 000000000010000 11111110  1  0    1
   1006         0     72 ns 000000000010000 11111110  0  0    1
   1007         1    984 ns 000000000010000 11111110  1  0    1
   1008         1    984 ns 000000000010000 11111110  1  0    1
   1009         1    592 ns 000000000010000 11101110  1  0    1
   1010         1      8 ns 000000000010000 11001110  1  0    1
   1011         1      8 ns 000000000010000 11000110  1  0    1
   1012         1     24 ns 000000000010000 10000110  1  0    1
   1013         1      8 ns 000000000010000 10000010  1  0    1
   1014         1    192 ns 000000000010000 10000000  1  0    1
   1015         1     32 ns 000000000010000 00000000  1  0    1
   1016         1    336 ns 100000000010000 00000000  1  0    1
   1017         1    160 ns 100010000010000 00000000  1  0    1
   1018         1     40 ns 100010000010000 00000000  1  1    1
   1019         0    656 ns 100010000010000 00000000  1  1    1
   1020         0    800 ns 100010000000000 00000000  1  1    1
   1021         1    256 ns 100010000000000 00000000  1  1    1
   1022         1  2.112 us 100010000000000 00000000  1  1    1
   1023         0    928 ns 100010000000000 00000000  1  1    1
   1024         1  1.056 us 100010000000000 00000000  1  1    1
   1025         0  3.040 us 100010000000000 00000000  1  1    1
   1026         1  1.056 us 100010000000000 00000000  1  1    1
   1027         0  3.040 us 100010000000000 00000000  1  1    1
   1028         1  1.056 us 100010000000000 00000000  1  1    1
   1029         0  3.040 us 100010000000000 00000000  1  1    1
   1030         1  1.056 us 100010000000000 00000000  1  1    1
   1031         0  3.040 us 100010000000000 00000000  1  1    1
   1032         1  3.104 us 100010000000000 00000000  1  1    1
   1033         0    992 ns 100010000000000 00000000  1  1    1
   1034         1  1.056 us 100010000000000 00000000  1  1    1
   1035         1    936 ns 100010000010001 00000000  1  1    1
   1036         1      8 ns 000000000010001 00000000  1  0    1
   1037         1    976 ns 000000000010001 11111110  1  0    1
   1038         1    992 ns 000000000010001 11111110  0  0    1
   1039         0    128 ns 000000000010001 11111110  0  0    1
   1040         0    856 ns 000000000010001 11111110  1  0    1
   1041         1    200 ns 000000000010001 11111110  1  0    1
   1042         1    784 ns 000000000010001 11111110  1  0    1
   1043         1    592 ns 000000000010001 11101110  1  0    1
   1044         1      8 ns 000000000010001 11001110  1  0    1
   1045         1      8 ns 000000000010001 11000110  1  0    1
   1046         1      8 ns 000000000010001 11000110  1  0    1
   1047         1      8 ns 000000000010001 10000110  1  0    1
   1048         1      8 ns 000000000010001 10000110  1  0    1
   1049         1      8 ns 000000000010001 10000010  1  0    1
   1050         1    184 ns 000000000010001 10000000  1  0    1
   1051         1     40 ns 000000000010001 00000000  1  0    1
   1052         1    336 ns 100000000010001 00000000  1  0    1
   1053         1    152 ns 100010000010001 00000000  1  0    1
   1054         1     40 ns 100010000010001 00000000  1  1    1
   1055         0    864 ns 100010000010001 00000000  1  1    1
   1056         0    464 ns 100010000010000 00000000  1  1    1
   1057         0    120 ns 100010000000000 00000000  1  1    1
   1058         1    472 ns 100010000000000 00000000  1  1    1
   1059         1  1.920 us 100010000000000 00000000  1  1    1
   1060         0  1.120 us 100010000000000 00000000  1  1    1
   1061         1  1.056 us 100010000000000 00000000  1  1    1
   1062         0  3.040 us 100010000000000 00000000  1  1    1
   1063         1  1.056 us 100010000000000 00000000  1  1    1
   1064         0  3.040 us 100010000000000 00000000  1  1    1
   1065         1  1.056 us 100010000000000 00000000  1  1    1
   1066         0  3.040 us 100010000000000 00000000  1  1    1
   1067         1  1.056 us 100010000000000 00000000  1  1    1
   1068         0  3.040 us 100010000000000 00000000  1  1    1
   1069         1  3.112 us 100010000000000 00000000  1  1    1
   1070         0    984 ns 100010000000000 00000000  1  1    1
   1071         1  1.056 us 100010000000000 00000000  1  1    1
   1072         1  1.224 us 100010000010010 00000000  1  1    1
   1073         1      8 ns 000010000010010 00000000  1  1    1
   1074         1      8 ns 000000000010010 00000000  1  0    1
   1075         1    976 ns 000000000010010 11111110  1  0    1
   1076         0    824 ns 000000000010010 11111110  1  0    1
   1077         0    160 ns 000000000010010 11111110  0  0    1
   1078         1    896 ns 000000000010010 11111110  0  0    1
   1079         1     88 ns 000000000010010 11111110  1  0    1
   1080         1    992 ns 000000000010010 11111110  1  0    1
   1081         1    584 ns 000000000010010 11101110  1  0    1
   1082         1      8 ns 000000000010010 11001110  1  0    1
   1083         1      8 ns 000000000010010 11000110  1  0    1
   1084         1     24 ns 000000000010010 10000110  1  0    1
   1085         1      8 ns 000000000010010 10000010  1  0    1
   1086         1    192 ns 000000000010010 10000000  1  0    1
   1087         1     40 ns 000000000010010 00000000  1  0    1
   1088         1    336 ns 100000000010010 00000000  1  0    1
   1089         1    152 ns 100010000010010 00000000  1  0    1
   1090         1     40 ns 100010000010010 00000000  1  1    1
   1091         0    568 ns 100010000010010 00000000  1  1    1
   1092         0    864 ns 100010000000010 00000000  1  1    1
   1093         0     48 ns 100010000000000 00000000  1  1    1
   1094         1    144 ns 100010000000000 00000000  1  1    1
   1095         1  2.160 us 100010000000000 00000000  1  1    1
   1096         0    880 ns 100010000000000 00000000  1  1    1
   1097         1  1.056 us 100010000000000 00000000  1  1    1
   1098         0  3.040 us 100010000000000 00000000  1  1    1
   1099         1  1.056 us 100010000000000 00000000  1  1    1
   1100         0  3.040 us 100010000000000 00000000  1  1    1
   1101         1  1.056 us 100010000000000 00000000  1  1    1
   1102         0  3.048 us 100010000000000 00000000  1  1    1
   1103         1  1.048 us 100010000000000 00000000  1  1    1
   1104         0  3.048 us 100010000000000 00000000  1  1    1
   1105         1  3.096 us 100010000000000 00000000  1  1    1
   1106         0    992 ns 100010000000000 00000000  1  1    1
   1107         1  1.064 us 100010000000000 00000000  1  1    1
   1108         1  1.016 us 100010000010011 00000000  1  1    1
   1109         1      8 ns 000010000010011 00000000  1  1    1
   1110         1      8 ns 000000000010011 00000000  1  0    1
   1111         1    968 ns 000000000010011 01111100  1  0    1
   1112         1      8 ns 000000000010011 11111110  1  0    1
   1113         1    984 ns 000000000010011 11111110  0  0    1
   1114         0     40 ns 000000000010011 11111110  0  0    1
   1115         0    944 ns 000000000010011 11111110  1  0    1
   1116         1    112 ns 000000000010011 11111110  1  0    1
   1117         1    872 ns 000000000010011 11111110  1  0    1
   1118         1    592 ns 000000000010011 11101110  1  0    1
   1119         1      8 ns 000000000010011 11001110  1  0    1
   1120         1      8 ns 000000000010011 11000110  1  0    1
   1121         1      8 ns 000000000010011 11000110  1  0    1
   1122         1      8 ns 000000000010011 10000110  1  0    1
   1123         1      8 ns 000000000010011 10000110  1  0    1
   1124         1      8 ns 000000000010011 10000010  1  0    1
   1125         1    184 ns 000000000010011 10000000  1  0    1
   1126         1     40 ns 000000000010011 00000000  1  0    1
   1127         1    344 ns 100000000010011 00000000  1  0    1
   1128         1    152 ns 100010000010011 00000000  1  0    1
   1129         1     40 ns 100010000010011 00000000  1  1    1
   1130         0    768 ns 100010000010011 00000000  1  1    1
   1131         0    368 ns 100010000010010 00000000  1  1    1
   1132         0    144 ns 100010000010000 00000000  1  1    1
   1133         0    136 ns 100010000000000 00000000  1  1    1
   1134         1    416 ns 100010000000000 00000000  1  1    1
   1135         1  1.968 us 100010000000000 00000000  1  1    1
   1136         0  1.072 us 100010000000000 00000000  1  1    1
   1137         1  1.048 us 100010000000000 00000000  1  1    1
   1138         0  3.048 us 100010000000000 00000000  1  1    1
   1139         1  1.048 us 100010000000000 00000000  1  1    1
   1140         0  3.040 us 100010000000000 00000000  1  1    1
   1141         1  1.056 us 100010000000000 00000000  1  1    1
   1142         0  3.048 us 100010000000000 00000000  1  1    1
   1143         1  1.048 us 100010000000000 00000000  1  1    1
   1144         0  3.048 us 100010000000000 00000000  1  1    1
   1145         1  3.104 us 100010000000000 00000000  1  1    1
   1146         0    992 ns 100010000000000 00000000  1  1    1
   1147         1  1.056 us 100010000000000 00000000  1  1    1
   1148         1  1.304 us 100010000010100 00000000  1  1    1
   1149         1      8 ns 000010000010100 00000000  1  1    1
   1150         1      8 ns 000000000010100 00000000  1  0    1
   1151         1    976 ns 000000000010100 11111110  1  0    1
   1152         0    736 ns 000000000010100 11111110  1  0    1
   1153         0    248 ns 000000000010100 11111110  0  0    1
   1154         1    816 ns 000000000010100 11111110  0  0    1
   1155         1    168 ns 000000000010100 11111110  1  0    1
   1156         1    992 ns 000000000010100 11111110  1  0    1
   1157         1    592 ns 000000000010100 11001110  1  0    1
   1158         1      8 ns 000000000010100 11000110  1  0    1
   1159         1     24 ns 000000000010100 10000110  1  0    1
   1160         1      8 ns 000000000010100 10000010  1  0    1
   1161         1    192 ns 000000000010100 10000000  1  0    1
   1162         1     40 ns 000000000010100 00000000  1  0    1
   1163         1    336 ns 100000000010100 00000000  1  0    1
   1164         1    152 ns 100010000010100 00000000  1  0    1
   1165         1     48 ns 100010000010100 00000000  1  1    1
   1166         0    480 ns 100010000010100 00000000  1  1    1
   1167         0    848 ns 100010000000100 00000000  1  1    1
   1168         0     40 ns 100010000000000 00000000  1  1    1
   1169         1    168 ns 100010000000000 00000000  1  1    1
   1170         1  2.216 us 100010000000000 00000000  1  1    1
   1171         0    824 ns 100010000000000 00000000  1  1    1
   1172         1  1.056 us 100010000000000 00000000  1  1    1
   1173         0  3.040 us 100010000000000 00000000  1  1    1
   1174         1  1.056 us 100010000000000 00000000  1  1    1
   1175         0  3.040 us 100010000000000 00000000  1  1    1
   1176         1  1.056 us 100010000000000 00000000  1  1    1
   1177         0  3.040 us 100010000000000 00000000  1  1    1
   1178         1  1.048 us 100010000000000 00000000  1  1    1

Time Printed: 06 Jun 2004 19:41:43  ---  Time Acquired: 06 Jun 2004 19:33:15
