MACHINE 1   -  State Listing                                                    

                            
Label    > DATA   Time    
Base     > Bina Relative  
__________ ____ _________ 

      0       1  1.382  s
      1       0  1.695  s
      2       1  3.084 us
      3       0    988 ns
      4       1  3.108 us
      5       0    988 ns
      6       1  3.108 us
      7       0    988 ns
      8       1  3.108 us
      9       0    988 ns
     10       1  3.108 us
     11       0    988 ns
     12       1  3.108 us
     13       0    988 ns
     14       1  3.108 us
     15       0    988 ns
     16       1  3.108 us
     17       0    988 ns
     18       1  1.060 us
     19       0  2.524 us
     20       1  3.092 us
     21       0    896 ns
     22       1  3.088 us
     23       0    896 ns
     24       1  3.088 us
     25       0    900 ns
     26       1  3.084 us
     27       0    900 ns
     28       1  3.088 us
     29       0    896 ns
     30       1  1.092 us
     31       0  2.892 us
     32       1  3.092 us
     33       0    892 ns
     34       1  1.096 us
     35       0  2.892 us
     36       1  3.088 us
     37       0    896 ns
     38       1  3.088 us
     39       0    896 ns
     40       1  3.088 us
     41       0    900 ns
     42       1  3.084 us
     43       0    900 ns
     44       1  3.088 us
     45       0    896 ns
     46       1  3.088 us
     47       0    896 ns
     48       1  3.092 us
     49       0    892 ns
     50       1  3.092 us
     51       0    892 ns
     52       1  3.092 us
     53       0    892 ns
     54       1  3.092 us
     55       0    896 ns
     56       1  3.088 us
     57       0    896 ns
     58       1  3.088 us
     59       0    900 ns
     60       1  3.088 us
     61       0    896 ns
     62       1  3.088 us
     63       0    896 ns
     64       1  1.092 us
     65       0  2.892 us
     66       1  3.092 us
     67       0    892 ns
     68       1  2.092 us
     69       0  6.906 ms
     70       1  3.084 us
     71       0    988 ns
     72       1  3.108 us
     73       0    988 ns
     74       1  3.108 us
     75       0    988 ns
     76       1  3.108 us
     77       0    988 ns
     78       1  3.108 us
     79       0    988 ns
     80       1  3.108 us
     81       0    988 ns
     82       1  3.108 us
     83       0    988 ns
     84       1  1.060 us
     85       0  3.036 us
     86       1  1.056 us
     87       0  2.288 us
     88       1  3.092 us
     89       0    892 ns
     90       1  3.092 us
     91       0    892 ns
     92       1  3.092 us
     93       0    896 ns
     94       1  3.088 us
     95       0    896 ns
     96       1  3.088 us
     97       0    900 ns
     98       1  3.084 us
     99       0    900 ns
    100       1  3.088 us
    101       0    896 ns
    102       1  3.088 us
    103       0    896 ns
    104       1  3.092 us
    105       0    892 ns
    106       1  3.092 us
    107       0    892 ns
    108       1  3.092 us
    109       0    896 ns
    110       1  3.088 us
    111       0    896 ns
    112       1  3.088 us
    113       0    900 ns
    114       1  3.084 us
    115       0    900 ns
    116       1  3.088 us
    117       0    896 ns
    118       1  3.088 us
    119       0    896 ns
    120       1  3.092 us
    121       0    892 ns
    122       1  3.092 us
    123       0    892 ns
    124       1  3.092 us
    125       0    892 ns
    126       1  3.092 us
    127       0    896 ns
    128       1  3.088 us
    129       0    896 ns
    130       1  3.088 us
    131       0    900 ns
    132       1  3.088 us
    133       0    896 ns
    134       1  3.088 us
    135       0    896 ns
    136       1  3.092 us
    137       0    892 ns
    138       1  3.092 us
    139       0    892 ns
    140       1  3.092 us
    141       0    892 ns
    142       1  3.092 us
    143       0    896 ns
    144       1  3.088 us
    145       0    896 ns
    146       1  3.088 us
    147       0    900 ns
    148       1  3.088 us
    149       0    896 ns
    150       1  3.088 us
    151       0    896 ns
    152       1  2.092 us
    153       0  1.601 ms
    154       1  3.088 us
    155       0    992 ns
    156       1  3.100 us
    157       0    992 ns
    158       1  3.108 us
    159       0    988 ns
    160       1  3.104 us
    161       0    988 ns
    162       1  3.112 us
    163       0    984 ns
    164       1  3.112 us
    165       0    988 ns
    166       1  3.108 us
    167       0    988 ns
    168       1  3.108 us
    169       0    988 ns
    170       1  1.056 us
    171       0  2.180 us
    172       1  3.092 us
    173       0    892 ns
    174       1  3.092 us
    175       0    892 ns
    176       1  3.092 us
    177       0    896 ns
    178       1  3.088 us
    179       0    900 ns
    180       1  3.084 us
    181       0    900 ns
    182       1  1.092 us
    183       0  2.892 us
    184       1  3.088 us
    185       0    896 ns
    186       1  1.092 us
    187       0  2.892 us
    188       1  3.092 us
    189       0    892 ns
    190       1  3.092 us
    191       0    892 ns
    192       1  3.092 us
    193       0    896 ns
    194       1  3.088 us
    195       0    896 ns
    196       1  3.088 us
    197       0    900 ns
    198       1  3.088 us
    199       0    896 ns
    200       1  3.088 us
    201       0    896 ns
    202       1  3.088 us
    203       0    896 ns
    204       1  3.092 us
    205       0    892 ns
    206       1  3.092 us
    207       0    892 ns
    208       1  3.092 us
    209       0    896 ns
    210       1  3.088 us
    211       0    896 ns
    212       1  3.088 us
    213       0    900 ns
    214       1  3.084 us
    215       0    900 ns
    216       1  1.092 us
    217       0  2.892 us
    218       1  3.088 us
    219       0    896 ns
    220       1  2.092 us
    221       0  692.7 us
    222       1  3.084 us
    223       0    988 ns
    224       1  3.108 us
    225       0    988 ns
    226       1  3.108 us
    227       0    988 ns
    228       1  3.108 us
    229       0    988 ns
    230       1  3.108 us
    231       0    988 ns
    232       1  3.108 us
    233       0    988 ns
    234       1  1.060 us
    235       0  3.036 us
    236       1  1.056 us
    237       0  3.040 us
    238       1  1.056 us
    239       0  3.040 us
    240       1  3.108 us
    241       0    988 ns
    242       1  3.108 us
    243       0    988 ns
    244       1  3.108 us
    245       0    988 ns
    246       1  3.108 us
    247       0    988 ns
    248       1  3.108 us
    249       0    988 ns
    250       1  3.108 us
    251       0    988 ns
    252       1  3.108 us
    253       0    988 ns
    254       1  3.108 us
    255       0    988 ns
    256       1  3.108 us
    257       0    988 ns
    258       1  3.108 us
    259       0    988 ns
    260       1  3.108 us
    261       0    988 ns
    262       1  3.108 us
    263       0    988 ns
    264       1  3.108 us
    265       0    988 ns
    266       1  3.108 us
    267       0    988 ns
    268       1  1.060 us
    269       0  3.036 us
    270       1  1.060 us
    271       0  3.036 us
    272       1  1.060 us
    273       0  3.036 us
    274       1  1.060 us
    275       0  3.036 us
    276       1  1.060 us
    277       0  3.036 us
    278       1  1.060 us
    279       0  3.036 us
    280       1  1.060 us
    281       0  3.036 us
    282       1  1.060 us
    283       0  3.036 us
    284       1  3.108 us
    285       0    988 ns
    286       1  1.060 us
    287       0  3.036 us
    288       1  1.060 us
    289       0  3.036 us
    290       1  1.060 us
    291       0  3.040 us
    292       1  1.056 us
    293       0  3.040 us
    294       1  1.056 us
    295       0  3.040 us
    296       1  1.056 us
    297       0  3.040 us
    298       1  1.056 us
    299       0  3.040 us
    300       1  3.108 us
    301       0    984 ns
    302       1  1.060 us
    303       0  3.040 us
    304       1  1.056 us
    305       0  3.040 us
    306       1  1.056 us
    307       0  3.040 us
    308       1  1.056 us
    309       0  3.040 us
    310       1  1.056 us
    311       0  3.040 us
    312       1  1.056 us
    313       0  3.040 us
    314       1  1.056 us
    315       0  3.040 us
    316       1  3.108 us
    317       0    988 ns
    318       1  1.056 us
    319       0  3.044 us
    320       1  1.052 us
    321       0  3.044 us
    322       1  1.052 us
    323       0  3.044 us
    324       1  1.052 us
    325       0  3.044 us
    326       1  1.052 us
    327       0  3.044 us
    328       1  1.052 us
    329       0  3.044 us
    330       1  1.052 us
    331       0  3.044 us
    332       1  3.104 us
    333       0    988 ns
    334       1  1.060 us
    335       0  3.040 us
    336       1  1.052 us
    337       0  3.044 us
    338       1  1.052 us
    339       0  3.044 us
    340       1  1.052 us
    341       0  3.044 us
    342       1  1.052 us
    343       0  3.044 us
    344       1  1.052 us
    345       0  3.044 us
    346       1  1.056 us
    347       0  3.040 us
    348       1  3.108 us
    349       0    988 ns
    350       1  1.056 us
    351       0  3.040 us
    352       1  1.056 us
    353       0  3.040 us
    354       1  1.052 us
    355       0  3.044 us
    356       1  1.052 us
    357       0  3.044 us
    358       1  1.056 us
    359       0  3.040 us
    360       1  1.056 us
    361       0  3.040 us
    362       1  1.056 us
    363       0  3.040 us
    364       1  3.108 us
    365       0    988 ns
    366       1  1.060 us
    367       0  3.036 us
    368       1  1.056 us
    369       0  3.040 us
    370       1  1.056 us
    371       0  3.040 us
    372       1  1.056 us
    373       0  3.040 us
    374       1  1.056 us
    375       0  3.040 us
    376       1  1.056 us
    377       0  3.040 us
    378       1  1.056 us
    379       0  3.040 us
    380       1  3.108 us
    381       0    988 ns
    382       1  1.060 us
    383       0  3.036 us
    384       1  1.056 us
    385       0  3.040 us
    386       1  1.056 us
    387       0  3.040 us
    388       1  1.056 us
    389       0  3.040 us
    390       1  1.056 us
    391       0  3.040 us
    392       1  1.060 us
    393       0  3.036 us
    394       1  1.060 us
    395       0  3.036 us
    396       1  3.108 us
    397       0    988 ns
    398       1  1.060 us
    399       0  3.036 us
    400       1  1.056 us
    401       0  3.040 us
    402       1  1.060 us
    403       0  3.036 us
    404       1  1.060 us
    405       0  3.036 us
    406       1  1.060 us
    407       0  3.036 us
    408       1  1.060 us
    409       0  3.036 us
    410       1  1.060 us
    411       0  3.036 us
    412       1  3.108 us
    413       0    988 ns
    414       1  1.060 us
    415       0  3.036 us
    416       1  1.060 us
    417       0  3.036 us
    418       1  1.060 us
    419       0  3.036 us
    420       1  1.060 us
    421       0  3.036 us
    422       1  1.060 us
    423       0  3.036 us
    424       1  1.060 us
    425       0  3.036 us
    426       1  1.060 us
    427       0  3.036 us
    428       1  3.108 us
    429       0    988 ns
    430       1  1.060 us
    431       0  3.036 us
    432       1  1.060 us
    433       0  3.036 us
    434       1  1.060 us
    435       0  3.036 us
    436       1  1.060 us
    437       0  3.036 us
    438       1  1.060 us
    439       0  3.036 us
    440       1  1.060 us
    441       0  3.036 us
    442       1  1.060 us
    443       0  3.036 us
    444       1  3.108 us
    445       0    988 ns
    446       1  1.060 us
    447       0  3.036 us
    448       1  1.060 us
    449       0  3.040 us
    450       1  1.056 us
    451       0  3.036 us
    452       1  1.060 us
    453       0  3.040 us
    454       1  1.056 us
    455       0  3.036 us
    456       1  1.060 us
    457       0  3.040 us
    458       1  1.056 us
    459       0  3.040 us
    460       1  3.108 us
    461       0    984 ns
    462       1  1.060 us
    463       0  3.040 us
    464       1  1.056 us
    465       0  3.040 us
    466       1  1.056 us
    467       0  3.040 us
    468       1  1.056 us
    469       0  3.040 us
    470       1  1.056 us
    471       0  3.044 us
    472       1  1.052 us
    473       0  3.040 us
    474       1  1.056 us
    475       0  3.044 us
    476       1  3.104 us
    477       0    988 ns
    478       1  1.056 us
    479       0  3.040 us
    480       1  1.056 us
    481       0  3.044 us
    482       1  1.052 us
    483       0  3.044 us
    484       1  1.052 us
    485       0  3.044 us
    486       1  1.052 us
    487       0  3.044 us
    488       1  1.052 us
    489       0  3.044 us
    490       1  1.052 us
    491       0  3.044 us
    492       1  3.104 us
    493       0    988 ns
    494       1  1.060 us
    495       0  3.040 us
    496       1  1.052 us
    497       0  3.044 us
    498       1  1.052 us
    499       0  3.044 us
    500       1  1.052 us
    501       0  3.044 us
    502       1  1.052 us
    503       0  3.044 us
    504       1  1.052 us
    505       0  3.044 us
    506       1  1.052 us
    507       0  3.044 us
    508       1  3.108 us
    509       0    988 ns
    510       1  1.056 us
    511       0  3.040 us
    512       1  1.056 us
    513       0  3.040 us
    514       1  1.056 us
    515       0  3.040 us
    516       1  1.056 us
    517       0  3.040 us
    518       1  1.056 us
    519       0  3.040 us
    520       1  1.056 us
    521       0  3.040 us
    522       1  1.056 us
    523       0  3.040 us
    524       1  3.108 us
    525       0    988 ns
    526       1  1.060 us
    527       0  3.036 us
    528       1  1.056 us
    529       0  3.040 us
    530       1  1.056 us
    531       0  3.040 us
    532       1  1.056 us
    533       0  3.040 us
    534       1  1.056 us
    535       0  3.040 us
    536       1  1.056 us
    537       0  3.040 us
    538       1  1.056 us
    539       0  3.040 us
    540       1  3.108 us
    541       0    988 ns
    542       1  1.060 us
    543       0  3.036 us
    544       1  1.056 us
    545       0  3.040 us
    546       1  1.060 us
    547       0  3.036 us
    548       1  1.056 us
    549       0  3.040 us
    550       1  1.060 us
    551       0  3.036 us
    552       1  1.060 us
    553       0  3.036 us
    554       1  1.060 us
    555       0  3.036 us
    556       1  3.108 us
    557       0    988 ns
    558       1  1.060 us
    559       0  3.036 us
    560       1  1.060 us
    561       0  3.036 us
    562       1  1.060 us
    563       0  3.036 us
    564       1  1.060 us
    565       0  3.036 us
    566       1  1.060 us
    567       0  3.036 us
    568       1  1.060 us
    569       0  3.036 us
    570       1  1.060 us
    571       0  3.036 us
    572       1  3.108 us
    573       0    988 ns
    574       1  1.060 us
    575       0  3.036 us
    576       1  1.060 us
    577       0  3.036 us
    578       1  1.060 us
    579       0  3.036 us
    580       1  1.060 us
    581       0  3.036 us
    582       1  1.060 us
    583       0  3.036 us
    584       1  1.060 us
    585       0  3.036 us
    586       1  1.060 us
    587       0  3.036 us
    588       1  3.108 us
    589       0    988 ns
    590       1  1.060 us
    591       0  3.036 us
    592       1  1.060 us
    593       0  3.036 us
    594       1  1.060 us
    595       0  3.036 us
    596       1  1.060 us
    597       0  3.036 us
    598       1  1.060 us
    599       0  3.036 us
    600       1  1.060 us
    601       0  3.036 us
    602       1  1.060 us
    603       0  3.036 us
    604       1  3.108 us
    605       0    988 ns
    606       1  1.060 us
    607       0  3.036 us
    608       1  1.060 us
    609       0  3.040 us
    610       1  1.056 us
    611       0  3.040 us
    612       1  1.056 us
    613       0  3.040 us
    614       1  1.056 us
    615       0  3.040 us
    616       1  1.056 us
    617       0  3.040 us
    618       1  1.056 us
    619       0  3.040 us
    620       1  3.108 us
    621       0    984 ns
    622       1  1.060 us
    623       0  3.040 us
    624       1  1.056 us
    625       0  3.040 us
    626       1  1.056 us
    627       0  3.040 us
    628       1  1.056 us
    629       0  3.040 us
    630       1  1.056 us
    631       0  3.040 us
    632       1  1.056 us
    633       0  3.040 us
    634       1  1.056 us
    635       0  3.044 us
    636       1  3.104 us
    637       0    984 ns
    638       1  1.060 us
    639       0  3.044 us
    640       1  1.052 us
    641       0  3.040 us
    642       1  1.056 us
    643       0  3.044 us
    644       1  1.052 us
    645       0  3.044 us
    646       1  1.052 us
    647       0  3.044 us
    648       1  1.052 us
    649       0  3.044 us
    650       1  1.052 us
    651       0  3.044 us
    652       1  3.104 us
    653       0    992 ns
    654       1  1.056 us
    655       0  3.040 us
    656       1  1.052 us
    657       0  3.044 us
    658       1  1.052 us
    659       0  3.044 us
    660       1  1.052 us
    661       0  3.044 us
    662       1  1.052 us
    663       0  3.044 us
    664       1  1.056 us
    665       0  3.040 us
    666       1  1.056 us
    667       0  3.040 us
    668       1  3.108 us
    669       0    988 ns
    670       1  1.056 us
    671       0  3.040 us
    672       1  1.056 us
    673       0  3.040 us
    674       1  1.052 us
    675       0  3.044 us
    676       1  1.056 us
    677       0  3.040 us
    678       1  1.056 us
    679       0  3.040 us
    680       1  1.056 us
    681       0  3.040 us
    682       1  1.056 us
    683       0  3.040 us
    684       1  3.108 us
    685       0    988 ns
    686       1  1.060 us
    687       0  3.036 us
    688       1  1.056 us
    689       0  3.040 us
    690       1  1.056 us
    691       0  3.040 us
    692       1  1.056 us
    693       0  3.040 us
    694       1  1.056 us
    695       0  3.040 us
    696       1  1.056 us
    697       0  3.040 us
    698       1  1.056 us
    699       0  3.040 us
    700       1  3.108 us
    701       0    988 ns
    702       1  1.060 us
    703       0  3.036 us
    704       1  1.056 us
    705       0  3.040 us
    706       1  1.056 us
    707       0  3.040 us
    708       1  1.060 us
    709       0  3.036 us
    710       1  1.056 us
    711       0  3.040 us
    712       1  1.060 us
    713       0  3.036 us
    714       1  1.060 us
    715       0  3.036 us
    716       1  3.108 us
    717       0    988 ns
    718       1  1.060 us
    719       0  3.036 us
    720       1  1.060 us
    721       0  3.036 us
    722       1  1.060 us
    723       0  3.036 us
    724       1  1.060 us
    725       0  3.036 us
    726       1  1.060 us
    727       0  3.036 us
    728       1  1.060 us
    729       0  3.036 us
    730       1  1.060 us
    731       0  3.036 us
    732       1  3.108 us
    733       0    988 ns
    734       1  1.060 us
    735       0  3.036 us
    736       1  1.060 us
    737       0  3.036 us
    738       1  1.060 us
    739       0  3.036 us
    740       1  1.060 us
    741       0  3.036 us
    742       1  1.060 us
    743       0  3.036 us
    744       1  1.060 us
    745       0  3.036 us
    746       1  1.060 us
    747       0  3.036 us
    748       1  3.108 us
    749       0    988 ns
    750       1  1.060 us
    751       0  3.036 us
    752       1  1.060 us
    753       0  3.036 us
    754       1  1.060 us
    755       0  3.036 us
    756       1  1.060 us
    757       0  3.036 us
    758       1  1.060 us
    759       0  3.036 us
    760       1  1.060 us
    761       0  3.036 us
    762       1  1.060 us
    763       0  3.036 us
    764       1  3.108 us
    765       0    988 ns
    766       1  1.060 us
    767       0  3.036 us
    768       1  1.060 us
    769       0  3.040 us
    770       1  1.056 us
    771       0  3.040 us
    772       1  1.056 us
    773       0  3.040 us
    774       1  1.056 us
    775       0  3.040 us
    776       1  1.056 us
    777       0  3.040 us
    778       1  1.056 us
    779       0  3.040 us
    780       1  3.108 us
    781       0    984 ns
    782       1  1.060 us
    783       0  5.820 us
    784       1  3.084 us
    785       0    900 ns
    786       1  3.088 us
    787       0    896 ns
    788       1  3.088 us
    789       0    896 ns
    790       1  1.096 us
    791       0  2.888 us
    792       1  1.092 us
    793       0  2.896 us
    794       1  1.092 us
    795       0  2.896 us
    796       1  1.088 us
    797       0  2.896 us
    798       1  3.084 us
    799       0    900 ns
    800       1  2.092 us
    801       0  543.9 us
    802       1  3.088 us
    803       0    992 ns
    804       1  3.104 us
    805       0    988 ns
    806       1  3.104 us
    807       0    988 ns

Time Printed: 06 Jun 2004 15:36:38  ---  Time Acquired: 06 Jun 2004 15:34:37
